<ShowPlanXML xmlns="http://schemas.microsoft.com/sqlserver/2004/07/showplan" Version="1.564" Build="16.0.1000.6"><BatchSequence><Batch><Statements><StmtSimple StatementText="exec donext  &apos;E7FAB167-C47A-4865-A8AE-429FA778414C&apos;, &apos;a&apos;, &apos;E7FAB167-C47A-4865-A8AE-429FA778414C&apos;" StatementId="1" StatementCompId="1" StatementType="EXECUTE PROC" RetrievedFromCache="false"><StoredProc ProcName="donext"><Statements><StmtSimple StatementText="&#xd;&#xa;&#xd;&#xa;&#xd;&#xa;&#xd;&#xa;&#xd;&#xa;&#xd;&#xa;&#xd;&#xa;CREATE procedure [dbo].[donext]&#xd;&#xa;@t_testing_id uniqueidentifier,&#xd;&#xa;@result_txt nvarchar(1000),&#xd;&#xa;@t_testing_step_id uniqueidentifier&#xd;&#xa;&#xd;&#xa;as &#xd;&#xa;&#xd;&#xa;SET XACT_ABORT ON;&#xd;&#xa;" StatementId="2" StatementCompId="3" StatementType="SET ON/OFF" RetrievedFromCache="false"></StmtSimple><StmtSimple StatementText="begin transaction &#xd;&#xa;&#xd;&#xa;&#xd;&#xa;" StatementId="3" StatementCompId="4" StatementType="BEGIN TRANSACTION" RetrievedFromCache="false"></StmtSimple><StmtSimple StatementText="declare @current_step_id uniqueidentifier&#xd;&#xa;declare @t_test_id uniqueidentifier &#xd;&#xa;declare @next_step_id uniqueidentifier&#xd;&#xa;declare @seconds_remain int &#xd;&#xa;&#xd;&#xa;select @current_step_id=current_step_id&#xd;&#xa;from t_testing t inner join&#xd;&#xa;t_testing_test tt on&#xd;&#xa;t.t_testing_id=tt.t_testing_id&#xd;&#xa;and t.current_test_id = tt.t_test_id&#xd;&#xa;where t.t_testing_id=@t_testing_id" StatementId="4" StatementCompId="5" StatementType="SELECT" RetrievedFromCache="false" StatementSubTreeCost="0.00915046" StatementEstRows="1" SecurityPolicyApplied="false" StatementOptmLevel="FULL" QueryHash="0x91179B6F17A86B7D" QueryPlanHash="0x5FEC31F8504DC023" StatementOptmEarlyAbortReason="GoodEnoughPlanFound" CardinalityEstimationModelVersion="70"><StatementSetOptions QUOTED_IDENTIFIER="true" ARITHABORT="true" CONCAT_NULL_YIELDS_NULL="true" ANSI_NULLS="true" ANSI_PADDING="true" ANSI_WARNINGS="true" NUMERIC_ROUNDABORT="false"></StatementSetOptions><QueryPlan CachedPlanSize="24" CompileTime="3" CompileCPU="3" CompileMemory="384"><MemoryGrantInfo SerialRequiredMemory="0" SerialDesiredMemory="0" GrantedMemory="0" MaxUsedMemory="0"></MemoryGrantInfo><OptimizerHardwareDependentProperties EstimatedAvailableMemoryGrant="311472" EstimatedPagesCached="77868" EstimatedAvailableDegreeOfParallelism="2" MaxCompileMemory="8304"></OptimizerHardwareDependentProperties><RelOp NodeId="0" PhysicalOp="Nested Loops" LogicalOp="Inner Join" EstimateRows="1" EstimateIO="0" EstimateCPU="4.18e-06" AvgRowSize="23" EstimatedTotalSubtreeCost="0.00915046" Parallel="0" EstimateRebinds="0" EstimateRewinds="0" EstimatedExecutionMode="Row"><OutputList><ColumnReference Database="[PSYCHOLOGY_TEST_1]" Schema="[dbo]" Table="[T_TESTING_TEST]" Alias="[tt]" Column="CURRENT_STEP_ID"></ColumnReference></OutputList><NestedLoops Optimized="0"><Predicate><ScalarOperator ScalarString="[PSYCHOLOGY_TEST_1].[dbo].[T_TESTING].[CURRENT_TEST_ID] as [t].[CURRENT_TEST_ID]=[PSYCHOLOGY_TEST_1].[dbo].[T_TESTING_TEST].[T_TEST_ID] as [tt].[T_TEST_ID]"><Compare CompareOp="EQ"><ScalarOperator><Identifier><ColumnReference Database="[PSYCHOLOGY_TEST_1]" Schema="[dbo]" Table="[T_TESTING]" Alias="[t]" Column="CURRENT_TEST_ID"></ColumnReference></Identifier></ScalarOperator><ScalarOperator><Identifier><ColumnReference Database="[PSYCHOLOGY_TEST_1]" Schema="[dbo]" Table="[T_TESTING_TEST]" Alias="[tt]" Column="T_TEST_ID"></ColumnReference></Identifier></ScalarOperator></Compare></ScalarOperator></Predicate><RelOp NodeId="1" PhysicalOp="Clustered Index Seek" LogicalOp="Clustered Index Seek" EstimateRows="1" EstimatedRowsRead="1" EstimateIO="0.003125" EstimateCPU="0.0001581" AvgRowSize="23" EstimatedTotalSubtreeCost="0.0032831" TableCardinality="166" Parallel="0" EstimateRebinds="0" EstimateRewinds="0" EstimatedExecutionMode="Row"><OutputList><ColumnReference Database="[PSYCHOLOGY_TEST_1]" Schema="[dbo]" Table="[T_TESTING]" Alias="[t]" Column="CURRENT_TEST_ID"></ColumnReference></OutputList><IndexScan Ordered="1" ScanDirection="FORWARD" ForcedIndex="0" ForceSeek="0" ForceScan="0" NoExpandHint="0" Storage="RowStore"><DefinedValues><DefinedValue><ColumnReference Database="[PSYCHOLOGY_TEST_1]" Schema="[dbo]" Table="[T_TESTING]" Alias="[t]" Column="CURRENT_TEST_ID"></ColumnReference></DefinedValue></DefinedValues><Object Database="[PSYCHOLOGY_TEST_1]" Schema="[dbo]" Table="[T_TESTING]" Index="[PK_T_TESTING]" Alias="[t]" IndexKind="Clustered" Storage="RowStore"></Object><SeekPredicates><SeekPredicateNew><SeekKeys><Prefix ScanType="EQ"><RangeColumns><ColumnReference Database="[PSYCHOLOGY_TEST_1]" Schema="[dbo]" Table="[T_TESTING]" Alias="[t]" Column="T_TESTING_ID"></ColumnReference></RangeColumns><RangeExpressions><ScalarOperator ScalarString="[@t_testing_id]"><Identifier><ColumnReference Column="@t_testing_id"></ColumnReference></Identifier></ScalarOperator></RangeExpressions></Prefix></SeekKeys></SeekPredicateNew></SeekPredicates></IndexScan></RelOp><RelOp NodeId="2" PhysicalOp="Clustered Index Scan" LogicalOp="Clustered Index Scan" EstimateRows="1" EstimatedRowsRead="227" EstimateIO="0.00534722" EstimateCPU="0.0004067" AvgRowSize="55" EstimatedTotalSubtreeCost="0.00575392" TableCardinality="227" Parallel="0" EstimateRebinds="0" EstimateRewinds="0" EstimatedExecutionMode="Row"><OutputList><ColumnReference Database="[PSYCHOLOGY_TEST_1]" Schema="[dbo]" Table="[T_TESTING_TEST]" Alias="[tt]" Column="T_TEST_ID"></ColumnReference><ColumnReference Database="[PSYCHOLOGY_TEST_1]" Schema="[dbo]" Table="[T_TESTING_TEST]" Alias="[tt]" Column="CURRENT_STEP_ID"></ColumnReference></OutputList><IndexScan Ordered="0" ForcedIndex="0" ForceScan="0" NoExpandHint="0" Storage="RowStore"><DefinedValues><DefinedValue><ColumnReference Database="[PSYCHOLOGY_TEST_1]" Schema="[dbo]" Table="[T_TESTING_TEST]" Alias="[tt]" Column="T_TEST_ID"></ColumnReference></DefinedValue><DefinedValue><ColumnReference Database="[PSYCHOLOGY_TEST_1]" Schema="[dbo]" Table="[T_TESTING_TEST]" Alias="[tt]" Column="CURRENT_STEP_ID"></ColumnReference></DefinedValue></DefinedValues><Object Database="[PSYCHOLOGY_TEST_1]" Schema="[dbo]" Table="[T_TESTING_TEST]" Index="[PK_T_TESTING_TEST]" Alias="[tt]" IndexKind="Clustered" Storage="RowStore"></Object><Predicate><ScalarOperator ScalarString="[PSYCHOLOGY_TEST_1].[dbo].[T_TESTING_TEST].[T_TESTING_ID] as [tt].[T_TESTING_ID]=[@t_testing_id]"><Compare CompareOp="EQ"><ScalarOperator><Identifier><ColumnReference Database="[PSYCHOLOGY_TEST_1]" Schema="[dbo]" Table="[T_TESTING_TEST]" Alias="[tt]" Column="T_TESTING_ID"></ColumnReference></Identifier></ScalarOperator><ScalarOperator><Identifier><ColumnReference Column="@t_testing_id"></ColumnReference></Identifier></ScalarOperator></Compare></ScalarOperator></Predicate></IndexScan></RelOp></NestedLoops></RelOp><ParameterList><ColumnReference Column="@t_testing_id" ParameterDataType="uniqueidentifier" ParameterCompiledValue="{guid&apos;E7FAB167-C47A-4865-A8AE-429FA778414C&apos;}"></ColumnReference></ParameterList></QueryPlan></StmtSimple><StmtCond StatementText="&#xd;&#xa;&#xd;&#xa;if @current_step_id=@t_testing_step_id" StatementId="5" StatementCompId="6" StatementType="COND" RetrievedFromCache="false"><Condition></Condition><Then><Statements><StmtSimple StatementText="&#xd;&#xa;begin&#xd;&#xa; &#xd;&#xa; set @t_test_id = (select current_test_id from t_testing  where t_testing_id=@t_testing_id )" StatementId="6" StatementCompId="7" StatementType="SELECT" RetrievedFromCache="false" StatementSubTreeCost="0.00328854" StatementEstRows="1" SecurityPolicyApplied="false" StatementOptmLevel="FULL" QueryHash="0xDE61E9468B0CE8ED" QueryPlanHash="0xADB8E700382F5C7F" StatementOptmEarlyAbortReason="GoodEnoughPlanFound" CardinalityEstimationModelVersion="70"><StatementSetOptions QUOTED_IDENTIFIER="true" ARITHABORT="true" CONCAT_NULL_YIELDS_NULL="true" ANSI_NULLS="true" ANSI_PADDING="true" ANSI_WARNINGS="true" NUMERIC_ROUNDABORT="false"></StatementSetOptions><QueryPlan CachedPlanSize="16" CompileTime="1" CompileCPU="1" CompileMemory="344"><MemoryGrantInfo SerialRequiredMemory="0" SerialDesiredMemory="0" GrantedMemory="0" MaxUsedMemory="0"></MemoryGrantInfo><OptimizerHardwareDependentProperties EstimatedAvailableMemoryGrant="311472" EstimatedPagesCached="77868" EstimatedAvailableDegreeOfParallelism="2" MaxCompileMemory="8304"></OptimizerHardwareDependentProperties><RelOp NodeId="0" PhysicalOp="Compute Scalar" LogicalOp="Compute Scalar" EstimateRows="1" EstimateIO="0" EstimateCPU="1e-07" AvgRowSize="23" EstimatedTotalSubtreeCost="0.00328854" Parallel="0" EstimateRebinds="0" EstimateRewinds="0" EstimatedExecutionMode="Row"><OutputList><ColumnReference Column="Expr1003"></ColumnReference></OutputList><ComputeScalar><DefinedValues><DefinedValue><ColumnReference Column="Expr1003"></ColumnReference><ScalarOperator ScalarString="[PSYCHOLOGY_TEST_1].[dbo].[T_TESTING].[CURRENT_TEST_ID]"><Identifier><ColumnReference Database="[PSYCHOLOGY_TEST_1]" Schema="[dbo]" Table="[T_TESTING]" Column="CURRENT_TEST_ID"></ColumnReference></Identifier></ScalarOperator></DefinedValue></DefinedValues><RelOp NodeId="1" PhysicalOp="Nested Loops" LogicalOp="Left Outer Join" EstimateRows="1" EstimateIO="0" EstimateCPU="4.18e-06" AvgRowSize="23" EstimatedTotalSubtreeCost="0.00328844" Parallel="0" EstimateRebinds="0" EstimateRewinds="0" EstimatedExecutionMode="Row"><OutputList><ColumnReference Database="[PSYCHOLOGY_TEST_1]" Schema="[dbo]" Table="[T_TESTING]" Column="CURRENT_TEST_ID"></ColumnReference></OutputList><NestedLoops Optimized="0"><RelOp NodeId="2" PhysicalOp="Constant Scan" LogicalOp="Constant Scan" EstimateRows="1" EstimateIO="0" EstimateCPU="1.157e-06" AvgRowSize="9" EstimatedTotalSubtreeCost="1.157e-06" Parallel="0" EstimateRebinds="0" EstimateRewinds="0" EstimatedExecutionMode="Row"><OutputList></OutputList><ConstantScan></ConstantScan></RelOp><RelOp NodeId="3" PhysicalOp="Clustered Index Seek" LogicalOp="Clustered Index Seek" EstimateRows="1" EstimatedRowsRead="1" EstimateIO="0.003125" EstimateCPU="0.0001581" AvgRowSize="23" EstimatedTotalSubtreeCost="0.0032831" TableCardinality="166" Parallel="0" EstimateRebinds="0" EstimateRewinds="0" EstimatedExecutionMode="Row"><OutputList><ColumnReference Database="[PSYCHOLOGY_TEST_1]" Schema="[dbo]" Table="[T_TESTING]" Column="CURRENT_TEST_ID"></ColumnReference></OutputList><IndexScan Ordered="1" ScanDirection="FORWARD" ForcedIndex="0" ForceSeek="0" ForceScan="0" NoExpandHint="0" Storage="RowStore"><DefinedValues><DefinedValue><ColumnReference Database="[PSYCHOLOGY_TEST_1]" Schema="[dbo]" Table="[T_TESTING]" Column="CURRENT_TEST_ID"></ColumnReference></DefinedValue></DefinedValues><Object Database="[PSYCHOLOGY_TEST_1]" Schema="[dbo]" Table="[T_TESTING]" Index="[PK_T_TESTING]" IndexKind="Clustered" Storage="RowStore"></Object><SeekPredicates><SeekPredicateNew><SeekKeys><Prefix ScanType="EQ"><RangeColumns><ColumnReference Database="[PSYCHOLOGY_TEST_1]" Schema="[dbo]" Table="[T_TESTING]" Column="T_TESTING_ID"></ColumnReference></RangeColumns><RangeExpressions><ScalarOperator ScalarString="[@t_testing_id]"><Identifier><ColumnReference Column="@t_testing_id"></ColumnReference></Identifier></ScalarOperator></RangeExpressions></Prefix></SeekKeys></SeekPredicateNew></SeekPredicates></IndexScan></RelOp></NestedLoops></RelOp></ComputeScalar></RelOp><ParameterList><ColumnReference Column="@t_testing_id" ParameterDataType="uniqueidentifier" ParameterCompiledValue="{guid&apos;E7FAB167-C47A-4865-A8AE-429FA778414C&apos;}"></ColumnReference></ParameterList></QueryPlan></StmtSimple><StmtSimple StatementText="&#xd;&#xa;/* try timelimit */&#xd;&#xa;exec time_remaining&#xd;&#xa;@t_testing_id , &#xd;&#xa;@t_test_id ,&#xd;&#xa;@seconds_remain  output" StatementId="7" StatementCompId="8" StatementType="EXECUTE PROC" RetrievedFromCache="false"><StoredProc ProcName="time_remaining"><Statements><StmtSimple StatementText="&#xd;&#xa;CREATE procedure [dbo].[time_remaining]&#xd;&#xa;@t_testing_id uniqueidentifier, &#xd;&#xa;@t_test_id uniqueidentifier,&#xd;&#xa;@seconds_remain int output  &#xd;&#xa;as &#xd;&#xa;declare @start_time datetime&#xd;&#xa;declare @STOP_TIME_SEC int&#xd;&#xa;declare @timelimitmin int &#xd;&#xa;&#xd;&#xa;set @timelimitmin=0&#xd;&#xa;&#xd;&#xa;&#xd;&#xa;" StatementId="8" StatementCompId="32" StatementType="ASSIGN" RetrievedFromCache="false"></StmtSimple><StmtSimple StatementText="select @timelimitmin=isnull(timelimitmin,0)&#xd;&#xa;from t_test &#xd;&#xa;where t_test_id=@t_test_id" StatementId="9" StatementCompId="33" StatementType="SELECT" RetrievedFromCache="false" StatementSubTreeCost="0.0032832" StatementEstRows="1" SecurityPolicyApplied="false" StatementOptmLevel="TRIVIAL" QueryHash="0x284D9D00AA811AE8" QueryPlanHash="0x852AE8E227D0577E" CardinalityEstimationModelVersion="70"><StatementSetOptions QUOTED_IDENTIFIER="true" ARITHABORT="true" CONCAT_NULL_YIELDS_NULL="true" ANSI_NULLS="true" ANSI_PADDING="true" ANSI_WARNINGS="true" NUMERIC_ROUNDABORT="false"></StatementSetOptions><QueryPlan CachedPlanSize="16" CompileTime="2" CompileCPU="2" CompileMemory="200"><MemoryGrantInfo SerialRequiredMemory="0" SerialDesiredMemory="0" GrantedMemory="0" MaxUsedMemory="0"></MemoryGrantInfo><OptimizerHardwareDependentProperties EstimatedAvailableMemoryGrant="311472" EstimatedPagesCached="77868" EstimatedAvailableDegreeOfParallelism="2" MaxCompileMemory="8320"></OptimizerHardwareDependentProperties><RelOp NodeId="0" PhysicalOp="Compute Scalar" LogicalOp="Compute Scalar" EstimateRows="1" EstimateIO="0" EstimateCPU="1e-07" AvgRowSize="11" EstimatedTotalSubtreeCost="0.0032832" Parallel="0" EstimateRebinds="0" EstimateRewinds="0" EstimatedExecutionMode="Row"><OutputList><ColumnReference Column="Expr1002"></ColumnReference></OutputList><ComputeScalar><DefinedValues><DefinedValue><ColumnReference Column="Expr1002"></ColumnReference><ScalarOperator ScalarString="isnull([PSYCHOLOGY_TEST_1].[dbo].[T_TEST].[TIMELIMITMIN],(0))"><Intrinsic FunctionName="isnull"><ScalarOperator><Identifier><ColumnReference Database="[PSYCHOLOGY_TEST_1]" Schema="[dbo]" Table="[T_TEST]" Column="TIMELIMITMIN"></ColumnReference></Identifier></ScalarOperator><ScalarOperator><Const ConstValue="(0)"></Const></ScalarOperator></Intrinsic></ScalarOperator></DefinedValue></DefinedValues><RelOp NodeId="1" PhysicalOp="Clustered Index Seek" LogicalOp="Clustered Index Seek" EstimateRows="1" EstimatedRowsRead="1" EstimateIO="0.003125" EstimateCPU="0.0001581" AvgRowSize="11" EstimatedTotalSubtreeCost="0.0032831" TableCardinality="19" Parallel="0" EstimateRebinds="0" EstimateRewinds="0" EstimatedExecutionMode="Row"><OutputList><ColumnReference Database="[PSYCHOLOGY_TEST_1]" Schema="[dbo]" Table="[T_TEST]" Column="TIMELIMITMIN"></ColumnReference></OutputList><IndexScan Ordered="1" ScanDirection="FORWARD" ForcedIndex="0" ForceSeek="0" ForceScan="0" NoExpandHint="0" Storage="RowStore"><DefinedValues><DefinedValue><ColumnReference Database="[PSYCHOLOGY_TEST_1]" Schema="[dbo]" Table="[T_TEST]" Column="TIMELIMITMIN"></ColumnReference></DefinedValue></DefinedValues><Object Database="[PSYCHOLOGY_TEST_1]" Schema="[dbo]" Table="[T_TEST]" Index="[PK_T_TEST_1]" IndexKind="Clustered" Storage="RowStore"></Object><SeekPredicates><SeekPredicateNew><SeekKeys><Prefix ScanType="EQ"><RangeColumns><ColumnReference Database="[PSYCHOLOGY_TEST_1]" Schema="[dbo]" Table="[T_TEST]" Column="T_TEST_ID"></ColumnReference></RangeColumns><RangeExpressions><ScalarOperator ScalarString="[@t_test_id]"><Identifier><ColumnReference Column="@t_test_id"></ColumnReference></Identifier></ScalarOperator></RangeExpressions></Prefix></SeekKeys></SeekPredicateNew></SeekPredicates></IndexScan></RelOp></ComputeScalar></RelOp></QueryPlan></StmtSimple><StmtCond StatementText="&#xd;&#xa;&#xd;&#xa;if @timelimitmin&gt;0" StatementId="10" StatementCompId="34" StatementType="COND" RetrievedFromCache="false"><Condition></Condition><Then><Statements><StmtSimple StatementText="&#xd;&#xa;begin&#xd;&#xa;&#xd;&#xa;--set @seconds_remain=200&#xd;&#xa;&#xd;&#xa;&#xd;&#xa;select  &#xd;&#xa;@start_time=min(isnull(ts.view_date,getdate()))&#xd;&#xa;--ts.view_date,&#xd;&#xa;,@STOP_TIME_SEC=min(isnull(tt.STOP_TIME_SEC,0))&#xd;&#xa;from t_testing_step ts&#xd;&#xa;inner join t_test_step s on ts.t_test_step_id=s.t_test_step_id&#xd;&#xa;inner join t_testing_test tt on s.t_test_id=tt.t_test_id &#xd;&#xa;where s.t_test_id=@t_test_id&#xd;&#xa;and ts.t_testing_id=@t_testing_id&#xd;&#xa;and tt.t_testing_id=@t_testing_id" StatementId="11" StatementCompId="35" StatementType="SELECT" RetrievedFromCache="false" StatementSubTreeCost="0.323737" StatementEstRows="1" SecurityPolicyApplied="false" StatementOptmLevel="FULL" QueryHash="0xCC905494F59A7856" QueryPlanHash="0xD132E9CFE8445AD4" StatementOptmEarlyAbortReason="TimeOut" CardinalityEstimationModelVersion="70"><StatementSetOptions QUOTED_IDENTIFIER="true" ARITHABORT="true" CONCAT_NULL_YIELDS_NULL="true" ANSI_NULLS="true" ANSI_PADDING="true" ANSI_WARNINGS="true" NUMERIC_ROUNDABORT="false"></StatementSetOptions><QueryPlan CachedPlanSize="56" CompileTime="11" CompileCPU="11" CompileMemory="576"><MissingIndexes><MissingIndexGroup Impact="89.2745"><MissingIndex Database="[PSYCHOLOGY_TEST_1]" Schema="[dbo]" Table="[T_TESTING_STEP]"><ColumnGroup Usage="EQUALITY"><Column Name="[T_TESTING_ID]" ColumnId="4"></Column></ColumnGroup><ColumnGroup Usage="INCLUDE"><Column Name="[T_TEST_STEP_ID]" ColumnId="6"></Column><Column Name="[VIEW_DATE]" ColumnId="8"></Column></ColumnGroup></MissingIndex></MissingIndexGroup><MissingIndexGroup Impact="89.462"><MissingIndex Database="[PSYCHOLOGY_TEST_1]" Schema="[dbo]" Table="[T_TESTING_STEP]"><ColumnGroup Usage="EQUALITY"><Column Name="[T_TESTING_ID]" ColumnId="4"></Column></ColumnGroup><ColumnGroup Usage="INCLUDE"><Column Name="[T_TEST_STEP_ID]" ColumnId="6"></Column><Column Name="[VIEW_DATE]" ColumnId="8"></Column></ColumnGroup></MissingIndex></MissingIndexGroup></MissingIndexes><MemoryGrantInfo SerialRequiredMemory="1024" SerialDesiredMemory="1056" GrantedMemory="0" MaxUsedMemory="0"></MemoryGrantInfo><OptimizerHardwareDependentProperties EstimatedAvailableMemoryGrant="311472" EstimatedPagesCached="77868" EstimatedAvailableDegreeOfParallelism="2" MaxCompileMemory="8320"></OptimizerHardwareDependentProperties><RelOp NodeId="0" PhysicalOp="Stream Aggregate" LogicalOp="Aggregate" EstimateRows="1" EstimateIO="0" EstimateCPU="6.06006e-05" AvgRowSize="19" EstimatedTotalSubtreeCost="0.323737" Parallel="0" EstimateRebinds="0" EstimateRewinds="0" EstimatedExecutionMode="Row"><OutputList><ColumnReference Column="Expr1003"></ColumnReference><ColumnReference Column="Expr1004"></ColumnReference></OutputList><StreamAggregate><DefinedValues><DefinedValue><ColumnReference Column="Expr1003"></ColumnReference><ScalarOperator ScalarString="MIN(isnull([PSYCHOLOGY_TEST_1].[dbo].[T_TESTING_STEP].[VIEW_DATE] as [ts].[VIEW_DATE],getdate()))"><Aggregate Distinct="0" AggType="MIN"><ScalarOperator><Intrinsic FunctionName="isnull"><ScalarOperator><Identifier><ColumnReference Database="[PSYCHOLOGY_TEST_1]" Schema="[dbo]" Table="[T_TESTING_STEP]" Alias="[ts]" Column="VIEW_DATE"></ColumnReference></Identifier></ScalarOperator><ScalarOperator><Identifier><ColumnReference Column="ConstExpr1005"><ScalarOperator><Intrinsic FunctionName="getdate"></Intrinsic></ScalarOperator></ColumnReference></Identifier></ScalarOperator></Intrinsic></ScalarOperator></Aggregate></ScalarOperator></DefinedValue><DefinedValue><ColumnReference Column="Expr1004"></ColumnReference><ScalarOperator ScalarString="MIN([Expr1006])"><Aggregate Distinct="0" AggType="MIN"><ScalarOperator><Identifier><ColumnReference Column="Expr1006"></ColumnReference></Identifier></ScalarOperator></Aggregate></ScalarOperator></DefinedValue></DefinedValues><RelOp NodeId="1" PhysicalOp="Hash Match" LogicalOp="Inner Join" EstimateRows="100.168" EstimateIO="0" EstimateCPU="0.0208481" AvgRowSize="19" EstimatedTotalSubtreeCost="0.323677" Parallel="0" EstimateRebinds="0" EstimateRewinds="0" EstimatedExecutionMode="Row"><OutputList><ColumnReference Database="[PSYCHOLOGY_TEST_1]" Schema="[dbo]" Table="[T_TESTING_STEP]" Alias="[ts]" Column="VIEW_DATE"></ColumnReference><ColumnReference Column="Expr1006"></ColumnReference></OutputList><MemoryFractions Input="1" Output="1"></MemoryFractions><Hash><DefinedValues></DefinedValues><HashKeysBuild><ColumnReference Database="[PSYCHOLOGY_TEST_1]" Schema="[dbo]" Table="[T_TEST_STEP]" Alias="[s]" Column="T_TEST_STEP_ID"></ColumnReference></HashKeysBuild><HashKeysProbe><ColumnReference Database="[PSYCHOLOGY_TEST_1]" Schema="[dbo]" Table="[T_TESTING_STEP]" Alias="[ts]" Column="T_TEST_STEP_ID"></ColumnReference></HashKeysProbe><ProbeResidual><ScalarOperator ScalarString="[PSYCHOLOGY_TEST_1].[dbo].[T_TESTING_STEP].[T_TEST_STEP_ID] as [ts].[T_TEST_STEP_ID]=[PSYCHOLOGY_TEST_1].[dbo].[T_TEST_STEP].[T_TEST_STEP_ID] as [s].[T_TEST_STEP_ID]"><Compare CompareOp="EQ"><ScalarOperator><Identifier><ColumnReference Database="[PSYCHOLOGY_TEST_1]" Schema="[dbo]" Table="[T_TESTING_STEP]" Alias="[ts]" Column="T_TEST_STEP_ID"></ColumnReference></Identifier></ScalarOperator><ScalarOperator><Identifier><ColumnReference Database="[PSYCHOLOGY_TEST_1]" Schema="[dbo]" Table="[T_TEST_STEP]" Alias="[s]" Column="T_TEST_STEP_ID"></ColumnReference></Identifier></ScalarOperator></Compare></ScalarOperator></ProbeResidual><RelOp NodeId="2" PhysicalOp="Index Seek" LogicalOp="Index Seek" EstimateRows="92.75" EstimatedRowsRead="92.75" EstimateIO="0.003125" EstimateCPU="0.000259025" AvgRowSize="23" EstimatedTotalSubtreeCost="0.00338403" TableCardinality="940" Parallel="0" EstimateRebinds="0" EstimateRewinds="0" EstimatedExecutionMode="Row"><OutputList><ColumnReference Database="[PSYCHOLOGY_TEST_1]" Schema="[dbo]" Table="[T_TEST_STEP]" Alias="[s]" Column="T_TEST_STEP_ID"></ColumnReference></OutputList><IndexScan Ordered="1" ScanDirection="FORWARD" ForcedIndex="0" ForceSeek="0" ForceScan="0" NoExpandHint="0" Storage="RowStore"><DefinedValues><DefinedValue><ColumnReference Database="[PSYCHOLOGY_TEST_1]" Schema="[dbo]" Table="[T_TEST_STEP]" Alias="[s]" Column="T_TEST_STEP_ID"></ColumnReference></DefinedValue></DefinedValues><Object Database="[PSYCHOLOGY_TEST_1]" Schema="[dbo]" Table="[T_TEST_STEP]" Index="[IX_T_TEST_STEP]" Alias="[s]" IndexKind="NonClustered" Storage="RowStore"></Object><SeekPredicates><SeekPredicateNew><SeekKeys><Prefix ScanType="EQ"><RangeColumns><ColumnReference Database="[PSYCHOLOGY_TEST_1]" Schema="[dbo]" Table="[T_TEST_STEP]" Alias="[s]" Column="T_TEST_ID"></ColumnReference></RangeColumns><RangeExpressions><ScalarOperator ScalarString="[@t_test_id]"><Identifier><ColumnReference Column="@t_test_id"></ColumnReference></Identifier></ScalarOperator></RangeExpressions></Prefix></SeekKeys></SeekPredicateNew></SeekPredicates></IndexScan></RelOp><RelOp NodeId="3" PhysicalOp="Nested Loops" LogicalOp="Inner Join" EstimateRows="145.256" EstimateIO="0" EstimateCPU="0.000607171" AvgRowSize="35" EstimatedTotalSubtreeCost="0.299441" Parallel="0" EstimateRebinds="0" EstimateRewinds="0" EstimatedExecutionMode="Row"><OutputList><ColumnReference Database="[PSYCHOLOGY_TEST_1]" Schema="[dbo]" Table="[T_TESTING_STEP]" Alias="[ts]" Column="T_TEST_STEP_ID"></ColumnReference><ColumnReference Database="[PSYCHOLOGY_TEST_1]" Schema="[dbo]" Table="[T_TESTING_STEP]" Alias="[ts]" Column="VIEW_DATE"></ColumnReference><ColumnReference Column="Expr1006"></ColumnReference></OutputList><NestedLoops Optimized="0"><RelOp NodeId="4" PhysicalOp="Compute Scalar" LogicalOp="Compute Scalar" EstimateRows="1" EstimateIO="0" EstimateCPU="1e-07" AvgRowSize="11" EstimatedTotalSubtreeCost="0.00595378" Parallel="0" EstimateRebinds="0" EstimateRewinds="0" EstimatedExecutionMode="Row"><OutputList><ColumnReference Column="Expr1006"></ColumnReference></OutputList><ComputeScalar><DefinedValues><DefinedValue><ColumnReference Column="Expr1006"></ColumnReference><ScalarOperator ScalarString="isnull([PSYCHOLOGY_TEST_1].[dbo].[T_TESTING_TEST].[STOP_TIME_SEC] as [tt].[STOP_TIME_SEC],(0))"><Intrinsic FunctionName="isnull"><ScalarOperator><Identifier><ColumnReference Database="[PSYCHOLOGY_TEST_1]" Schema="[dbo]" Table="[T_TESTING_TEST]" Alias="[tt]" Column="STOP_TIME_SEC"></ColumnReference></Identifier></ScalarOperator><ScalarOperator><Const ConstValue="(0)"></Const></ScalarOperator></Intrinsic></ScalarOperator></DefinedValue></DefinedValues><RelOp NodeId="5" PhysicalOp="Clustered Index Scan" LogicalOp="Clustered Index Scan" EstimateRows="1" EstimatedRowsRead="227" EstimateIO="0.00534722" EstimateCPU="0.0004067" AvgRowSize="43" EstimatedTotalSubtreeCost="0.00575392" TableCardinality="227" Parallel="0" EstimateRebinds="0" EstimateRewinds="0" EstimatedExecutionMode="Row"><OutputList><ColumnReference Database="[PSYCHOLOGY_TEST_1]" Schema="[dbo]" Table="[T_TESTING_TEST]" Alias="[tt]" Column="STOP_TIME_SEC"></ColumnReference></OutputList><IndexScan Ordered="0" ForcedIndex="0" ForceScan="0" NoExpandHint="0" Storage="RowStore"><DefinedValues><DefinedValue><ColumnReference Database="[PSYCHOLOGY_TEST_1]" Schema="[dbo]" Table="[T_TESTING_TEST]" Alias="[tt]" Column="STOP_TIME_SEC"></ColumnReference></DefinedValue></DefinedValues><Object Database="[PSYCHOLOGY_TEST_1]" Schema="[dbo]" Table="[T_TESTING_TEST]" Index="[PK_T_TESTING_TEST]" Alias="[tt]" IndexKind="Clustered" Storage="RowStore"></Object><Predicate><ScalarOperator ScalarString="[PSYCHOLOGY_TEST_1].[dbo].[T_TESTING_TEST].[T_TEST_ID] as [tt].[T_TEST_ID]=[@t_test_id] AND [PSYCHOLOGY_TEST_1].[dbo].[T_TESTING_TEST].[T_TESTING_ID] as [tt].[T_TESTING_ID]=[@t_testing_id]"><Logical Operation="AND"><ScalarOperator><Compare CompareOp="EQ"><ScalarOperator><Identifier><ColumnReference Database="[PSYCHOLOGY_TEST_1]" Schema="[dbo]" Table="[T_TESTING_TEST]" Alias="[tt]" Column="T_TEST_ID"></ColumnReference></Identifier></ScalarOperator><ScalarOperator><Identifier><ColumnReference Column="@t_test_id"></ColumnReference></Identifier></ScalarOperator></Compare></ScalarOperator><ScalarOperator><Compare CompareOp="EQ"><ScalarOperator><Identifier><ColumnReference Database="[PSYCHOLOGY_TEST_1]" Schema="[dbo]" Table="[T_TESTING_TEST]" Alias="[tt]" Column="T_TESTING_ID"></ColumnReference></Identifier></ScalarOperator><ScalarOperator><Identifier><ColumnReference Column="@t_testing_id"></ColumnReference></Identifier></ScalarOperator></Compare></ScalarOperator></Logical></ScalarOperator></Predicate></IndexScan></RelOp></ComputeScalar></RelOp><RelOp NodeId="6" PhysicalOp="Clustered Index Scan" LogicalOp="Clustered Index Scan" EstimateRows="145.256" EstimatedRowsRead="22015" EstimateIO="0.25794" EstimateCPU="0.0243735" AvgRowSize="47" EstimatedTotalSubtreeCost="0.282313" TableCardinality="22015" Parallel="0" EstimateRebinds="0" EstimateRewinds="0" EstimatedExecutionMode="Row"><OutputList><ColumnReference Database="[PSYCHOLOGY_TEST_1]" Schema="[dbo]" Table="[T_TESTING_STEP]" Alias="[ts]" Column="T_TEST_STEP_ID"></ColumnReference><ColumnReference Database="[PSYCHOLOGY_TEST_1]" Schema="[dbo]" Table="[T_TESTING_STEP]" Alias="[ts]" Column="VIEW_DATE"></ColumnReference></OutputList><IndexScan Ordered="0" ForcedIndex="0" ForceScan="0" NoExpandHint="0" Storage="RowStore"><DefinedValues><DefinedValue><ColumnReference Database="[PSYCHOLOGY_TEST_1]" Schema="[dbo]" Table="[T_TESTING_STEP]" Alias="[ts]" Column="T_TEST_STEP_ID"></ColumnReference></DefinedValue><DefinedValue><ColumnReference Database="[PSYCHOLOGY_TEST_1]" Schema="[dbo]" Table="[T_TESTING_STEP]" Alias="[ts]" Column="VIEW_DATE"></ColumnReference></DefinedValue></DefinedValues><Object Database="[PSYCHOLOGY_TEST_1]" Schema="[dbo]" Table="[T_TESTING_STEP]" Index="[PK_T_TESTING_STEP]" Alias="[ts]" IndexKind="Clustered" Storage="RowStore"></Object><Predicate><ScalarOperator ScalarString="[PSYCHOLOGY_TEST_1].[dbo].[T_TESTING_STEP].[T_TESTING_ID] as [ts].[T_TESTING_ID]=[@t_testing_id]"><Compare CompareOp="EQ"><ScalarOperator><Identifier><ColumnReference Database="[PSYCHOLOGY_TEST_1]" Schema="[dbo]" Table="[T_TESTING_STEP]" Alias="[ts]" Column="T_TESTING_ID"></ColumnReference></Identifier></ScalarOperator><ScalarOperator><Identifier><ColumnReference Column="@t_testing_id"></ColumnReference></Identifier></ScalarOperator></Compare></ScalarOperator></Predicate></IndexScan></RelOp></NestedLoops></RelOp></Hash></RelOp></StreamAggregate></RelOp></QueryPlan></StmtSimple><StmtSimple StatementText="&#xd;&#xa;&#xd;&#xa;&#xd;&#xa;set @seconds_remain=datediff(second, getdate(), @start_time )- isnull(@STOP_TIME_SEC,0) + (60*@timelimitmin)&#xd;&#xa;&#xd;&#xa;" StatementId="12" StatementCompId="36" StatementType="ASSIGN" RetrievedFromCache="false"></StmtSimple></Statements></Then></StmtCond></Statements></StoredProc></StmtSimple><StmtCond StatementText=" &#xd;&#xa;&#xd;&#xa;&#xd;&#xa;if @seconds_remain&lt;0" StatementId="13" StatementCompId="9" StatementType="COND" RetrievedFromCache="false"><Condition></Condition><Then><Statements><StmtSimple StatementText=" &#xd;&#xa;begin&#xd;&#xa;&#xd;&#xa; exec stat_change_testing  &#xd;&#xa;    @t_testing_id ,&#xd;&#xa;    @t_test_id" StatementId="14" StatementCompId="10" StatementType="EXECUTE PROC" RetrievedFromCache="false"><StoredProc ProcName="stat_change_testing"><Statements><StmtSimple StatementText="&#xd;&#xa;CREATE procedure [dbo].[stat_change_testing]  &#xd;&#xa;@t_testing_id uniqueidentifier,&#xd;&#xa;@curent_test_id uniqueidentifier&#xd;&#xa;as &#xd;&#xa;&#xd;&#xa;declare @next_test_id uniqueidentifier&#xd;&#xa;&#xd;&#xa;update t_testing_test&#xd;&#xa;set t_testing_test_status_id = 3  &#xd;&#xa;where t_testing_id = @t_testing_id&#xd;&#xa;and t_test_id=@curent_test_id&#xd;&#xa;and current_step_id=NULL" StatementId="15" StatementCompId="39" StatementType="UPDATE" RetrievedFromCache="false" StatementSubTreeCost="0.0132904" StatementEstRows="1" SecurityPolicyApplied="false" StatementOptmLevel="FULL" QueryHash="0x8019BA06BDDD5431" QueryPlanHash="0x0EBA34FF3252AA9C" StatementOptmEarlyAbortReason="GoodEnoughPlanFound" CardinalityEstimationModelVersion="70"><StatementSetOptions QUOTED_IDENTIFIER="true" ARITHABORT="true" CONCAT_NULL_YIELDS_NULL="true" ANSI_NULLS="true" ANSI_PADDING="true" ANSI_WARNINGS="true" NUMERIC_ROUNDABORT="false"></StatementSetOptions><QueryPlan CachedPlanSize="24" CompileTime="4" CompileCPU="4" CompileMemory="392"><MemoryGrantInfo SerialRequiredMemory="0" SerialDesiredMemory="0" GrantedMemory="0" MaxUsedMemory="0"></MemoryGrantInfo><OptimizerHardwareDependentProperties EstimatedAvailableMemoryGrant="311472" EstimatedPagesCached="77868" EstimatedAvailableDegreeOfParallelism="2" MaxCompileMemory="8320"></OptimizerHardwareDependentProperties><RelOp NodeId="1" PhysicalOp="Assert" LogicalOp="Assert" EstimateRows="1" EstimateIO="0" EstimateCPU="7.8e-07" AvgRowSize="9" EstimatedTotalSubtreeCost="0.0132904" Parallel="0" EstimateRebinds="0" EstimateRewinds="0" EstimatedExecutionMode="Row"><OutputList></OutputList><Assert StartupExpression="0"><RelOp NodeId="2" PhysicalOp="Nested Loops" LogicalOp="Left Semi Join" EstimateRows="1" EstimateIO="0" EstimateCPU="4.18e-06" AvgRowSize="9" EstimatedTotalSubtreeCost="0.0132896" Parallel="0" EstimateRebinds="0" EstimateRewinds="0" EstimatedExecutionMode="Row"><OutputList><ColumnReference Column="Expr1010"></ColumnReference><ColumnReference Column="Pass1011"></ColumnReference></OutputList><NestedLoops Optimized="0"><DefinedValues><DefinedValue><ColumnReference Column="Expr1010"></ColumnReference></DefinedValue><DefinedValue><ColumnReference Column="Pass1011"></ColumnReference></DefinedValue></DefinedValues><PassThru><ScalarOperator ScalarString="[PSYCHOLOGY_TEST_1].[dbo].[T_TESTING_TEST].[T_TESTING_TEST_STATUS_ID] IS NULL"><Logical Operation="IS NULL"><ScalarOperator><Identifier><ColumnReference Database="[PSYCHOLOGY_TEST_1]" Schema="[dbo]" Table="[T_TESTING_TEST]" Column="T_TESTING_TEST_STATUS_ID"></ColumnReference></Identifier></ScalarOperator></Logical></ScalarOperator></PassThru><OuterReferences><ColumnReference Database="[PSYCHOLOGY_TEST_1]" Schema="[dbo]" Table="[T_TESTING_TEST]" Column="T_TESTING_TEST_STATUS_ID"></ColumnReference></OuterReferences><ProbeColumn><ColumnReference Column="Expr1010"></ColumnReference></ProbeColumn><RelOp NodeId="3" PhysicalOp="Clustered Index Update" LogicalOp="Update" EstimateRows="1" EstimateIO="0.01" EstimateCPU="1e-06" AvgRowSize="11" EstimatedTotalSubtreeCost="0.0100022" Parallel="0" EstimateRebinds="0" EstimateRewinds="0" EstimatedExecutionMode="Row"><OutputList><ColumnReference Database="[PSYCHOLOGY_TEST_1]" Schema="[dbo]" Table="[T_TESTING_TEST]" Column="T_TESTING_TEST_STATUS_ID"></ColumnReference></OutputList><Update DMLRequestSort="0"><Object Database="[PSYCHOLOGY_TEST_1]" Schema="[dbo]" Table="[T_TESTING_TEST]" Index="[PK_T_TESTING_TEST]" IndexKind="Clustered" Storage="RowStore"></Object><SetPredicate><ScalarOperator ScalarString="[PSYCHOLOGY_TEST_1].[dbo].[T_TESTING_TEST].[T_TESTING_TEST_STATUS_ID] = RaiseIfNullUpdate([Expr1002])"><ScalarExpressionList><ScalarOperator><MultipleAssign><Assign><ColumnReference Database="[PSYCHOLOGY_TEST_1]" Schema="[dbo]" Table="[T_TESTING_TEST]" Column="T_TESTING_TEST_STATUS_ID"></ColumnReference><ScalarOperator><Intrinsic FunctionName="RaiseIfNullUpdate"><ScalarOperator><Identifier><ColumnReference Column="Expr1002"></ColumnReference></Identifier></ScalarOperator></Intrinsic></ScalarOperator></Assign></MultipleAssign></ScalarOperator></ScalarExpressionList></ScalarOperator></SetPredicate><RelOp NodeId="4" PhysicalOp="Constant Scan" LogicalOp="Constant Scan" EstimateRows="1" EstimateIO="0" EstimateCPU="1.157e-06" AvgRowSize="27" EstimatedTotalSubtreeCost="1.157e-06" Parallel="0" EstimateRebinds="0" EstimateRewinds="0" EstimatedExecutionMode="Row"><OutputList><ColumnReference Database="[PSYCHOLOGY_TEST_1]" Schema="[dbo]" Table="[T_TESTING_TEST]" Column="T_TESTING_TEST_ID"></ColumnReference><ColumnReference Column="Expr1002"></ColumnReference></OutputList><ConstantScan></ConstantScan></RelOp></Update></RelOp><RelOp NodeId="5" PhysicalOp="Clustered Index Seek" LogicalOp="Clustered Index Seek" EstimateRows="1" EstimatedRowsRead="1" EstimateIO="0.003125" EstimateCPU="0.0001581" AvgRowSize="9" EstimatedTotalSubtreeCost="0.0032831" TableCardinality="5" Parallel="0" EstimateRebinds="0" EstimateRewinds="0" EstimatedExecutionMode="Row"><OutputList></OutputList><IndexScan Ordered="1" ScanDirection="FORWARD" ForcedIndex="1" ForceSeek="0" ForceScan="0" NoExpandHint="0" Storage="RowStore"><DefinedValues></DefinedValues><Object Database="[PSYCHOLOGY_TEST_1]" Schema="[dbo]" Table="[T_TESTING_TEST_STATUS]" Index="[PK_T_TESTING_TEST_STATUS]" IndexKind="Clustered" Storage="RowStore"></Object><SeekPredicates><SeekPredicateNew><SeekKeys><Prefix ScanType="EQ"><RangeColumns><ColumnReference Database="[PSYCHOLOGY_TEST_1]" Schema="[dbo]" Table="[T_TESTING_TEST_STATUS]" Column="T_TESTING_TEST_STATUS_ID"></ColumnReference></RangeColumns><RangeExpressions><ScalarOperator ScalarString="[PSYCHOLOGY_TEST_1].[dbo].[T_TESTING_TEST].[T_TESTING_TEST_STATUS_ID]"><Identifier><ColumnReference Database="[PSYCHOLOGY_TEST_1]" Schema="[dbo]" Table="[T_TESTING_TEST]" Column="T_TESTING_TEST_STATUS_ID"></ColumnReference></Identifier></ScalarOperator></RangeExpressions></Prefix></SeekKeys></SeekPredicateNew></SeekPredicates></IndexScan></RelOp></NestedLoops></RelOp><Predicate><ScalarOperator ScalarString="CASE WHEN NOT [Pass1011] AND [Expr1010] IS NULL THEN (0) ELSE NULL END"><IF><Condition><ScalarOperator><Logical Operation="AND"><ScalarOperator><Logical Operation="NOT"><ScalarOperator><Identifier><ColumnReference Column="Pass1011"></ColumnReference></Identifier></ScalarOperator></Logical></ScalarOperator><ScalarOperator><Logical Operation="IS NULL"><ScalarOperator><Identifier><ColumnReference Column="Expr1010"></ColumnReference></Identifier></ScalarOperator></Logical></ScalarOperator></Logical></ScalarOperator></Condition><Then><ScalarOperator><Const ConstValue="(0)"></Const></ScalarOperator></Then><Else><ScalarOperator><Const ConstValue="NULL"></Const></ScalarOperator></Else></IF></ScalarOperator></Predicate></Assert></RelOp></QueryPlan></StmtSimple><StmtSimple StatementText="&#xd;&#xa;&#xd;&#xa;&#xd;&#xa;select @next_test_id=t_test_id&#xd;&#xa;  &#xd;&#xa;  from   t_test&#xd;&#xa;  where order_num =&#xd;&#xa;  (&#xd;&#xa;  select min(order_num) &#xd;&#xa;  from t_testing_test tt inner join t_test te&#xd;&#xa;    on tt.t_test_id= te.t_test_id&#xd;&#xa;    where tt.t_testing_test_status_id = 4&#xd;&#xa;    and tt.t_testing_id = @t_testing_id&#xd;&#xa;  )" StatementId="16" StatementCompId="40" StatementType="SELECT" RetrievedFromCache="false" StatementSubTreeCost="0.0125293" StatementEstRows="1" SecurityPolicyApplied="false" StatementOptmLevel="FULL" QueryHash="0xDF72C2183D3ED373" QueryPlanHash="0xDAB2A2078596DF2B" StatementOptmEarlyAbortReason="GoodEnoughPlanFound" CardinalityEstimationModelVersion="70"><StatementSetOptions QUOTED_IDENTIFIER="true" ARITHABORT="true" CONCAT_NULL_YIELDS_NULL="true" ANSI_NULLS="true" ANSI_PADDING="true" ANSI_WARNINGS="true" NUMERIC_ROUNDABORT="false"></StatementSetOptions><QueryPlan CachedPlanSize="32" CompileTime="5" CompileCPU="5" CompileMemory="408"><MemoryGrantInfo SerialRequiredMemory="0" SerialDesiredMemory="0" GrantedMemory="0" MaxUsedMemory="0"></MemoryGrantInfo><OptimizerHardwareDependentProperties EstimatedAvailableMemoryGrant="311472" EstimatedPagesCached="77868" EstimatedAvailableDegreeOfParallelism="2" MaxCompileMemory="8320"></OptimizerHardwareDependentProperties><RelOp NodeId="0" PhysicalOp="Nested Loops" LogicalOp="Inner Join" EstimateRows="1" EstimateIO="0" EstimateCPU="4.18e-06" AvgRowSize="23" EstimatedTotalSubtreeCost="0.0125293" Parallel="0" EstimateRebinds="0" EstimateRewinds="0" EstimatedExecutionMode="Row"><OutputList><ColumnReference Database="[PSYCHOLOGY_TEST_1]" Schema="[dbo]" Table="[T_TEST]" Column="T_TEST_ID"></ColumnReference></OutputList><NestedLoops Optimized="0"><OuterReferences><ColumnReference Column="Expr1004"></ColumnReference></OuterReferences><RelOp NodeId="1" PhysicalOp="Stream Aggregate" LogicalOp="Aggregate" EstimateRows="1" EstimateIO="0" EstimateCPU="1.1e-06" AvgRowSize="11" EstimatedTotalSubtreeCost="0.00924206" Parallel="0" EstimateRebinds="0" EstimateRewinds="0" EstimatedExecutionMode="Row"><OutputList><ColumnReference Column="Expr1004"></ColumnReference></OutputList><StreamAggregate><DefinedValues><DefinedValue><ColumnReference Column="Expr1004"></ColumnReference><ScalarOperator ScalarString="MIN([PSYCHOLOGY_TEST_1].[dbo].[T_TEST].[ORDER_NUM] as [te].[ORDER_NUM])"><Aggregate Distinct="0" AggType="MIN"><ScalarOperator><Identifier><ColumnReference Database="[PSYCHOLOGY_TEST_1]" Schema="[dbo]" Table="[T_TEST]" Alias="[te]" Column="ORDER_NUM"></ColumnReference></Identifier></ScalarOperator></Aggregate></ScalarOperator></DefinedValue></DefinedValues><RelOp NodeId="2" PhysicalOp="Nested Loops" LogicalOp="Inner Join" EstimateRows="1" EstimateIO="0" EstimateCPU="4.18e-06" AvgRowSize="11" EstimatedTotalSubtreeCost="0.00924096" Parallel="0" EstimateRebinds="0" EstimateRewinds="0" EstimatedExecutionMode="Row"><OutputList><ColumnReference Database="[PSYCHOLOGY_TEST_1]" Schema="[dbo]" Table="[T_TEST]" Alias="[te]" Column="ORDER_NUM"></ColumnReference></OutputList><NestedLoops Optimized="0"><OuterReferences><ColumnReference Database="[PSYCHOLOGY_TEST_1]" Schema="[dbo]" Table="[T_TESTING_TEST]" Alias="[tt]" Column="T_TEST_ID"></ColumnReference></OuterReferences><RelOp NodeId="3" PhysicalOp="Clustered Index Scan" LogicalOp="Clustered Index Scan" EstimateRows="1" EstimatedRowsRead="227" EstimateIO="0.00534722" EstimateCPU="0.0004067" AvgRowSize="43" EstimatedTotalSubtreeCost="0.00575392" TableCardinality="227" Parallel="0" EstimateRebinds="0" EstimateRewinds="0" EstimatedExecutionMode="Row"><OutputList><ColumnReference Database="[PSYCHOLOGY_TEST_1]" Schema="[dbo]" Table="[T_TESTING_TEST]" Alias="[tt]" Column="T_TEST_ID"></ColumnReference></OutputList><IndexScan Ordered="0" ForcedIndex="0" ForceScan="0" NoExpandHint="0" Storage="RowStore"><DefinedValues><DefinedValue><ColumnReference Database="[PSYCHOLOGY_TEST_1]" Schema="[dbo]" Table="[T_TESTING_TEST]" Alias="[tt]" Column="T_TEST_ID"></ColumnReference></DefinedValue></DefinedValues><Object Database="[PSYCHOLOGY_TEST_1]" Schema="[dbo]" Table="[T_TESTING_TEST]" Index="[PK_T_TESTING_TEST]" Alias="[tt]" IndexKind="Clustered" Storage="RowStore"></Object><Predicate><ScalarOperator ScalarString="[PSYCHOLOGY_TEST_1].[dbo].[T_TESTING_TEST].[T_TESTING_ID] as [tt].[T_TESTING_ID]=[@t_testing_id] AND [PSYCHOLOGY_TEST_1].[dbo].[T_TESTING_TEST].[T_TESTING_TEST_STATUS_ID] as [tt].[T_TESTING_TEST_STATUS_ID]=(4)"><Logical Operation="AND"><ScalarOperator><Compare CompareOp="EQ"><ScalarOperator><Identifier><ColumnReference Database="[PSYCHOLOGY_TEST_1]" Schema="[dbo]" Table="[T_TESTING_TEST]" Alias="[tt]" Column="T_TESTING_ID"></ColumnReference></Identifier></ScalarOperator><ScalarOperator><Identifier><ColumnReference Column="@t_testing_id"></ColumnReference></Identifier></ScalarOperator></Compare></ScalarOperator><ScalarOperator><Compare CompareOp="EQ"><ScalarOperator><Identifier><ColumnReference Database="[PSYCHOLOGY_TEST_1]" Schema="[dbo]" Table="[T_TESTING_TEST]" Alias="[tt]" Column="T_TESTING_TEST_STATUS_ID"></ColumnReference></Identifier></ScalarOperator><ScalarOperator><Const ConstValue="(4)"></Const></ScalarOperator></Compare></ScalarOperator></Logical></ScalarOperator></Predicate></IndexScan></RelOp><RelOp NodeId="4" PhysicalOp="Clustered Index Seek" LogicalOp="Clustered Index Seek" EstimateRows="1" EstimatedRowsRead="1" EstimateIO="0.003125" EstimateCPU="0.0001581" AvgRowSize="11" EstimatedTotalSubtreeCost="0.0032831" TableCardinality="19" Parallel="0" EstimateRebinds="0" EstimateRewinds="0" EstimatedExecutionMode="Row"><OutputList><ColumnReference Database="[PSYCHOLOGY_TEST_1]" Schema="[dbo]" Table="[T_TEST]" Alias="[te]" Column="ORDER_NUM"></ColumnReference></OutputList><IndexScan Ordered="1" ScanDirection="FORWARD" ForcedIndex="0" ForceSeek="0" ForceScan="0" NoExpandHint="0" Storage="RowStore"><DefinedValues><DefinedValue><ColumnReference Database="[PSYCHOLOGY_TEST_1]" Schema="[dbo]" Table="[T_TEST]" Alias="[te]" Column="ORDER_NUM"></ColumnReference></DefinedValue></DefinedValues><Object Database="[PSYCHOLOGY_TEST_1]" Schema="[dbo]" Table="[T_TEST]" Index="[PK_T_TEST_1]" Alias="[te]" IndexKind="Clustered" Storage="RowStore"></Object><SeekPredicates><SeekPredicateNew><SeekKeys><Prefix ScanType="EQ"><RangeColumns><ColumnReference Database="[PSYCHOLOGY_TEST_1]" Schema="[dbo]" Table="[T_TEST]" Alias="[te]" Column="T_TEST_ID"></ColumnReference></RangeColumns><RangeExpressions><ScalarOperator ScalarString="[PSYCHOLOGY_TEST_1].[dbo].[T_TESTING_TEST].[T_TEST_ID] as [tt].[T_TEST_ID]"><Identifier><ColumnReference Database="[PSYCHOLOGY_TEST_1]" Schema="[dbo]" Table="[T_TESTING_TEST]" Alias="[tt]" Column="T_TEST_ID"></ColumnReference></Identifier></ScalarOperator></RangeExpressions></Prefix></SeekKeys></SeekPredicateNew></SeekPredicates></IndexScan></RelOp></NestedLoops></RelOp></StreamAggregate></RelOp><RelOp NodeId="5" PhysicalOp="Index Seek" LogicalOp="Index Seek" EstimateRows="1" EstimatedRowsRead="1" EstimateIO="0.003125" EstimateCPU="0.0001581" AvgRowSize="23" EstimatedTotalSubtreeCost="0.0032831" TableCardinality="19" Parallel="0" EstimateRebinds="0" EstimateRewinds="0" EstimatedExecutionMode="Row"><OutputList><ColumnReference Database="[PSYCHOLOGY_TEST_1]" Schema="[dbo]" Table="[T_TEST]" Column="T_TEST_ID"></ColumnReference></OutputList><IndexScan Ordered="1" ScanDirection="FORWARD" ForcedIndex="0" ForceSeek="0" ForceScan="0" NoExpandHint="0" Storage="RowStore"><DefinedValues><DefinedValue><ColumnReference Database="[PSYCHOLOGY_TEST_1]" Schema="[dbo]" Table="[T_TEST]" Column="T_TEST_ID"></ColumnReference></DefinedValue></DefinedValues><Object Database="[PSYCHOLOGY_TEST_1]" Schema="[dbo]" Table="[T_TEST]" Index="[IX_T_TEST_1]" IndexKind="NonClustered" Storage="RowStore"></Object><SeekPredicates><SeekPredicateNew><SeekKeys><Prefix ScanType="EQ"><RangeColumns><ColumnReference Database="[PSYCHOLOGY_TEST_1]" Schema="[dbo]" Table="[T_TEST]" Column="ORDER_NUM"></ColumnReference></RangeColumns><RangeExpressions><ScalarOperator ScalarString="[Expr1004]"><Identifier><ColumnReference Column="Expr1004"></ColumnReference></Identifier></ScalarOperator></RangeExpressions></Prefix></SeekKeys></SeekPredicateNew></SeekPredicates></IndexScan></RelOp></NestedLoops></RelOp></QueryPlan></StmtSimple><StmtSimple StatementText="&#xd;&#xa;&#xd;&#xa;/* updating test status */&#xd;&#xa;update t_testing_test&#xd;&#xa;set t_testing_test_status_id = 3&#xd;&#xa;where &#xd;&#xa;t_test_id=@curent_test_id and &#xd;&#xa;t_testing_id = @t_testing_id" StatementId="17" StatementCompId="41" StatementType="UPDATE" RetrievedFromCache="false" StatementSubTreeCost="0.0192426" StatementEstRows="1" SecurityPolicyApplied="false" StatementOptmLevel="FULL" QueryHash="0xB250395E93DE732A" QueryPlanHash="0x9167065072ACA128" StatementOptmEarlyAbortReason="GoodEnoughPlanFound" CardinalityEstimationModelVersion="70"><StatementSetOptions QUOTED_IDENTIFIER="true" ARITHABORT="true" CONCAT_NULL_YIELDS_NULL="true" ANSI_NULLS="true" ANSI_PADDING="true" ANSI_WARNINGS="true" NUMERIC_ROUNDABORT="false"></StatementSetOptions><QueryPlan CachedPlanSize="32" CompileTime="5" CompileCPU="5" CompileMemory="472"><MemoryGrantInfo SerialRequiredMemory="0" SerialDesiredMemory="0" GrantedMemory="0" MaxUsedMemory="0"></MemoryGrantInfo><OptimizerHardwareDependentProperties EstimatedAvailableMemoryGrant="311472" EstimatedPagesCached="77868" EstimatedAvailableDegreeOfParallelism="2" MaxCompileMemory="8320"></OptimizerHardwareDependentProperties><RelOp NodeId="1" PhysicalOp="Assert" LogicalOp="Assert" EstimateRows="1" EstimateIO="0" EstimateCPU="4.8e-07" AvgRowSize="9" EstimatedTotalSubtreeCost="0.0192426" Parallel="0" EstimateRebinds="0" EstimateRewinds="0" EstimatedExecutionMode="Row"><OutputList></OutputList><Assert StartupExpression="0"><RelOp NodeId="2" PhysicalOp="Nested Loops" LogicalOp="Left Semi Join" EstimateRows="1" EstimateIO="0" EstimateCPU="4.18e-06" AvgRowSize="9" EstimatedTotalSubtreeCost="0.0192422" Parallel="0" EstimateRebinds="0" EstimateRewinds="0" EstimatedExecutionMode="Row"><OutputList><ColumnReference Column="Expr1012"></ColumnReference></OutputList><NestedLoops Optimized="0"><DefinedValues><DefinedValue><ColumnReference Column="Expr1012"></ColumnReference></DefinedValue></DefinedValues><OuterReferences><ColumnReference Database="[PSYCHOLOGY_TEST_1]" Schema="[dbo]" Table="[T_TESTING_TEST]" Column="T_TESTING_TEST_STATUS_ID"></ColumnReference></OuterReferences><ProbeColumn><ColumnReference Column="Expr1012"></ColumnReference></ProbeColumn><RelOp NodeId="3" PhysicalOp="Clustered Index Update" LogicalOp="Update" EstimateRows="1" EstimateIO="0.01" EstimateCPU="1e-06" AvgRowSize="11" EstimatedTotalSubtreeCost="0.0159549" Parallel="0" EstimateRebinds="0" EstimateRewinds="0" EstimatedExecutionMode="Row"><OutputList><ColumnReference Database="[PSYCHOLOGY_TEST_1]" Schema="[dbo]" Table="[T_TESTING_TEST]" Column="T_TESTING_TEST_STATUS_ID"></ColumnReference></OutputList><Update DMLRequestSort="0"><Object Database="[PSYCHOLOGY_TEST_1]" Schema="[dbo]" Table="[T_TESTING_TEST]" Index="[PK_T_TESTING_TEST]" IndexKind="Clustered" Storage="RowStore"></Object><SetPredicate><ScalarOperator ScalarString="[PSYCHOLOGY_TEST_1].[dbo].[T_TESTING_TEST].[T_TESTING_TEST_STATUS_ID] = [Expr1002]"><ScalarExpressionList><ScalarOperator><MultipleAssign><Assign><ColumnReference Database="[PSYCHOLOGY_TEST_1]" Schema="[dbo]" Table="[T_TESTING_TEST]" Column="T_TESTING_TEST_STATUS_ID"></ColumnReference><ScalarOperator><Identifier><ColumnReference Column="Expr1002"></ColumnReference></Identifier></ScalarOperator></Assign></MultipleAssign></ScalarOperator></ScalarExpressionList></ScalarOperator></SetPredicate><RelOp NodeId="4" PhysicalOp="Compute Scalar" LogicalOp="Compute Scalar" EstimateRows="1" EstimateIO="0" EstimateCPU="1e-07" AvgRowSize="27" EstimatedTotalSubtreeCost="0.00595388" Parallel="0" EstimateRebinds="0" EstimateRewinds="0" EstimatedExecutionMode="Row"><OutputList><ColumnReference Database="[PSYCHOLOGY_TEST_1]" Schema="[dbo]" Table="[T_TESTING_TEST]" Column="T_TESTING_TEST_ID"></ColumnReference><ColumnReference Column="Expr1002"></ColumnReference></OutputList><ComputeScalar><DefinedValues><DefinedValue><ColumnReference Column="Expr1002"></ColumnReference><ScalarOperator ScalarString="(3)"><Const ConstValue="(3)"></Const></ScalarOperator></DefinedValue></DefinedValues><RelOp NodeId="5" PhysicalOp="Top" LogicalOp="Top" EstimateRows="1" EstimateIO="0" EstimateCPU="1e-07" AvgRowSize="23" EstimatedTotalSubtreeCost="0.00595378" Parallel="0" EstimateRebinds="0" EstimateRewinds="0" EstimatedExecutionMode="Row"><OutputList><ColumnReference Database="[PSYCHOLOGY_TEST_1]" Schema="[dbo]" Table="[T_TESTING_TEST]" Column="T_TESTING_TEST_ID"></ColumnReference></OutputList><Top RowCount="1" IsPercent="0" WithTies="0"><TopExpression><ScalarOperator ScalarString="(0)"><Const ConstValue="(0)"></Const></ScalarOperator></TopExpression><RelOp NodeId="6" PhysicalOp="Clustered Index Scan" LogicalOp="Clustered Index Scan" EstimateRows="1" EstimatedRowsRead="227" EstimateIO="0.00534722" EstimateCPU="0.0004067" AvgRowSize="55" EstimatedTotalSubtreeCost="0.00575392" TableCardinality="227" Parallel="0" EstimateRebinds="0" EstimateRewinds="0" EstimatedExecutionMode="Row"><OutputList><ColumnReference Database="[PSYCHOLOGY_TEST_1]" Schema="[dbo]" Table="[T_TESTING_TEST]" Column="T_TESTING_TEST_ID"></ColumnReference></OutputList><IndexScan Ordered="1" ForcedIndex="0" ForceScan="0" NoExpandHint="0" Storage="RowStore"><DefinedValues><DefinedValue><ColumnReference Database="[PSYCHOLOGY_TEST_1]" Schema="[dbo]" Table="[T_TESTING_TEST]" Column="T_TESTING_TEST_ID"></ColumnReference></DefinedValue></DefinedValues><Object Database="[PSYCHOLOGY_TEST_1]" Schema="[dbo]" Table="[T_TESTING_TEST]" Index="[PK_T_TESTING_TEST]" IndexKind="Clustered" Storage="RowStore"></Object><Predicate><ScalarOperator ScalarString="[PSYCHOLOGY_TEST_1].[dbo].[T_TESTING_TEST].[T_TEST_ID]=[@curent_test_id] AND [PSYCHOLOGY_TEST_1].[dbo].[T_TESTING_TEST].[T_TESTING_ID]=[@t_testing_id]"><Logical Operation="AND"><ScalarOperator><Compare CompareOp="EQ"><ScalarOperator><Identifier><ColumnReference Database="[PSYCHOLOGY_TEST_1]" Schema="[dbo]" Table="[T_TESTING_TEST]" Column="T_TEST_ID"></ColumnReference></Identifier></ScalarOperator><ScalarOperator><Identifier><ColumnReference Column="@curent_test_id"></ColumnReference></Identifier></ScalarOperator></Compare></ScalarOperator><ScalarOperator><Compare CompareOp="EQ"><ScalarOperator><Identifier><ColumnReference Database="[PSYCHOLOGY_TEST_1]" Schema="[dbo]" Table="[T_TESTING_TEST]" Column="T_TESTING_ID"></ColumnReference></Identifier></ScalarOperator><ScalarOperator><Identifier><ColumnReference Column="@t_testing_id"></ColumnReference></Identifier></ScalarOperator></Compare></ScalarOperator></Logical></ScalarOperator></Predicate></IndexScan></RelOp></Top></RelOp></ComputeScalar></RelOp></Update></RelOp><RelOp NodeId="7" PhysicalOp="Clustered Index Seek" LogicalOp="Clustered Index Seek" EstimateRows="1" EstimatedRowsRead="1" EstimateIO="0.003125" EstimateCPU="0.0001581" AvgRowSize="9" EstimatedTotalSubtreeCost="0.0032831" TableCardinality="5" Parallel="0" EstimateRebinds="0" EstimateRewinds="0" EstimatedExecutionMode="Row"><OutputList></OutputList><IndexScan Ordered="1" ScanDirection="FORWARD" ForcedIndex="1" ForceSeek="0" ForceScan="0" NoExpandHint="0" Storage="RowStore"><DefinedValues></DefinedValues><Object Database="[PSYCHOLOGY_TEST_1]" Schema="[dbo]" Table="[T_TESTING_TEST_STATUS]" Index="[PK_T_TESTING_TEST_STATUS]" IndexKind="Clustered" Storage="RowStore"></Object><SeekPredicates><SeekPredicateNew><SeekKeys><Prefix ScanType="EQ"><RangeColumns><ColumnReference Database="[PSYCHOLOGY_TEST_1]" Schema="[dbo]" Table="[T_TESTING_TEST_STATUS]" Column="T_TESTING_TEST_STATUS_ID"></ColumnReference></RangeColumns><RangeExpressions><ScalarOperator ScalarString="[PSYCHOLOGY_TEST_1].[dbo].[T_TESTING_TEST].[T_TESTING_TEST_STATUS_ID]"><Identifier><ColumnReference Database="[PSYCHOLOGY_TEST_1]" Schema="[dbo]" Table="[T_TESTING_TEST]" Column="T_TESTING_TEST_STATUS_ID"></ColumnReference></Identifier></ScalarOperator></RangeExpressions></Prefix></SeekKeys></SeekPredicateNew></SeekPredicates></IndexScan></RelOp></NestedLoops></RelOp><Predicate><ScalarOperator ScalarString="CASE WHEN [Expr1012] IS NULL THEN (0) ELSE NULL END"><IF><Condition><ScalarOperator><Logical Operation="IS NULL"><ScalarOperator><Identifier><ColumnReference Column="Expr1012"></ColumnReference></Identifier></ScalarOperator></Logical></ScalarOperator></Condition><Then><ScalarOperator><Const ConstValue="(0)"></Const></ScalarOperator></Then><Else><ScalarOperator><Const ConstValue="NULL"></Const></ScalarOperator></Else></IF></ScalarOperator></Predicate></Assert></RelOp></QueryPlan></StmtSimple><StmtCond StatementText="&#xd;&#xa;&#xd;&#xa;/* updating testing status  */&#xd;&#xa;/* if still exists atleast 1 not finished test status INSTRUCT  */&#xd;&#xa;if @next_test_id is not null" StatementId="18" StatementCompId="42" StatementType="COND" RetrievedFromCache="false"><Condition></Condition><Then><Statements><StmtSimple StatementText="   &#xd;&#xa;  begin &#xd;&#xa;    update  t_testing &#xd;&#xa;    set t_testing_status_id = 5,&#xd;&#xa;    current_test_id = @next_test_id&#xd;&#xa;    where t_testing_id = @t_testing_id" StatementId="19" StatementCompId="43" StatementType="UPDATE" RetrievedFromCache="false" StatementSubTreeCost="0.0198589" StatementEstRows="1" SecurityPolicyApplied="false" StatementOptmLevel="TRIVIAL" QueryHash="0x0073A9ED8304A00D" QueryPlanHash="0x7F5AED4AF4B6ACF3" CardinalityEstimationModelVersion="70"><StatementSetOptions QUOTED_IDENTIFIER="true" ARITHABORT="true" CONCAT_NULL_YIELDS_NULL="true" ANSI_NULLS="true" ANSI_PADDING="true" ANSI_WARNINGS="true" NUMERIC_ROUNDABORT="false"></StatementSetOptions><QueryPlan CachedPlanSize="32" CompileTime="10" CompileCPU="7" CompileMemory="432"><MemoryGrantInfo SerialRequiredMemory="0" SerialDesiredMemory="0" GrantedMemory="0" MaxUsedMemory="0"></MemoryGrantInfo><OptimizerHardwareDependentProperties EstimatedAvailableMemoryGrant="311472" EstimatedPagesCached="77868" EstimatedAvailableDegreeOfParallelism="2" MaxCompileMemory="8320"></OptimizerHardwareDependentProperties><RelOp NodeId="1" PhysicalOp="Assert" LogicalOp="Assert" EstimateRows="1" EstimateIO="0" EstimateCPU="1.8e-07" AvgRowSize="9" EstimatedTotalSubtreeCost="0.0198589" Parallel="0" EstimateRebinds="0" EstimateRewinds="0" EstimatedExecutionMode="Row"><OutputList></OutputList><Assert StartupExpression="0"><RelOp NodeId="2" PhysicalOp="Nested Loops" LogicalOp="Left Semi Join" EstimateRows="1" EstimateIO="0" EstimateCPU="4.18e-06" AvgRowSize="9" EstimatedTotalSubtreeCost="0.0198588" Parallel="0" EstimateRebinds="0" EstimateRewinds="0" EstimatedExecutionMode="Row"><OutputList><ColumnReference Column="Expr1017"></ColumnReference><ColumnReference Column="Expr1018"></ColumnReference><ColumnReference Column="Pass1019"></ColumnReference></OutputList><NestedLoops Optimized="0"><DefinedValues><DefinedValue><ColumnReference Column="Expr1018"></ColumnReference></DefinedValue><DefinedValue><ColumnReference Column="Pass1019"></ColumnReference></DefinedValue></DefinedValues><PassThru><ScalarOperator ScalarString="[PSYCHOLOGY_TEST_1].[dbo].[T_TESTING].[CURRENT_TEST_ID] IS NULL"><Logical Operation="IS NULL"><ScalarOperator><Identifier><ColumnReference Database="[PSYCHOLOGY_TEST_1]" Schema="[dbo]" Table="[T_TESTING]" Column="CURRENT_TEST_ID"></ColumnReference></Identifier></ScalarOperator></Logical></ScalarOperator></PassThru><OuterReferences><ColumnReference Database="[PSYCHOLOGY_TEST_1]" Schema="[dbo]" Table="[T_TESTING]" Column="CURRENT_TEST_ID"></ColumnReference></OuterReferences><ProbeColumn><ColumnReference Column="Expr1018"></ColumnReference></ProbeColumn><RelOp NodeId="3" PhysicalOp="Nested Loops" LogicalOp="Left Semi Join" EstimateRows="1" EstimateIO="0" EstimateCPU="4.18e-06" AvgRowSize="24" EstimatedTotalSubtreeCost="0.0165715" Parallel="0" EstimateRebinds="0" EstimateRewinds="0" EstimatedExecutionMode="Row"><OutputList><ColumnReference Database="[PSYCHOLOGY_TEST_1]" Schema="[dbo]" Table="[T_TESTING]" Column="CURRENT_TEST_ID"></ColumnReference><ColumnReference Column="Expr1017"></ColumnReference></OutputList><NestedLoops Optimized="0"><DefinedValues><DefinedValue><ColumnReference Column="Expr1017"></ColumnReference></DefinedValue></DefinedValues><OuterReferences><ColumnReference Database="[PSYCHOLOGY_TEST_1]" Schema="[dbo]" Table="[T_TESTING]" Column="T_TESTING_STATUS_ID"></ColumnReference></OuterReferences><ProbeColumn><ColumnReference Column="Expr1017"></ColumnReference></ProbeColumn><RelOp NodeId="4" PhysicalOp="Clustered Index Update" LogicalOp="Update" EstimateRows="1" EstimateIO="0.01" EstimateCPU="1e-06" AvgRowSize="27" EstimatedTotalSubtreeCost="0.0132842" Parallel="0" EstimateRebinds="0" EstimateRewinds="0" EstimatedExecutionMode="Row"><OutputList><ColumnReference Database="[PSYCHOLOGY_TEST_1]" Schema="[dbo]" Table="[T_TESTING]" Column="T_TESTING_STATUS_ID"></ColumnReference><ColumnReference Database="[PSYCHOLOGY_TEST_1]" Schema="[dbo]" Table="[T_TESTING]" Column="CURRENT_TEST_ID"></ColumnReference></OutputList><SimpleUpdate DMLRequestSort="0"><DefinedValues><DefinedValue><ColumnReference Column="Expr1002"></ColumnReference><ScalarOperator ScalarString="(5)"><Const ConstValue="(5)"></Const></ScalarOperator></DefinedValue></DefinedValues><Object Database="[PSYCHOLOGY_TEST_1]" Schema="[dbo]" Table="[T_TESTING]" Index="[PK_T_TESTING]" IndexKind="Clustered" Storage="RowStore"></Object><SeekPredicateNew><SeekKeys><Prefix ScanType="EQ"><RangeColumns><ColumnReference Database="[PSYCHOLOGY_TEST_1]" Schema="[dbo]" Table="[T_TESTING]" Column="T_TESTING_ID"></ColumnReference></RangeColumns><RangeExpressions><ScalarOperator ScalarString="[@t_testing_id]"><Identifier><ColumnReference Column="@t_testing_id"></ColumnReference></Identifier></ScalarOperator></RangeExpressions></Prefix></SeekKeys></SeekPredicateNew><SetPredicate><ScalarOperator ScalarString="[PSYCHOLOGY_TEST_1].[dbo].[T_TESTING].[T_TESTING_STATUS_ID] = [Expr1002],[PSYCHOLOGY_TEST_1].[dbo].[T_TESTING].[CURRENT_TEST_ID] = [@next_test_id]"><ScalarExpressionList><ScalarOperator><MultipleAssign><Assign><ColumnReference Database="[PSYCHOLOGY_TEST_1]" Schema="[dbo]" Table="[T_TESTING]" Column="T_TESTING_STATUS_ID"></ColumnReference><ScalarOperator><Identifier><ColumnReference Column="Expr1002"></ColumnReference></Identifier></ScalarOperator></Assign><Assign><ColumnReference Database="[PSYCHOLOGY_TEST_1]" Schema="[dbo]" Table="[T_TESTING]" Column="CURRENT_TEST_ID"></ColumnReference><ScalarOperator><Identifier><ColumnReference Column="@next_test_id"></ColumnReference></Identifier></ScalarOperator></Assign></MultipleAssign></ScalarOperator></ScalarExpressionList></ScalarOperator></SetPredicate></SimpleUpdate></RelOp><RelOp NodeId="5" PhysicalOp="Clustered Index Seek" LogicalOp="Clustered Index Seek" EstimateRows="1" EstimatedRowsRead="1" EstimateIO="0.003125" EstimateCPU="0.0001581" AvgRowSize="9" EstimatedTotalSubtreeCost="0.0032831" TableCardinality="6" Parallel="0" EstimateRebinds="0" EstimateRewinds="0" EstimatedExecutionMode="Row"><OutputList></OutputList><IndexScan Ordered="1" ScanDirection="FORWARD" ForcedIndex="1" ForceSeek="0" ForceScan="0" NoExpandHint="0" Storage="RowStore"><DefinedValues></DefinedValues><Object Database="[PSYCHOLOGY_TEST_1]" Schema="[dbo]" Table="[T_TESTING_STATUS]" Index="[PK_T_TESTING_STATUS]" IndexKind="Clustered" Storage="RowStore"></Object><SeekPredicates><SeekPredicateNew><SeekKeys><Prefix ScanType="EQ"><RangeColumns><ColumnReference Database="[PSYCHOLOGY_TEST_1]" Schema="[dbo]" Table="[T_TESTING_STATUS]" Column="T_TESTING_STATUS_ID"></ColumnReference></RangeColumns><RangeExpressions><ScalarOperator ScalarString="[PSYCHOLOGY_TEST_1].[dbo].[T_TESTING].[T_TESTING_STATUS_ID]"><Identifier><ColumnReference Database="[PSYCHOLOGY_TEST_1]" Schema="[dbo]" Table="[T_TESTING]" Column="T_TESTING_STATUS_ID"></ColumnReference></Identifier></ScalarOperator></RangeExpressions></Prefix></SeekKeys></SeekPredicateNew></SeekPredicates></IndexScan></RelOp></NestedLoops></RelOp><RelOp NodeId="6" PhysicalOp="Clustered Index Seek" LogicalOp="Clustered Index Seek" EstimateRows="1" EstimatedRowsRead="1" EstimateIO="0.003125" EstimateCPU="0.0001581" AvgRowSize="9" EstimatedTotalSubtreeCost="0.0032831" TableCardinality="19" Parallel="0" EstimateRebinds="0" EstimateRewinds="0" EstimatedExecutionMode="Row"><OutputList></OutputList><IndexScan Ordered="1" ScanDirection="FORWARD" ForcedIndex="1" ForceSeek="0" ForceScan="0" NoExpandHint="0" Storage="RowStore"><DefinedValues></DefinedValues><Object Database="[PSYCHOLOGY_TEST_1]" Schema="[dbo]" Table="[T_TEST]" Index="[PK_T_TEST_1]" IndexKind="Clustered" Storage="RowStore"></Object><SeekPredicates><SeekPredicateNew><SeekKeys><Prefix ScanType="EQ"><RangeColumns><ColumnReference Database="[PSYCHOLOGY_TEST_1]" Schema="[dbo]" Table="[T_TEST]" Column="T_TEST_ID"></ColumnReference></RangeColumns><RangeExpressions><ScalarOperator ScalarString="[PSYCHOLOGY_TEST_1].[dbo].[T_TESTING].[CURRENT_TEST_ID]"><Identifier><ColumnReference Database="[PSYCHOLOGY_TEST_1]" Schema="[dbo]" Table="[T_TESTING]" Column="CURRENT_TEST_ID"></ColumnReference></Identifier></ScalarOperator></RangeExpressions></Prefix></SeekKeys></SeekPredicateNew></SeekPredicates></IndexScan></RelOp></NestedLoops></RelOp><Predicate><ScalarOperator ScalarString="CASE WHEN [Expr1017] IS NULL THEN (0) ELSE CASE WHEN NOT [Pass1019] AND [Expr1018] IS NULL THEN (1) ELSE NULL END END"><IF><Condition><ScalarOperator><Logical Operation="IS NULL"><ScalarOperator><Identifier><ColumnReference Column="Expr1017"></ColumnReference></Identifier></ScalarOperator></Logical></ScalarOperator></Condition><Then><ScalarOperator><Const ConstValue="(0)"></Const></ScalarOperator></Then><Else><ScalarOperator><IF><Condition><ScalarOperator><Logical Operation="AND"><ScalarOperator><Logical Operation="NOT"><ScalarOperator><Identifier><ColumnReference Column="Pass1019"></ColumnReference></Identifier></ScalarOperator></Logical></ScalarOperator><ScalarOperator><Logical Operation="IS NULL"><ScalarOperator><Identifier><ColumnReference Column="Expr1018"></ColumnReference></Identifier></ScalarOperator></Logical></ScalarOperator></Logical></ScalarOperator></Condition><Then><ScalarOperator><Const ConstValue="(1)"></Const></ScalarOperator></Then><Else><ScalarOperator><Const ConstValue="NULL"></Const></ScalarOperator></Else></IF></ScalarOperator></Else></IF></ScalarOperator></Predicate></Assert></RelOp></QueryPlan></StmtSimple></Statements></Then><Else><Statements><StmtSimple StatementText="&#xd;&#xa; &#xd;&#xa;  end &#xd;&#xa;/* if no tests to go status ENDED  */&#xd;&#xa;  else &#xd;&#xa;&#xd;&#xa;    update  t_testing &#xd;&#xa;    set t_testing_status_id = 3,&#xd;&#xa;    current_test_id = null&#xd;&#xa;    where t_testing_id = @t_testing_id" StatementId="20" StatementCompId="46" StatementType="UPDATE" RetrievedFromCache="false" StatementSubTreeCost="0.0165717" StatementEstRows="1" SecurityPolicyApplied="false" StatementOptmLevel="TRIVIAL" QueryHash="0x48FF945A4C05D724" QueryPlanHash="0x589AB707CE800E6A" CardinalityEstimationModelVersion="70"><StatementSetOptions QUOTED_IDENTIFIER="true" ARITHABORT="true" CONCAT_NULL_YIELDS_NULL="true" ANSI_NULLS="true" ANSI_PADDING="true" ANSI_WARNINGS="true" NUMERIC_ROUNDABORT="false"></StatementSetOptions><QueryPlan CachedPlanSize="24" CompileTime="5" CompileCPU="5" CompileMemory="408"><MemoryGrantInfo SerialRequiredMemory="0" SerialDesiredMemory="0" GrantedMemory="0" MaxUsedMemory="0"></MemoryGrantInfo><OptimizerHardwareDependentProperties EstimatedAvailableMemoryGrant="311472" EstimatedPagesCached="77868" EstimatedAvailableDegreeOfParallelism="2" MaxCompileMemory="8320"></OptimizerHardwareDependentProperties><RelOp NodeId="1" PhysicalOp="Assert" LogicalOp="Assert" EstimateRows="1" EstimateIO="0" EstimateCPU="1.8e-07" AvgRowSize="9" EstimatedTotalSubtreeCost="0.0165717" Parallel="0" EstimateRebinds="0" EstimateRewinds="0" EstimatedExecutionMode="Row"><OutputList></OutputList><Assert StartupExpression="0"><RelOp NodeId="2" PhysicalOp="Nested Loops" LogicalOp="Left Semi Join" EstimateRows="1" EstimateIO="0" EstimateCPU="4.18e-06" AvgRowSize="9" EstimatedTotalSubtreeCost="0.0165715" Parallel="0" EstimateRebinds="0" EstimateRewinds="0" EstimatedExecutionMode="Row"><OutputList><ColumnReference Column="Expr1018"></ColumnReference></OutputList><NestedLoops Optimized="0"><DefinedValues><DefinedValue><ColumnReference Column="Expr1018"></ColumnReference></DefinedValue></DefinedValues><OuterReferences><ColumnReference Database="[PSYCHOLOGY_TEST_1]" Schema="[dbo]" Table="[T_TESTING]" Column="T_TESTING_STATUS_ID"></ColumnReference></OuterReferences><ProbeColumn><ColumnReference Column="Expr1018"></ColumnReference></ProbeColumn><RelOp NodeId="3" PhysicalOp="Clustered Index Update" LogicalOp="Update" EstimateRows="1" EstimateIO="0.01" EstimateCPU="1e-06" AvgRowSize="11" EstimatedTotalSubtreeCost="0.0132842" Parallel="0" EstimateRebinds="0" EstimateRewinds="0" EstimatedExecutionMode="Row"><OutputList><ColumnReference Database="[PSYCHOLOGY_TEST_1]" Schema="[dbo]" Table="[T_TESTING]" Column="T_TESTING_STATUS_ID"></ColumnReference></OutputList><SimpleUpdate DMLRequestSort="0"><DefinedValues><DefinedValue><ColumnReference Column="Expr1002"></ColumnReference><ScalarOperator ScalarString="(3)"><Const ConstValue="(3)"></Const></ScalarOperator></DefinedValue><DefinedValue><ColumnReference Column="Expr1003"></ColumnReference><ScalarOperator ScalarString="NULL"><Const ConstValue="NULL"></Const></ScalarOperator></DefinedValue></DefinedValues><Object Database="[PSYCHOLOGY_TEST_1]" Schema="[dbo]" Table="[T_TESTING]" Index="[PK_T_TESTING]" IndexKind="Clustered" Storage="RowStore"></Object><SeekPredicateNew><SeekKeys><Prefix ScanType="EQ"><RangeColumns><ColumnReference Database="[PSYCHOLOGY_TEST_1]" Schema="[dbo]" Table="[T_TESTING]" Column="T_TESTING_ID"></ColumnReference></RangeColumns><RangeExpressions><ScalarOperator ScalarString="[@t_testing_id]"><Identifier><ColumnReference Column="@t_testing_id"></ColumnReference></Identifier></ScalarOperator></RangeExpressions></Prefix></SeekKeys></SeekPredicateNew><SetPredicate><ScalarOperator ScalarString="[PSYCHOLOGY_TEST_1].[dbo].[T_TESTING].[T_TESTING_STATUS_ID] = [Expr1002],[PSYCHOLOGY_TEST_1].[dbo].[T_TESTING].[CURRENT_TEST_ID] = [Expr1003]"><ScalarExpressionList><ScalarOperator><MultipleAssign><Assign><ColumnReference Database="[PSYCHOLOGY_TEST_1]" Schema="[dbo]" Table="[T_TESTING]" Column="T_TESTING_STATUS_ID"></ColumnReference><ScalarOperator><Identifier><ColumnReference Column="Expr1002"></ColumnReference></Identifier></ScalarOperator></Assign><Assign><ColumnReference Database="[PSYCHOLOGY_TEST_1]" Schema="[dbo]" Table="[T_TESTING]" Column="CURRENT_TEST_ID"></ColumnReference><ScalarOperator><Identifier><ColumnReference Column="Expr1003"></ColumnReference></Identifier></ScalarOperator></Assign></MultipleAssign></ScalarOperator></ScalarExpressionList></ScalarOperator></SetPredicate></SimpleUpdate></RelOp><RelOp NodeId="4" PhysicalOp="Clustered Index Seek" LogicalOp="Clustered Index Seek" EstimateRows="1" EstimatedRowsRead="1" EstimateIO="0.003125" EstimateCPU="0.0001581" AvgRowSize="9" EstimatedTotalSubtreeCost="0.0032831" TableCardinality="6" Parallel="0" EstimateRebinds="0" EstimateRewinds="0" EstimatedExecutionMode="Row"><OutputList></OutputList><IndexScan Ordered="1" ScanDirection="FORWARD" ForcedIndex="1" ForceSeek="0" ForceScan="0" NoExpandHint="0" Storage="RowStore"><DefinedValues></DefinedValues><Object Database="[PSYCHOLOGY_TEST_1]" Schema="[dbo]" Table="[T_TESTING_STATUS]" Index="[PK_T_TESTING_STATUS]" IndexKind="Clustered" Storage="RowStore"></Object><SeekPredicates><SeekPredicateNew><SeekKeys><Prefix ScanType="EQ"><RangeColumns><ColumnReference Database="[PSYCHOLOGY_TEST_1]" Schema="[dbo]" Table="[T_TESTING_STATUS]" Column="T_TESTING_STATUS_ID"></ColumnReference></RangeColumns><RangeExpressions><ScalarOperator ScalarString="[PSYCHOLOGY_TEST_1].[dbo].[T_TESTING].[T_TESTING_STATUS_ID]"><Identifier><ColumnReference Database="[PSYCHOLOGY_TEST_1]" Schema="[dbo]" Table="[T_TESTING]" Column="T_TESTING_STATUS_ID"></ColumnReference></Identifier></ScalarOperator></RangeExpressions></Prefix></SeekKeys></SeekPredicateNew></SeekPredicates></IndexScan></RelOp></NestedLoops></RelOp><Predicate><ScalarOperator ScalarString="CASE WHEN [Expr1018] IS NULL THEN (0) ELSE NULL END"><IF><Condition><ScalarOperator><Logical Operation="IS NULL"><ScalarOperator><Identifier><ColumnReference Column="Expr1018"></ColumnReference></Identifier></ScalarOperator></Logical></ScalarOperator></Condition><Then><ScalarOperator><Const ConstValue="(0)"></Const></ScalarOperator></Then><Else><ScalarOperator><Const ConstValue="NULL"></Const></ScalarOperator></Else></IF></ScalarOperator></Predicate></Assert></RelOp></QueryPlan></StmtSimple></Statements></Else></StmtCond></Statements></StoredProc></StmtSimple><StmtSimple StatementText=" &#xd;&#xa;&#xd;&#xa;&#xd;&#xa;    RAISERROR (&apos;TIME IS EXPIRED! ANSWER NOT ACCEPTED!&apos;,16,1,0) with log             &#xd;&#xa;    " StatementId="21" StatementCompId="11" StatementType="RAISERROR" RetrievedFromCache="false"></StmtSimple><StmtSimple StatementText="commit transaction&#xd;&#xa;    " StatementId="22" StatementCompId="12" StatementType="COMMIT TRANSACTION" RetrievedFromCache="false"></StmtSimple><StmtSimple StatementText="return" StatementId="23" StatementCompId="13" StatementType="RETURN NONE" RetrievedFromCache="false"></StmtSimple></Statements></Then></StmtCond><StmtSimple StatementText="&#xd;&#xa;&#xd;&#xa;end &#xd;&#xa;&#xd;&#xa;&#xd;&#xa; /* save result and change status to end  */&#xd;&#xa; update  &#xd;&#xa; t_testing_step &#xd;&#xa; set RESULT_TXT=@result_txt,&#xd;&#xa; t_testing_step_status_id = 3,&#xd;&#xa; result_date=getdate() &#xd;&#xa; where t_test_step_id=@current_step_id&#xd;&#xa;    and t_testing_id = @t_testing_id" StatementId="24" StatementCompId="15" StatementType="UPDATE" RetrievedFromCache="false" StatementSubTreeCost="0.314975" StatementEstRows="1" SecurityPolicyApplied="false" StatementOptmLevel="FULL" QueryHash="0x58E71CB5A8732BEC" QueryPlanHash="0x6D034E12592C5809" StatementOptmEarlyAbortReason="GoodEnoughPlanFound" CardinalityEstimationModelVersion="70"><StatementSetOptions QUOTED_IDENTIFIER="true" ARITHABORT="true" CONCAT_NULL_YIELDS_NULL="true" ANSI_NULLS="true" ANSI_PADDING="true" ANSI_WARNINGS="true" NUMERIC_ROUNDABORT="false"></StatementSetOptions><QueryPlan CachedPlanSize="32" CompileTime="8" CompileCPU="7" CompileMemory="712"><MemoryGrantInfo SerialRequiredMemory="0" SerialDesiredMemory="0" GrantedMemory="0" MaxUsedMemory="0"></MemoryGrantInfo><OptimizerHardwareDependentProperties EstimatedAvailableMemoryGrant="311472" EstimatedPagesCached="77868" EstimatedAvailableDegreeOfParallelism="2" MaxCompileMemory="8304"></OptimizerHardwareDependentProperties><RelOp NodeId="1" PhysicalOp="Assert" LogicalOp="Assert" EstimateRows="1" EstimateIO="0" EstimateCPU="4.8e-07" AvgRowSize="9" EstimatedTotalSubtreeCost="0.314975" Parallel="0" EstimateRebinds="0" EstimateRewinds="0" EstimatedExecutionMode="Row"><OutputList></OutputList><Assert StartupExpression="0"><RelOp NodeId="2" PhysicalOp="Nested Loops" LogicalOp="Left Semi Join" EstimateRows="1" EstimateIO="0" EstimateCPU="4.18e-06" AvgRowSize="9" EstimatedTotalSubtreeCost="0.314975" Parallel="0" EstimateRebinds="0" EstimateRewinds="0" EstimatedExecutionMode="Row"><OutputList><ColumnReference Column="Expr1022"></ColumnReference></OutputList><NestedLoops Optimized="0"><DefinedValues><DefinedValue><ColumnReference Column="Expr1022"></ColumnReference></DefinedValue></DefinedValues><OuterReferences><ColumnReference Database="[PSYCHOLOGY_TEST_1]" Schema="[dbo]" Table="[T_TESTING_STEP]" Column="T_TESTING_STEP_STATUS_ID"></ColumnReference></OuterReferences><ProbeColumn><ColumnReference Column="Expr1022"></ColumnReference></ProbeColumn><RelOp NodeId="3" PhysicalOp="Clustered Index Update" LogicalOp="Update" EstimateRows="1" EstimateIO="0.01" EstimateCPU="1e-06" AvgRowSize="11" EstimatedTotalSubtreeCost="0.311688" Parallel="0" EstimateRebinds="0" EstimateRewinds="0" EstimatedExecutionMode="Row"><OutputList><ColumnReference Database="[PSYCHOLOGY_TEST_1]" Schema="[dbo]" Table="[T_TESTING_STEP]" Column="T_TESTING_STEP_STATUS_ID"></ColumnReference></OutputList><Update DMLRequestSort="0"><Object Database="[PSYCHOLOGY_TEST_1]" Schema="[dbo]" Table="[T_TESTING_STEP]" Index="[PK_T_TESTING_STEP]" IndexKind="Clustered" Storage="RowStore"></Object><SetPredicate><ScalarOperator ScalarString="[PSYCHOLOGY_TEST_1].[dbo].[T_TESTING_STEP].[RESULT_TXT] = [@result_txt],[PSYCHOLOGY_TEST_1].[dbo].[T_TESTING_STEP].[T_TESTING_STEP_STATUS_ID] = [Expr1002],[PSYCHOLOGY_TEST_1].[dbo].[T_TESTING_STEP].[RESULT_DATE] = [Expr1003]"><ScalarExpressionList><ScalarOperator><MultipleAssign><Assign><ColumnReference Database="[PSYCHOLOGY_TEST_1]" Schema="[dbo]" Table="[T_TESTING_STEP]" Column="RESULT_TXT"></ColumnReference><ScalarOperator><Identifier><ColumnReference Column="@result_txt"></ColumnReference></Identifier></ScalarOperator></Assign><Assign><ColumnReference Database="[PSYCHOLOGY_TEST_1]" Schema="[dbo]" Table="[T_TESTING_STEP]" Column="T_TESTING_STEP_STATUS_ID"></ColumnReference><ScalarOperator><Identifier><ColumnReference Column="Expr1002"></ColumnReference></Identifier></ScalarOperator></Assign><Assign><ColumnReference Database="[PSYCHOLOGY_TEST_1]" Schema="[dbo]" Table="[T_TESTING_STEP]" Column="RESULT_DATE"></ColumnReference><ScalarOperator><Identifier><ColumnReference Column="Expr1003"></ColumnReference></Identifier></ScalarOperator></Assign></MultipleAssign></ScalarOperator></ScalarExpressionList></ScalarOperator></SetPredicate><RelOp NodeId="4" PhysicalOp="Compute Scalar" LogicalOp="Compute Scalar" EstimateRows="1" EstimateIO="0" EstimateCPU="1e-07" AvgRowSize="35" EstimatedTotalSubtreeCost="0.301687" Parallel="0" EstimateRebinds="0" EstimateRewinds="0" EstimatedExecutionMode="Row"><OutputList><ColumnReference Database="[PSYCHOLOGY_TEST_1]" Schema="[dbo]" Table="[T_TESTING_STEP]" Column="T_TESTING_STEP_ID"></ColumnReference><ColumnReference Column="Expr1002"></ColumnReference><ColumnReference Column="Expr1003"></ColumnReference></OutputList><ComputeScalar><DefinedValues><DefinedValue><ColumnReference Column="Expr1002"></ColumnReference><ScalarOperator ScalarString="(3)"><Const ConstValue="(3)"></Const></ScalarOperator></DefinedValue><DefinedValue><ColumnReference Column="Expr1003"></ColumnReference><ScalarOperator ScalarString="getdate()"><Identifier><ColumnReference Column="ConstExpr1011"><ScalarOperator><Intrinsic FunctionName="getdate"></Intrinsic></ScalarOperator></ColumnReference></Identifier></ScalarOperator></DefinedValue></DefinedValues><RelOp NodeId="5" PhysicalOp="Top" LogicalOp="Top" EstimateRows="1" EstimateIO="0" EstimateCPU="1e-07" AvgRowSize="23" EstimatedTotalSubtreeCost="0.301687" Parallel="0" EstimateRebinds="0" EstimateRewinds="0" EstimatedExecutionMode="Row"><OutputList><ColumnReference Database="[PSYCHOLOGY_TEST_1]" Schema="[dbo]" Table="[T_TESTING_STEP]" Column="T_TESTING_STEP_ID"></ColumnReference></OutputList><Top RowCount="1" IsPercent="0" WithTies="0"><TopExpression><ScalarOperator ScalarString="(0)"><Const ConstValue="(0)"></Const></ScalarOperator></TopExpression><RelOp NodeId="6" PhysicalOp="Clustered Index Scan" LogicalOp="Clustered Index Scan" EstimateRows="1" EstimatedRowsRead="22015" EstimateIO="0.25794" EstimateCPU="0.0243735" AvgRowSize="55" EstimatedTotalSubtreeCost="0.282313" TableCardinality="22015" Parallel="0" EstimateRebinds="0" EstimateRewinds="0" EstimatedExecutionMode="Row"><OutputList><ColumnReference Database="[PSYCHOLOGY_TEST_1]" Schema="[dbo]" Table="[T_TESTING_STEP]" Column="T_TESTING_STEP_ID"></ColumnReference></OutputList><IndexScan Ordered="1" ForcedIndex="0" ForceScan="0" NoExpandHint="0" Storage="RowStore"><DefinedValues><DefinedValue><ColumnReference Database="[PSYCHOLOGY_TEST_1]" Schema="[dbo]" Table="[T_TESTING_STEP]" Column="T_TESTING_STEP_ID"></ColumnReference></DefinedValue></DefinedValues><Object Database="[PSYCHOLOGY_TEST_1]" Schema="[dbo]" Table="[T_TESTING_STEP]" Index="[PK_T_TESTING_STEP]" IndexKind="Clustered" Storage="RowStore"></Object><Predicate><ScalarOperator ScalarString="[PSYCHOLOGY_TEST_1].[dbo].[T_TESTING_STEP].[T_TEST_STEP_ID]=[@current_step_id] AND [PSYCHOLOGY_TEST_1].[dbo].[T_TESTING_STEP].[T_TESTING_ID]=[@t_testing_id]"><Logical Operation="AND"><ScalarOperator><Compare CompareOp="EQ"><ScalarOperator><Identifier><ColumnReference Database="[PSYCHOLOGY_TEST_1]" Schema="[dbo]" Table="[T_TESTING_STEP]" Column="T_TEST_STEP_ID"></ColumnReference></Identifier></ScalarOperator><ScalarOperator><Identifier><ColumnReference Column="@current_step_id"></ColumnReference></Identifier></ScalarOperator></Compare></ScalarOperator><ScalarOperator><Compare CompareOp="EQ"><ScalarOperator><Identifier><ColumnReference Database="[PSYCHOLOGY_TEST_1]" Schema="[dbo]" Table="[T_TESTING_STEP]" Column="T_TESTING_ID"></ColumnReference></Identifier></ScalarOperator><ScalarOperator><Identifier><ColumnReference Column="@t_testing_id"></ColumnReference></Identifier></ScalarOperator></Compare></ScalarOperator></Logical></ScalarOperator></Predicate></IndexScan></RelOp></Top></RelOp></ComputeScalar></RelOp></Update></RelOp><RelOp NodeId="7" PhysicalOp="Clustered Index Seek" LogicalOp="Clustered Index Seek" EstimateRows="1" EstimatedRowsRead="1" EstimateIO="0.003125" EstimateCPU="0.0001581" AvgRowSize="9" EstimatedTotalSubtreeCost="0.0032831" TableCardinality="4" Parallel="0" EstimateRebinds="0" EstimateRewinds="0" EstimatedExecutionMode="Row"><OutputList></OutputList><IndexScan Ordered="1" ScanDirection="FORWARD" ForcedIndex="1" ForceSeek="0" ForceScan="0" NoExpandHint="0" Storage="RowStore"><DefinedValues></DefinedValues><Object Database="[PSYCHOLOGY_TEST_1]" Schema="[dbo]" Table="[T_TESTING_STEP_STATUS]" Index="[PK_T_TESTING_STEP_STATUS]" IndexKind="Clustered" Storage="RowStore"></Object><SeekPredicates><SeekPredicateNew><SeekKeys><Prefix ScanType="EQ"><RangeColumns><ColumnReference Database="[PSYCHOLOGY_TEST_1]" Schema="[dbo]" Table="[T_TESTING_STEP_STATUS]" Column="T_TESTING_STEP_STATUS_ID"></ColumnReference></RangeColumns><RangeExpressions><ScalarOperator ScalarString="[PSYCHOLOGY_TEST_1].[dbo].[T_TESTING_STEP].[T_TESTING_STEP_STATUS_ID]"><Identifier><ColumnReference Database="[PSYCHOLOGY_TEST_1]" Schema="[dbo]" Table="[T_TESTING_STEP]" Column="T_TESTING_STEP_STATUS_ID"></ColumnReference></Identifier></ScalarOperator></RangeExpressions></Prefix></SeekKeys></SeekPredicateNew></SeekPredicates></IndexScan></RelOp></NestedLoops></RelOp><Predicate><ScalarOperator ScalarString="CASE WHEN [Expr1022] IS NULL THEN (0) ELSE NULL END"><IF><Condition><ScalarOperator><Logical Operation="IS NULL"><ScalarOperator><Identifier><ColumnReference Column="Expr1022"></ColumnReference></Identifier></ScalarOperator></Logical></ScalarOperator></Condition><Then><ScalarOperator><Const ConstValue="(0)"></Const></ScalarOperator></Then><Else><ScalarOperator><Const ConstValue="NULL"></Const></ScalarOperator></Else></IF></ScalarOperator></Predicate></Assert></RelOp><ParameterList><ColumnReference Column="@result_txt" ParameterDataType="nvarchar(1000)" ParameterCompiledValue="N&apos;a&apos;"></ColumnReference><ColumnReference Column="@t_testing_id" ParameterDataType="uniqueidentifier" ParameterCompiledValue="{guid&apos;E7FAB167-C47A-4865-A8AE-429FA778414C&apos;}"></ColumnReference></ParameterList></QueryPlan></StmtSimple><StmtSimple StatementText="&#xd;&#xa; &#xd;&#xa;/* what is th next test step?  */&#xd;&#xa; set @next_step_id = NULL &#xd;&#xa;&#xd;&#xa; " StatementId="25" StatementCompId="16" StatementType="ASSIGN" RetrievedFromCache="false"></StmtSimple><StmtSimple StatementText="exec  get_next_step_id &#xd;&#xa;  @current_step_id ,&#xd;&#xa;  @next_step_id OUTPUT" StatementId="26" StatementCompId="17" StatementType="EXECUTE PROC" RetrievedFromCache="false"><StoredProc ProcName="get_next_step_id"><Statements><StmtSimple StatementText="CREATE procedure get_next_step_id &#xd;&#xa;@current_step_id uniqueidentifier,&#xd;&#xa;@next_step_id uniqueidentifier OUTPUT&#xd;&#xa;&#xd;&#xa;as &#xd;&#xa;&#xd;&#xa;declare @t_test_id uniqueidentifier&#xd;&#xa;declare @step_order int&#xd;&#xa;declare @next_step_order int&#xd;&#xa;&#xd;&#xa;&#xd;&#xa;&#xd;&#xa;select @t_test_id = t_test_id, @step_order=step_order&#xd;&#xa;from t_test_step &#xd;&#xa;where t_test_step_id = @current_step_id" StatementId="27" StatementCompId="49" StatementType="SELECT" RetrievedFromCache="false" StatementSubTreeCost="0.0032831" StatementEstRows="1" SecurityPolicyApplied="false" StatementOptmLevel="TRIVIAL" QueryHash="0x54BE77C0607C07D8" QueryPlanHash="0xDF8BDEE1E834C377" CardinalityEstimationModelVersion="70"><StatementSetOptions QUOTED_IDENTIFIER="true" ARITHABORT="true" CONCAT_NULL_YIELDS_NULL="true" ANSI_NULLS="true" ANSI_PADDING="true" ANSI_WARNINGS="true" NUMERIC_ROUNDABORT="false"></StatementSetOptions><QueryPlan CachedPlanSize="16" CompileTime="3" CompileCPU="3" CompileMemory="192"><MemoryGrantInfo SerialRequiredMemory="0" SerialDesiredMemory="0" GrantedMemory="0" MaxUsedMemory="0"></MemoryGrantInfo><OptimizerHardwareDependentProperties EstimatedAvailableMemoryGrant="311472" EstimatedPagesCached="77868" EstimatedAvailableDegreeOfParallelism="2" MaxCompileMemory="8320"></OptimizerHardwareDependentProperties><RelOp NodeId="0" PhysicalOp="Clustered Index Seek" LogicalOp="Clustered Index Seek" EstimateRows="1" EstimatedRowsRead="1" EstimateIO="0.003125" EstimateCPU="0.0001581" AvgRowSize="27" EstimatedTotalSubtreeCost="0.0032831" TableCardinality="940" Parallel="0" EstimateRebinds="0" EstimateRewinds="0" EstimatedExecutionMode="Row"><OutputList><ColumnReference Database="[PSYCHOLOGY_TEST_1]" Schema="[dbo]" Table="[T_TEST_STEP]" Column="STEP_ORDER"></ColumnReference><ColumnReference Database="[PSYCHOLOGY_TEST_1]" Schema="[dbo]" Table="[T_TEST_STEP]" Column="T_TEST_ID"></ColumnReference></OutputList><IndexScan Ordered="1" ScanDirection="FORWARD" ForcedIndex="0" ForceSeek="0" ForceScan="0" NoExpandHint="0" Storage="RowStore"><DefinedValues><DefinedValue><ColumnReference Database="[PSYCHOLOGY_TEST_1]" Schema="[dbo]" Table="[T_TEST_STEP]" Column="STEP_ORDER"></ColumnReference></DefinedValue><DefinedValue><ColumnReference Database="[PSYCHOLOGY_TEST_1]" Schema="[dbo]" Table="[T_TEST_STEP]" Column="T_TEST_ID"></ColumnReference></DefinedValue></DefinedValues><Object Database="[PSYCHOLOGY_TEST_1]" Schema="[dbo]" Table="[T_TEST_STEP]" Index="[PK_T_TEST_STEP]" IndexKind="Clustered" Storage="RowStore"></Object><SeekPredicates><SeekPredicateNew><SeekKeys><Prefix ScanType="EQ"><RangeColumns><ColumnReference Database="[PSYCHOLOGY_TEST_1]" Schema="[dbo]" Table="[T_TEST_STEP]" Column="T_TEST_STEP_ID"></ColumnReference></RangeColumns><RangeExpressions><ScalarOperator ScalarString="[@current_step_id]"><Identifier><ColumnReference Column="@current_step_id"></ColumnReference></Identifier></ScalarOperator></RangeExpressions></Prefix></SeekKeys></SeekPredicateNew></SeekPredicates></IndexScan></RelOp></QueryPlan></StmtSimple><StmtSimple StatementText="&#xd;&#xa;&#xd;&#xa;&#xd;&#xa;select @next_step_order=min(step_order)&#xd;&#xa;from t_test_step&#xd;&#xa;where t_test_id=@t_test_id and step_order&gt;@step_order" StatementId="28" StatementCompId="50" StatementType="SELECT" RetrievedFromCache="false" StatementSubTreeCost="0.00334737" StatementEstRows="1" SecurityPolicyApplied="false" StatementOptmLevel="FULL" QueryHash="0x968373566945F896" QueryPlanHash="0xBF2C9D014AB2050D" StatementOptmEarlyAbortReason="GoodEnoughPlanFound" CardinalityEstimationModelVersion="70"><StatementSetOptions QUOTED_IDENTIFIER="true" ARITHABORT="true" CONCAT_NULL_YIELDS_NULL="true" ANSI_NULLS="true" ANSI_PADDING="true" ANSI_WARNINGS="true" NUMERIC_ROUNDABORT="false"></StatementSetOptions><QueryPlan CachedPlanSize="24" CompileTime="3" CompileCPU="2" CompileMemory="304"><MemoryGrantInfo SerialRequiredMemory="0" SerialDesiredMemory="0" GrantedMemory="0" MaxUsedMemory="0"></MemoryGrantInfo><OptimizerHardwareDependentProperties EstimatedAvailableMemoryGrant="311472" EstimatedPagesCached="77868" EstimatedAvailableDegreeOfParallelism="2" MaxCompileMemory="8320"></OptimizerHardwareDependentProperties><RelOp NodeId="0" PhysicalOp="Stream Aggregate" LogicalOp="Aggregate" EstimateRows="1" EstimateIO="0" EstimateCPU="1.1e-06" AvgRowSize="11" EstimatedTotalSubtreeCost="0.00334737" Parallel="0" EstimateRebinds="0" EstimateRewinds="0" EstimatedExecutionMode="Row"><OutputList><ColumnReference Column="Expr1002"></ColumnReference></OutputList><StreamAggregate><DefinedValues><DefinedValue><ColumnReference Column="Expr1002"></ColumnReference><ScalarOperator ScalarString="MIN([PSYCHOLOGY_TEST_1].[dbo].[T_TEST_STEP].[STEP_ORDER])"><Aggregate Distinct="0" AggType="MIN"><ScalarOperator><Identifier><ColumnReference Database="[PSYCHOLOGY_TEST_1]" Schema="[dbo]" Table="[T_TEST_STEP]" Column="STEP_ORDER"></ColumnReference></Identifier></ScalarOperator></Aggregate></ScalarOperator></DefinedValue></DefinedValues><RelOp NodeId="1" PhysicalOp="Top" LogicalOp="Top" EstimateRows="1" EstimateIO="0" EstimateCPU="1e-07" AvgRowSize="11" EstimatedTotalSubtreeCost="0.00334627" Parallel="0" EstimateRebinds="0" EstimateRewinds="0" EstimatedExecutionMode="Row"><OutputList><ColumnReference Database="[PSYCHOLOGY_TEST_1]" Schema="[dbo]" Table="[T_TEST_STEP]" Column="STEP_ORDER"></ColumnReference></OutputList><Top RowCount="0" IsPercent="0" WithTies="0"><TopExpression><ScalarOperator ScalarString="(1)"><Const ConstValue="(1)"></Const></ScalarOperator></TopExpression><RelOp NodeId="2" PhysicalOp="Index Seek" LogicalOp="Index Seek" EstimateRows="1" EstimateRowsWithoutRowGoal="27.825" EstimatedRowsRead="282" EstimateIO="0.00460648" EstimateCPU="0.0004672" AvgRowSize="27" EstimatedTotalSubtreeCost="0.00334131" TableCardinality="940" Parallel="0" EstimateRebinds="0" EstimateRewinds="0" EstimatedExecutionMode="Row"><OutputList><ColumnReference Database="[PSYCHOLOGY_TEST_1]" Schema="[dbo]" Table="[T_TEST_STEP]" Column="STEP_ORDER"></ColumnReference><ColumnReference Database="[PSYCHOLOGY_TEST_1]" Schema="[dbo]" Table="[T_TEST_STEP]" Column="T_TEST_ID"></ColumnReference></OutputList><IndexScan Ordered="1" ScanDirection="FORWARD" ForcedIndex="0" ForceSeek="0" ForceScan="0" NoExpandHint="0" Storage="RowStore"><DefinedValues><DefinedValue><ColumnReference Database="[PSYCHOLOGY_TEST_1]" Schema="[dbo]" Table="[T_TEST_STEP]" Column="STEP_ORDER"></ColumnReference></DefinedValue><DefinedValue><ColumnReference Database="[PSYCHOLOGY_TEST_1]" Schema="[dbo]" Table="[T_TEST_STEP]" Column="T_TEST_ID"></ColumnReference></DefinedValue></DefinedValues><Object Database="[PSYCHOLOGY_TEST_1]" Schema="[dbo]" Table="[T_TEST_STEP]" Index="[IX_T_TEST_STEP_1]" IndexKind="NonClustered" Storage="RowStore"></Object><SeekPredicates><SeekPredicateNew><SeekKeys><StartRange ScanType="GT"><RangeColumns><ColumnReference Database="[PSYCHOLOGY_TEST_1]" Schema="[dbo]" Table="[T_TEST_STEP]" Column="STEP_ORDER"></ColumnReference></RangeColumns><RangeExpressions><ScalarOperator ScalarString="[@step_order]"><Identifier><ColumnReference Column="@step_order"></ColumnReference></Identifier></ScalarOperator></RangeExpressions></StartRange></SeekKeys></SeekPredicateNew></SeekPredicates><Predicate><ScalarOperator ScalarString="[PSYCHOLOGY_TEST_1].[dbo].[T_TEST_STEP].[T_TEST_ID]=[@t_test_id]"><Compare CompareOp="EQ"><ScalarOperator><Identifier><ColumnReference Database="[PSYCHOLOGY_TEST_1]" Schema="[dbo]" Table="[T_TEST_STEP]" Column="T_TEST_ID"></ColumnReference></Identifier></ScalarOperator><ScalarOperator><Identifier><ColumnReference Column="@t_test_id"></ColumnReference></Identifier></ScalarOperator></Compare></ScalarOperator></Predicate></IndexScan></RelOp></Top></RelOp></StreamAggregate></RelOp></QueryPlan></StmtSimple><StmtCond StatementText="&#xd;&#xa;&#xd;&#xa;if (@next_step_order is not null) and (@next_step_order&gt;@step_order)" StatementId="29" StatementCompId="51" StatementType="COND" RetrievedFromCache="false"><Condition></Condition><Then><Statements><StmtSimple StatementText="&#xd;&#xa;begin&#xd;&#xa;  select @next_step_id=t_test_step_id&#xd;&#xa;  from t_test_step&#xd;&#xa;  where t_test_id=@t_test_id and step_order=@next_step_order" StatementId="30" StatementCompId="52" StatementType="SELECT" RetrievedFromCache="false" StatementSubTreeCost="0.0032831" StatementEstRows="1" SecurityPolicyApplied="false" StatementOptmLevel="TRIVIAL" QueryHash="0xB0188EF8F1F36495" QueryPlanHash="0xA4D1017AE79A8837" CardinalityEstimationModelVersion="70"><StatementSetOptions QUOTED_IDENTIFIER="true" ARITHABORT="true" CONCAT_NULL_YIELDS_NULL="true" ANSI_NULLS="true" ANSI_PADDING="true" ANSI_WARNINGS="true" NUMERIC_ROUNDABORT="false"></StatementSetOptions><QueryPlan CachedPlanSize="16" CompileTime="1" CompileCPU="1" CompileMemory="192"><MemoryGrantInfo SerialRequiredMemory="0" SerialDesiredMemory="0" GrantedMemory="0" MaxUsedMemory="0"></MemoryGrantInfo><OptimizerHardwareDependentProperties EstimatedAvailableMemoryGrant="311472" EstimatedPagesCached="77868" EstimatedAvailableDegreeOfParallelism="2" MaxCompileMemory="8320"></OptimizerHardwareDependentProperties><RelOp NodeId="0" PhysicalOp="Index Seek" LogicalOp="Index Seek" EstimateRows="1" EstimatedRowsRead="1" EstimateIO="0.003125" EstimateCPU="0.0001581" AvgRowSize="23" EstimatedTotalSubtreeCost="0.0032831" TableCardinality="940" Parallel="0" EstimateRebinds="0" EstimateRewinds="0" EstimatedExecutionMode="Row"><OutputList><ColumnReference Database="[PSYCHOLOGY_TEST_1]" Schema="[dbo]" Table="[T_TEST_STEP]" Column="T_TEST_STEP_ID"></ColumnReference></OutputList><IndexScan Ordered="1" ScanDirection="FORWARD" ForcedIndex="0" ForceSeek="0" ForceScan="0" NoExpandHint="0" Storage="RowStore"><DefinedValues><DefinedValue><ColumnReference Database="[PSYCHOLOGY_TEST_1]" Schema="[dbo]" Table="[T_TEST_STEP]" Column="T_TEST_STEP_ID"></ColumnReference></DefinedValue></DefinedValues><Object Database="[PSYCHOLOGY_TEST_1]" Schema="[dbo]" Table="[T_TEST_STEP]" Index="[IX_T_TEST_STEP_1]" IndexKind="NonClustered" Storage="RowStore"></Object><SeekPredicates><SeekPredicateNew><SeekKeys><Prefix ScanType="EQ"><RangeColumns><ColumnReference Database="[PSYCHOLOGY_TEST_1]" Schema="[dbo]" Table="[T_TEST_STEP]" Column="STEP_ORDER"></ColumnReference><ColumnReference Database="[PSYCHOLOGY_TEST_1]" Schema="[dbo]" Table="[T_TEST_STEP]" Column="T_TEST_ID"></ColumnReference></RangeColumns><RangeExpressions><ScalarOperator ScalarString="[@next_step_order]"><Identifier><ColumnReference Column="@next_step_order"></ColumnReference></Identifier></ScalarOperator><ScalarOperator ScalarString="[@t_test_id]"><Identifier><ColumnReference Column="@t_test_id"></ColumnReference></Identifier></ScalarOperator></RangeExpressions></Prefix></SeekKeys></SeekPredicateNew></SeekPredicates></IndexScan></RelOp></QueryPlan></StmtSimple></Statements></Then><Else><Statements><StmtSimple StatementText="&#xd;&#xa;&#xd;&#xa;end&#xd;&#xa;else &#xd;&#xa;set @next_step_id = null &#xd;&#xa;&#xd;&#xa;" StatementId="31" StatementCompId="55" StatementType="ASSIGN" RetrievedFromCache="false"></StmtSimple></Statements></Else></StmtCond></Statements></StoredProc></StmtSimple><StmtCond StatementText="&#xd;&#xa;&#xd;&#xa;/* if step exists  change current_step_id */&#xd;&#xa; if  @next_step_id is not null" StatementId="32" StatementCompId="18" StatementType="COND" RetrievedFromCache="false"><Condition></Condition><Then><Statements><StmtSimple StatementText=" &#xd;&#xa;   begin&#xd;&#xa;    update t_testing_test&#xd;&#xa;    set current_step_id=@next_step_id&#xd;&#xa;    &#xd;&#xa;    where t_testing_id = @t_testing_id&#xd;&#xa;    and t_test_id=@t_test_id" StatementId="33" StatementCompId="19" StatementType="UPDATE" RetrievedFromCache="false" StatementSubTreeCost="0.0157959" StatementEstRows="1" SecurityPolicyApplied="false" StatementOptmLevel="TRIVIAL" QueryHash="0x031BE9E0CEEDA9EB" QueryPlanHash="0x1ECC365DE96470BA" CardinalityEstimationModelVersion="70"><StatementSetOptions QUOTED_IDENTIFIER="true" ARITHABORT="true" CONCAT_NULL_YIELDS_NULL="true" ANSI_NULLS="true" ANSI_PADDING="true" ANSI_WARNINGS="true" NUMERIC_ROUNDABORT="false"></StatementSetOptions><QueryPlan CachedPlanSize="24" CompileTime="2" CompileCPU="2" CompileMemory="376"><MemoryGrantInfo SerialRequiredMemory="0" SerialDesiredMemory="0" GrantedMemory="0" MaxUsedMemory="0"></MemoryGrantInfo><OptimizerHardwareDependentProperties EstimatedAvailableMemoryGrant="311472" EstimatedPagesCached="77868" EstimatedAvailableDegreeOfParallelism="2" MaxCompileMemory="8320"></OptimizerHardwareDependentProperties><RelOp NodeId="0" PhysicalOp="Clustered Index Update" LogicalOp="Update" EstimateRows="1" EstimateIO="0.01" EstimateCPU="1e-06" AvgRowSize="9" EstimatedTotalSubtreeCost="0.0157959" Parallel="0" EstimateRebinds="0" EstimateRewinds="0" EstimatedExecutionMode="Row"><OutputList></OutputList><Update DMLRequestSort="0"><Object Database="[PSYCHOLOGY_TEST_1]" Schema="[dbo]" Table="[T_TESTING_TEST]" Index="[PK_T_TESTING_TEST]" IndexKind="Clustered" Storage="RowStore"></Object><SetPredicate><ScalarOperator ScalarString="[PSYCHOLOGY_TEST_1].[dbo].[T_TESTING_TEST].[CURRENT_STEP_ID] = [@next_step_id]"><ScalarExpressionList><ScalarOperator><MultipleAssign><Assign><ColumnReference Database="[PSYCHOLOGY_TEST_1]" Schema="[dbo]" Table="[T_TESTING_TEST]" Column="CURRENT_STEP_ID"></ColumnReference><ScalarOperator><Identifier><ColumnReference Column="@next_step_id"></ColumnReference></Identifier></ScalarOperator></Assign></MultipleAssign></ScalarOperator></ScalarExpressionList></ScalarOperator></SetPredicate><RelOp NodeId="1" PhysicalOp="Top" LogicalOp="Top" EstimateRows="1" EstimateIO="0" EstimateCPU="1e-07" AvgRowSize="23" EstimatedTotalSubtreeCost="0.00579488" Parallel="0" EstimateRebinds="0" EstimateRewinds="0" EstimatedExecutionMode="Row"><OutputList><ColumnReference Database="[PSYCHOLOGY_TEST_1]" Schema="[dbo]" Table="[T_TESTING_TEST]" Column="T_TESTING_TEST_ID"></ColumnReference></OutputList><Top RowCount="1" IsPercent="0" WithTies="0"><TopExpression><ScalarOperator ScalarString="(0)"><Const ConstValue="(0)"></Const></ScalarOperator></TopExpression><RelOp NodeId="2" PhysicalOp="Clustered Index Scan" LogicalOp="Clustered Index Scan" EstimateRows="1" EstimatedRowsRead="227" EstimateIO="0.00534722" EstimateCPU="0.0004067" AvgRowSize="55" EstimatedTotalSubtreeCost="0.00575392" TableCardinality="227" Parallel="0" EstimateRebinds="0" EstimateRewinds="0" EstimatedExecutionMode="Row"><OutputList><ColumnReference Database="[PSYCHOLOGY_TEST_1]" Schema="[dbo]" Table="[T_TESTING_TEST]" Column="T_TESTING_TEST_ID"></ColumnReference></OutputList><IndexScan Ordered="1" ForcedIndex="0" ForceScan="0" NoExpandHint="0" Storage="RowStore"><DefinedValues><DefinedValue><ColumnReference Database="[PSYCHOLOGY_TEST_1]" Schema="[dbo]" Table="[T_TESTING_TEST]" Column="T_TESTING_TEST_ID"></ColumnReference></DefinedValue></DefinedValues><Object Database="[PSYCHOLOGY_TEST_1]" Schema="[dbo]" Table="[T_TESTING_TEST]" Index="[PK_T_TESTING_TEST]" IndexKind="Clustered" Storage="RowStore"></Object><Predicate><ScalarOperator ScalarString="[PSYCHOLOGY_TEST_1].[dbo].[T_TESTING_TEST].[T_TESTING_ID]=[@t_testing_id] AND [PSYCHOLOGY_TEST_1].[dbo].[T_TESTING_TEST].[T_TEST_ID]=[@t_test_id]"><Logical Operation="AND"><ScalarOperator><Compare CompareOp="EQ"><ScalarOperator><Identifier><ColumnReference Database="[PSYCHOLOGY_TEST_1]" Schema="[dbo]" Table="[T_TESTING_TEST]" Column="T_TESTING_ID"></ColumnReference></Identifier></ScalarOperator><ScalarOperator><Identifier><ColumnReference Column="@t_testing_id"></ColumnReference></Identifier></ScalarOperator></Compare></ScalarOperator><ScalarOperator><Compare CompareOp="EQ"><ScalarOperator><Identifier><ColumnReference Database="[PSYCHOLOGY_TEST_1]" Schema="[dbo]" Table="[T_TESTING_TEST]" Column="T_TEST_ID"></ColumnReference></Identifier></ScalarOperator><ScalarOperator><Identifier><ColumnReference Column="@t_test_id"></ColumnReference></Identifier></ScalarOperator></Compare></ScalarOperator></Logical></ScalarOperator></Predicate></IndexScan></RelOp></Top></RelOp></Update></RelOp><ParameterList><ColumnReference Column="@t_testing_id" ParameterDataType="uniqueidentifier" ParameterCompiledValue="{guid&apos;E7FAB167-C47A-4865-A8AE-429FA778414C&apos;}"></ColumnReference></ParameterList></QueryPlan></StmtSimple><StmtSimple StatementText="&#xd;&#xa;&#xd;&#xa;    update  &#xd;&#xa;    t_testing_step &#xd;&#xa;    set &#xd;&#xa;    t_testing_step_status_id = 1,&#xd;&#xa;    view_date=getdate()&#xd;&#xa;    where t_test_step_id=@next_step_id&#xd;&#xa;    and t_testing_id = @t_testing_id" StatementId="34" StatementCompId="20" StatementType="UPDATE" RetrievedFromCache="false" StatementSubTreeCost="0.314975" StatementEstRows="1" SecurityPolicyApplied="false" StatementOptmLevel="FULL" QueryHash="0x70EDE11C751B2C43" QueryPlanHash="0x6D034E12592C5809" StatementOptmEarlyAbortReason="GoodEnoughPlanFound" CardinalityEstimationModelVersion="70"><StatementSetOptions QUOTED_IDENTIFIER="true" ARITHABORT="true" CONCAT_NULL_YIELDS_NULL="true" ANSI_NULLS="true" ANSI_PADDING="true" ANSI_WARNINGS="true" NUMERIC_ROUNDABORT="false"></StatementSetOptions><QueryPlan CachedPlanSize="32" CompileTime="5" CompileCPU="5" CompileMemory="696"><MemoryGrantInfo SerialRequiredMemory="0" SerialDesiredMemory="0" GrantedMemory="0" MaxUsedMemory="0"></MemoryGrantInfo><OptimizerHardwareDependentProperties EstimatedAvailableMemoryGrant="311472" EstimatedPagesCached="77868" EstimatedAvailableDegreeOfParallelism="2" MaxCompileMemory="8320"></OptimizerHardwareDependentProperties><RelOp NodeId="1" PhysicalOp="Assert" LogicalOp="Assert" EstimateRows="1" EstimateIO="0" EstimateCPU="4.8e-07" AvgRowSize="9" EstimatedTotalSubtreeCost="0.314975" Parallel="0" EstimateRebinds="0" EstimateRewinds="0" EstimatedExecutionMode="Row"><OutputList></OutputList><Assert StartupExpression="0"><RelOp NodeId="2" PhysicalOp="Nested Loops" LogicalOp="Left Semi Join" EstimateRows="1" EstimateIO="0" EstimateCPU="4.18e-06" AvgRowSize="9" EstimatedTotalSubtreeCost="0.314975" Parallel="0" EstimateRebinds="0" EstimateRewinds="0" EstimatedExecutionMode="Row"><OutputList><ColumnReference Column="Expr1018"></ColumnReference></OutputList><NestedLoops Optimized="0"><DefinedValues><DefinedValue><ColumnReference Column="Expr1018"></ColumnReference></DefinedValue></DefinedValues><OuterReferences><ColumnReference Database="[PSYCHOLOGY_TEST_1]" Schema="[dbo]" Table="[T_TESTING_STEP]" Column="T_TESTING_STEP_STATUS_ID"></ColumnReference></OuterReferences><ProbeColumn><ColumnReference Column="Expr1018"></ColumnReference></ProbeColumn><RelOp NodeId="3" PhysicalOp="Clustered Index Update" LogicalOp="Update" EstimateRows="1" EstimateIO="0.01" EstimateCPU="1e-06" AvgRowSize="11" EstimatedTotalSubtreeCost="0.311688" Parallel="0" EstimateRebinds="0" EstimateRewinds="0" EstimatedExecutionMode="Row"><OutputList><ColumnReference Database="[PSYCHOLOGY_TEST_1]" Schema="[dbo]" Table="[T_TESTING_STEP]" Column="T_TESTING_STEP_STATUS_ID"></ColumnReference></OutputList><Update DMLRequestSort="0"><Object Database="[PSYCHOLOGY_TEST_1]" Schema="[dbo]" Table="[T_TESTING_STEP]" Index="[PK_T_TESTING_STEP]" IndexKind="Clustered" Storage="RowStore"></Object><SetPredicate><ScalarOperator ScalarString="[PSYCHOLOGY_TEST_1].[dbo].[T_TESTING_STEP].[T_TESTING_STEP_STATUS_ID] = [Expr1002],[PSYCHOLOGY_TEST_1].[dbo].[T_TESTING_STEP].[VIEW_DATE] = [Expr1003]"><ScalarExpressionList><ScalarOperator><MultipleAssign><Assign><ColumnReference Database="[PSYCHOLOGY_TEST_1]" Schema="[dbo]" Table="[T_TESTING_STEP]" Column="T_TESTING_STEP_STATUS_ID"></ColumnReference><ScalarOperator><Identifier><ColumnReference Column="Expr1002"></ColumnReference></Identifier></ScalarOperator></Assign><Assign><ColumnReference Database="[PSYCHOLOGY_TEST_1]" Schema="[dbo]" Table="[T_TESTING_STEP]" Column="VIEW_DATE"></ColumnReference><ScalarOperator><Identifier><ColumnReference Column="Expr1003"></ColumnReference></Identifier></ScalarOperator></Assign></MultipleAssign></ScalarOperator></ScalarExpressionList></ScalarOperator></SetPredicate><RelOp NodeId="4" PhysicalOp="Compute Scalar" LogicalOp="Compute Scalar" EstimateRows="1" EstimateIO="0" EstimateCPU="1e-07" AvgRowSize="35" EstimatedTotalSubtreeCost="0.301687" Parallel="0" EstimateRebinds="0" EstimateRewinds="0" EstimatedExecutionMode="Row"><OutputList><ColumnReference Database="[PSYCHOLOGY_TEST_1]" Schema="[dbo]" Table="[T_TESTING_STEP]" Column="T_TESTING_STEP_ID"></ColumnReference><ColumnReference Column="Expr1002"></ColumnReference><ColumnReference Column="Expr1003"></ColumnReference></OutputList><ComputeScalar><DefinedValues><DefinedValue><ColumnReference Column="Expr1002"></ColumnReference><ScalarOperator ScalarString="(1)"><Const ConstValue="(1)"></Const></ScalarOperator></DefinedValue><DefinedValue><ColumnReference Column="Expr1003"></ColumnReference><ScalarOperator ScalarString="getdate()"><Identifier><ColumnReference Column="ConstExpr1010"><ScalarOperator><Intrinsic FunctionName="getdate"></Intrinsic></ScalarOperator></ColumnReference></Identifier></ScalarOperator></DefinedValue></DefinedValues><RelOp NodeId="5" PhysicalOp="Top" LogicalOp="Top" EstimateRows="1" EstimateIO="0" EstimateCPU="1e-07" AvgRowSize="23" EstimatedTotalSubtreeCost="0.301687" Parallel="0" EstimateRebinds="0" EstimateRewinds="0" EstimatedExecutionMode="Row"><OutputList><ColumnReference Database="[PSYCHOLOGY_TEST_1]" Schema="[dbo]" Table="[T_TESTING_STEP]" Column="T_TESTING_STEP_ID"></ColumnReference></OutputList><Top RowCount="1" IsPercent="0" WithTies="0"><TopExpression><ScalarOperator ScalarString="(0)"><Const ConstValue="(0)"></Const></ScalarOperator></TopExpression><RelOp NodeId="6" PhysicalOp="Clustered Index Scan" LogicalOp="Clustered Index Scan" EstimateRows="1" EstimatedRowsRead="22015" EstimateIO="0.25794" EstimateCPU="0.0243735" AvgRowSize="55" EstimatedTotalSubtreeCost="0.282313" TableCardinality="22015" Parallel="0" EstimateRebinds="0" EstimateRewinds="0" EstimatedExecutionMode="Row"><OutputList><ColumnReference Database="[PSYCHOLOGY_TEST_1]" Schema="[dbo]" Table="[T_TESTING_STEP]" Column="T_TESTING_STEP_ID"></ColumnReference></OutputList><IndexScan Ordered="1" ForcedIndex="0" ForceScan="0" NoExpandHint="0" Storage="RowStore"><DefinedValues><DefinedValue><ColumnReference Database="[PSYCHOLOGY_TEST_1]" Schema="[dbo]" Table="[T_TESTING_STEP]" Column="T_TESTING_STEP_ID"></ColumnReference></DefinedValue></DefinedValues><Object Database="[PSYCHOLOGY_TEST_1]" Schema="[dbo]" Table="[T_TESTING_STEP]" Index="[PK_T_TESTING_STEP]" IndexKind="Clustered" Storage="RowStore"></Object><Predicate><ScalarOperator ScalarString="[PSYCHOLOGY_TEST_1].[dbo].[T_TESTING_STEP].[T_TEST_STEP_ID]=[@next_step_id] AND [PSYCHOLOGY_TEST_1].[dbo].[T_TESTING_STEP].[T_TESTING_ID]=[@t_testing_id]"><Logical Operation="AND"><ScalarOperator><Compare CompareOp="EQ"><ScalarOperator><Identifier><ColumnReference Database="[PSYCHOLOGY_TEST_1]" Schema="[dbo]" Table="[T_TESTING_STEP]" Column="T_TEST_STEP_ID"></ColumnReference></Identifier></ScalarOperator><ScalarOperator><Identifier><ColumnReference Column="@next_step_id"></ColumnReference></Identifier></ScalarOperator></Compare></ScalarOperator><ScalarOperator><Compare CompareOp="EQ"><ScalarOperator><Identifier><ColumnReference Database="[PSYCHOLOGY_TEST_1]" Schema="[dbo]" Table="[T_TESTING_STEP]" Column="T_TESTING_ID"></ColumnReference></Identifier></ScalarOperator><ScalarOperator><Identifier><ColumnReference Column="@t_testing_id"></ColumnReference></Identifier></ScalarOperator></Compare></ScalarOperator></Logical></ScalarOperator></Predicate></IndexScan></RelOp></Top></RelOp></ComputeScalar></RelOp></Update></RelOp><RelOp NodeId="7" PhysicalOp="Clustered Index Seek" LogicalOp="Clustered Index Seek" EstimateRows="1" EstimatedRowsRead="1" EstimateIO="0.003125" EstimateCPU="0.0001581" AvgRowSize="9" EstimatedTotalSubtreeCost="0.0032831" TableCardinality="4" Parallel="0" EstimateRebinds="0" EstimateRewinds="0" EstimatedExecutionMode="Row"><OutputList></OutputList><IndexScan Ordered="1" ScanDirection="FORWARD" ForcedIndex="1" ForceSeek="0" ForceScan="0" NoExpandHint="0" Storage="RowStore"><DefinedValues></DefinedValues><Object Database="[PSYCHOLOGY_TEST_1]" Schema="[dbo]" Table="[T_TESTING_STEP_STATUS]" Index="[PK_T_TESTING_STEP_STATUS]" IndexKind="Clustered" Storage="RowStore"></Object><SeekPredicates><SeekPredicateNew><SeekKeys><Prefix ScanType="EQ"><RangeColumns><ColumnReference Database="[PSYCHOLOGY_TEST_1]" Schema="[dbo]" Table="[T_TESTING_STEP_STATUS]" Column="T_TESTING_STEP_STATUS_ID"></ColumnReference></RangeColumns><RangeExpressions><ScalarOperator ScalarString="[PSYCHOLOGY_TEST_1].[dbo].[T_TESTING_STEP].[T_TESTING_STEP_STATUS_ID]"><Identifier><ColumnReference Database="[PSYCHOLOGY_TEST_1]" Schema="[dbo]" Table="[T_TESTING_STEP]" Column="T_TESTING_STEP_STATUS_ID"></ColumnReference></Identifier></ScalarOperator></RangeExpressions></Prefix></SeekKeys></SeekPredicateNew></SeekPredicates></IndexScan></RelOp></NestedLoops></RelOp><Predicate><ScalarOperator ScalarString="CASE WHEN [Expr1018] IS NULL THEN (0) ELSE NULL END"><IF><Condition><ScalarOperator><Logical Operation="IS NULL"><ScalarOperator><Identifier><ColumnReference Column="Expr1018"></ColumnReference></Identifier></ScalarOperator></Logical></ScalarOperator></Condition><Then><ScalarOperator><Const ConstValue="(0)"></Const></ScalarOperator></Then><Else><ScalarOperator><Const ConstValue="NULL"></Const></ScalarOperator></Else></IF></ScalarOperator></Predicate></Assert></RelOp><ParameterList><ColumnReference Column="@t_testing_id" ParameterDataType="uniqueidentifier" ParameterCompiledValue="{guid&apos;E7FAB167-C47A-4865-A8AE-429FA778414C&apos;}"></ColumnReference></ParameterList></QueryPlan></StmtSimple></Statements></Then><Else><Statements><StmtSimple StatementText="&#xd;&#xa;  end&#xd;&#xa;&#xd;&#xa;    &#xd;&#xa; else&#xd;&#xa;/* if step does not exists  exec procedure to finish current test and &#xd;&#xa;possibly all testing */&#xd;&#xa;  &#xd;&#xa; exec stat_change_testing  &#xd;&#xa;    @t_testing_id ,&#xd;&#xa;    @t_test_id" StatementId="35" StatementCompId="23" StatementType="EXECUTE PROC" RetrievedFromCache="false"><StoredProc ProcName="stat_change_testing"><Statements><StmtSimple StatementText="&#xd;&#xa;CREATE procedure [dbo].[stat_change_testing]  &#xd;&#xa;@t_testing_id uniqueidentifier,&#xd;&#xa;@curent_test_id uniqueidentifier&#xd;&#xa;as &#xd;&#xa;&#xd;&#xa;declare @next_test_id uniqueidentifier&#xd;&#xa;&#xd;&#xa;update t_testing_test&#xd;&#xa;set t_testing_test_status_id = 3  &#xd;&#xa;where t_testing_id = @t_testing_id&#xd;&#xa;and t_test_id=@curent_test_id&#xd;&#xa;and current_step_id=NULL" StatementId="36" StatementCompId="58" StatementType="UPDATE" RetrievedFromCache="false" StatementSubTreeCost="0.0132904" StatementEstRows="1" SecurityPolicyApplied="false" StatementOptmLevel="FULL" QueryHash="0x8019BA06BDDD5431" QueryPlanHash="0x0EBA34FF3252AA9C" StatementOptmEarlyAbortReason="GoodEnoughPlanFound" CardinalityEstimationModelVersion="70"><StatementSetOptions QUOTED_IDENTIFIER="true" ARITHABORT="true" CONCAT_NULL_YIELDS_NULL="true" ANSI_NULLS="true" ANSI_PADDING="true" ANSI_WARNINGS="true" NUMERIC_ROUNDABORT="false"></StatementSetOptions><QueryPlan CachedPlanSize="24" CompileTime="4" CompileCPU="4" CompileMemory="392"><MemoryGrantInfo SerialRequiredMemory="0" SerialDesiredMemory="0" GrantedMemory="0" MaxUsedMemory="0"></MemoryGrantInfo><OptimizerHardwareDependentProperties EstimatedAvailableMemoryGrant="311472" EstimatedPagesCached="77868" EstimatedAvailableDegreeOfParallelism="2" MaxCompileMemory="8320"></OptimizerHardwareDependentProperties><RelOp NodeId="1" PhysicalOp="Assert" LogicalOp="Assert" EstimateRows="1" EstimateIO="0" EstimateCPU="7.8e-07" AvgRowSize="9" EstimatedTotalSubtreeCost="0.0132904" Parallel="0" EstimateRebinds="0" EstimateRewinds="0" EstimatedExecutionMode="Row"><OutputList></OutputList><Assert StartupExpression="0"><RelOp NodeId="2" PhysicalOp="Nested Loops" LogicalOp="Left Semi Join" EstimateRows="1" EstimateIO="0" EstimateCPU="4.18e-06" AvgRowSize="9" EstimatedTotalSubtreeCost="0.0132896" Parallel="0" EstimateRebinds="0" EstimateRewinds="0" EstimatedExecutionMode="Row"><OutputList><ColumnReference Column="Expr1010"></ColumnReference><ColumnReference Column="Pass1011"></ColumnReference></OutputList><NestedLoops Optimized="0"><DefinedValues><DefinedValue><ColumnReference Column="Expr1010"></ColumnReference></DefinedValue><DefinedValue><ColumnReference Column="Pass1011"></ColumnReference></DefinedValue></DefinedValues><PassThru><ScalarOperator ScalarString="[PSYCHOLOGY_TEST_1].[dbo].[T_TESTING_TEST].[T_TESTING_TEST_STATUS_ID] IS NULL"><Logical Operation="IS NULL"><ScalarOperator><Identifier><ColumnReference Database="[PSYCHOLOGY_TEST_1]" Schema="[dbo]" Table="[T_TESTING_TEST]" Column="T_TESTING_TEST_STATUS_ID"></ColumnReference></Identifier></ScalarOperator></Logical></ScalarOperator></PassThru><OuterReferences><ColumnReference Database="[PSYCHOLOGY_TEST_1]" Schema="[dbo]" Table="[T_TESTING_TEST]" Column="T_TESTING_TEST_STATUS_ID"></ColumnReference></OuterReferences><ProbeColumn><ColumnReference Column="Expr1010"></ColumnReference></ProbeColumn><RelOp NodeId="3" PhysicalOp="Clustered Index Update" LogicalOp="Update" EstimateRows="1" EstimateIO="0.01" EstimateCPU="1e-06" AvgRowSize="11" EstimatedTotalSubtreeCost="0.0100022" Parallel="0" EstimateRebinds="0" EstimateRewinds="0" EstimatedExecutionMode="Row"><OutputList><ColumnReference Database="[PSYCHOLOGY_TEST_1]" Schema="[dbo]" Table="[T_TESTING_TEST]" Column="T_TESTING_TEST_STATUS_ID"></ColumnReference></OutputList><Update DMLRequestSort="0"><Object Database="[PSYCHOLOGY_TEST_1]" Schema="[dbo]" Table="[T_TESTING_TEST]" Index="[PK_T_TESTING_TEST]" IndexKind="Clustered" Storage="RowStore"></Object><SetPredicate><ScalarOperator ScalarString="[PSYCHOLOGY_TEST_1].[dbo].[T_TESTING_TEST].[T_TESTING_TEST_STATUS_ID] = RaiseIfNullUpdate([Expr1002])"><ScalarExpressionList><ScalarOperator><MultipleAssign><Assign><ColumnReference Database="[PSYCHOLOGY_TEST_1]" Schema="[dbo]" Table="[T_TESTING_TEST]" Column="T_TESTING_TEST_STATUS_ID"></ColumnReference><ScalarOperator><Intrinsic FunctionName="RaiseIfNullUpdate"><ScalarOperator><Identifier><ColumnReference Column="Expr1002"></ColumnReference></Identifier></ScalarOperator></Intrinsic></ScalarOperator></Assign></MultipleAssign></ScalarOperator></ScalarExpressionList></ScalarOperator></SetPredicate><RelOp NodeId="4" PhysicalOp="Constant Scan" LogicalOp="Constant Scan" EstimateRows="1" EstimateIO="0" EstimateCPU="1.157e-06" AvgRowSize="27" EstimatedTotalSubtreeCost="1.157e-06" Parallel="0" EstimateRebinds="0" EstimateRewinds="0" EstimatedExecutionMode="Row"><OutputList><ColumnReference Database="[PSYCHOLOGY_TEST_1]" Schema="[dbo]" Table="[T_TESTING_TEST]" Column="T_TESTING_TEST_ID"></ColumnReference><ColumnReference Column="Expr1002"></ColumnReference></OutputList><ConstantScan></ConstantScan></RelOp></Update></RelOp><RelOp NodeId="5" PhysicalOp="Clustered Index Seek" LogicalOp="Clustered Index Seek" EstimateRows="1" EstimatedRowsRead="1" EstimateIO="0.003125" EstimateCPU="0.0001581" AvgRowSize="9" EstimatedTotalSubtreeCost="0.0032831" TableCardinality="5" Parallel="0" EstimateRebinds="0" EstimateRewinds="0" EstimatedExecutionMode="Row"><OutputList></OutputList><IndexScan Ordered="1" ScanDirection="FORWARD" ForcedIndex="1" ForceSeek="0" ForceScan="0" NoExpandHint="0" Storage="RowStore"><DefinedValues></DefinedValues><Object Database="[PSYCHOLOGY_TEST_1]" Schema="[dbo]" Table="[T_TESTING_TEST_STATUS]" Index="[PK_T_TESTING_TEST_STATUS]" IndexKind="Clustered" Storage="RowStore"></Object><SeekPredicates><SeekPredicateNew><SeekKeys><Prefix ScanType="EQ"><RangeColumns><ColumnReference Database="[PSYCHOLOGY_TEST_1]" Schema="[dbo]" Table="[T_TESTING_TEST_STATUS]" Column="T_TESTING_TEST_STATUS_ID"></ColumnReference></RangeColumns><RangeExpressions><ScalarOperator ScalarString="[PSYCHOLOGY_TEST_1].[dbo].[T_TESTING_TEST].[T_TESTING_TEST_STATUS_ID]"><Identifier><ColumnReference Database="[PSYCHOLOGY_TEST_1]" Schema="[dbo]" Table="[T_TESTING_TEST]" Column="T_TESTING_TEST_STATUS_ID"></ColumnReference></Identifier></ScalarOperator></RangeExpressions></Prefix></SeekKeys></SeekPredicateNew></SeekPredicates></IndexScan></RelOp></NestedLoops></RelOp><Predicate><ScalarOperator ScalarString="CASE WHEN NOT [Pass1011] AND [Expr1010] IS NULL THEN (0) ELSE NULL END"><IF><Condition><ScalarOperator><Logical Operation="AND"><ScalarOperator><Logical Operation="NOT"><ScalarOperator><Identifier><ColumnReference Column="Pass1011"></ColumnReference></Identifier></ScalarOperator></Logical></ScalarOperator><ScalarOperator><Logical Operation="IS NULL"><ScalarOperator><Identifier><ColumnReference Column="Expr1010"></ColumnReference></Identifier></ScalarOperator></Logical></ScalarOperator></Logical></ScalarOperator></Condition><Then><ScalarOperator><Const ConstValue="(0)"></Const></ScalarOperator></Then><Else><ScalarOperator><Const ConstValue="NULL"></Const></ScalarOperator></Else></IF></ScalarOperator></Predicate></Assert></RelOp></QueryPlan></StmtSimple><StmtSimple StatementText="&#xd;&#xa;&#xd;&#xa;&#xd;&#xa;select @next_test_id=t_test_id&#xd;&#xa;  &#xd;&#xa;  from   t_test&#xd;&#xa;  where order_num =&#xd;&#xa;  (&#xd;&#xa;  select min(order_num) &#xd;&#xa;  from t_testing_test tt inner join t_test te&#xd;&#xa;    on tt.t_test_id= te.t_test_id&#xd;&#xa;    where tt.t_testing_test_status_id = 4&#xd;&#xa;    and tt.t_testing_id = @t_testing_id&#xd;&#xa;  )" StatementId="37" StatementCompId="59" StatementType="SELECT" RetrievedFromCache="false" StatementSubTreeCost="0.0125293" StatementEstRows="1" SecurityPolicyApplied="false" StatementOptmLevel="FULL" QueryHash="0xDF72C2183D3ED373" QueryPlanHash="0xDAB2A2078596DF2B" StatementOptmEarlyAbortReason="GoodEnoughPlanFound" CardinalityEstimationModelVersion="70"><StatementSetOptions QUOTED_IDENTIFIER="true" ARITHABORT="true" CONCAT_NULL_YIELDS_NULL="true" ANSI_NULLS="true" ANSI_PADDING="true" ANSI_WARNINGS="true" NUMERIC_ROUNDABORT="false"></StatementSetOptions><QueryPlan CachedPlanSize="32" CompileTime="7" CompileCPU="6" CompileMemory="408"><MemoryGrantInfo SerialRequiredMemory="0" SerialDesiredMemory="0" GrantedMemory="0" MaxUsedMemory="0"></MemoryGrantInfo><OptimizerHardwareDependentProperties EstimatedAvailableMemoryGrant="311472" EstimatedPagesCached="77868" EstimatedAvailableDegreeOfParallelism="2" MaxCompileMemory="8320"></OptimizerHardwareDependentProperties><RelOp NodeId="0" PhysicalOp="Nested Loops" LogicalOp="Inner Join" EstimateRows="1" EstimateIO="0" EstimateCPU="4.18e-06" AvgRowSize="23" EstimatedTotalSubtreeCost="0.0125293" Parallel="0" EstimateRebinds="0" EstimateRewinds="0" EstimatedExecutionMode="Row"><OutputList><ColumnReference Database="[PSYCHOLOGY_TEST_1]" Schema="[dbo]" Table="[T_TEST]" Column="T_TEST_ID"></ColumnReference></OutputList><NestedLoops Optimized="0"><OuterReferences><ColumnReference Column="Expr1004"></ColumnReference></OuterReferences><RelOp NodeId="1" PhysicalOp="Stream Aggregate" LogicalOp="Aggregate" EstimateRows="1" EstimateIO="0" EstimateCPU="1.1e-06" AvgRowSize="11" EstimatedTotalSubtreeCost="0.00924206" Parallel="0" EstimateRebinds="0" EstimateRewinds="0" EstimatedExecutionMode="Row"><OutputList><ColumnReference Column="Expr1004"></ColumnReference></OutputList><StreamAggregate><DefinedValues><DefinedValue><ColumnReference Column="Expr1004"></ColumnReference><ScalarOperator ScalarString="MIN([PSYCHOLOGY_TEST_1].[dbo].[T_TEST].[ORDER_NUM] as [te].[ORDER_NUM])"><Aggregate Distinct="0" AggType="MIN"><ScalarOperator><Identifier><ColumnReference Database="[PSYCHOLOGY_TEST_1]" Schema="[dbo]" Table="[T_TEST]" Alias="[te]" Column="ORDER_NUM"></ColumnReference></Identifier></ScalarOperator></Aggregate></ScalarOperator></DefinedValue></DefinedValues><RelOp NodeId="2" PhysicalOp="Nested Loops" LogicalOp="Inner Join" EstimateRows="1" EstimateIO="0" EstimateCPU="4.18e-06" AvgRowSize="11" EstimatedTotalSubtreeCost="0.00924096" Parallel="0" EstimateRebinds="0" EstimateRewinds="0" EstimatedExecutionMode="Row"><OutputList><ColumnReference Database="[PSYCHOLOGY_TEST_1]" Schema="[dbo]" Table="[T_TEST]" Alias="[te]" Column="ORDER_NUM"></ColumnReference></OutputList><NestedLoops Optimized="0"><OuterReferences><ColumnReference Database="[PSYCHOLOGY_TEST_1]" Schema="[dbo]" Table="[T_TESTING_TEST]" Alias="[tt]" Column="T_TEST_ID"></ColumnReference></OuterReferences><RelOp NodeId="3" PhysicalOp="Clustered Index Scan" LogicalOp="Clustered Index Scan" EstimateRows="1" EstimatedRowsRead="227" EstimateIO="0.00534722" EstimateCPU="0.0004067" AvgRowSize="43" EstimatedTotalSubtreeCost="0.00575392" TableCardinality="227" Parallel="0" EstimateRebinds="0" EstimateRewinds="0" EstimatedExecutionMode="Row"><OutputList><ColumnReference Database="[PSYCHOLOGY_TEST_1]" Schema="[dbo]" Table="[T_TESTING_TEST]" Alias="[tt]" Column="T_TEST_ID"></ColumnReference></OutputList><IndexScan Ordered="0" ForcedIndex="0" ForceScan="0" NoExpandHint="0" Storage="RowStore"><DefinedValues><DefinedValue><ColumnReference Database="[PSYCHOLOGY_TEST_1]" Schema="[dbo]" Table="[T_TESTING_TEST]" Alias="[tt]" Column="T_TEST_ID"></ColumnReference></DefinedValue></DefinedValues><Object Database="[PSYCHOLOGY_TEST_1]" Schema="[dbo]" Table="[T_TESTING_TEST]" Index="[PK_T_TESTING_TEST]" Alias="[tt]" IndexKind="Clustered" Storage="RowStore"></Object><Predicate><ScalarOperator ScalarString="[PSYCHOLOGY_TEST_1].[dbo].[T_TESTING_TEST].[T_TESTING_ID] as [tt].[T_TESTING_ID]=[@t_testing_id] AND [PSYCHOLOGY_TEST_1].[dbo].[T_TESTING_TEST].[T_TESTING_TEST_STATUS_ID] as [tt].[T_TESTING_TEST_STATUS_ID]=(4)"><Logical Operation="AND"><ScalarOperator><Compare CompareOp="EQ"><ScalarOperator><Identifier><ColumnReference Database="[PSYCHOLOGY_TEST_1]" Schema="[dbo]" Table="[T_TESTING_TEST]" Alias="[tt]" Column="T_TESTING_ID"></ColumnReference></Identifier></ScalarOperator><ScalarOperator><Identifier><ColumnReference Column="@t_testing_id"></ColumnReference></Identifier></ScalarOperator></Compare></ScalarOperator><ScalarOperator><Compare CompareOp="EQ"><ScalarOperator><Identifier><ColumnReference Database="[PSYCHOLOGY_TEST_1]" Schema="[dbo]" Table="[T_TESTING_TEST]" Alias="[tt]" Column="T_TESTING_TEST_STATUS_ID"></ColumnReference></Identifier></ScalarOperator><ScalarOperator><Const ConstValue="(4)"></Const></ScalarOperator></Compare></ScalarOperator></Logical></ScalarOperator></Predicate></IndexScan></RelOp><RelOp NodeId="4" PhysicalOp="Clustered Index Seek" LogicalOp="Clustered Index Seek" EstimateRows="1" EstimatedRowsRead="1" EstimateIO="0.003125" EstimateCPU="0.0001581" AvgRowSize="11" EstimatedTotalSubtreeCost="0.0032831" TableCardinality="19" Parallel="0" EstimateRebinds="0" EstimateRewinds="0" EstimatedExecutionMode="Row"><OutputList><ColumnReference Database="[PSYCHOLOGY_TEST_1]" Schema="[dbo]" Table="[T_TEST]" Alias="[te]" Column="ORDER_NUM"></ColumnReference></OutputList><IndexScan Ordered="1" ScanDirection="FORWARD" ForcedIndex="0" ForceSeek="0" ForceScan="0" NoExpandHint="0" Storage="RowStore"><DefinedValues><DefinedValue><ColumnReference Database="[PSYCHOLOGY_TEST_1]" Schema="[dbo]" Table="[T_TEST]" Alias="[te]" Column="ORDER_NUM"></ColumnReference></DefinedValue></DefinedValues><Object Database="[PSYCHOLOGY_TEST_1]" Schema="[dbo]" Table="[T_TEST]" Index="[PK_T_TEST_1]" Alias="[te]" IndexKind="Clustered" Storage="RowStore"></Object><SeekPredicates><SeekPredicateNew><SeekKeys><Prefix ScanType="EQ"><RangeColumns><ColumnReference Database="[PSYCHOLOGY_TEST_1]" Schema="[dbo]" Table="[T_TEST]" Alias="[te]" Column="T_TEST_ID"></ColumnReference></RangeColumns><RangeExpressions><ScalarOperator ScalarString="[PSYCHOLOGY_TEST_1].[dbo].[T_TESTING_TEST].[T_TEST_ID] as [tt].[T_TEST_ID]"><Identifier><ColumnReference Database="[PSYCHOLOGY_TEST_1]" Schema="[dbo]" Table="[T_TESTING_TEST]" Alias="[tt]" Column="T_TEST_ID"></ColumnReference></Identifier></ScalarOperator></RangeExpressions></Prefix></SeekKeys></SeekPredicateNew></SeekPredicates></IndexScan></RelOp></NestedLoops></RelOp></StreamAggregate></RelOp><RelOp NodeId="5" PhysicalOp="Index Seek" LogicalOp="Index Seek" EstimateRows="1" EstimatedRowsRead="1" EstimateIO="0.003125" EstimateCPU="0.0001581" AvgRowSize="23" EstimatedTotalSubtreeCost="0.0032831" TableCardinality="19" Parallel="0" EstimateRebinds="0" EstimateRewinds="0" EstimatedExecutionMode="Row"><OutputList><ColumnReference Database="[PSYCHOLOGY_TEST_1]" Schema="[dbo]" Table="[T_TEST]" Column="T_TEST_ID"></ColumnReference></OutputList><IndexScan Ordered="1" ScanDirection="FORWARD" ForcedIndex="0" ForceSeek="0" ForceScan="0" NoExpandHint="0" Storage="RowStore"><DefinedValues><DefinedValue><ColumnReference Database="[PSYCHOLOGY_TEST_1]" Schema="[dbo]" Table="[T_TEST]" Column="T_TEST_ID"></ColumnReference></DefinedValue></DefinedValues><Object Database="[PSYCHOLOGY_TEST_1]" Schema="[dbo]" Table="[T_TEST]" Index="[IX_T_TEST_1]" IndexKind="NonClustered" Storage="RowStore"></Object><SeekPredicates><SeekPredicateNew><SeekKeys><Prefix ScanType="EQ"><RangeColumns><ColumnReference Database="[PSYCHOLOGY_TEST_1]" Schema="[dbo]" Table="[T_TEST]" Column="ORDER_NUM"></ColumnReference></RangeColumns><RangeExpressions><ScalarOperator ScalarString="[Expr1004]"><Identifier><ColumnReference Column="Expr1004"></ColumnReference></Identifier></ScalarOperator></RangeExpressions></Prefix></SeekKeys></SeekPredicateNew></SeekPredicates></IndexScan></RelOp></NestedLoops></RelOp></QueryPlan></StmtSimple><StmtSimple StatementText="&#xd;&#xa;&#xd;&#xa;/* updating test status */&#xd;&#xa;update t_testing_test&#xd;&#xa;set t_testing_test_status_id = 3&#xd;&#xa;where &#xd;&#xa;t_test_id=@curent_test_id and &#xd;&#xa;t_testing_id = @t_testing_id" StatementId="38" StatementCompId="60" StatementType="UPDATE" RetrievedFromCache="false" StatementSubTreeCost="0.0192426" StatementEstRows="1" SecurityPolicyApplied="false" StatementOptmLevel="FULL" QueryHash="0xB250395E93DE732A" QueryPlanHash="0x9167065072ACA128" StatementOptmEarlyAbortReason="GoodEnoughPlanFound" CardinalityEstimationModelVersion="70"><StatementSetOptions QUOTED_IDENTIFIER="true" ARITHABORT="true" CONCAT_NULL_YIELDS_NULL="true" ANSI_NULLS="true" ANSI_PADDING="true" ANSI_WARNINGS="true" NUMERIC_ROUNDABORT="false"></StatementSetOptions><QueryPlan CachedPlanSize="32" CompileTime="5" CompileCPU="5" CompileMemory="472"><MemoryGrantInfo SerialRequiredMemory="0" SerialDesiredMemory="0" GrantedMemory="0" MaxUsedMemory="0"></MemoryGrantInfo><OptimizerHardwareDependentProperties EstimatedAvailableMemoryGrant="311472" EstimatedPagesCached="77868" EstimatedAvailableDegreeOfParallelism="2" MaxCompileMemory="8320"></OptimizerHardwareDependentProperties><RelOp NodeId="1" PhysicalOp="Assert" LogicalOp="Assert" EstimateRows="1" EstimateIO="0" EstimateCPU="4.8e-07" AvgRowSize="9" EstimatedTotalSubtreeCost="0.0192426" Parallel="0" EstimateRebinds="0" EstimateRewinds="0" EstimatedExecutionMode="Row"><OutputList></OutputList><Assert StartupExpression="0"><RelOp NodeId="2" PhysicalOp="Nested Loops" LogicalOp="Left Semi Join" EstimateRows="1" EstimateIO="0" EstimateCPU="4.18e-06" AvgRowSize="9" EstimatedTotalSubtreeCost="0.0192422" Parallel="0" EstimateRebinds="0" EstimateRewinds="0" EstimatedExecutionMode="Row"><OutputList><ColumnReference Column="Expr1012"></ColumnReference></OutputList><NestedLoops Optimized="0"><DefinedValues><DefinedValue><ColumnReference Column="Expr1012"></ColumnReference></DefinedValue></DefinedValues><OuterReferences><ColumnReference Database="[PSYCHOLOGY_TEST_1]" Schema="[dbo]" Table="[T_TESTING_TEST]" Column="T_TESTING_TEST_STATUS_ID"></ColumnReference></OuterReferences><ProbeColumn><ColumnReference Column="Expr1012"></ColumnReference></ProbeColumn><RelOp NodeId="3" PhysicalOp="Clustered Index Update" LogicalOp="Update" EstimateRows="1" EstimateIO="0.01" EstimateCPU="1e-06" AvgRowSize="11" EstimatedTotalSubtreeCost="0.0159549" Parallel="0" EstimateRebinds="0" EstimateRewinds="0" EstimatedExecutionMode="Row"><OutputList><ColumnReference Database="[PSYCHOLOGY_TEST_1]" Schema="[dbo]" Table="[T_TESTING_TEST]" Column="T_TESTING_TEST_STATUS_ID"></ColumnReference></OutputList><Update DMLRequestSort="0"><Object Database="[PSYCHOLOGY_TEST_1]" Schema="[dbo]" Table="[T_TESTING_TEST]" Index="[PK_T_TESTING_TEST]" IndexKind="Clustered" Storage="RowStore"></Object><SetPredicate><ScalarOperator ScalarString="[PSYCHOLOGY_TEST_1].[dbo].[T_TESTING_TEST].[T_TESTING_TEST_STATUS_ID] = [Expr1002]"><ScalarExpressionList><ScalarOperator><MultipleAssign><Assign><ColumnReference Database="[PSYCHOLOGY_TEST_1]" Schema="[dbo]" Table="[T_TESTING_TEST]" Column="T_TESTING_TEST_STATUS_ID"></ColumnReference><ScalarOperator><Identifier><ColumnReference Column="Expr1002"></ColumnReference></Identifier></ScalarOperator></Assign></MultipleAssign></ScalarOperator></ScalarExpressionList></ScalarOperator></SetPredicate><RelOp NodeId="4" PhysicalOp="Compute Scalar" LogicalOp="Compute Scalar" EstimateRows="1" EstimateIO="0" EstimateCPU="1e-07" AvgRowSize="27" EstimatedTotalSubtreeCost="0.00595388" Parallel="0" EstimateRebinds="0" EstimateRewinds="0" EstimatedExecutionMode="Row"><OutputList><ColumnReference Database="[PSYCHOLOGY_TEST_1]" Schema="[dbo]" Table="[T_TESTING_TEST]" Column="T_TESTING_TEST_ID"></ColumnReference><ColumnReference Column="Expr1002"></ColumnReference></OutputList><ComputeScalar><DefinedValues><DefinedValue><ColumnReference Column="Expr1002"></ColumnReference><ScalarOperator ScalarString="(3)"><Const ConstValue="(3)"></Const></ScalarOperator></DefinedValue></DefinedValues><RelOp NodeId="5" PhysicalOp="Top" LogicalOp="Top" EstimateRows="1" EstimateIO="0" EstimateCPU="1e-07" AvgRowSize="23" EstimatedTotalSubtreeCost="0.00595378" Parallel="0" EstimateRebinds="0" EstimateRewinds="0" EstimatedExecutionMode="Row"><OutputList><ColumnReference Database="[PSYCHOLOGY_TEST_1]" Schema="[dbo]" Table="[T_TESTING_TEST]" Column="T_TESTING_TEST_ID"></ColumnReference></OutputList><Top RowCount="1" IsPercent="0" WithTies="0"><TopExpression><ScalarOperator ScalarString="(0)"><Const ConstValue="(0)"></Const></ScalarOperator></TopExpression><RelOp NodeId="6" PhysicalOp="Clustered Index Scan" LogicalOp="Clustered Index Scan" EstimateRows="1" EstimatedRowsRead="227" EstimateIO="0.00534722" EstimateCPU="0.0004067" AvgRowSize="55" EstimatedTotalSubtreeCost="0.00575392" TableCardinality="227" Parallel="0" EstimateRebinds="0" EstimateRewinds="0" EstimatedExecutionMode="Row"><OutputList><ColumnReference Database="[PSYCHOLOGY_TEST_1]" Schema="[dbo]" Table="[T_TESTING_TEST]" Column="T_TESTING_TEST_ID"></ColumnReference></OutputList><IndexScan Ordered="1" ForcedIndex="0" ForceScan="0" NoExpandHint="0" Storage="RowStore"><DefinedValues><DefinedValue><ColumnReference Database="[PSYCHOLOGY_TEST_1]" Schema="[dbo]" Table="[T_TESTING_TEST]" Column="T_TESTING_TEST_ID"></ColumnReference></DefinedValue></DefinedValues><Object Database="[PSYCHOLOGY_TEST_1]" Schema="[dbo]" Table="[T_TESTING_TEST]" Index="[PK_T_TESTING_TEST]" IndexKind="Clustered" Storage="RowStore"></Object><Predicate><ScalarOperator ScalarString="[PSYCHOLOGY_TEST_1].[dbo].[T_TESTING_TEST].[T_TEST_ID]=[@curent_test_id] AND [PSYCHOLOGY_TEST_1].[dbo].[T_TESTING_TEST].[T_TESTING_ID]=[@t_testing_id]"><Logical Operation="AND"><ScalarOperator><Compare CompareOp="EQ"><ScalarOperator><Identifier><ColumnReference Database="[PSYCHOLOGY_TEST_1]" Schema="[dbo]" Table="[T_TESTING_TEST]" Column="T_TEST_ID"></ColumnReference></Identifier></ScalarOperator><ScalarOperator><Identifier><ColumnReference Column="@curent_test_id"></ColumnReference></Identifier></ScalarOperator></Compare></ScalarOperator><ScalarOperator><Compare CompareOp="EQ"><ScalarOperator><Identifier><ColumnReference Database="[PSYCHOLOGY_TEST_1]" Schema="[dbo]" Table="[T_TESTING_TEST]" Column="T_TESTING_ID"></ColumnReference></Identifier></ScalarOperator><ScalarOperator><Identifier><ColumnReference Column="@t_testing_id"></ColumnReference></Identifier></ScalarOperator></Compare></ScalarOperator></Logical></ScalarOperator></Predicate></IndexScan></RelOp></Top></RelOp></ComputeScalar></RelOp></Update></RelOp><RelOp NodeId="7" PhysicalOp="Clustered Index Seek" LogicalOp="Clustered Index Seek" EstimateRows="1" EstimatedRowsRead="1" EstimateIO="0.003125" EstimateCPU="0.0001581" AvgRowSize="9" EstimatedTotalSubtreeCost="0.0032831" TableCardinality="5" Parallel="0" EstimateRebinds="0" EstimateRewinds="0" EstimatedExecutionMode="Row"><OutputList></OutputList><IndexScan Ordered="1" ScanDirection="FORWARD" ForcedIndex="1" ForceSeek="0" ForceScan="0" NoExpandHint="0" Storage="RowStore"><DefinedValues></DefinedValues><Object Database="[PSYCHOLOGY_TEST_1]" Schema="[dbo]" Table="[T_TESTING_TEST_STATUS]" Index="[PK_T_TESTING_TEST_STATUS]" IndexKind="Clustered" Storage="RowStore"></Object><SeekPredicates><SeekPredicateNew><SeekKeys><Prefix ScanType="EQ"><RangeColumns><ColumnReference Database="[PSYCHOLOGY_TEST_1]" Schema="[dbo]" Table="[T_TESTING_TEST_STATUS]" Column="T_TESTING_TEST_STATUS_ID"></ColumnReference></RangeColumns><RangeExpressions><ScalarOperator ScalarString="[PSYCHOLOGY_TEST_1].[dbo].[T_TESTING_TEST].[T_TESTING_TEST_STATUS_ID]"><Identifier><ColumnReference Database="[PSYCHOLOGY_TEST_1]" Schema="[dbo]" Table="[T_TESTING_TEST]" Column="T_TESTING_TEST_STATUS_ID"></ColumnReference></Identifier></ScalarOperator></RangeExpressions></Prefix></SeekKeys></SeekPredicateNew></SeekPredicates></IndexScan></RelOp></NestedLoops></RelOp><Predicate><ScalarOperator ScalarString="CASE WHEN [Expr1012] IS NULL THEN (0) ELSE NULL END"><IF><Condition><ScalarOperator><Logical Operation="IS NULL"><ScalarOperator><Identifier><ColumnReference Column="Expr1012"></ColumnReference></Identifier></ScalarOperator></Logical></ScalarOperator></Condition><Then><ScalarOperator><Const ConstValue="(0)"></Const></ScalarOperator></Then><Else><ScalarOperator><Const ConstValue="NULL"></Const></ScalarOperator></Else></IF></ScalarOperator></Predicate></Assert></RelOp></QueryPlan></StmtSimple><StmtCond StatementText="&#xd;&#xa;&#xd;&#xa;/* updating testing status  */&#xd;&#xa;/* if still exists atleast 1 not finished test status INSTRUCT  */&#xd;&#xa;if @next_test_id is not null" StatementId="39" StatementCompId="61" StatementType="COND" RetrievedFromCache="false"><Condition></Condition><Then><Statements><StmtSimple StatementText="   &#xd;&#xa;  begin &#xd;&#xa;    update  t_testing &#xd;&#xa;    set t_testing_status_id = 5,&#xd;&#xa;    current_test_id = @next_test_id&#xd;&#xa;    where t_testing_id = @t_testing_id" StatementId="40" StatementCompId="62" StatementType="UPDATE" RetrievedFromCache="false" StatementSubTreeCost="0.0198589" StatementEstRows="1" SecurityPolicyApplied="false" StatementOptmLevel="TRIVIAL" QueryHash="0x0073A9ED8304A00D" QueryPlanHash="0x7F5AED4AF4B6ACF3" CardinalityEstimationModelVersion="70"><StatementSetOptions QUOTED_IDENTIFIER="true" ARITHABORT="true" CONCAT_NULL_YIELDS_NULL="true" ANSI_NULLS="true" ANSI_PADDING="true" ANSI_WARNINGS="true" NUMERIC_ROUNDABORT="false"></StatementSetOptions><QueryPlan CachedPlanSize="32" CompileTime="5" CompileCPU="5" CompileMemory="432"><MemoryGrantInfo SerialRequiredMemory="0" SerialDesiredMemory="0" GrantedMemory="0" MaxUsedMemory="0"></MemoryGrantInfo><OptimizerHardwareDependentProperties EstimatedAvailableMemoryGrant="311472" EstimatedPagesCached="77868" EstimatedAvailableDegreeOfParallelism="2" MaxCompileMemory="8320"></OptimizerHardwareDependentProperties><RelOp NodeId="1" PhysicalOp="Assert" LogicalOp="Assert" EstimateRows="1" EstimateIO="0" EstimateCPU="1.8e-07" AvgRowSize="9" EstimatedTotalSubtreeCost="0.0198589" Parallel="0" EstimateRebinds="0" EstimateRewinds="0" EstimatedExecutionMode="Row"><OutputList></OutputList><Assert StartupExpression="0"><RelOp NodeId="2" PhysicalOp="Nested Loops" LogicalOp="Left Semi Join" EstimateRows="1" EstimateIO="0" EstimateCPU="4.18e-06" AvgRowSize="9" EstimatedTotalSubtreeCost="0.0198588" Parallel="0" EstimateRebinds="0" EstimateRewinds="0" EstimatedExecutionMode="Row"><OutputList><ColumnReference Column="Expr1017"></ColumnReference><ColumnReference Column="Expr1018"></ColumnReference><ColumnReference Column="Pass1019"></ColumnReference></OutputList><NestedLoops Optimized="0"><DefinedValues><DefinedValue><ColumnReference Column="Expr1018"></ColumnReference></DefinedValue><DefinedValue><ColumnReference Column="Pass1019"></ColumnReference></DefinedValue></DefinedValues><PassThru><ScalarOperator ScalarString="[PSYCHOLOGY_TEST_1].[dbo].[T_TESTING].[CURRENT_TEST_ID] IS NULL"><Logical Operation="IS NULL"><ScalarOperator><Identifier><ColumnReference Database="[PSYCHOLOGY_TEST_1]" Schema="[dbo]" Table="[T_TESTING]" Column="CURRENT_TEST_ID"></ColumnReference></Identifier></ScalarOperator></Logical></ScalarOperator></PassThru><OuterReferences><ColumnReference Database="[PSYCHOLOGY_TEST_1]" Schema="[dbo]" Table="[T_TESTING]" Column="CURRENT_TEST_ID"></ColumnReference></OuterReferences><ProbeColumn><ColumnReference Column="Expr1018"></ColumnReference></ProbeColumn><RelOp NodeId="3" PhysicalOp="Nested Loops" LogicalOp="Left Semi Join" EstimateRows="1" EstimateIO="0" EstimateCPU="4.18e-06" AvgRowSize="24" EstimatedTotalSubtreeCost="0.0165715" Parallel="0" EstimateRebinds="0" EstimateRewinds="0" EstimatedExecutionMode="Row"><OutputList><ColumnReference Database="[PSYCHOLOGY_TEST_1]" Schema="[dbo]" Table="[T_TESTING]" Column="CURRENT_TEST_ID"></ColumnReference><ColumnReference Column="Expr1017"></ColumnReference></OutputList><NestedLoops Optimized="0"><DefinedValues><DefinedValue><ColumnReference Column="Expr1017"></ColumnReference></DefinedValue></DefinedValues><OuterReferences><ColumnReference Database="[PSYCHOLOGY_TEST_1]" Schema="[dbo]" Table="[T_TESTING]" Column="T_TESTING_STATUS_ID"></ColumnReference></OuterReferences><ProbeColumn><ColumnReference Column="Expr1017"></ColumnReference></ProbeColumn><RelOp NodeId="4" PhysicalOp="Clustered Index Update" LogicalOp="Update" EstimateRows="1" EstimateIO="0.01" EstimateCPU="1e-06" AvgRowSize="27" EstimatedTotalSubtreeCost="0.0132842" Parallel="0" EstimateRebinds="0" EstimateRewinds="0" EstimatedExecutionMode="Row"><OutputList><ColumnReference Database="[PSYCHOLOGY_TEST_1]" Schema="[dbo]" Table="[T_TESTING]" Column="T_TESTING_STATUS_ID"></ColumnReference><ColumnReference Database="[PSYCHOLOGY_TEST_1]" Schema="[dbo]" Table="[T_TESTING]" Column="CURRENT_TEST_ID"></ColumnReference></OutputList><SimpleUpdate DMLRequestSort="0"><DefinedValues><DefinedValue><ColumnReference Column="Expr1002"></ColumnReference><ScalarOperator ScalarString="(5)"><Const ConstValue="(5)"></Const></ScalarOperator></DefinedValue></DefinedValues><Object Database="[PSYCHOLOGY_TEST_1]" Schema="[dbo]" Table="[T_TESTING]" Index="[PK_T_TESTING]" IndexKind="Clustered" Storage="RowStore"></Object><SeekPredicateNew><SeekKeys><Prefix ScanType="EQ"><RangeColumns><ColumnReference Database="[PSYCHOLOGY_TEST_1]" Schema="[dbo]" Table="[T_TESTING]" Column="T_TESTING_ID"></ColumnReference></RangeColumns><RangeExpressions><ScalarOperator ScalarString="[@t_testing_id]"><Identifier><ColumnReference Column="@t_testing_id"></ColumnReference></Identifier></ScalarOperator></RangeExpressions></Prefix></SeekKeys></SeekPredicateNew><SetPredicate><ScalarOperator ScalarString="[PSYCHOLOGY_TEST_1].[dbo].[T_TESTING].[T_TESTING_STATUS_ID] = [Expr1002],[PSYCHOLOGY_TEST_1].[dbo].[T_TESTING].[CURRENT_TEST_ID] = [@next_test_id]"><ScalarExpressionList><ScalarOperator><MultipleAssign><Assign><ColumnReference Database="[PSYCHOLOGY_TEST_1]" Schema="[dbo]" Table="[T_TESTING]" Column="T_TESTING_STATUS_ID"></ColumnReference><ScalarOperator><Identifier><ColumnReference Column="Expr1002"></ColumnReference></Identifier></ScalarOperator></Assign><Assign><ColumnReference Database="[PSYCHOLOGY_TEST_1]" Schema="[dbo]" Table="[T_TESTING]" Column="CURRENT_TEST_ID"></ColumnReference><ScalarOperator><Identifier><ColumnReference Column="@next_test_id"></ColumnReference></Identifier></ScalarOperator></Assign></MultipleAssign></ScalarOperator></ScalarExpressionList></ScalarOperator></SetPredicate></SimpleUpdate></RelOp><RelOp NodeId="5" PhysicalOp="Clustered Index Seek" LogicalOp="Clustered Index Seek" EstimateRows="1" EstimatedRowsRead="1" EstimateIO="0.003125" EstimateCPU="0.0001581" AvgRowSize="9" EstimatedTotalSubtreeCost="0.0032831" TableCardinality="6" Parallel="0" EstimateRebinds="0" EstimateRewinds="0" EstimatedExecutionMode="Row"><OutputList></OutputList><IndexScan Ordered="1" ScanDirection="FORWARD" ForcedIndex="1" ForceSeek="0" ForceScan="0" NoExpandHint="0" Storage="RowStore"><DefinedValues></DefinedValues><Object Database="[PSYCHOLOGY_TEST_1]" Schema="[dbo]" Table="[T_TESTING_STATUS]" Index="[PK_T_TESTING_STATUS]" IndexKind="Clustered" Storage="RowStore"></Object><SeekPredicates><SeekPredicateNew><SeekKeys><Prefix ScanType="EQ"><RangeColumns><ColumnReference Database="[PSYCHOLOGY_TEST_1]" Schema="[dbo]" Table="[T_TESTING_STATUS]" Column="T_TESTING_STATUS_ID"></ColumnReference></RangeColumns><RangeExpressions><ScalarOperator ScalarString="[PSYCHOLOGY_TEST_1].[dbo].[T_TESTING].[T_TESTING_STATUS_ID]"><Identifier><ColumnReference Database="[PSYCHOLOGY_TEST_1]" Schema="[dbo]" Table="[T_TESTING]" Column="T_TESTING_STATUS_ID"></ColumnReference></Identifier></ScalarOperator></RangeExpressions></Prefix></SeekKeys></SeekPredicateNew></SeekPredicates></IndexScan></RelOp></NestedLoops></RelOp><RelOp NodeId="6" PhysicalOp="Clustered Index Seek" LogicalOp="Clustered Index Seek" EstimateRows="1" EstimatedRowsRead="1" EstimateIO="0.003125" EstimateCPU="0.0001581" AvgRowSize="9" EstimatedTotalSubtreeCost="0.0032831" TableCardinality="19" Parallel="0" EstimateRebinds="0" EstimateRewinds="0" EstimatedExecutionMode="Row"><OutputList></OutputList><IndexScan Ordered="1" ScanDirection="FORWARD" ForcedIndex="1" ForceSeek="0" ForceScan="0" NoExpandHint="0" Storage="RowStore"><DefinedValues></DefinedValues><Object Database="[PSYCHOLOGY_TEST_1]" Schema="[dbo]" Table="[T_TEST]" Index="[PK_T_TEST_1]" IndexKind="Clustered" Storage="RowStore"></Object><SeekPredicates><SeekPredicateNew><SeekKeys><Prefix ScanType="EQ"><RangeColumns><ColumnReference Database="[PSYCHOLOGY_TEST_1]" Schema="[dbo]" Table="[T_TEST]" Column="T_TEST_ID"></ColumnReference></RangeColumns><RangeExpressions><ScalarOperator ScalarString="[PSYCHOLOGY_TEST_1].[dbo].[T_TESTING].[CURRENT_TEST_ID]"><Identifier><ColumnReference Database="[PSYCHOLOGY_TEST_1]" Schema="[dbo]" Table="[T_TESTING]" Column="CURRENT_TEST_ID"></ColumnReference></Identifier></ScalarOperator></RangeExpressions></Prefix></SeekKeys></SeekPredicateNew></SeekPredicates></IndexScan></RelOp></NestedLoops></RelOp><Predicate><ScalarOperator ScalarString="CASE WHEN [Expr1017] IS NULL THEN (0) ELSE CASE WHEN NOT [Pass1019] AND [Expr1018] IS NULL THEN (1) ELSE NULL END END"><IF><Condition><ScalarOperator><Logical Operation="IS NULL"><ScalarOperator><Identifier><ColumnReference Column="Expr1017"></ColumnReference></Identifier></ScalarOperator></Logical></ScalarOperator></Condition><Then><ScalarOperator><Const ConstValue="(0)"></Const></ScalarOperator></Then><Else><ScalarOperator><IF><Condition><ScalarOperator><Logical Operation="AND"><ScalarOperator><Logical Operation="NOT"><ScalarOperator><Identifier><ColumnReference Column="Pass1019"></ColumnReference></Identifier></ScalarOperator></Logical></ScalarOperator><ScalarOperator><Logical Operation="IS NULL"><ScalarOperator><Identifier><ColumnReference Column="Expr1018"></ColumnReference></Identifier></ScalarOperator></Logical></ScalarOperator></Logical></ScalarOperator></Condition><Then><ScalarOperator><Const ConstValue="(1)"></Const></ScalarOperator></Then><Else><ScalarOperator><Const ConstValue="NULL"></Const></ScalarOperator></Else></IF></ScalarOperator></Else></IF></ScalarOperator></Predicate></Assert></RelOp></QueryPlan></StmtSimple></Statements></Then><Else><Statements><StmtSimple StatementText="&#xd;&#xa; &#xd;&#xa;  end &#xd;&#xa;/* if no tests to go status ENDED  */&#xd;&#xa;  else &#xd;&#xa;&#xd;&#xa;    update  t_testing &#xd;&#xa;    set t_testing_status_id = 3,&#xd;&#xa;    current_test_id = null&#xd;&#xa;    where t_testing_id = @t_testing_id" StatementId="41" StatementCompId="65" StatementType="UPDATE" RetrievedFromCache="false" StatementSubTreeCost="0.0165717" StatementEstRows="1" SecurityPolicyApplied="false" StatementOptmLevel="TRIVIAL" QueryHash="0x48FF945A4C05D724" QueryPlanHash="0x589AB707CE800E6A" CardinalityEstimationModelVersion="70"><StatementSetOptions QUOTED_IDENTIFIER="true" ARITHABORT="true" CONCAT_NULL_YIELDS_NULL="true" ANSI_NULLS="true" ANSI_PADDING="true" ANSI_WARNINGS="true" NUMERIC_ROUNDABORT="false"></StatementSetOptions><QueryPlan CachedPlanSize="24" CompileTime="3" CompileCPU="3" CompileMemory="408"><MemoryGrantInfo SerialRequiredMemory="0" SerialDesiredMemory="0" GrantedMemory="0" MaxUsedMemory="0"></MemoryGrantInfo><OptimizerHardwareDependentProperties EstimatedAvailableMemoryGrant="311472" EstimatedPagesCached="77868" EstimatedAvailableDegreeOfParallelism="2" MaxCompileMemory="8304"></OptimizerHardwareDependentProperties><RelOp NodeId="1" PhysicalOp="Assert" LogicalOp="Assert" EstimateRows="1" EstimateIO="0" EstimateCPU="1.8e-07" AvgRowSize="9" EstimatedTotalSubtreeCost="0.0165717" Parallel="0" EstimateRebinds="0" EstimateRewinds="0" EstimatedExecutionMode="Row"><OutputList></OutputList><Assert StartupExpression="0"><RelOp NodeId="2" PhysicalOp="Nested Loops" LogicalOp="Left Semi Join" EstimateRows="1" EstimateIO="0" EstimateCPU="4.18e-06" AvgRowSize="9" EstimatedTotalSubtreeCost="0.0165715" Parallel="0" EstimateRebinds="0" EstimateRewinds="0" EstimatedExecutionMode="Row"><OutputList><ColumnReference Column="Expr1018"></ColumnReference></OutputList><NestedLoops Optimized="0"><DefinedValues><DefinedValue><ColumnReference Column="Expr1018"></ColumnReference></DefinedValue></DefinedValues><OuterReferences><ColumnReference Database="[PSYCHOLOGY_TEST_1]" Schema="[dbo]" Table="[T_TESTING]" Column="T_TESTING_STATUS_ID"></ColumnReference></OuterReferences><ProbeColumn><ColumnReference Column="Expr1018"></ColumnReference></ProbeColumn><RelOp NodeId="3" PhysicalOp="Clustered Index Update" LogicalOp="Update" EstimateRows="1" EstimateIO="0.01" EstimateCPU="1e-06" AvgRowSize="11" EstimatedTotalSubtreeCost="0.0132842" Parallel="0" EstimateRebinds="0" EstimateRewinds="0" EstimatedExecutionMode="Row"><OutputList><ColumnReference Database="[PSYCHOLOGY_TEST_1]" Schema="[dbo]" Table="[T_TESTING]" Column="T_TESTING_STATUS_ID"></ColumnReference></OutputList><SimpleUpdate DMLRequestSort="0"><DefinedValues><DefinedValue><ColumnReference Column="Expr1002"></ColumnReference><ScalarOperator ScalarString="(3)"><Const ConstValue="(3)"></Const></ScalarOperator></DefinedValue><DefinedValue><ColumnReference Column="Expr1003"></ColumnReference><ScalarOperator ScalarString="NULL"><Const ConstValue="NULL"></Const></ScalarOperator></DefinedValue></DefinedValues><Object Database="[PSYCHOLOGY_TEST_1]" Schema="[dbo]" Table="[T_TESTING]" Index="[PK_T_TESTING]" IndexKind="Clustered" Storage="RowStore"></Object><SeekPredicateNew><SeekKeys><Prefix ScanType="EQ"><RangeColumns><ColumnReference Database="[PSYCHOLOGY_TEST_1]" Schema="[dbo]" Table="[T_TESTING]" Column="T_TESTING_ID"></ColumnReference></RangeColumns><RangeExpressions><ScalarOperator ScalarString="[@t_testing_id]"><Identifier><ColumnReference Column="@t_testing_id"></ColumnReference></Identifier></ScalarOperator></RangeExpressions></Prefix></SeekKeys></SeekPredicateNew><SetPredicate><ScalarOperator ScalarString="[PSYCHOLOGY_TEST_1].[dbo].[T_TESTING].[T_TESTING_STATUS_ID] = [Expr1002],[PSYCHOLOGY_TEST_1].[dbo].[T_TESTING].[CURRENT_TEST_ID] = [Expr1003]"><ScalarExpressionList><ScalarOperator><MultipleAssign><Assign><ColumnReference Database="[PSYCHOLOGY_TEST_1]" Schema="[dbo]" Table="[T_TESTING]" Column="T_TESTING_STATUS_ID"></ColumnReference><ScalarOperator><Identifier><ColumnReference Column="Expr1002"></ColumnReference></Identifier></ScalarOperator></Assign><Assign><ColumnReference Database="[PSYCHOLOGY_TEST_1]" Schema="[dbo]" Table="[T_TESTING]" Column="CURRENT_TEST_ID"></ColumnReference><ScalarOperator><Identifier><ColumnReference Column="Expr1003"></ColumnReference></Identifier></ScalarOperator></Assign></MultipleAssign></ScalarOperator></ScalarExpressionList></ScalarOperator></SetPredicate></SimpleUpdate></RelOp><RelOp NodeId="4" PhysicalOp="Clustered Index Seek" LogicalOp="Clustered Index Seek" EstimateRows="1" EstimatedRowsRead="1" EstimateIO="0.003125" EstimateCPU="0.0001581" AvgRowSize="9" EstimatedTotalSubtreeCost="0.0032831" TableCardinality="6" Parallel="0" EstimateRebinds="0" EstimateRewinds="0" EstimatedExecutionMode="Row"><OutputList></OutputList><IndexScan Ordered="1" ScanDirection="FORWARD" ForcedIndex="1" ForceSeek="0" ForceScan="0" NoExpandHint="0" Storage="RowStore"><DefinedValues></DefinedValues><Object Database="[PSYCHOLOGY_TEST_1]" Schema="[dbo]" Table="[T_TESTING_STATUS]" Index="[PK_T_TESTING_STATUS]" IndexKind="Clustered" Storage="RowStore"></Object><SeekPredicates><SeekPredicateNew><SeekKeys><Prefix ScanType="EQ"><RangeColumns><ColumnReference Database="[PSYCHOLOGY_TEST_1]" Schema="[dbo]" Table="[T_TESTING_STATUS]" Column="T_TESTING_STATUS_ID"></ColumnReference></RangeColumns><RangeExpressions><ScalarOperator ScalarString="[PSYCHOLOGY_TEST_1].[dbo].[T_TESTING].[T_TESTING_STATUS_ID]"><Identifier><ColumnReference Database="[PSYCHOLOGY_TEST_1]" Schema="[dbo]" Table="[T_TESTING]" Column="T_TESTING_STATUS_ID"></ColumnReference></Identifier></ScalarOperator></RangeExpressions></Prefix></SeekKeys></SeekPredicateNew></SeekPredicates></IndexScan></RelOp></NestedLoops></RelOp><Predicate><ScalarOperator ScalarString="CASE WHEN [Expr1018] IS NULL THEN (0) ELSE NULL END"><IF><Condition><ScalarOperator><Logical Operation="IS NULL"><ScalarOperator><Identifier><ColumnReference Column="Expr1018"></ColumnReference></Identifier></ScalarOperator></Logical></ScalarOperator></Condition><Then><ScalarOperator><Const ConstValue="(0)"></Const></ScalarOperator></Then><Else><ScalarOperator><Const ConstValue="NULL"></Const></ScalarOperator></Else></IF></ScalarOperator></Predicate></Assert></RelOp></QueryPlan></StmtSimple></Statements></Else></StmtCond></Statements></StoredProc></StmtSimple></Statements></Else></StmtCond></Statements></Then><Else><Statements><StmtSimple StatementText=" &#xd;&#xa;   &#xd;&#xa; &#xd;&#xa;&#xd;&#xa;  &#xd;&#xa;end &#xd;&#xa;/* in case of attemtp to change not current step ERROR message */&#xd;&#xa;else &#xd;&#xa;RAISERROR (&apos;CURRENT STEP ID DOES NOT EQUIL PROPOSED! ANSWER NOT ACCEPTED!&apos;,16,1,0) with log             &#xd;&#xa;&#xd;&#xa;" StatementId="42" StatementCompId="27" StatementType="RAISERROR" RetrievedFromCache="false"></StmtSimple></Statements></Else></StmtCond><StmtSimple StatementText="commit transaction&#xd;&#xa;" StatementId="43" StatementCompId="29" StatementType="COMMIT TRANSACTION" RetrievedFromCache="false"></StmtSimple><StmtSimple StatementText="SET XACT_ABORT OFF;&#xd;&#xa;&#xd;&#xa;&#xd;&#xa;&#xd;&#xa;&#xd;&#xa;" StatementId="44" StatementCompId="30" StatementType="SET ON/OFF" RetrievedFromCache="false"></StmtSimple></Statements></StoredProc></StmtSimple></Statements></Batch></BatchSequence></ShowPlanXML>