<ShowPlanXML xmlns="http://schemas.microsoft.com/sqlserver/2004/07/showplan" Version="1.564" Build="16.0.1000.6"><BatchSequence><Batch><Statements><StmtSimple StatementText="exec dopass  &apos;a&apos;, &apos;a&apos;, &apos;E7FAB167-C47A-4865-A8AE-429FA778414C&apos;, 1" StatementId="1" StatementCompId="1" StatementType="EXECUTE PROC" RetrievedFromCache="false"><StoredProc ProcName="dopass"><Statements><StmtSimple StatementText="&#xd;&#xa;CREATE procedure [dbo].[dopass]&#xd;&#xa;@perscode varchar(12),&#xd;&#xa;@passw nvarchar(20),&#xd;&#xa;@t_testing_id uniqueidentifier output,&#xd;&#xa;@count int output&#xd;&#xa;as &#xd;&#xa;&#xd;&#xa;&#xd;&#xa;select @count=count(w.t_testing_id)&#xd;&#xa;from t_workstation w &#xd;&#xa;inner join t_testing t on w.t_testing_id = t.t_testing_id &#xd;&#xa;inner join t_persona p on t.t_persona_id = p.t_persona_id &#xd;&#xa;where w.passw = @passw &#xd;&#xa;and perscode=@perscode" StatementId="2" StatementCompId="3" StatementType="SELECT" RetrievedFromCache="false" StatementSubTreeCost="0.0098692" StatementEstRows="1" SecurityPolicyApplied="false" StatementOptmLevel="FULL" QueryHash="0x9AC6F0425656BBDC" QueryPlanHash="0xC6C39FD8E74CAFEE" StatementOptmEarlyAbortReason="GoodEnoughPlanFound" CardinalityEstimationModelVersion="70"><StatementSetOptions QUOTED_IDENTIFIER="true" ARITHABORT="true" CONCAT_NULL_YIELDS_NULL="true" ANSI_NULLS="true" ANSI_PADDING="true" ANSI_WARNINGS="true" NUMERIC_ROUNDABORT="false"></StatementSetOptions><QueryPlan CachedPlanSize="32" CompileTime="10" CompileCPU="10" CompileMemory="424"><MemoryGrantInfo SerialRequiredMemory="0" SerialDesiredMemory="0" GrantedMemory="0" MaxUsedMemory="0"></MemoryGrantInfo><OptimizerHardwareDependentProperties EstimatedAvailableMemoryGrant="311472" EstimatedPagesCached="77868" EstimatedAvailableDegreeOfParallelism="2" MaxCompileMemory="8304"></OptimizerHardwareDependentProperties><RelOp NodeId="0" PhysicalOp="Compute Scalar" LogicalOp="Compute Scalar" EstimateRows="1" EstimateIO="0" EstimateCPU="0" AvgRowSize="11" EstimatedTotalSubtreeCost="0.0098692" Parallel="0" EstimateRebinds="0" EstimateRewinds="0" EstimatedExecutionMode="Row"><OutputList><ColumnReference Column="Expr1003"></ColumnReference></OutputList><ComputeScalar><DefinedValues><DefinedValue><ColumnReference Column="Expr1003"></ColumnReference><ScalarOperator ScalarString="CONVERT_IMPLICIT(int,[Expr1004],0)"><Convert DataType="int" Style="0" Implicit="1"><ScalarOperator><Identifier><ColumnReference Column="Expr1004"></ColumnReference></Identifier></ScalarOperator></Convert></ScalarOperator></DefinedValue></DefinedValues><RelOp NodeId="1" PhysicalOp="Stream Aggregate" LogicalOp="Aggregate" EstimateRows="1" EstimateIO="0" EstimateCPU="1.1e-06" AvgRowSize="11" EstimatedTotalSubtreeCost="0.0098692" Parallel="0" EstimateRebinds="0" EstimateRewinds="0" EstimatedExecutionMode="Row"><OutputList><ColumnReference Column="Expr1004"></ColumnReference></OutputList><StreamAggregate><DefinedValues><DefinedValue><ColumnReference Column="Expr1004"></ColumnReference><ScalarOperator ScalarString="Count(*)"><Aggregate AggType="countstar" Distinct="0"></Aggregate></ScalarOperator></DefinedValue></DefinedValues><RelOp NodeId="2" PhysicalOp="Nested Loops" LogicalOp="Inner Join" EstimateRows="1" EstimateIO="0" EstimateCPU="4.18e-06" AvgRowSize="9" EstimatedTotalSubtreeCost="0.0098681" Parallel="0" EstimateRebinds="0" EstimateRewinds="0" EstimatedExecutionMode="Row"><OutputList></OutputList><NestedLoops Optimized="0"><OuterReferences><ColumnReference Database="[PSYCHOLOGY_TEST_1]" Schema="[dbo]" Table="[T_TESTING]" Alias="[t]" Column="T_PERSONA_ID"></ColumnReference></OuterReferences><RelOp NodeId="3" PhysicalOp="Nested Loops" LogicalOp="Inner Join" EstimateRows="1" EstimateIO="0" EstimateCPU="4.18e-06" AvgRowSize="23" EstimatedTotalSubtreeCost="0.00658034" Parallel="0" EstimateRebinds="0" EstimateRewinds="0" EstimatedExecutionMode="Row"><OutputList><ColumnReference Database="[PSYCHOLOGY_TEST_1]" Schema="[dbo]" Table="[T_TESTING]" Alias="[t]" Column="T_PERSONA_ID"></ColumnReference></OutputList><NestedLoops Optimized="0"><OuterReferences><ColumnReference Database="[PSYCHOLOGY_TEST_1]" Schema="[dbo]" Table="[T_WORKSTATION]" Alias="[w]" Column="T_TESTING_ID"></ColumnReference></OuterReferences><RelOp NodeId="4" PhysicalOp="Clustered Index Scan" LogicalOp="Clustered Index Scan" EstimateRows="1" EstimatedRowsRead="7" EstimateIO="0.003125" EstimateCPU="0.0001647" AvgRowSize="34" EstimatedTotalSubtreeCost="0.0032897" TableCardinality="7" Parallel="0" EstimateRebinds="0" EstimateRewinds="0" EstimatedExecutionMode="Row"><OutputList><ColumnReference Database="[PSYCHOLOGY_TEST_1]" Schema="[dbo]" Table="[T_WORKSTATION]" Alias="[w]" Column="T_TESTING_ID"></ColumnReference></OutputList><IndexScan Ordered="0" ForcedIndex="0" ForceScan="0" NoExpandHint="0" Storage="RowStore"><DefinedValues><DefinedValue><ColumnReference Database="[PSYCHOLOGY_TEST_1]" Schema="[dbo]" Table="[T_WORKSTATION]" Alias="[w]" Column="T_TESTING_ID"></ColumnReference></DefinedValue></DefinedValues><Object Database="[PSYCHOLOGY_TEST_1]" Schema="[dbo]" Table="[T_WORKSTATION]" Index="[PK_T_WORKSTATION]" Alias="[w]" IndexKind="Clustered" Storage="RowStore"></Object><Predicate><ScalarOperator ScalarString="[PSYCHOLOGY_TEST_1].[dbo].[T_WORKSTATION].[PASSW] as [w].[PASSW]=[@passw]"><Compare CompareOp="EQ"><ScalarOperator><Identifier><ColumnReference Database="[PSYCHOLOGY_TEST_1]" Schema="[dbo]" Table="[T_WORKSTATION]" Alias="[w]" Column="PASSW"></ColumnReference></Identifier></ScalarOperator><ScalarOperator><Identifier><ColumnReference Column="@passw"></ColumnReference></Identifier></ScalarOperator></Compare></ScalarOperator></Predicate></IndexScan></RelOp><RelOp NodeId="5" PhysicalOp="Clustered Index Seek" LogicalOp="Clustered Index Seek" EstimateRows="1" EstimatedRowsRead="1" EstimateIO="0.003125" EstimateCPU="0.0001581" AvgRowSize="23" EstimatedTotalSubtreeCost="0.0032831" TableCardinality="166" Parallel="0" EstimateRebinds="0" EstimateRewinds="0" EstimatedExecutionMode="Row"><OutputList><ColumnReference Database="[PSYCHOLOGY_TEST_1]" Schema="[dbo]" Table="[T_TESTING]" Alias="[t]" Column="T_PERSONA_ID"></ColumnReference></OutputList><IndexScan Ordered="1" ScanDirection="FORWARD" ForcedIndex="0" ForceSeek="0" ForceScan="0" NoExpandHint="0" Storage="RowStore"><DefinedValues><DefinedValue><ColumnReference Database="[PSYCHOLOGY_TEST_1]" Schema="[dbo]" Table="[T_TESTING]" Alias="[t]" Column="T_PERSONA_ID"></ColumnReference></DefinedValue></DefinedValues><Object Database="[PSYCHOLOGY_TEST_1]" Schema="[dbo]" Table="[T_TESTING]" Index="[PK_T_TESTING]" Alias="[t]" IndexKind="Clustered" Storage="RowStore"></Object><SeekPredicates><SeekPredicateNew><SeekKeys><Prefix ScanType="EQ"><RangeColumns><ColumnReference Database="[PSYCHOLOGY_TEST_1]" Schema="[dbo]" Table="[T_TESTING]" Alias="[t]" Column="T_TESTING_ID"></ColumnReference></RangeColumns><RangeExpressions><ScalarOperator ScalarString="[PSYCHOLOGY_TEST_1].[dbo].[T_WORKSTATION].[T_TESTING_ID] as [w].[T_TESTING_ID]"><Identifier><ColumnReference Database="[PSYCHOLOGY_TEST_1]" Schema="[dbo]" Table="[T_WORKSTATION]" Alias="[w]" Column="T_TESTING_ID"></ColumnReference></Identifier></ScalarOperator></RangeExpressions></Prefix></SeekKeys></SeekPredicateNew></SeekPredicates></IndexScan></RelOp></NestedLoops></RelOp><RelOp NodeId="6" PhysicalOp="Clustered Index Seek" LogicalOp="Clustered Index Seek" EstimateRows="1" EstimatedRowsRead="1" EstimateIO="0.003125" EstimateCPU="0.0001581" AvgRowSize="19" EstimatedTotalSubtreeCost="0.0032831" TableCardinality="18" Parallel="0" EstimateRebinds="0" EstimateRewinds="0" EstimatedExecutionMode="Row"><OutputList></OutputList><IndexScan Ordered="1" ScanDirection="FORWARD" ForcedIndex="0" ForceSeek="0" ForceScan="0" NoExpandHint="0" Storage="RowStore"><DefinedValues></DefinedValues><Object Database="[PSYCHOLOGY_TEST_1]" Schema="[dbo]" Table="[T_PERSONA]" Index="[PK_T_PERSONA]" Alias="[p]" IndexKind="Clustered" Storage="RowStore"></Object><SeekPredicates><SeekPredicateNew><SeekKeys><Prefix ScanType="EQ"><RangeColumns><ColumnReference Database="[PSYCHOLOGY_TEST_1]" Schema="[dbo]" Table="[T_PERSONA]" Alias="[p]" Column="T_PERSONA_ID"></ColumnReference></RangeColumns><RangeExpressions><ScalarOperator ScalarString="[PSYCHOLOGY_TEST_1].[dbo].[T_TESTING].[T_PERSONA_ID] as [t].[T_PERSONA_ID]"><Identifier><ColumnReference Database="[PSYCHOLOGY_TEST_1]" Schema="[dbo]" Table="[T_TESTING]" Alias="[t]" Column="T_PERSONA_ID"></ColumnReference></Identifier></ScalarOperator></RangeExpressions></Prefix></SeekKeys></SeekPredicateNew></SeekPredicates><Predicate><ScalarOperator ScalarString="[PSYCHOLOGY_TEST_1].[dbo].[T_PERSONA].[PERSCODE] as [p].[PERSCODE]=[@perscode]"><Compare CompareOp="EQ"><ScalarOperator><Identifier><ColumnReference Database="[PSYCHOLOGY_TEST_1]" Schema="[dbo]" Table="[T_PERSONA]" Alias="[p]" Column="PERSCODE"></ColumnReference></Identifier></ScalarOperator><ScalarOperator><Identifier><ColumnReference Column="@perscode"></ColumnReference></Identifier></ScalarOperator></Compare></ScalarOperator></Predicate></IndexScan></RelOp></NestedLoops></RelOp></StreamAggregate></RelOp></ComputeScalar></RelOp><ParameterList><ColumnReference Column="@count" ParameterDataType="int" ParameterCompiledValue="(1)"></ColumnReference><ColumnReference Column="@perscode" ParameterDataType="varchar(12)" ParameterCompiledValue="&apos;a&apos;"></ColumnReference><ColumnReference Column="@passw" ParameterDataType="nvarchar(20)" ParameterCompiledValue="N&apos;a&apos;"></ColumnReference></ParameterList></QueryPlan></StmtSimple><StmtCond StatementText="&#xd;&#xa;&#xd;&#xa;if (@count=1)" StatementId="3" StatementCompId="4" StatementType="COND" RetrievedFromCache="false"><Condition></Condition><Then><Statements><StmtSimple StatementText="&#xd;&#xa;begin&#xd;&#xa;&#xd;&#xa;  select @t_testing_id=w.t_testing_id&#xd;&#xa;  from t_workstation w &#xd;&#xa;  inner join t_testing t on w.t_testing_id = t.t_testing_id &#xd;&#xa;  inner join t_persona p on t.t_persona_id = p.t_persona_id &#xd;&#xa;  where w.passw = @passw &#xd;&#xa;  and perscode=@perscode" StatementId="4" StatementCompId="5" StatementType="SELECT" RetrievedFromCache="false" StatementSubTreeCost="0.0098681" StatementEstRows="1" SecurityPolicyApplied="false" StatementOptmLevel="FULL" QueryHash="0x7B62116EF2A8D30E" QueryPlanHash="0x08A1FFD3B49C3C93" StatementOptmEarlyAbortReason="GoodEnoughPlanFound" CardinalityEstimationModelVersion="70"><StatementSetOptions QUOTED_IDENTIFIER="true" ARITHABORT="true" CONCAT_NULL_YIELDS_NULL="true" ANSI_NULLS="true" ANSI_PADDING="true" ANSI_WARNINGS="true" NUMERIC_ROUNDABORT="false"></StatementSetOptions><QueryPlan CachedPlanSize="24" CompileTime="6" CompileCPU="6" CompileMemory="408"><MemoryGrantInfo SerialRequiredMemory="0" SerialDesiredMemory="0" GrantedMemory="0" MaxUsedMemory="0"></MemoryGrantInfo><OptimizerHardwareDependentProperties EstimatedAvailableMemoryGrant="311472" EstimatedPagesCached="77868" EstimatedAvailableDegreeOfParallelism="2" MaxCompileMemory="8304"></OptimizerHardwareDependentProperties><RelOp NodeId="0" PhysicalOp="Nested Loops" LogicalOp="Inner Join" EstimateRows="1" EstimateIO="0" EstimateCPU="4.18e-06" AvgRowSize="23" EstimatedTotalSubtreeCost="0.0098681" Parallel="0" EstimateRebinds="0" EstimateRewinds="0" EstimatedExecutionMode="Row"><OutputList><ColumnReference Database="[PSYCHOLOGY_TEST_1]" Schema="[dbo]" Table="[T_WORKSTATION]" Alias="[w]" Column="T_TESTING_ID"></ColumnReference></OutputList><NestedLoops Optimized="0"><OuterReferences><ColumnReference Database="[PSYCHOLOGY_TEST_1]" Schema="[dbo]" Table="[T_TESTING]" Alias="[t]" Column="T_PERSONA_ID"></ColumnReference></OuterReferences><RelOp NodeId="1" PhysicalOp="Nested Loops" LogicalOp="Inner Join" EstimateRows="1" EstimateIO="0" EstimateCPU="4.18e-06" AvgRowSize="39" EstimatedTotalSubtreeCost="0.00658034" Parallel="0" EstimateRebinds="0" EstimateRewinds="0" EstimatedExecutionMode="Row"><OutputList><ColumnReference Database="[PSYCHOLOGY_TEST_1]" Schema="[dbo]" Table="[T_WORKSTATION]" Alias="[w]" Column="T_TESTING_ID"></ColumnReference><ColumnReference Database="[PSYCHOLOGY_TEST_1]" Schema="[dbo]" Table="[T_TESTING]" Alias="[t]" Column="T_PERSONA_ID"></ColumnReference></OutputList><NestedLoops Optimized="0"><OuterReferences><ColumnReference Database="[PSYCHOLOGY_TEST_1]" Schema="[dbo]" Table="[T_WORKSTATION]" Alias="[w]" Column="T_TESTING_ID"></ColumnReference></OuterReferences><RelOp NodeId="2" PhysicalOp="Clustered Index Scan" LogicalOp="Clustered Index Scan" EstimateRows="1" EstimatedRowsRead="7" EstimateIO="0.003125" EstimateCPU="0.0001647" AvgRowSize="34" EstimatedTotalSubtreeCost="0.0032897" TableCardinality="7" Parallel="0" EstimateRebinds="0" EstimateRewinds="0" EstimatedExecutionMode="Row"><OutputList><ColumnReference Database="[PSYCHOLOGY_TEST_1]" Schema="[dbo]" Table="[T_WORKSTATION]" Alias="[w]" Column="T_TESTING_ID"></ColumnReference></OutputList><IndexScan Ordered="0" ForcedIndex="0" ForceScan="0" NoExpandHint="0" Storage="RowStore"><DefinedValues><DefinedValue><ColumnReference Database="[PSYCHOLOGY_TEST_1]" Schema="[dbo]" Table="[T_WORKSTATION]" Alias="[w]" Column="T_TESTING_ID"></ColumnReference></DefinedValue></DefinedValues><Object Database="[PSYCHOLOGY_TEST_1]" Schema="[dbo]" Table="[T_WORKSTATION]" Index="[PK_T_WORKSTATION]" Alias="[w]" IndexKind="Clustered" Storage="RowStore"></Object><Predicate><ScalarOperator ScalarString="[PSYCHOLOGY_TEST_1].[dbo].[T_WORKSTATION].[PASSW] as [w].[PASSW]=[@passw]"><Compare CompareOp="EQ"><ScalarOperator><Identifier><ColumnReference Database="[PSYCHOLOGY_TEST_1]" Schema="[dbo]" Table="[T_WORKSTATION]" Alias="[w]" Column="PASSW"></ColumnReference></Identifier></ScalarOperator><ScalarOperator><Identifier><ColumnReference Column="@passw"></ColumnReference></Identifier></ScalarOperator></Compare></ScalarOperator></Predicate></IndexScan></RelOp><RelOp NodeId="3" PhysicalOp="Clustered Index Seek" LogicalOp="Clustered Index Seek" EstimateRows="1" EstimatedRowsRead="1" EstimateIO="0.003125" EstimateCPU="0.0001581" AvgRowSize="23" EstimatedTotalSubtreeCost="0.0032831" TableCardinality="166" Parallel="0" EstimateRebinds="0" EstimateRewinds="0" EstimatedExecutionMode="Row"><OutputList><ColumnReference Database="[PSYCHOLOGY_TEST_1]" Schema="[dbo]" Table="[T_TESTING]" Alias="[t]" Column="T_PERSONA_ID"></ColumnReference></OutputList><IndexScan Ordered="1" ScanDirection="FORWARD" ForcedIndex="0" ForceSeek="0" ForceScan="0" NoExpandHint="0" Storage="RowStore"><DefinedValues><DefinedValue><ColumnReference Database="[PSYCHOLOGY_TEST_1]" Schema="[dbo]" Table="[T_TESTING]" Alias="[t]" Column="T_PERSONA_ID"></ColumnReference></DefinedValue></DefinedValues><Object Database="[PSYCHOLOGY_TEST_1]" Schema="[dbo]" Table="[T_TESTING]" Index="[PK_T_TESTING]" Alias="[t]" IndexKind="Clustered" Storage="RowStore"></Object><SeekPredicates><SeekPredicateNew><SeekKeys><Prefix ScanType="EQ"><RangeColumns><ColumnReference Database="[PSYCHOLOGY_TEST_1]" Schema="[dbo]" Table="[T_TESTING]" Alias="[t]" Column="T_TESTING_ID"></ColumnReference></RangeColumns><RangeExpressions><ScalarOperator ScalarString="[PSYCHOLOGY_TEST_1].[dbo].[T_WORKSTATION].[T_TESTING_ID] as [w].[T_TESTING_ID]"><Identifier><ColumnReference Database="[PSYCHOLOGY_TEST_1]" Schema="[dbo]" Table="[T_WORKSTATION]" Alias="[w]" Column="T_TESTING_ID"></ColumnReference></Identifier></ScalarOperator></RangeExpressions></Prefix></SeekKeys></SeekPredicateNew></SeekPredicates></IndexScan></RelOp></NestedLoops></RelOp><RelOp NodeId="4" PhysicalOp="Clustered Index Seek" LogicalOp="Clustered Index Seek" EstimateRows="1" EstimatedRowsRead="1" EstimateIO="0.003125" EstimateCPU="0.0001581" AvgRowSize="19" EstimatedTotalSubtreeCost="0.0032831" TableCardinality="18" Parallel="0" EstimateRebinds="0" EstimateRewinds="0" EstimatedExecutionMode="Row"><OutputList></OutputList><IndexScan Ordered="1" ScanDirection="FORWARD" ForcedIndex="0" ForceSeek="0" ForceScan="0" NoExpandHint="0" Storage="RowStore"><DefinedValues></DefinedValues><Object Database="[PSYCHOLOGY_TEST_1]" Schema="[dbo]" Table="[T_PERSONA]" Index="[PK_T_PERSONA]" Alias="[p]" IndexKind="Clustered" Storage="RowStore"></Object><SeekPredicates><SeekPredicateNew><SeekKeys><Prefix ScanType="EQ"><RangeColumns><ColumnReference Database="[PSYCHOLOGY_TEST_1]" Schema="[dbo]" Table="[T_PERSONA]" Alias="[p]" Column="T_PERSONA_ID"></ColumnReference></RangeColumns><RangeExpressions><ScalarOperator ScalarString="[PSYCHOLOGY_TEST_1].[dbo].[T_TESTING].[T_PERSONA_ID] as [t].[T_PERSONA_ID]"><Identifier><ColumnReference Database="[PSYCHOLOGY_TEST_1]" Schema="[dbo]" Table="[T_TESTING]" Alias="[t]" Column="T_PERSONA_ID"></ColumnReference></Identifier></ScalarOperator></RangeExpressions></Prefix></SeekKeys></SeekPredicateNew></SeekPredicates><Predicate><ScalarOperator ScalarString="[PSYCHOLOGY_TEST_1].[dbo].[T_PERSONA].[PERSCODE] as [p].[PERSCODE]=[@perscode]"><Compare CompareOp="EQ"><ScalarOperator><Identifier><ColumnReference Database="[PSYCHOLOGY_TEST_1]" Schema="[dbo]" Table="[T_PERSONA]" Alias="[p]" Column="PERSCODE"></ColumnReference></Identifier></ScalarOperator><ScalarOperator><Identifier><ColumnReference Column="@perscode"></ColumnReference></Identifier></ScalarOperator></Compare></ScalarOperator></Predicate></IndexScan></RelOp></NestedLoops></RelOp><ParameterList><ColumnReference Column="@t_testing_id" ParameterDataType="uniqueidentifier" ParameterCompiledValue="{guid&apos;E7FAB167-C47A-4865-A8AE-429FA778414C&apos;}"></ColumnReference><ColumnReference Column="@perscode" ParameterDataType="varchar(12)" ParameterCompiledValue="&apos;a&apos;"></ColumnReference><ColumnReference Column="@passw" ParameterDataType="nvarchar(20)" ParameterCompiledValue="N&apos;a&apos;"></ColumnReference></ParameterList></QueryPlan></StmtSimple></Statements></Then><Else><Statements><StmtSimple StatementText="&#xd;&#xa;&#xd;&#xa;&#xd;&#xa;&#xd;&#xa;end &#xd;&#xa;else set @t_testing_id=null&#xd;&#xa;&#xd;&#xa;&#xd;&#xa;&#xd;&#xa;" StatementId="5" StatementCompId="8" StatementType="ASSIGN" RetrievedFromCache="false"></StmtSimple></Statements></Else></StmtCond></Statements></StoredProc></StmtSimple></Statements></Batch></BatchSequence></ShowPlanXML>