<ShowPlanXML xmlns="http://schemas.microsoft.com/sqlserver/2004/07/showplan" Version="1.564" Build="16.0.1000.6"><BatchSequence><Batch><Statements><StmtSimple StatementText="exec inititate_testing2  &apos;E7FAB167-C47A-4865-A8AE-429FA778414C&apos;" StatementId="1" StatementCompId="1" StatementType="EXECUTE PROC" RetrievedFromCache="false"><StoredProc ProcName="inititate_testing2"><Statements><StmtSimple StatementText="&#xd;&#xa;&#xd;&#xa;CREATE procedure [dbo].[inititate_testing2]&#xd;&#xa;@t_testing_id uniqueidentifier&#xd;&#xa;as &#xd;&#xa;&#xd;&#xa;insert into t_testing_step(t_testing_id, t_test_step_id)&#xd;&#xa;select @t_testing_id,ts.t_test_step_id&#xd;&#xa;from t_testing_test t inner join t_test_step ts&#xd;&#xa;on t.t_test_id=ts.t_test_id&#xd;&#xa;where t.t_testing_id=@t_testing_id" StatementId="2" StatementCompId="3" StatementType="INSERT" RetrievedFromCache="false" StatementSubTreeCost="0.0467852" StatementEstRows="6.46472" SecurityPolicyApplied="false" StatementOptmLevel="FULL" QueryHash="0x7BF1BE5FA33F12C8" QueryPlanHash="0x07611527DDF4F333" StatementOptmEarlyAbortReason="GoodEnoughPlanFound" CardinalityEstimationModelVersion="70"><StatementSetOptions QUOTED_IDENTIFIER="true" ARITHABORT="true" CONCAT_NULL_YIELDS_NULL="true" ANSI_NULLS="true" ANSI_PADDING="true" ANSI_WARNINGS="true" NUMERIC_ROUNDABORT="false"></StatementSetOptions><QueryPlan CachedPlanSize="56" CompileTime="15" CompileCPU="12" CompileMemory="568"><MemoryGrantInfo SerialRequiredMemory="0" SerialDesiredMemory="0" GrantedMemory="0" MaxUsedMemory="0"></MemoryGrantInfo><OptimizerHardwareDependentProperties EstimatedAvailableMemoryGrant="311472" EstimatedPagesCached="77868" EstimatedAvailableDegreeOfParallelism="2" MaxCompileMemory="852952"></OptimizerHardwareDependentProperties><RelOp NodeId="1" PhysicalOp="Assert" LogicalOp="Assert" EstimateRows="6.46472" EstimateIO="0" EstimateCPU="5.68895e-06" AvgRowSize="9" EstimatedTotalSubtreeCost="0.0467852" Parallel="0" EstimateRebinds="0" EstimateRewinds="0" EstimatedExecutionMode="Row"><OutputList></OutputList><Assert StartupExpression="0"><RelOp NodeId="2" PhysicalOp="Nested Loops" LogicalOp="Left Semi Join" EstimateRows="6.46472" EstimateIO="0" EstimateCPU="3.0025e-05" AvgRowSize="9" EstimatedTotalSubtreeCost="0.0467795" Parallel="0" EstimateRebinds="0" EstimateRewinds="0" EstimatedExecutionMode="Row"><OutputList><ColumnReference Column="Expr1014"></ColumnReference><ColumnReference Column="Expr1015"></ColumnReference><ColumnReference Column="Expr1016"></ColumnReference></OutputList><NestedLoops Optimized="0"><DefinedValues><DefinedValue><ColumnReference Column="Expr1016"></ColumnReference></DefinedValue></DefinedValues><OuterReferences><ColumnReference Database="[PSYCHOLOGY_TEST_1]" Schema="[dbo]" Table="[T_TESTING_STEP]" Column="T_TEST_STEP_ID"></ColumnReference></OuterReferences><ProbeColumn><ColumnReference Column="Expr1016"></ColumnReference></ProbeColumn><RelOp NodeId="3" PhysicalOp="Nested Loops" LogicalOp="Left Semi Join" EstimateRows="7.18302" EstimateIO="0" EstimateCPU="3.33611e-05" AvgRowSize="24" EstimatedTotalSubtreeCost="0.0281866" Parallel="0" EstimateRebinds="0" EstimateRewinds="0" EstimatedExecutionMode="Row"><OutputList><ColumnReference Database="[PSYCHOLOGY_TEST_1]" Schema="[dbo]" Table="[T_TESTING_STEP]" Column="T_TEST_STEP_ID"></ColumnReference><ColumnReference Column="Expr1014"></ColumnReference><ColumnReference Column="Expr1015"></ColumnReference></OutputList><NestedLoops Optimized="0"><DefinedValues><DefinedValue><ColumnReference Column="Expr1015"></ColumnReference></DefinedValue></DefinedValues><OuterReferences><ColumnReference Database="[PSYCHOLOGY_TEST_1]" Schema="[dbo]" Table="[T_TESTING_STEP]" Column="T_TESTING_ID"></ColumnReference></OuterReferences><ProbeColumn><ColumnReference Column="Expr1015"></ColumnReference></ProbeColumn><RelOp NodeId="4" PhysicalOp="Nested Loops" LogicalOp="Left Semi Join" EstimateRows="7.98113" EstimateIO="0" EstimateCPU="3.70679e-05" AvgRowSize="40" EstimatedTotalSubtreeCost="0.0237664" Parallel="0" EstimateRebinds="0" EstimateRewinds="0" EstimatedExecutionMode="Row"><OutputList><ColumnReference Database="[PSYCHOLOGY_TEST_1]" Schema="[dbo]" Table="[T_TESTING_STEP]" Column="T_TESTING_ID"></ColumnReference><ColumnReference Database="[PSYCHOLOGY_TEST_1]" Schema="[dbo]" Table="[T_TESTING_STEP]" Column="T_TEST_STEP_ID"></ColumnReference><ColumnReference Column="Expr1014"></ColumnReference></OutputList><NestedLoops Optimized="0"><DefinedValues><DefinedValue><ColumnReference Column="Expr1014"></ColumnReference></DefinedValue></DefinedValues><OuterReferences><ColumnReference Database="[PSYCHOLOGY_TEST_1]" Schema="[dbo]" Table="[T_TESTING_STEP]" Column="T_TESTING_STEP_STATUS_ID"></ColumnReference></OuterReferences><ProbeColumn><ColumnReference Column="Expr1014"></ColumnReference></ProbeColumn><RelOp NodeId="5" PhysicalOp="Clustered Index Insert" LogicalOp="Insert" EstimateRows="8.86792" EstimateIO="0.01" EstimateCPU="8.86792e-06" AvgRowSize="43" EstimatedTotalSubtreeCost="0.0192023" Parallel="0" EstimateRebinds="0" EstimateRewinds="0" EstimatedExecutionMode="Row"><OutputList><ColumnReference Database="[PSYCHOLOGY_TEST_1]" Schema="[dbo]" Table="[T_TESTING_STEP]" Column="T_TESTING_STEP_STATUS_ID"></ColumnReference><ColumnReference Database="[PSYCHOLOGY_TEST_1]" Schema="[dbo]" Table="[T_TESTING_STEP]" Column="T_TESTING_ID"></ColumnReference><ColumnReference Database="[PSYCHOLOGY_TEST_1]" Schema="[dbo]" Table="[T_TESTING_STEP]" Column="T_TEST_STEP_ID"></ColumnReference></OutputList><Update DMLRequestSort="0"><Object Database="[PSYCHOLOGY_TEST_1]" Schema="[dbo]" Table="[T_TESTING_STEP]" Index="[PK_T_TESTING_STEP]" IndexKind="Clustered" Storage="RowStore"></Object><SetPredicate><ScalarOperator ScalarString="[PSYCHOLOGY_TEST_1].[dbo].[T_TESTING_STEP].[T_TESTING_ID] = RaiseIfNullInsert([@t_testing_id]),[PSYCHOLOGY_TEST_1].[dbo].[T_TESTING_STEP].[T_TEST_STEP_ID] = [PSYCHOLOGY_TEST_1].[dbo].[T_TEST_STEP].[T_TEST_STEP_ID] as [ts].[T_TEST_STEP_ID],[PSYCHOLOGY_TEST_1].[dbo].[T_TESTING_STEP].[T_TESTING_STEP_STATUS_ID] = [Expr1004],[PSYCHOLOGY_TEST_1].[dbo].[T_TESTING_STEP].[OBJ_CREATED] = RaiseIfNullInsert([Expr1005]),[PSYCHOLOGY_TEST_1].[dbo].[T_TESTING_STEP].[T_TESTING_STEP_ID] = RaiseIfNullInsert([Expr1006]),[PSYCHOLOGY_TEST_1].[dbo].[T_TESTING_STEP].[VIEW_DATE] = NULL,[PSYCHOLOGY_TEST_1].[dbo].[T_TESTING_STEP].[RESULT_TXT] = NULL,[PSYCHOLOGY_TEST_1].[dbo].[T_TESTING_STEP].[RESULT_DATE] = NULL"><ScalarExpressionList><ScalarOperator><MultipleAssign><Assign><ColumnReference Database="[PSYCHOLOGY_TEST_1]" Schema="[dbo]" Table="[T_TESTING_STEP]" Column="T_TESTING_ID"></ColumnReference><ScalarOperator><Intrinsic FunctionName="RaiseIfNullInsert"><ScalarOperator><Identifier><ColumnReference Column="@t_testing_id"></ColumnReference></Identifier></ScalarOperator></Intrinsic></ScalarOperator></Assign><Assign><ColumnReference Database="[PSYCHOLOGY_TEST_1]" Schema="[dbo]" Table="[T_TESTING_STEP]" Column="T_TEST_STEP_ID"></ColumnReference><ScalarOperator><Identifier><ColumnReference Database="[PSYCHOLOGY_TEST_1]" Schema="[dbo]" Table="[T_TEST_STEP]" Alias="[ts]" Column="T_TEST_STEP_ID"></ColumnReference></Identifier></ScalarOperator></Assign><Assign><ColumnReference Database="[PSYCHOLOGY_TEST_1]" Schema="[dbo]" Table="[T_TESTING_STEP]" Column="T_TESTING_STEP_STATUS_ID"></ColumnReference><ScalarOperator><Identifier><ColumnReference Column="Expr1004"></ColumnReference></Identifier></ScalarOperator></Assign><Assign><ColumnReference Database="[PSYCHOLOGY_TEST_1]" Schema="[dbo]" Table="[T_TESTING_STEP]" Column="OBJ_CREATED"></ColumnReference><ScalarOperator><Intrinsic FunctionName="RaiseIfNullInsert"><ScalarOperator><Identifier><ColumnReference Column="Expr1005"></ColumnReference></Identifier></ScalarOperator></Intrinsic></ScalarOperator></Assign><Assign><ColumnReference Database="[PSYCHOLOGY_TEST_1]" Schema="[dbo]" Table="[T_TESTING_STEP]" Column="T_TESTING_STEP_ID"></ColumnReference><ScalarOperator><Intrinsic FunctionName="RaiseIfNullInsert"><ScalarOperator><Identifier><ColumnReference Column="Expr1006"></ColumnReference></Identifier></ScalarOperator></Intrinsic></ScalarOperator></Assign><Assign><ColumnReference Database="[PSYCHOLOGY_TEST_1]" Schema="[dbo]" Table="[T_TESTING_STEP]" Column="VIEW_DATE"></ColumnReference><ScalarOperator><Const ConstValue="NULL"></Const></ScalarOperator></Assign><Assign><ColumnReference Database="[PSYCHOLOGY_TEST_1]" Schema="[dbo]" Table="[T_TESTING_STEP]" Column="RESULT_TXT"></ColumnReference><ScalarOperator><Const ConstValue="NULL"></Const></ScalarOperator></Assign><Assign><ColumnReference Database="[PSYCHOLOGY_TEST_1]" Schema="[dbo]" Table="[T_TESTING_STEP]" Column="RESULT_DATE"></ColumnReference><ScalarOperator><Const ConstValue="NULL"></Const></ScalarOperator></Assign></MultipleAssign></ScalarOperator></ScalarExpressionList></ScalarOperator></SetPredicate><RelOp NodeId="6" PhysicalOp="Compute Scalar" LogicalOp="Compute Scalar" EstimateRows="8.86792" EstimateIO="0" EstimateCPU="8.86792e-07" AvgRowSize="51" EstimatedTotalSubtreeCost="0.00919348" Parallel="0" EstimateRebinds="0" EstimateRewinds="0" EstimatedExecutionMode="Row"><OutputList><ColumnReference Database="[PSYCHOLOGY_TEST_1]" Schema="[dbo]" Table="[T_TEST_STEP]" Alias="[ts]" Column="T_TEST_STEP_ID"></ColumnReference><ColumnReference Column="Expr1004"></ColumnReference><ColumnReference Column="Expr1005"></ColumnReference><ColumnReference Column="Expr1006"></ColumnReference></OutputList><ComputeScalar><DefinedValues><DefinedValue><ColumnReference Column="Expr1004"></ColumnReference><ScalarOperator ScalarString="(4)"><Const ConstValue="(4)"></Const></ScalarOperator></DefinedValue><DefinedValue><ColumnReference Column="Expr1005"></ColumnReference><ScalarOperator ScalarString="getdate()"><Identifier><ColumnReference Column="ConstExpr1013"><ScalarOperator><Intrinsic FunctionName="getdate"></Intrinsic></ScalarOperator></ColumnReference></Identifier></ScalarOperator></DefinedValue><DefinedValue><ColumnReference Column="Expr1006"></ColumnReference><ScalarOperator ScalarString="newid()"><Intrinsic FunctionName="newid"></Intrinsic></ScalarOperator></DefinedValue></DefinedValues><RelOp NodeId="7" PhysicalOp="Top" LogicalOp="Top" EstimateRows="8.86792" EstimateIO="0" EstimateCPU="8.86792e-07" AvgRowSize="23" EstimatedTotalSubtreeCost="0.00919259" Parallel="0" EstimateRebinds="0" EstimateRewinds="0" EstimatedExecutionMode="Row"><OutputList><ColumnReference Database="[PSYCHOLOGY_TEST_1]" Schema="[dbo]" Table="[T_TEST_STEP]" Alias="[ts]" Column="T_TEST_STEP_ID"></ColumnReference></OutputList><Top RowCount="1" IsPercent="0" WithTies="0"><TopExpression><ScalarOperator ScalarString="(0)"><Const ConstValue="(0)"></Const></ScalarOperator></TopExpression><RelOp NodeId="8" PhysicalOp="Nested Loops" LogicalOp="Inner Join" EstimateRows="8.86792" EstimateIO="0" EstimateCPU="3.70679e-05" AvgRowSize="23" EstimatedTotalSubtreeCost="0.0091917" Parallel="0" EstimateRebinds="0" EstimateRewinds="0" EstimatedExecutionMode="Row"><OutputList><ColumnReference Database="[PSYCHOLOGY_TEST_1]" Schema="[dbo]" Table="[T_TEST_STEP]" Alias="[ts]" Column="T_TEST_STEP_ID"></ColumnReference></OutputList><NestedLoops Optimized="0"><OuterReferences><ColumnReference Database="[PSYCHOLOGY_TEST_1]" Schema="[dbo]" Table="[T_TESTING_TEST]" Alias="[t]" Column="T_TEST_ID"></ColumnReference></OuterReferences><RelOp NodeId="9" PhysicalOp="Clustered Index Scan" LogicalOp="Clustered Index Scan" EstimateRows="1" EstimatedRowsRead="227" EstimateIO="0.00534722" EstimateCPU="0.0004067" AvgRowSize="39" EstimatedTotalSubtreeCost="0.00575392" TableCardinality="227" Parallel="0" EstimateRebinds="0" EstimateRewinds="0" EstimatedExecutionMode="Row"><OutputList><ColumnReference Database="[PSYCHOLOGY_TEST_1]" Schema="[dbo]" Table="[T_TESTING_TEST]" Alias="[t]" Column="T_TEST_ID"></ColumnReference></OutputList><IndexScan Ordered="0" ForcedIndex="0" ForceScan="0" NoExpandHint="0" Storage="RowStore"><DefinedValues><DefinedValue><ColumnReference Database="[PSYCHOLOGY_TEST_1]" Schema="[dbo]" Table="[T_TESTING_TEST]" Alias="[t]" Column="T_TEST_ID"></ColumnReference></DefinedValue></DefinedValues><Object Database="[PSYCHOLOGY_TEST_1]" Schema="[dbo]" Table="[T_TESTING_TEST]" Index="[PK_T_TESTING_TEST]" Alias="[t]" IndexKind="Clustered" Storage="RowStore"></Object><Predicate><ScalarOperator ScalarString="[PSYCHOLOGY_TEST_1].[dbo].[T_TESTING_TEST].[T_TESTING_ID] as [t].[T_TESTING_ID]=[@t_testing_id]"><Compare CompareOp="EQ"><ScalarOperator><Identifier><ColumnReference Database="[PSYCHOLOGY_TEST_1]" Schema="[dbo]" Table="[T_TESTING_TEST]" Alias="[t]" Column="T_TESTING_ID"></ColumnReference></Identifier></ScalarOperator><ScalarOperator><Identifier><ColumnReference Column="@t_testing_id"></ColumnReference></Identifier></ScalarOperator></Compare></ScalarOperator></Predicate></IndexScan></RelOp><RelOp NodeId="10" PhysicalOp="Index Seek" LogicalOp="Index Seek" EstimateRows="8.86792" EstimatedRowsRead="8.86792" EstimateIO="0.003125" EstimateCPU="0.000166755" AvgRowSize="23" EstimatedTotalSubtreeCost="0.00329175" TableCardinality="940" Parallel="0" EstimateRebinds="0" EstimateRewinds="0" EstimatedExecutionMode="Row"><OutputList><ColumnReference Database="[PSYCHOLOGY_TEST_1]" Schema="[dbo]" Table="[T_TEST_STEP]" Alias="[ts]" Column="T_TEST_STEP_ID"></ColumnReference></OutputList><IndexScan Ordered="1" ScanDirection="FORWARD" ForcedIndex="0" ForceSeek="0" ForceScan="0" NoExpandHint="0" Storage="RowStore"><DefinedValues><DefinedValue><ColumnReference Database="[PSYCHOLOGY_TEST_1]" Schema="[dbo]" Table="[T_TEST_STEP]" Alias="[ts]" Column="T_TEST_STEP_ID"></ColumnReference></DefinedValue></DefinedValues><Object Database="[PSYCHOLOGY_TEST_1]" Schema="[dbo]" Table="[T_TEST_STEP]" Index="[IX_T_TEST_STEP]" Alias="[ts]" IndexKind="NonClustered" Storage="RowStore"></Object><SeekPredicates><SeekPredicateNew><SeekKeys><Prefix ScanType="EQ"><RangeColumns><ColumnReference Database="[PSYCHOLOGY_TEST_1]" Schema="[dbo]" Table="[T_TEST_STEP]" Alias="[ts]" Column="T_TEST_ID"></ColumnReference></RangeColumns><RangeExpressions><ScalarOperator ScalarString="[PSYCHOLOGY_TEST_1].[dbo].[T_TESTING_TEST].[T_TEST_ID] as [t].[T_TEST_ID]"><Identifier><ColumnReference Database="[PSYCHOLOGY_TEST_1]" Schema="[dbo]" Table="[T_TESTING_TEST]" Alias="[t]" Column="T_TEST_ID"></ColumnReference></Identifier></ScalarOperator></RangeExpressions></Prefix></SeekKeys></SeekPredicateNew></SeekPredicates></IndexScan></RelOp></NestedLoops></RelOp></Top></RelOp></ComputeScalar></RelOp></Update></RelOp><RelOp NodeId="11" PhysicalOp="Clustered Index Seek" LogicalOp="Clustered Index Seek" EstimateRows="1" EstimatedRowsRead="1" EstimateIO="0.003125" EstimateCPU="0.0001581" AvgRowSize="9" EstimatedTotalSubtreeCost="0.00452702" TableCardinality="4" Parallel="0" EstimateRebinds="0" EstimateRewinds="7.86792" EstimatedExecutionMode="Row"><OutputList></OutputList><IndexScan Ordered="1" ScanDirection="FORWARD" ForcedIndex="1" ForceSeek="0" ForceScan="0" NoExpandHint="0" Storage="RowStore"><DefinedValues></DefinedValues><Object Database="[PSYCHOLOGY_TEST_1]" Schema="[dbo]" Table="[T_TESTING_STEP_STATUS]" Index="[PK_T_TESTING_STEP_STATUS]" IndexKind="Clustered" Storage="RowStore"></Object><SeekPredicates><SeekPredicateNew><SeekKeys><Prefix ScanType="EQ"><RangeColumns><ColumnReference Database="[PSYCHOLOGY_TEST_1]" Schema="[dbo]" Table="[T_TESTING_STEP_STATUS]" Column="T_TESTING_STEP_STATUS_ID"></ColumnReference></RangeColumns><RangeExpressions><ScalarOperator ScalarString="[PSYCHOLOGY_TEST_1].[dbo].[T_TESTING_STEP].[T_TESTING_STEP_STATUS_ID]"><Identifier><ColumnReference Database="[PSYCHOLOGY_TEST_1]" Schema="[dbo]" Table="[T_TESTING_STEP]" Column="T_TESTING_STEP_STATUS_ID"></ColumnReference></Identifier></ScalarOperator></RangeExpressions></Prefix></SeekKeys></SeekPredicateNew></SeekPredicates></IndexScan></RelOp></NestedLoops></RelOp><RelOp NodeId="12" PhysicalOp="Clustered Index Seek" LogicalOp="Clustered Index Seek" EstimateRows="1" EstimatedRowsRead="1" EstimateIO="0.003125" EstimateCPU="0.0001581" AvgRowSize="9" EstimatedTotalSubtreeCost="0.00438682" TableCardinality="166" Parallel="0" EstimateRebinds="0" EstimateRewinds="6.98113" EstimatedExecutionMode="Row"><OutputList></OutputList><IndexScan Ordered="1" ScanDirection="FORWARD" ForcedIndex="1" ForceSeek="0" ForceScan="0" NoExpandHint="0" Storage="RowStore"><DefinedValues></DefinedValues><Object Database="[PSYCHOLOGY_TEST_1]" Schema="[dbo]" Table="[T_TESTING]" Index="[PK_T_TESTING]" IndexKind="Clustered" Storage="RowStore"></Object><SeekPredicates><SeekPredicateNew><SeekKeys><Prefix ScanType="EQ"><RangeColumns><ColumnReference Database="[PSYCHOLOGY_TEST_1]" Schema="[dbo]" Table="[T_TESTING]" Column="T_TESTING_ID"></ColumnReference></RangeColumns><RangeExpressions><ScalarOperator ScalarString="[PSYCHOLOGY_TEST_1].[dbo].[T_TESTING_STEP].[T_TESTING_ID]"><Identifier><ColumnReference Database="[PSYCHOLOGY_TEST_1]" Schema="[dbo]" Table="[T_TESTING_STEP]" Column="T_TESTING_ID"></ColumnReference></Identifier></ScalarOperator></RangeExpressions></Prefix></SeekKeys></SeekPredicateNew></SeekPredicates></IndexScan></RelOp></NestedLoops></RelOp><RelOp NodeId="13" PhysicalOp="Clustered Index Seek" LogicalOp="Clustered Index Seek" EstimateRows="1" EstimatedRowsRead="1" EstimateIO="0.003125" EstimateCPU="0.0001581" AvgRowSize="9" EstimatedTotalSubtreeCost="0.0185629" TableCardinality="940" Parallel="0" EstimateRebinds="6.18302" EstimateRewinds="0" EstimatedExecutionMode="Row"><OutputList></OutputList><IndexScan Ordered="1" ScanDirection="FORWARD" ForcedIndex="1" ForceSeek="0" ForceScan="0" NoExpandHint="0" Storage="RowStore"><DefinedValues></DefinedValues><Object Database="[PSYCHOLOGY_TEST_1]" Schema="[dbo]" Table="[T_TEST_STEP]" Index="[PK_T_TEST_STEP]" IndexKind="Clustered" Storage="RowStore"></Object><SeekPredicates><SeekPredicateNew><SeekKeys><Prefix ScanType="EQ"><RangeColumns><ColumnReference Database="[PSYCHOLOGY_TEST_1]" Schema="[dbo]" Table="[T_TEST_STEP]" Column="T_TEST_STEP_ID"></ColumnReference></RangeColumns><RangeExpressions><ScalarOperator ScalarString="[PSYCHOLOGY_TEST_1].[dbo].[T_TESTING_STEP].[T_TEST_STEP_ID]"><Identifier><ColumnReference Database="[PSYCHOLOGY_TEST_1]" Schema="[dbo]" Table="[T_TESTING_STEP]" Column="T_TEST_STEP_ID"></ColumnReference></Identifier></ScalarOperator></RangeExpressions></Prefix></SeekKeys></SeekPredicateNew></SeekPredicates></IndexScan></RelOp></NestedLoops></RelOp><Predicate><ScalarOperator ScalarString="CASE WHEN [Expr1014] IS NULL THEN (0) ELSE CASE WHEN [Expr1015] IS NULL THEN (1) ELSE CASE WHEN [Expr1016] IS NULL THEN (2) ELSE NULL END END END"><IF><Condition><ScalarOperator><Logical Operation="IS NULL"><ScalarOperator><Identifier><ColumnReference Column="Expr1014"></ColumnReference></Identifier></ScalarOperator></Logical></ScalarOperator></Condition><Then><ScalarOperator><Const ConstValue="(0)"></Const></ScalarOperator></Then><Else><ScalarOperator><IF><Condition><ScalarOperator><Logical Operation="IS NULL"><ScalarOperator><Identifier><ColumnReference Column="Expr1015"></ColumnReference></Identifier></ScalarOperator></Logical></ScalarOperator></Condition><Then><ScalarOperator><Const ConstValue="(1)"></Const></ScalarOperator></Then><Else><ScalarOperator><IF><Condition><ScalarOperator><Logical Operation="IS NULL"><ScalarOperator><Identifier><ColumnReference Column="Expr1016"></ColumnReference></Identifier></ScalarOperator></Logical></ScalarOperator></Condition><Then><ScalarOperator><Const ConstValue="(2)"></Const></ScalarOperator></Then><Else><ScalarOperator><Const ConstValue="NULL"></Const></ScalarOperator></Else></IF></ScalarOperator></Else></IF></ScalarOperator></Else></IF></ScalarOperator></Predicate></Assert></RelOp><ParameterList><ColumnReference Column="@t_testing_id" ParameterDataType="uniqueidentifier" ParameterCompiledValue="{guid&apos;E7FAB167-C47A-4865-A8AE-429FA778414C&apos;}"></ColumnReference></ParameterList></QueryPlan></StmtSimple></Statements></StoredProc></StmtSimple></Statements></Batch></BatchSequence></ShowPlanXML>