<ShowPlanXML xmlns="http://schemas.microsoft.com/sqlserver/2004/07/showplan" Version="1.564" Build="16.0.1000.6"><BatchSequence><Batch><Statements><StmtSimple StatementText="exec insupd_score  &apos;E7FAB167-C47A-4865-A8AE-429FA778414C&apos;, &apos;a&apos;" StatementId="1" StatementCompId="1" StatementType="EXECUTE PROC" RetrievedFromCache="false"><StoredProc ProcName="insupd_score"><Statements><StmtSimple StatementText="CREATE procedure dbo.insupd_score &#xd;&#xa;@t_testing_step_id uniqueidentifier ,&#xd;&#xa;@score nvarchar(50)&#xd;&#xa;&#xd;&#xa;as&#xd;&#xa;declare @t_testing_score_id uniqueidentifier &#xd;&#xa;&#xd;&#xa;set @t_testing_score_id = NULL &#xd;&#xa;&#xd;&#xa;" StatementId="2" StatementCompId="3" StatementType="ASSIGN" RetrievedFromCache="false"></StmtSimple><StmtSimple StatementText="select @t_testing_score_id=t_testing_score_id&#xd;&#xa;from t_testing_score &#xd;&#xa;where t_testing_step_id = @t_testing_step_id" StatementId="3" StatementCompId="4" StatementType="SELECT" RetrievedFromCache="false" StatementSubTreeCost="0.0032897" StatementEstRows="1" SecurityPolicyApplied="false" StatementOptmLevel="TRIVIAL" QueryHash="0x2A8263821A79F69D" QueryPlanHash="0x5021626CBFFC3B4C" CardinalityEstimationModelVersion="70"><StatementSetOptions QUOTED_IDENTIFIER="true" ARITHABORT="true" CONCAT_NULL_YIELDS_NULL="true" ANSI_NULLS="true" ANSI_PADDING="true" ANSI_WARNINGS="true" NUMERIC_ROUNDABORT="false"></StatementSetOptions><QueryPlan CachedPlanSize="16" CompileTime="1" CompileCPU="1" CompileMemory="152"><MemoryGrantInfo SerialRequiredMemory="0" SerialDesiredMemory="0" GrantedMemory="0" MaxUsedMemory="0"></MemoryGrantInfo><OptimizerHardwareDependentProperties EstimatedAvailableMemoryGrant="311472" EstimatedPagesCached="77868" EstimatedAvailableDegreeOfParallelism="2" MaxCompileMemory="654432"></OptimizerHardwareDependentProperties><RelOp NodeId="0" PhysicalOp="Clustered Index Scan" LogicalOp="Clustered Index Scan" EstimateRows="1" EstimatedRowsRead="7" EstimateIO="0.003125" EstimateCPU="0.0001647" AvgRowSize="39" EstimatedTotalSubtreeCost="0.0032897" TableCardinality="7" Parallel="0" EstimateRebinds="0" EstimateRewinds="0" EstimatedExecutionMode="Row"><OutputList><ColumnReference Database="[PSYCHOLOGY_TEST_1]" Schema="[dbo]" Table="[T_TESTING_SCORE]" Column="T_TESTING_SCORE_ID"></ColumnReference></OutputList><IndexScan Ordered="0" ForcedIndex="0" ForceScan="0" NoExpandHint="0" Storage="RowStore"><DefinedValues><DefinedValue><ColumnReference Database="[PSYCHOLOGY_TEST_1]" Schema="[dbo]" Table="[T_TESTING_SCORE]" Column="T_TESTING_SCORE_ID"></ColumnReference></DefinedValue></DefinedValues><Object Database="[PSYCHOLOGY_TEST_1]" Schema="[dbo]" Table="[T_TESTING_SCORE]" Index="[PK_T_TESTINNG_SCORE_1]" IndexKind="Clustered" Storage="RowStore"></Object><Predicate><ScalarOperator ScalarString="[PSYCHOLOGY_TEST_1].[dbo].[T_TESTING_SCORE].[T_TESTING_STEP_ID]=[@t_testing_step_id]"><Compare CompareOp="EQ"><ScalarOperator><Identifier><ColumnReference Database="[PSYCHOLOGY_TEST_1]" Schema="[dbo]" Table="[T_TESTING_SCORE]" Column="T_TESTING_STEP_ID"></ColumnReference></Identifier></ScalarOperator><ScalarOperator><Identifier><ColumnReference Column="@t_testing_step_id"></ColumnReference></Identifier></ScalarOperator></Compare></ScalarOperator></Predicate></IndexScan></RelOp><ParameterList><ColumnReference Column="@t_testing_step_id" ParameterDataType="uniqueidentifier" ParameterCompiledValue="{guid&apos;E7FAB167-C47A-4865-A8AE-429FA778414C&apos;}"></ColumnReference></ParameterList></QueryPlan></StmtSimple><StmtCond StatementText="&#xd;&#xa;&#xd;&#xa;if @t_testing_score_id is null" StatementId="4" StatementCompId="5" StatementType="COND" RetrievedFromCache="false"><Condition></Condition><Then><Statements><StmtSimple StatementText=" &#xd;&#xa;insert into t_testing_score (t_testing_score_id,score,t_testing_step_id)&#xd;&#xa;values (newid(),@score,@t_testing_step_id )" StatementId="5" StatementCompId="6" StatementType="INSERT" RetrievedFromCache="false" StatementSubTreeCost="0.0100023" StatementEstRows="1" SecurityPolicyApplied="false" StatementOptmLevel="TRIVIAL" QueryHash="0x492C65383A171144" QueryPlanHash="0x7792C7276FF6D1C1" CardinalityEstimationModelVersion="70"><StatementSetOptions QUOTED_IDENTIFIER="true" ARITHABORT="true" CONCAT_NULL_YIELDS_NULL="true" ANSI_NULLS="true" ANSI_PADDING="true" ANSI_WARNINGS="true" NUMERIC_ROUNDABORT="false"></StatementSetOptions><QueryPlan CachedPlanSize="16" CompileTime="1" CompileCPU="1" CompileMemory="160"><MemoryGrantInfo SerialRequiredMemory="0" SerialDesiredMemory="0" GrantedMemory="0" MaxUsedMemory="0"></MemoryGrantInfo><OptimizerHardwareDependentProperties EstimatedAvailableMemoryGrant="311472" EstimatedPagesCached="77868" EstimatedAvailableDegreeOfParallelism="2" MaxCompileMemory="654432"></OptimizerHardwareDependentProperties><RelOp NodeId="0" PhysicalOp="Clustered Index Insert" LogicalOp="Insert" EstimateRows="1" EstimateIO="0.01" EstimateCPU="1e-06" AvgRowSize="9" EstimatedTotalSubtreeCost="0.0100023" Parallel="0" EstimateRebinds="0" EstimateRewinds="0" EstimatedExecutionMode="Row"><OutputList></OutputList><ScalarInsert DMLRequestSort="0"><DefinedValues><DefinedValue><ColumnReference Column="Expr1002"></ColumnReference><ScalarOperator ScalarString="newid()"><Intrinsic FunctionName="newid"></Intrinsic></ScalarOperator></DefinedValue><DefinedValue><ColumnReference Column="Expr1003"></ColumnReference><ScalarOperator ScalarString="getdate()"><Identifier><ColumnReference Column="ConstExpr1004"><ScalarOperator><Intrinsic FunctionName="getdate"></Intrinsic></ScalarOperator></ColumnReference></Identifier></ScalarOperator></DefinedValue></DefinedValues><Object Database="[PSYCHOLOGY_TEST_1]" Schema="[dbo]" Table="[T_TESTING_SCORE]" Index="[PK_T_TESTINNG_SCORE_1]" IndexKind="Clustered" Storage="RowStore"></Object><SetPredicate><ScalarOperator ScalarString="[PSYCHOLOGY_TEST_1].[dbo].[T_TESTING_SCORE].[T_TESTING_SCORE_ID] = RaiseIfNullInsert([Expr1002]),[PSYCHOLOGY_TEST_1].[dbo].[T_TESTING_SCORE].[SCORE] = RaiseIfNullInsert([@score]),[PSYCHOLOGY_TEST_1].[dbo].[T_TESTING_SCORE].[T_TESTING_STEP_ID] = RaiseIfNullInsert([@t_testing_step_id]),[PSYCHOLOGY_TEST_1].[dbo].[T_TESTING_SCORE].[OBJ_CREATED] = RaiseIfNullInsert([Expr1003])"><ScalarExpressionList><ScalarOperator><MultipleAssign><Assign><ColumnReference Database="[PSYCHOLOGY_TEST_1]" Schema="[dbo]" Table="[T_TESTING_SCORE]" Column="T_TESTING_SCORE_ID"></ColumnReference><ScalarOperator><Intrinsic FunctionName="RaiseIfNullInsert"><ScalarOperator><Identifier><ColumnReference Column="Expr1002"></ColumnReference></Identifier></ScalarOperator></Intrinsic></ScalarOperator></Assign><Assign><ColumnReference Database="[PSYCHOLOGY_TEST_1]" Schema="[dbo]" Table="[T_TESTING_SCORE]" Column="SCORE"></ColumnReference><ScalarOperator><Intrinsic FunctionName="RaiseIfNullInsert"><ScalarOperator><Identifier><ColumnReference Column="@score"></ColumnReference></Identifier></ScalarOperator></Intrinsic></ScalarOperator></Assign><Assign><ColumnReference Database="[PSYCHOLOGY_TEST_1]" Schema="[dbo]" Table="[T_TESTING_SCORE]" Column="T_TESTING_STEP_ID"></ColumnReference><ScalarOperator><Intrinsic FunctionName="RaiseIfNullInsert"><ScalarOperator><Identifier><ColumnReference Column="@t_testing_step_id"></ColumnReference></Identifier></ScalarOperator></Intrinsic></ScalarOperator></Assign><Assign><ColumnReference Database="[PSYCHOLOGY_TEST_1]" Schema="[dbo]" Table="[T_TESTING_SCORE]" Column="OBJ_CREATED"></ColumnReference><ScalarOperator><Intrinsic FunctionName="RaiseIfNullInsert"><ScalarOperator><Identifier><ColumnReference Column="Expr1003"></ColumnReference></Identifier></ScalarOperator></Intrinsic></ScalarOperator></Assign></MultipleAssign></ScalarOperator></ScalarExpressionList></ScalarOperator></SetPredicate></ScalarInsert></RelOp><ParameterList><ColumnReference Column="@t_testing_step_id" ParameterDataType="uniqueidentifier" ParameterCompiledValue="{guid&apos;E7FAB167-C47A-4865-A8AE-429FA778414C&apos;}"></ColumnReference><ColumnReference Column="@score" ParameterDataType="nvarchar(50)" ParameterCompiledValue="N&apos;a&apos;"></ColumnReference></ParameterList></QueryPlan></StmtSimple></Statements></Then><Else><Statements><StmtSimple StatementText="&#xd;&#xa;else &#xd;&#xa;update t_testing_score set score = @score&#xd;&#xa;where t_testing_score_id = @t_testing_score_id" StatementId="6" StatementCompId="9" StatementType="UPDATE" RetrievedFromCache="false" StatementSubTreeCost="0.0132841" StatementEstRows="1" SecurityPolicyApplied="false" StatementOptmLevel="TRIVIAL" QueryHash="0xE503003C986F57EF" QueryPlanHash="0x74DEF1D919DC0E92" CardinalityEstimationModelVersion="70"><StatementSetOptions QUOTED_IDENTIFIER="true" ARITHABORT="true" CONCAT_NULL_YIELDS_NULL="true" ANSI_NULLS="true" ANSI_PADDING="true" ANSI_WARNINGS="true" NUMERIC_ROUNDABORT="false"></StatementSetOptions><QueryPlan CachedPlanSize="16" CompileTime="2" CompileCPU="2" CompileMemory="216"><MemoryGrantInfo SerialRequiredMemory="0" SerialDesiredMemory="0" GrantedMemory="0" MaxUsedMemory="0"></MemoryGrantInfo><OptimizerHardwareDependentProperties EstimatedAvailableMemoryGrant="311472" EstimatedPagesCached="77868" EstimatedAvailableDegreeOfParallelism="2" MaxCompileMemory="654432"></OptimizerHardwareDependentProperties><RelOp NodeId="0" PhysicalOp="Clustered Index Update" LogicalOp="Update" EstimateRows="1" EstimateIO="0.01" EstimateCPU="1e-06" AvgRowSize="9" EstimatedTotalSubtreeCost="0.0132841" Parallel="0" EstimateRebinds="0" EstimateRewinds="0" EstimatedExecutionMode="Row"><OutputList></OutputList><SimpleUpdate DMLRequestSort="0"><Object Database="[PSYCHOLOGY_TEST_1]" Schema="[dbo]" Table="[T_TESTING_SCORE]" Index="[PK_T_TESTINNG_SCORE_1]" IndexKind="Clustered" Storage="RowStore"></Object><SeekPredicateNew><SeekKeys><Prefix ScanType="EQ"><RangeColumns><ColumnReference Database="[PSYCHOLOGY_TEST_1]" Schema="[dbo]" Table="[T_TESTING_SCORE]" Column="T_TESTING_SCORE_ID"></ColumnReference></RangeColumns><RangeExpressions><ScalarOperator ScalarString="[@t_testing_score_id]"><Identifier><ColumnReference Column="@t_testing_score_id"></ColumnReference></Identifier></ScalarOperator></RangeExpressions></Prefix></SeekKeys></SeekPredicateNew><SetPredicate><ScalarOperator ScalarString="[PSYCHOLOGY_TEST_1].[dbo].[T_TESTING_SCORE].[SCORE] = RaiseIfNullUpdate([@score])"><ScalarExpressionList><ScalarOperator><MultipleAssign><Assign><ColumnReference Database="[PSYCHOLOGY_TEST_1]" Schema="[dbo]" Table="[T_TESTING_SCORE]" Column="SCORE"></ColumnReference><ScalarOperator><Intrinsic FunctionName="RaiseIfNullUpdate"><ScalarOperator><Identifier><ColumnReference Column="@score"></ColumnReference></Identifier></ScalarOperator></Intrinsic></ScalarOperator></Assign></MultipleAssign></ScalarOperator></ScalarExpressionList></ScalarOperator></SetPredicate></SimpleUpdate></RelOp><ParameterList><ColumnReference Column="@score" ParameterDataType="nvarchar(50)" ParameterCompiledValue="N&apos;a&apos;"></ColumnReference></ParameterList></QueryPlan></StmtSimple></Statements></Else></StmtCond></Statements></StoredProc></StmtSimple></Statements></Batch></BatchSequence></ShowPlanXML>