<ShowPlanXML xmlns="http://schemas.microsoft.com/sqlserver/2004/07/showplan" Version="1.564" Build="16.0.1000.6"><BatchSequence><Batch><Statements><StmtSimple StatementText="exec selupd_1print" StatementId="1" StatementCompId="1" StatementType="EXECUTE PROC" RetrievedFromCache="false"><StoredProc ProcName="selupd_1print"><Statements><StmtSimple StatementText="&#xd;&#xa;CREATE procedure [dbo].[selupd_1print] &#xd;&#xa;as &#xd;&#xa;declare @t_testing_id uniqueidentifier&#xd;&#xa;declare @job_count int &#xd;&#xa;&#xd;&#xa;SET XACT_ABORT ON;&#xd;&#xa;&#xd;&#xa;" StatementId="2" StatementCompId="3" StatementType="SET ON/OFF" RetrievedFromCache="false"></StmtSimple><StmtSimple StatementText="set @t_testing_id= null&#xd;&#xa;" StatementId="3" StatementCompId="4" StatementType="ASSIGN" RetrievedFromCache="false"></StmtSimple><StmtSimple StatementText="set @job_count = null&#xd;&#xa;&#xd;&#xa;" StatementId="4" StatementCompId="5" StatementType="ASSIGN" RetrievedFromCache="false"></StmtSimple><StmtSimple StatementText="set @t_testing_id = (&#xd;&#xa;select  top 1  t.t_testing_id &#xd;&#xa;from t_testing t &#xd;&#xa;inner join t_testing_status ts &#xd;&#xa;on t.t_testing_status_id = ts.t_testing_status_id&#xd;&#xa;where ts.obj_name=&apos;ENDED&apos;&#xd;&#xa;and datepart(day,t.obj_created)=datepart(day,getdate())&#xd;&#xa;and datepart(month,t.obj_created)=datepart(month,getdate())&#xd;&#xa;and datepart(year,t.obj_created)=datepart(year,getdate())&#xd;&#xa;and t.print_count=0 &#xd;&#xa;order by t.obj_created &#xd;&#xa;)" StatementId="5" StatementCompId="6" StatementType="SELECT" RetrievedFromCache="false" StatementSubTreeCost="0.0103412" StatementEstRows="1" SecurityPolicyApplied="false" StatementOptmLevel="FULL" QueryHash="0x03664F2CAE512733" QueryPlanHash="0x8E1612618333FA89" StatementOptmEarlyAbortReason="GoodEnoughPlanFound" CardinalityEstimationModelVersion="70"><StatementSetOptions QUOTED_IDENTIFIER="true" ARITHABORT="true" CONCAT_NULL_YIELDS_NULL="true" ANSI_NULLS="true" ANSI_PADDING="true" ANSI_WARNINGS="true" NUMERIC_ROUNDABORT="false"></StatementSetOptions><QueryPlan CachedPlanSize="40" CompileTime="8" CompileCPU="8" CompileMemory="552"><MemoryGrantInfo SerialRequiredMemory="0" SerialDesiredMemory="0" GrantedMemory="0" MaxUsedMemory="0"></MemoryGrantInfo><OptimizerHardwareDependentProperties EstimatedAvailableMemoryGrant="311472" EstimatedPagesCached="77868" EstimatedAvailableDegreeOfParallelism="2" MaxCompileMemory="825824"></OptimizerHardwareDependentProperties><RelOp NodeId="0" PhysicalOp="Compute Scalar" LogicalOp="Compute Scalar" EstimateRows="1" EstimateIO="0" EstimateCPU="1e-07" AvgRowSize="23" EstimatedTotalSubtreeCost="0.0103412" Parallel="0" EstimateRebinds="0" EstimateRewinds="0" EstimatedExecutionMode="Row"><OutputList><ColumnReference Column="Expr1003"></ColumnReference></OutputList><ComputeScalar><DefinedValues><DefinedValue><ColumnReference Column="Expr1003"></ColumnReference><ScalarOperator ScalarString="[PSYCHOLOGY_TEST_1].[dbo].[T_TESTING].[T_TESTING_ID] as [t].[T_TESTING_ID]"><Identifier><ColumnReference Database="[PSYCHOLOGY_TEST_1]" Schema="[dbo]" Table="[T_TESTING]" Alias="[t]" Column="T_TESTING_ID"></ColumnReference></Identifier></ScalarOperator></DefinedValue></DefinedValues><RelOp NodeId="1" PhysicalOp="Nested Loops" LogicalOp="Left Outer Join" EstimateRows="1" EstimateIO="0" EstimateCPU="4.18e-06" AvgRowSize="23" EstimatedTotalSubtreeCost="0.0103411" Parallel="0" EstimateRebinds="0" EstimateRewinds="0" EstimatedExecutionMode="Row"><OutputList><ColumnReference Database="[PSYCHOLOGY_TEST_1]" Schema="[dbo]" Table="[T_TESTING]" Alias="[t]" Column="T_TESTING_ID"></ColumnReference></OutputList><NestedLoops Optimized="0"><RelOp NodeId="2" PhysicalOp="Constant Scan" LogicalOp="Constant Scan" EstimateRows="1" EstimateIO="0" EstimateCPU="1.157e-06" AvgRowSize="9" EstimatedTotalSubtreeCost="1.157e-06" Parallel="0" EstimateRebinds="0" EstimateRewinds="0" EstimatedExecutionMode="Row"><OutputList></OutputList><ConstantScan></ConstantScan></RelOp><RelOp NodeId="3" PhysicalOp="Top" LogicalOp="Top" EstimateRows="1" EstimateIO="0" EstimateCPU="1e-07" AvgRowSize="23" EstimatedTotalSubtreeCost="0.0103358" Parallel="0" EstimateRebinds="0" EstimateRewinds="0" EstimatedExecutionMode="Row"><OutputList><ColumnReference Database="[PSYCHOLOGY_TEST_1]" Schema="[dbo]" Table="[T_TESTING]" Alias="[t]" Column="T_TESTING_ID"></ColumnReference></OutputList><Top RowCount="0" IsPercent="0" WithTies="0"><TopExpression><ScalarOperator ScalarString="(1)"><Const ConstValue="(1)"></Const></ScalarOperator></TopExpression><RelOp NodeId="4" PhysicalOp="Nested Loops" LogicalOp="Inner Join" EstimateRows="1" EstimateIO="0" EstimateCPU="4.18e-06" AvgRowSize="31" EstimatedTotalSubtreeCost="0.0103357" Parallel="0" EstimateRebinds="0" EstimateRewinds="0" EstimatedExecutionMode="Row"><OutputList><ColumnReference Database="[PSYCHOLOGY_TEST_1]" Schema="[dbo]" Table="[T_TESTING]" Alias="[t]" Column="OBJ_CREATED"></ColumnReference><ColumnReference Database="[PSYCHOLOGY_TEST_1]" Schema="[dbo]" Table="[T_TESTING]" Alias="[t]" Column="T_TESTING_ID"></ColumnReference></OutputList><NestedLoops Optimized="0"><OuterReferences><ColumnReference Database="[PSYCHOLOGY_TEST_1]" Schema="[dbo]" Table="[T_TESTING]" Alias="[t]" Column="T_TESTING_STATUS_ID"></ColumnReference></OuterReferences><RelOp NodeId="6" PhysicalOp="Nested Loops" LogicalOp="Inner Join" EstimateRows="1" EstimateIO="0" EstimateCPU="4.18e-06" AvgRowSize="39" EstimatedTotalSubtreeCost="0.00704736" Parallel="0" EstimateRebinds="0" EstimateRewinds="0" EstimatedExecutionMode="Row"><OutputList><ColumnReference Database="[PSYCHOLOGY_TEST_1]" Schema="[dbo]" Table="[T_TESTING]" Alias="[t]" Column="OBJ_CREATED"></ColumnReference><ColumnReference Database="[PSYCHOLOGY_TEST_1]" Schema="[dbo]" Table="[T_TESTING]" Alias="[t]" Column="T_TESTING_ID"></ColumnReference><ColumnReference Database="[PSYCHOLOGY_TEST_1]" Schema="[dbo]" Table="[T_TESTING]" Alias="[t]" Column="T_TESTING_STATUS_ID"></ColumnReference></OutputList><NestedLoops Optimized="0"><OuterReferences><ColumnReference Database="[PSYCHOLOGY_TEST_1]" Schema="[dbo]" Table="[T_TESTING]" Alias="[t]" Column="T_TESTING_ID"></ColumnReference></OuterReferences><RelOp NodeId="7" PhysicalOp="Index Scan" LogicalOp="Index Scan" EstimateRows="1" EstimatedRowsRead="166" EstimateIO="0.003125" EstimateCPU="0.0003396" AvgRowSize="31" EstimatedTotalSubtreeCost="0.0034646" TableCardinality="166" Parallel="0" EstimateRebinds="0" EstimateRewinds="0" EstimatedExecutionMode="Row"><OutputList><ColumnReference Database="[PSYCHOLOGY_TEST_1]" Schema="[dbo]" Table="[T_TESTING]" Alias="[t]" Column="OBJ_CREATED"></ColumnReference><ColumnReference Database="[PSYCHOLOGY_TEST_1]" Schema="[dbo]" Table="[T_TESTING]" Alias="[t]" Column="T_TESTING_ID"></ColumnReference></OutputList><IndexScan Ordered="1" ScanDirection="FORWARD" ForcedIndex="0" ForceSeek="0" ForceScan="0" NoExpandHint="0" Storage="RowStore"><DefinedValues><DefinedValue><ColumnReference Database="[PSYCHOLOGY_TEST_1]" Schema="[dbo]" Table="[T_TESTING]" Alias="[t]" Column="OBJ_CREATED"></ColumnReference></DefinedValue><DefinedValue><ColumnReference Database="[PSYCHOLOGY_TEST_1]" Schema="[dbo]" Table="[T_TESTING]" Alias="[t]" Column="T_TESTING_ID"></ColumnReference></DefinedValue></DefinedValues><Object Database="[PSYCHOLOGY_TEST_1]" Schema="[dbo]" Table="[T_TESTING]" Index="[testing_objdate]" Alias="[t]" IndexKind="NonClustered" Storage="RowStore"></Object><Predicate><ScalarOperator ScalarString="datepart(day,[PSYCHOLOGY_TEST_1].[dbo].[T_TESTING].[OBJ_CREATED] as [t].[OBJ_CREATED])=datepart(day,getdate()) AND datepart(month,[PSYCHOLOGY_TEST_1].[dbo].[T_TESTING].[OBJ_CREATED] as [t].[OBJ_CREATED])=datepart(month,getdate()) AND datepart(year,[PSYCHOLOGY_TEST_1].[dbo].[T_TESTING].[OBJ_CREATED] as [t].[OBJ_CREATED])=datepart(year,getdate())"><Logical Operation="AND"><ScalarOperator><Compare CompareOp="EQ"><ScalarOperator><Intrinsic FunctionName="datepart"><ScalarOperator><Const ConstValue="(4)"></Const></ScalarOperator><ScalarOperator><Identifier><ColumnReference Database="[PSYCHOLOGY_TEST_1]" Schema="[dbo]" Table="[T_TESTING]" Alias="[t]" Column="OBJ_CREATED"></ColumnReference></Identifier></ScalarOperator></Intrinsic></ScalarOperator><ScalarOperator><Identifier><ColumnReference Column="ConstExpr1004"><ScalarOperator><Intrinsic FunctionName="datepart"><ScalarOperator><Const ConstValue="(4)"></Const></ScalarOperator><ScalarOperator><Intrinsic FunctionName="getdate"></Intrinsic></ScalarOperator></Intrinsic></ScalarOperator></ColumnReference></Identifier></ScalarOperator></Compare></ScalarOperator><ScalarOperator><Compare CompareOp="EQ"><ScalarOperator><Intrinsic FunctionName="datepart"><ScalarOperator><Const ConstValue="(2)"></Const></ScalarOperator><ScalarOperator><Identifier><ColumnReference Database="[PSYCHOLOGY_TEST_1]" Schema="[dbo]" Table="[T_TESTING]" Alias="[t]" Column="OBJ_CREATED"></ColumnReference></Identifier></ScalarOperator></Intrinsic></ScalarOperator><ScalarOperator><Identifier><ColumnReference Column="ConstExpr1005"><ScalarOperator><Intrinsic FunctionName="datepart"><ScalarOperator><Const ConstValue="(2)"></Const></ScalarOperator><ScalarOperator><Intrinsic FunctionName="getdate"></Intrinsic></ScalarOperator></Intrinsic></ScalarOperator></ColumnReference></Identifier></ScalarOperator></Compare></ScalarOperator><ScalarOperator><Compare CompareOp="EQ"><ScalarOperator><Intrinsic FunctionName="datepart"><ScalarOperator><Const ConstValue="(0)"></Const></ScalarOperator><ScalarOperator><Identifier><ColumnReference Database="[PSYCHOLOGY_TEST_1]" Schema="[dbo]" Table="[T_TESTING]" Alias="[t]" Column="OBJ_CREATED"></ColumnReference></Identifier></ScalarOperator></Intrinsic></ScalarOperator><ScalarOperator><Identifier><ColumnReference Column="ConstExpr1006"><ScalarOperator><Intrinsic FunctionName="datepart"><ScalarOperator><Const ConstValue="(0)"></Const></ScalarOperator><ScalarOperator><Intrinsic FunctionName="getdate"></Intrinsic></ScalarOperator></Intrinsic></ScalarOperator></ColumnReference></Identifier></ScalarOperator></Compare></ScalarOperator></Logical></ScalarOperator></Predicate></IndexScan></RelOp><RelOp NodeId="9" PhysicalOp="Clustered Index Seek" LogicalOp="Clustered Index Seek" EstimateRows="1" EstimateIO="0.003125" EstimateCPU="0.0001581" AvgRowSize="15" EstimatedTotalSubtreeCost="0.0032831" TableCardinality="166" Parallel="0" EstimateRebinds="0" EstimateRewinds="0" EstimatedExecutionMode="Row"><OutputList><ColumnReference Database="[PSYCHOLOGY_TEST_1]" Schema="[dbo]" Table="[T_TESTING]" Alias="[t]" Column="T_TESTING_STATUS_ID"></ColumnReference></OutputList><IndexScan Lookup="1" Ordered="1" ScanDirection="FORWARD" ForcedIndex="0" ForceSeek="0" ForceScan="0" NoExpandHint="0" Storage="RowStore"><DefinedValues><DefinedValue><ColumnReference Database="[PSYCHOLOGY_TEST_1]" Schema="[dbo]" Table="[T_TESTING]" Alias="[t]" Column="T_TESTING_STATUS_ID"></ColumnReference></DefinedValue></DefinedValues><Object Database="[PSYCHOLOGY_TEST_1]" Schema="[dbo]" Table="[T_TESTING]" Index="[PK_T_TESTING]" Alias="[t]" TableReferenceId="-1" IndexKind="Clustered" Storage="RowStore"></Object><SeekPredicates><SeekPredicateNew><SeekKeys><Prefix ScanType="EQ"><RangeColumns><ColumnReference Database="[PSYCHOLOGY_TEST_1]" Schema="[dbo]" Table="[T_TESTING]" Alias="[t]" Column="T_TESTING_ID"></ColumnReference></RangeColumns><RangeExpressions><ScalarOperator ScalarString="[PSYCHOLOGY_TEST_1].[dbo].[T_TESTING].[T_TESTING_ID] as [t].[T_TESTING_ID]"><Identifier><ColumnReference Database="[PSYCHOLOGY_TEST_1]" Schema="[dbo]" Table="[T_TESTING]" Alias="[t]" Column="T_TESTING_ID"></ColumnReference></Identifier></ScalarOperator></RangeExpressions></Prefix></SeekKeys></SeekPredicateNew></SeekPredicates><Predicate><ScalarOperator ScalarString="[PSYCHOLOGY_TEST_1].[dbo].[T_TESTING].[print_count] as [t].[print_count]=(0)"><Compare CompareOp="EQ"><ScalarOperator><Identifier><ColumnReference Database="[PSYCHOLOGY_TEST_1]" Schema="[dbo]" Table="[T_TESTING]" Alias="[t]" Column="print_count"></ColumnReference></Identifier></ScalarOperator><ScalarOperator><Const ConstValue="(0)"></Const></ScalarOperator></Compare></ScalarOperator></Predicate></IndexScan></RelOp></NestedLoops></RelOp><RelOp NodeId="10" PhysicalOp="Clustered Index Seek" LogicalOp="Clustered Index Seek" EstimateRows="1" EstimatedRowsRead="1" EstimateIO="0.003125" EstimateCPU="0.0001581" AvgRowSize="28" EstimatedTotalSubtreeCost="0.0032831" TableCardinality="6" Parallel="0" EstimateRebinds="0" EstimateRewinds="0" EstimatedExecutionMode="Row"><OutputList></OutputList><IndexScan Ordered="1" ScanDirection="FORWARD" ForcedIndex="0" ForceSeek="0" ForceScan="0" NoExpandHint="0" Storage="RowStore"><DefinedValues></DefinedValues><Object Database="[PSYCHOLOGY_TEST_1]" Schema="[dbo]" Table="[T_TESTING_STATUS]" Index="[PK_T_TESTING_STATUS]" Alias="[ts]" IndexKind="Clustered" Storage="RowStore"></Object><SeekPredicates><SeekPredicateNew><SeekKeys><Prefix ScanType="EQ"><RangeColumns><ColumnReference Database="[PSYCHOLOGY_TEST_1]" Schema="[dbo]" Table="[T_TESTING_STATUS]" Alias="[ts]" Column="T_TESTING_STATUS_ID"></ColumnReference></RangeColumns><RangeExpressions><ScalarOperator ScalarString="[PSYCHOLOGY_TEST_1].[dbo].[T_TESTING].[T_TESTING_STATUS_ID] as [t].[T_TESTING_STATUS_ID]"><Identifier><ColumnReference Database="[PSYCHOLOGY_TEST_1]" Schema="[dbo]" Table="[T_TESTING]" Alias="[t]" Column="T_TESTING_STATUS_ID"></ColumnReference></Identifier></ScalarOperator></RangeExpressions></Prefix></SeekKeys></SeekPredicateNew></SeekPredicates><Predicate><ScalarOperator ScalarString="[PSYCHOLOGY_TEST_1].[dbo].[T_TESTING_STATUS].[OBJ_NAME] as [ts].[OBJ_NAME]=N&apos;ENDED&apos;"><Compare CompareOp="EQ"><ScalarOperator><Identifier><ColumnReference Database="[PSYCHOLOGY_TEST_1]" Schema="[dbo]" Table="[T_TESTING_STATUS]" Alias="[ts]" Column="OBJ_NAME"></ColumnReference></Identifier></ScalarOperator><ScalarOperator><Const ConstValue="N&apos;ENDED&apos;"></Const></ScalarOperator></Compare></ScalarOperator></Predicate></IndexScan></RelOp></NestedLoops></RelOp></Top></RelOp></NestedLoops></RelOp></ComputeScalar></RelOp></QueryPlan></StmtSimple><StmtSimple StatementText="&#xd;&#xa;&#xd;&#xa;&#xd;&#xa;set @job_count = (&#xd;&#xa;select  count(t.t_testing_id) &#xd;&#xa;from t_testing t &#xd;&#xa;inner join t_testing_status ts &#xd;&#xa;on t.t_testing_status_id = ts.t_testing_status_id&#xd;&#xa;where ts.obj_name=&apos;ENDED&apos;&#xd;&#xa;and datepart(day,t.obj_created)=datepart(day,getdate())&#xd;&#xa;and datepart(month,t.obj_created)=datepart(month,getdate())&#xd;&#xa;and datepart(year,t.obj_created)=datepart(year,getdate())&#xd;&#xa;and t.print_count=0 &#xd;&#xa;)" StatementId="6" StatementCompId="7" StatementType="SELECT" RetrievedFromCache="false" StatementSubTreeCost="0.00923806" StatementEstRows="1" SecurityPolicyApplied="false" StatementOptmLevel="FULL" QueryHash="0xBCE76BC608AD58C9" QueryPlanHash="0xC96F6290B3967584" StatementOptmEarlyAbortReason="GoodEnoughPlanFound" CardinalityEstimationModelVersion="70"><StatementSetOptions QUOTED_IDENTIFIER="true" ARITHABORT="true" CONCAT_NULL_YIELDS_NULL="true" ANSI_NULLS="true" ANSI_PADDING="true" ANSI_WARNINGS="true" NUMERIC_ROUNDABORT="false"></StatementSetOptions><QueryPlan CachedPlanSize="32" CompileTime="9" CompileCPU="9" CompileMemory="560"><MemoryGrantInfo SerialRequiredMemory="0" SerialDesiredMemory="0" GrantedMemory="0" MaxUsedMemory="0"></MemoryGrantInfo><OptimizerHardwareDependentProperties EstimatedAvailableMemoryGrant="311472" EstimatedPagesCached="77868" EstimatedAvailableDegreeOfParallelism="2" MaxCompileMemory="825824"></OptimizerHardwareDependentProperties><RelOp NodeId="0" PhysicalOp="Compute Scalar" LogicalOp="Compute Scalar" EstimateRows="1" EstimateIO="0" EstimateCPU="1e-07" AvgRowSize="11" EstimatedTotalSubtreeCost="0.00923806" Parallel="0" EstimateRebinds="0" EstimateRewinds="0" EstimatedExecutionMode="Row"><OutputList><ColumnReference Column="Expr1004"></ColumnReference></OutputList><ComputeScalar><DefinedValues><DefinedValue><ColumnReference Column="Expr1004"></ColumnReference><ScalarOperator ScalarString="[Expr1002]"><Identifier><ColumnReference Column="Expr1002"></ColumnReference></Identifier></ScalarOperator></DefinedValue></DefinedValues><RelOp NodeId="1" PhysicalOp="Compute Scalar" LogicalOp="Compute Scalar" EstimateRows="1" EstimateIO="0" EstimateCPU="0" AvgRowSize="11" EstimatedTotalSubtreeCost="0.00923796" Parallel="0" EstimateRebinds="0" EstimateRewinds="0" EstimatedExecutionMode="Row"><OutputList><ColumnReference Column="Expr1002"></ColumnReference></OutputList><ComputeScalar><DefinedValues><DefinedValue><ColumnReference Column="Expr1002"></ColumnReference><ScalarOperator ScalarString="CONVERT_IMPLICIT(int,[Expr1013],0)"><Convert DataType="int" Style="0" Implicit="1"><ScalarOperator><Identifier><ColumnReference Column="Expr1013"></ColumnReference></Identifier></ScalarOperator></Convert></ScalarOperator></DefinedValue></DefinedValues><RelOp NodeId="2" PhysicalOp="Stream Aggregate" LogicalOp="Aggregate" EstimateRows="1" EstimateIO="0" EstimateCPU="1.1e-06" AvgRowSize="11" EstimatedTotalSubtreeCost="0.00923796" Parallel="0" EstimateRebinds="0" EstimateRewinds="0" EstimatedExecutionMode="Row"><OutputList><ColumnReference Column="Expr1013"></ColumnReference></OutputList><StreamAggregate><DefinedValues><DefinedValue><ColumnReference Column="Expr1013"></ColumnReference><ScalarOperator ScalarString="Count(*)"><Aggregate AggType="countstar" Distinct="0"></Aggregate></ScalarOperator></DefinedValue></DefinedValues><RelOp NodeId="3" PhysicalOp="Nested Loops" LogicalOp="Inner Join" EstimateRows="1" EstimateIO="0" EstimateCPU="4.18e-06" AvgRowSize="9" EstimatedTotalSubtreeCost="0.00923686" Parallel="0" EstimateRebinds="0" EstimateRewinds="0" EstimatedExecutionMode="Row"><OutputList></OutputList><NestedLoops Optimized="0"><OuterReferences><ColumnReference Database="[PSYCHOLOGY_TEST_1]" Schema="[dbo]" Table="[T_TESTING]" Alias="[t]" Column="T_TESTING_STATUS_ID"></ColumnReference></OuterReferences><RelOp NodeId="5" PhysicalOp="Clustered Index Scan" LogicalOp="Clustered Index Scan" EstimateRows="1" EstimatedRowsRead="166" EstimateIO="0.00534722" EstimateCPU="0.0003396" AvgRowSize="23" EstimatedTotalSubtreeCost="0.00568682" TableCardinality="166" Parallel="0" EstimateRebinds="0" EstimateRewinds="0" EstimatedExecutionMode="Row"><OutputList><ColumnReference Database="[PSYCHOLOGY_TEST_1]" Schema="[dbo]" Table="[T_TESTING]" Alias="[t]" Column="T_TESTING_STATUS_ID"></ColumnReference></OutputList><IndexScan Ordered="0" ForcedIndex="0" ForceScan="0" NoExpandHint="0" Storage="RowStore"><DefinedValues><DefinedValue><ColumnReference Database="[PSYCHOLOGY_TEST_1]" Schema="[dbo]" Table="[T_TESTING]" Alias="[t]" Column="T_TESTING_STATUS_ID"></ColumnReference></DefinedValue></DefinedValues><Object Database="[PSYCHOLOGY_TEST_1]" Schema="[dbo]" Table="[T_TESTING]" Index="[PK_T_TESTING]" Alias="[t]" IndexKind="Clustered" Storage="RowStore"></Object><Predicate><ScalarOperator ScalarString="[PSYCHOLOGY_TEST_1].[dbo].[T_TESTING].[print_count] as [t].[print_count]=(0) AND datepart(day,[PSYCHOLOGY_TEST_1].[dbo].[T_TESTING].[OBJ_CREATED] as [t].[OBJ_CREATED])=datepart(day,getdate()) AND datepart(month,[PSYCHOLOGY_TEST_1].[dbo].[T_TESTING].[OBJ_CREATED] as [t].[OBJ_CREATED])=datepart(month,getdate()) AND datepart(year,[PSYCHOLOGY_TEST_1].[dbo].[T_TESTING].[OBJ_CREATED] as [t].[OBJ_CREATED])=datepart(year,getdate())"><Logical Operation="AND"><ScalarOperator><Compare CompareOp="EQ"><ScalarOperator><Identifier><ColumnReference Database="[PSYCHOLOGY_TEST_1]" Schema="[dbo]" Table="[T_TESTING]" Alias="[t]" Column="print_count"></ColumnReference></Identifier></ScalarOperator><ScalarOperator><Const ConstValue="(0)"></Const></ScalarOperator></Compare></ScalarOperator><ScalarOperator><Compare CompareOp="EQ"><ScalarOperator><Intrinsic FunctionName="datepart"><ScalarOperator><Const ConstValue="(4)"></Const></ScalarOperator><ScalarOperator><Identifier><ColumnReference Database="[PSYCHOLOGY_TEST_1]" Schema="[dbo]" Table="[T_TESTING]" Alias="[t]" Column="OBJ_CREATED"></ColumnReference></Identifier></ScalarOperator></Intrinsic></ScalarOperator><ScalarOperator><Identifier><ColumnReference Column="ConstExpr1005"><ScalarOperator><Intrinsic FunctionName="datepart"><ScalarOperator><Const ConstValue="(4)"></Const></ScalarOperator><ScalarOperator><Intrinsic FunctionName="getdate"></Intrinsic></ScalarOperator></Intrinsic></ScalarOperator></ColumnReference></Identifier></ScalarOperator></Compare></ScalarOperator><ScalarOperator><Compare CompareOp="EQ"><ScalarOperator><Intrinsic FunctionName="datepart"><ScalarOperator><Const ConstValue="(2)"></Const></ScalarOperator><ScalarOperator><Identifier><ColumnReference Database="[PSYCHOLOGY_TEST_1]" Schema="[dbo]" Table="[T_TESTING]" Alias="[t]" Column="OBJ_CREATED"></ColumnReference></Identifier></ScalarOperator></Intrinsic></ScalarOperator><ScalarOperator><Identifier><ColumnReference Column="ConstExpr1006"><ScalarOperator><Intrinsic FunctionName="datepart"><ScalarOperator><Const ConstValue="(2)"></Const></ScalarOperator><ScalarOperator><Intrinsic FunctionName="getdate"></Intrinsic></ScalarOperator></Intrinsic></ScalarOperator></ColumnReference></Identifier></ScalarOperator></Compare></ScalarOperator><ScalarOperator><Compare CompareOp="EQ"><ScalarOperator><Intrinsic FunctionName="datepart"><ScalarOperator><Const ConstValue="(0)"></Const></ScalarOperator><ScalarOperator><Identifier><ColumnReference Database="[PSYCHOLOGY_TEST_1]" Schema="[dbo]" Table="[T_TESTING]" Alias="[t]" Column="OBJ_CREATED"></ColumnReference></Identifier></ScalarOperator></Intrinsic></ScalarOperator><ScalarOperator><Identifier><ColumnReference Column="ConstExpr1007"><ScalarOperator><Intrinsic FunctionName="datepart"><ScalarOperator><Const ConstValue="(0)"></Const></ScalarOperator><ScalarOperator><Intrinsic FunctionName="getdate"></Intrinsic></ScalarOperator></Intrinsic></ScalarOperator></ColumnReference></Identifier></ScalarOperator></Compare></ScalarOperator></Logical></ScalarOperator></Predicate></IndexScan></RelOp><RelOp NodeId="6" PhysicalOp="Clustered Index Seek" LogicalOp="Clustered Index Seek" EstimateRows="1" EstimatedRowsRead="1" EstimateIO="0.003125" EstimateCPU="0.0001581" AvgRowSize="28" EstimatedTotalSubtreeCost="0.0032831" TableCardinality="6" Parallel="0" EstimateRebinds="0" EstimateRewinds="0" EstimatedExecutionMode="Row"><OutputList></OutputList><IndexScan Ordered="1" ScanDirection="FORWARD" ForcedIndex="0" ForceSeek="0" ForceScan="0" NoExpandHint="0" Storage="RowStore"><DefinedValues></DefinedValues><Object Database="[PSYCHOLOGY_TEST_1]" Schema="[dbo]" Table="[T_TESTING_STATUS]" Index="[PK_T_TESTING_STATUS]" Alias="[ts]" IndexKind="Clustered" Storage="RowStore"></Object><SeekPredicates><SeekPredicateNew><SeekKeys><Prefix ScanType="EQ"><RangeColumns><ColumnReference Database="[PSYCHOLOGY_TEST_1]" Schema="[dbo]" Table="[T_TESTING_STATUS]" Alias="[ts]" Column="T_TESTING_STATUS_ID"></ColumnReference></RangeColumns><RangeExpressions><ScalarOperator ScalarString="[PSYCHOLOGY_TEST_1].[dbo].[T_TESTING].[T_TESTING_STATUS_ID] as [t].[T_TESTING_STATUS_ID]"><Identifier><ColumnReference Database="[PSYCHOLOGY_TEST_1]" Schema="[dbo]" Table="[T_TESTING]" Alias="[t]" Column="T_TESTING_STATUS_ID"></ColumnReference></Identifier></ScalarOperator></RangeExpressions></Prefix></SeekKeys></SeekPredicateNew></SeekPredicates><Predicate><ScalarOperator ScalarString="[PSYCHOLOGY_TEST_1].[dbo].[T_TESTING_STATUS].[OBJ_NAME] as [ts].[OBJ_NAME]=N&apos;ENDED&apos;"><Compare CompareOp="EQ"><ScalarOperator><Identifier><ColumnReference Database="[PSYCHOLOGY_TEST_1]" Schema="[dbo]" Table="[T_TESTING_STATUS]" Alias="[ts]" Column="OBJ_NAME"></ColumnReference></Identifier></ScalarOperator><ScalarOperator><Const ConstValue="N&apos;ENDED&apos;"></Const></ScalarOperator></Compare></ScalarOperator></Predicate></IndexScan></RelOp></NestedLoops></RelOp></StreamAggregate></RelOp></ComputeScalar></RelOp></ComputeScalar></RelOp></QueryPlan></StmtSimple><StmtSimple StatementText="&#xd;&#xa;&#xd;&#xa;select @t_testing_id as t_testing_id,@job_count as job_count" StatementId="7" StatementCompId="8" StatementType="SELECT WITHOUT QUERY" RetrievedFromCache="false"></StmtSimple><StmtSimple StatementText="&#xd;&#xa;&#xd;&#xa;SET XACT_ABORT OFF;&#xd;&#xa; &#xd;&#xa;&#xd;&#xa;" StatementId="8" StatementCompId="9" StatementType="SET ON/OFF" RetrievedFromCache="false"></StmtSimple></Statements></StoredProc></StmtSimple></Statements></Batch></BatchSequence></ShowPlanXML>