<ShowPlanXML xmlns="http://schemas.microsoft.com/sqlserver/2004/07/showplan" Version="1.564" Build="16.0.1000.6"><BatchSequence><Batch><Statements><StmtSimple StatementText="exec stat_change_prepared  &apos;E7FAB167-C47A-4865-A8AE-429FA778414C&apos;" StatementId="1" StatementCompId="1" StatementType="EXECUTE PROC" RetrievedFromCache="false"><StoredProc ProcName="stat_change_prepared"><Statements><StmtSimple StatementText="create procedure stat_change_prepared&#xd;&#xa;@t_testing_id uniqueidentifier &#xd;&#xa;&#xd;&#xa;as &#xd;&#xa;&#xd;&#xa;update t_testing&#xd;&#xa;set &#xd;&#xa;introduction_viewed=&apos;y&apos;,&#xd;&#xa;t_testing_status_id = 5&#xd;&#xa;where t_testing_id = @t_testing_id&#xd;&#xa;and t_testing_status_id=4" StatementId="2" StatementCompId="3" StatementType="UPDATE" RetrievedFromCache="false" StatementSubTreeCost="0.0165718" StatementEstRows="1" SecurityPolicyApplied="false" StatementOptmLevel="TRIVIAL" QueryHash="0xCDA325C05F985280" QueryPlanHash="0x439D2765E4C10E49" CardinalityEstimationModelVersion="70"><StatementSetOptions QUOTED_IDENTIFIER="true" ARITHABORT="true" CONCAT_NULL_YIELDS_NULL="true" ANSI_NULLS="true" ANSI_PADDING="true" ANSI_WARNINGS="true" NUMERIC_ROUNDABORT="false"></StatementSetOptions><QueryPlan CachedPlanSize="32" CompileTime="6" CompileCPU="6" CompileMemory="344"><MemoryGrantInfo SerialRequiredMemory="0" SerialDesiredMemory="0" GrantedMemory="0" MaxUsedMemory="0"></MemoryGrantInfo><OptimizerHardwareDependentProperties EstimatedAvailableMemoryGrant="311472" EstimatedPagesCached="77868" EstimatedAvailableDegreeOfParallelism="2" MaxCompileMemory="8312"></OptimizerHardwareDependentProperties><RelOp NodeId="1" PhysicalOp="Assert" LogicalOp="Assert" EstimateRows="1" EstimateIO="0" EstimateCPU="1.8e-07" AvgRowSize="9" EstimatedTotalSubtreeCost="0.0165718" Parallel="0" EstimateRebinds="0" EstimateRewinds="0" EstimatedExecutionMode="Row"><OutputList></OutputList><Assert StartupExpression="0"><RelOp NodeId="2" PhysicalOp="Nested Loops" LogicalOp="Left Semi Join" EstimateRows="1" EstimateIO="0" EstimateCPU="4.18e-06" AvgRowSize="9" EstimatedTotalSubtreeCost="0.0165717" Parallel="0" EstimateRebinds="0" EstimateRewinds="0" EstimatedExecutionMode="Row"><OutputList><ColumnReference Column="Expr1016"></ColumnReference></OutputList><NestedLoops Optimized="0"><DefinedValues><DefinedValue><ColumnReference Column="Expr1016"></ColumnReference></DefinedValue></DefinedValues><OuterReferences><ColumnReference Database="[PSYCHOLOGY_TEST_1]" Schema="[dbo]" Table="[T_TESTING]" Column="T_TESTING_STATUS_ID"></ColumnReference></OuterReferences><ProbeColumn><ColumnReference Column="Expr1016"></ColumnReference></ProbeColumn><RelOp NodeId="3" PhysicalOp="Clustered Index Update" LogicalOp="Update" EstimateRows="1" EstimateIO="0.01" EstimateCPU="1e-06" AvgRowSize="11" EstimatedTotalSubtreeCost="0.0132844" Parallel="0" EstimateRebinds="0" EstimateRewinds="0" EstimatedExecutionMode="Row"><OutputList><ColumnReference Database="[PSYCHOLOGY_TEST_1]" Schema="[dbo]" Table="[T_TESTING]" Column="T_TESTING_STATUS_ID"></ColumnReference></OutputList><Update DMLRequestSort="0"><Object Database="[PSYCHOLOGY_TEST_1]" Schema="[dbo]" Table="[T_TESTING]" Index="[PK_T_TESTING]" IndexKind="Clustered" Storage="RowStore"></Object><SetPredicate><ScalarOperator ScalarString="[PSYCHOLOGY_TEST_1].[dbo].[T_TESTING].[INTRODUCTION_VIEWED] = [Expr1002],[PSYCHOLOGY_TEST_1].[dbo].[T_TESTING].[T_TESTING_STATUS_ID] = [Expr1003]"><ScalarExpressionList><ScalarOperator><MultipleAssign><Assign><ColumnReference Database="[PSYCHOLOGY_TEST_1]" Schema="[dbo]" Table="[T_TESTING]" Column="INTRODUCTION_VIEWED"></ColumnReference><ScalarOperator><Identifier><ColumnReference Column="Expr1002"></ColumnReference></Identifier></ScalarOperator></Assign><Assign><ColumnReference Database="[PSYCHOLOGY_TEST_1]" Schema="[dbo]" Table="[T_TESTING]" Column="T_TESTING_STATUS_ID"></ColumnReference><ScalarOperator><Identifier><ColumnReference Column="Expr1003"></ColumnReference></Identifier></ScalarOperator></Assign></MultipleAssign></ScalarOperator></ScalarExpressionList></ScalarOperator></SetPredicate><RelOp NodeId="4" PhysicalOp="Compute Scalar" LogicalOp="Compute Scalar" EstimateRows="1" EstimateIO="0" EstimateCPU="1e-07" AvgRowSize="28" EstimatedTotalSubtreeCost="0.00328338" Parallel="0" EstimateRebinds="0" EstimateRewinds="0" EstimatedExecutionMode="Row"><OutputList><ColumnReference Database="[PSYCHOLOGY_TEST_1]" Schema="[dbo]" Table="[T_TESTING]" Column="T_TESTING_ID"></ColumnReference><ColumnReference Column="Expr1002"></ColumnReference><ColumnReference Column="Expr1003"></ColumnReference></OutputList><ComputeScalar><DefinedValues><DefinedValue><ColumnReference Column="Expr1002"></ColumnReference><ScalarOperator ScalarString="&apos;y&apos;"><Const ConstValue="&apos;y&apos;"></Const></ScalarOperator></DefinedValue><DefinedValue><ColumnReference Column="Expr1003"></ColumnReference><ScalarOperator ScalarString="(5)"><Const ConstValue="(5)"></Const></ScalarOperator></DefinedValue></DefinedValues><RelOp NodeId="5" PhysicalOp="Clustered Index Seek" LogicalOp="Clustered Index Seek" EstimateRows="1" EstimatedRowsRead="1" EstimateIO="0.003125" EstimateCPU="0.0001581" AvgRowSize="27" EstimatedTotalSubtreeCost="0.0032831" TableCardinality="166" Parallel="0" EstimateRebinds="0" EstimateRewinds="0" EstimatedExecutionMode="Row"><OutputList><ColumnReference Database="[PSYCHOLOGY_TEST_1]" Schema="[dbo]" Table="[T_TESTING]" Column="T_TESTING_ID"></ColumnReference></OutputList><IndexScan Ordered="1" ScanDirection="FORWARD" ForcedIndex="0" ForceSeek="0" ForceScan="0" NoExpandHint="0" Storage="RowStore"><DefinedValues><DefinedValue><ColumnReference Database="[PSYCHOLOGY_TEST_1]" Schema="[dbo]" Table="[T_TESTING]" Column="T_TESTING_ID"></ColumnReference></DefinedValue></DefinedValues><Object Database="[PSYCHOLOGY_TEST_1]" Schema="[dbo]" Table="[T_TESTING]" Index="[PK_T_TESTING]" IndexKind="Clustered" Storage="RowStore"></Object><SeekPredicates><SeekPredicateNew><SeekKeys><Prefix ScanType="EQ"><RangeColumns><ColumnReference Database="[PSYCHOLOGY_TEST_1]" Schema="[dbo]" Table="[T_TESTING]" Column="T_TESTING_ID"></ColumnReference></RangeColumns><RangeExpressions><ScalarOperator ScalarString="[@t_testing_id]"><Identifier><ColumnReference Column="@t_testing_id"></ColumnReference></Identifier></ScalarOperator></RangeExpressions></Prefix></SeekKeys></SeekPredicateNew></SeekPredicates><Predicate><ScalarOperator ScalarString="[PSYCHOLOGY_TEST_1].[dbo].[T_TESTING].[T_TESTING_STATUS_ID]=(4)"><Compare CompareOp="EQ"><ScalarOperator><Identifier><ColumnReference Database="[PSYCHOLOGY_TEST_1]" Schema="[dbo]" Table="[T_TESTING]" Column="T_TESTING_STATUS_ID"></ColumnReference></Identifier></ScalarOperator><ScalarOperator><Const ConstValue="(4)"></Const></ScalarOperator></Compare></ScalarOperator></Predicate></IndexScan></RelOp></ComputeScalar></RelOp></Update></RelOp><RelOp NodeId="6" PhysicalOp="Clustered Index Seek" LogicalOp="Clustered Index Seek" EstimateRows="1" EstimatedRowsRead="1" EstimateIO="0.003125" EstimateCPU="0.0001581" AvgRowSize="9" EstimatedTotalSubtreeCost="0.0032831" TableCardinality="6" Parallel="0" EstimateRebinds="0" EstimateRewinds="0" EstimatedExecutionMode="Row"><OutputList></OutputList><IndexScan Ordered="1" ScanDirection="FORWARD" ForcedIndex="1" ForceSeek="0" ForceScan="0" NoExpandHint="0" Storage="RowStore"><DefinedValues></DefinedValues><Object Database="[PSYCHOLOGY_TEST_1]" Schema="[dbo]" Table="[T_TESTING_STATUS]" Index="[PK_T_TESTING_STATUS]" IndexKind="Clustered" Storage="RowStore"></Object><SeekPredicates><SeekPredicateNew><SeekKeys><Prefix ScanType="EQ"><RangeColumns><ColumnReference Database="[PSYCHOLOGY_TEST_1]" Schema="[dbo]" Table="[T_TESTING_STATUS]" Column="T_TESTING_STATUS_ID"></ColumnReference></RangeColumns><RangeExpressions><ScalarOperator ScalarString="[PSYCHOLOGY_TEST_1].[dbo].[T_TESTING].[T_TESTING_STATUS_ID]"><Identifier><ColumnReference Database="[PSYCHOLOGY_TEST_1]" Schema="[dbo]" Table="[T_TESTING]" Column="T_TESTING_STATUS_ID"></ColumnReference></Identifier></ScalarOperator></RangeExpressions></Prefix></SeekKeys></SeekPredicateNew></SeekPredicates></IndexScan></RelOp></NestedLoops></RelOp><Predicate><ScalarOperator ScalarString="CASE WHEN [Expr1016] IS NULL THEN (0) ELSE NULL END"><IF><Condition><ScalarOperator><Logical Operation="IS NULL"><ScalarOperator><Identifier><ColumnReference Column="Expr1016"></ColumnReference></Identifier></ScalarOperator></Logical></ScalarOperator></Condition><Then><ScalarOperator><Const ConstValue="(0)"></Const></ScalarOperator></Then><Else><ScalarOperator><Const ConstValue="NULL"></Const></ScalarOperator></Else></IF></ScalarOperator></Predicate></Assert></RelOp><ParameterList><ColumnReference Column="@t_testing_id" ParameterDataType="uniqueidentifier" ParameterCompiledValue="{guid&apos;E7FAB167-C47A-4865-A8AE-429FA778414C&apos;}"></ColumnReference></ParameterList></QueryPlan></StmtSimple></Statements></StoredProc></StmtSimple></Statements></Batch></BatchSequence></ShowPlanXML>