<ShowPlanXML xmlns="http://schemas.microsoft.com/sqlserver/2004/07/showplan" Version="1.564" Build="16.0.1000.6"><BatchSequence><Batch><Statements><StmtSimple StatementText="exec stat_change_instruct  &apos;E7FAB167-C47A-4865-A8AE-429FA778414C&apos;" StatementId="1" StatementCompId="1" StatementType="EXECUTE PROC" RetrievedFromCache="false"><StoredProc ProcName="stat_change_instruct"><Statements><StmtSimple StatementText="&#xd;&#xa;&#xd;&#xa;&#xd;&#xa;CREATE procedure [dbo].[stat_change_instruct]&#xd;&#xa;@t_testing_id uniqueidentifier&#xd;&#xa;&#xd;&#xa;as &#xd;&#xa;declare @status varchar(10) &#xd;&#xa;declare @t_test_id uniqueidentifier&#xd;&#xa;declare @step_order int&#xd;&#xa;declare @current_step_id uniqueidentifier&#xd;&#xa;&#xd;&#xa;SET XACT_ABORT ON;&#xd;&#xa;" StatementId="2" StatementCompId="3" StatementType="SET ON/OFF" RetrievedFromCache="false"></StmtSimple><StmtSimple StatementText="begin transaction &#xd;&#xa;&#xd;&#xa;&#xd;&#xa;" StatementId="3" StatementCompId="4" StatementType="BEGIN TRANSACTION" RetrievedFromCache="false"></StmtSimple><StmtSimple StatementText="select @status=obj_name from t_testing_status ts&#xd;&#xa;inner join t_testing t on ts.t_testing_status_id = t.t_testing_status_id&#xd;&#xa;where  t.t_testing_id = @t_testing_id" StatementId="4" StatementCompId="5" StatementType="SELECT" RetrievedFromCache="false" StatementSubTreeCost="0.00657048" StatementEstRows="1" SecurityPolicyApplied="false" StatementOptmLevel="FULL" QueryHash="0x647906CCA8713776" QueryPlanHash="0x40F7CFF0CECC8D50" StatementOptmEarlyAbortReason="GoodEnoughPlanFound" CardinalityEstimationModelVersion="70"><StatementSetOptions QUOTED_IDENTIFIER="true" ARITHABORT="true" CONCAT_NULL_YIELDS_NULL="true" ANSI_NULLS="true" ANSI_PADDING="true" ANSI_WARNINGS="true" NUMERIC_ROUNDABORT="false"></StatementSetOptions><QueryPlan CachedPlanSize="24" CompileTime="3" CompileCPU="3" CompileMemory="360"><MemoryGrantInfo SerialRequiredMemory="0" SerialDesiredMemory="0" GrantedMemory="0" MaxUsedMemory="0"></MemoryGrantInfo><OptimizerHardwareDependentProperties EstimatedAvailableMemoryGrant="311472" EstimatedPagesCached="77868" EstimatedAvailableDegreeOfParallelism="2" MaxCompileMemory="603560"></OptimizerHardwareDependentProperties><RelOp NodeId="0" PhysicalOp="Compute Scalar" LogicalOp="Compute Scalar" EstimateRows="1" EstimateIO="0" EstimateCPU="1e-07" AvgRowSize="16" EstimatedTotalSubtreeCost="0.00657048" Parallel="0" EstimateRebinds="0" EstimateRewinds="0" EstimatedExecutionMode="Row"><OutputList><ColumnReference Column="Expr1002"></ColumnReference></OutputList><ComputeScalar><DefinedValues><DefinedValue><ColumnReference Column="Expr1002"></ColumnReference><ScalarOperator ScalarString="CONVERT_IMPLICIT(varchar(10),[PSYCHOLOGY_TEST_1].[dbo].[T_TESTING_STATUS].[OBJ_NAME] as [ts].[OBJ_NAME],0)"><Convert DataType="varchar" Length="10" Style="0" Implicit="1"><ScalarOperator><Identifier><ColumnReference Database="[PSYCHOLOGY_TEST_1]" Schema="[dbo]" Table="[T_TESTING_STATUS]" Alias="[ts]" Column="OBJ_NAME"></ColumnReference></Identifier></ScalarOperator></Convert></ScalarOperator></DefinedValue></DefinedValues><RelOp NodeId="1" PhysicalOp="Nested Loops" LogicalOp="Inner Join" EstimateRows="1" EstimateIO="0" EstimateCPU="4.18e-06" AvgRowSize="111" EstimatedTotalSubtreeCost="0.00657038" Parallel="0" EstimateRebinds="0" EstimateRewinds="0" EstimatedExecutionMode="Row"><OutputList><ColumnReference Database="[PSYCHOLOGY_TEST_1]" Schema="[dbo]" Table="[T_TESTING_STATUS]" Alias="[ts]" Column="OBJ_NAME"></ColumnReference></OutputList><NestedLoops Optimized="0"><OuterReferences><ColumnReference Database="[PSYCHOLOGY_TEST_1]" Schema="[dbo]" Table="[T_TESTING]" Alias="[t]" Column="T_TESTING_STATUS_ID"></ColumnReference></OuterReferences><RelOp NodeId="2" PhysicalOp="Clustered Index Seek" LogicalOp="Clustered Index Seek" EstimateRows="1" EstimatedRowsRead="1" EstimateIO="0.003125" EstimateCPU="0.0001581" AvgRowSize="11" EstimatedTotalSubtreeCost="0.0032831" TableCardinality="166" Parallel="0" EstimateRebinds="0" EstimateRewinds="0" EstimatedExecutionMode="Row"><OutputList><ColumnReference Database="[PSYCHOLOGY_TEST_1]" Schema="[dbo]" Table="[T_TESTING]" Alias="[t]" Column="T_TESTING_STATUS_ID"></ColumnReference></OutputList><IndexScan Ordered="1" ScanDirection="FORWARD" ForcedIndex="0" ForceSeek="0" ForceScan="0" NoExpandHint="0" Storage="RowStore"><DefinedValues><DefinedValue><ColumnReference Database="[PSYCHOLOGY_TEST_1]" Schema="[dbo]" Table="[T_TESTING]" Alias="[t]" Column="T_TESTING_STATUS_ID"></ColumnReference></DefinedValue></DefinedValues><Object Database="[PSYCHOLOGY_TEST_1]" Schema="[dbo]" Table="[T_TESTING]" Index="[PK_T_TESTING]" Alias="[t]" IndexKind="Clustered" Storage="RowStore"></Object><SeekPredicates><SeekPredicateNew><SeekKeys><Prefix ScanType="EQ"><RangeColumns><ColumnReference Database="[PSYCHOLOGY_TEST_1]" Schema="[dbo]" Table="[T_TESTING]" Alias="[t]" Column="T_TESTING_ID"></ColumnReference></RangeColumns><RangeExpressions><ScalarOperator ScalarString="[@t_testing_id]"><Identifier><ColumnReference Column="@t_testing_id"></ColumnReference></Identifier></ScalarOperator></RangeExpressions></Prefix></SeekKeys></SeekPredicateNew></SeekPredicates></IndexScan></RelOp><RelOp NodeId="3" PhysicalOp="Clustered Index Seek" LogicalOp="Clustered Index Seek" EstimateRows="1" EstimatedRowsRead="1" EstimateIO="0.003125" EstimateCPU="0.0001581" AvgRowSize="111" EstimatedTotalSubtreeCost="0.0032831" TableCardinality="6" Parallel="0" EstimateRebinds="0" EstimateRewinds="0" EstimatedExecutionMode="Row"><OutputList><ColumnReference Database="[PSYCHOLOGY_TEST_1]" Schema="[dbo]" Table="[T_TESTING_STATUS]" Alias="[ts]" Column="OBJ_NAME"></ColumnReference></OutputList><IndexScan Ordered="1" ScanDirection="FORWARD" ForcedIndex="0" ForceSeek="0" ForceScan="0" NoExpandHint="0" Storage="RowStore"><DefinedValues><DefinedValue><ColumnReference Database="[PSYCHOLOGY_TEST_1]" Schema="[dbo]" Table="[T_TESTING_STATUS]" Alias="[ts]" Column="OBJ_NAME"></ColumnReference></DefinedValue></DefinedValues><Object Database="[PSYCHOLOGY_TEST_1]" Schema="[dbo]" Table="[T_TESTING_STATUS]" Index="[PK_T_TESTING_STATUS]" Alias="[ts]" IndexKind="Clustered" Storage="RowStore"></Object><SeekPredicates><SeekPredicateNew><SeekKeys><Prefix ScanType="EQ"><RangeColumns><ColumnReference Database="[PSYCHOLOGY_TEST_1]" Schema="[dbo]" Table="[T_TESTING_STATUS]" Alias="[ts]" Column="T_TESTING_STATUS_ID"></ColumnReference></RangeColumns><RangeExpressions><ScalarOperator ScalarString="[PSYCHOLOGY_TEST_1].[dbo].[T_TESTING].[T_TESTING_STATUS_ID] as [t].[T_TESTING_STATUS_ID]"><Identifier><ColumnReference Database="[PSYCHOLOGY_TEST_1]" Schema="[dbo]" Table="[T_TESTING]" Alias="[t]" Column="T_TESTING_STATUS_ID"></ColumnReference></Identifier></ScalarOperator></RangeExpressions></Prefix></SeekKeys></SeekPredicateNew></SeekPredicates></IndexScan></RelOp></NestedLoops></RelOp></ComputeScalar></RelOp><ParameterList><ColumnReference Column="@t_testing_id" ParameterDataType="uniqueidentifier" ParameterCompiledValue="{guid&apos;E7FAB167-C47A-4865-A8AE-429FA778414C&apos;}"></ColumnReference></ParameterList></QueryPlan></StmtSimple><StmtCond StatementText="&#xd;&#xa;&#xd;&#xa;&#xd;&#xa;if @status=&apos;INSTRUCT&apos;" StatementId="5" StatementCompId="6" StatementType="COND" RetrievedFromCache="false"><Condition></Condition><Then><Statements><StmtSimple StatementText="&#xd;&#xa;begin&#xd;&#xa;  &#xd;&#xa;  select @t_test_id=t_test_id&#xd;&#xa;  &#xd;&#xa;  from   t_test&#xd;&#xa;  where order_num =&#xd;&#xa;  (&#xd;&#xa;  select min(order_num) &#xd;&#xa;  from t_testing_test tt inner join t_test te&#xd;&#xa;    on tt.t_test_id= te.t_test_id&#xd;&#xa;    where tt.t_testing_test_status_id = 4&#xd;&#xa;    and tt.t_testing_id = @t_testing_id&#xd;&#xa;  )" StatementId="6" StatementCompId="7" StatementType="SELECT" RetrievedFromCache="false" StatementSubTreeCost="0.0125293" StatementEstRows="1" SecurityPolicyApplied="false" StatementOptmLevel="FULL" QueryHash="0xDF72C2183D3ED373" QueryPlanHash="0xDAB2A2078596DF2B" StatementOptmEarlyAbortReason="GoodEnoughPlanFound" CardinalityEstimationModelVersion="70"><StatementSetOptions QUOTED_IDENTIFIER="true" ARITHABORT="true" CONCAT_NULL_YIELDS_NULL="true" ANSI_NULLS="true" ANSI_PADDING="true" ANSI_WARNINGS="true" NUMERIC_ROUNDABORT="false"></StatementSetOptions><QueryPlan CachedPlanSize="32" CompileTime="4" CompileCPU="4" CompileMemory="456"><MemoryGrantInfo SerialRequiredMemory="0" SerialDesiredMemory="0" GrantedMemory="0" MaxUsedMemory="0"></MemoryGrantInfo><OptimizerHardwareDependentProperties EstimatedAvailableMemoryGrant="311472" EstimatedPagesCached="77868" EstimatedAvailableDegreeOfParallelism="2" MaxCompileMemory="603560"></OptimizerHardwareDependentProperties><RelOp NodeId="0" PhysicalOp="Nested Loops" LogicalOp="Inner Join" EstimateRows="1" EstimateIO="0" EstimateCPU="4.18e-06" AvgRowSize="23" EstimatedTotalSubtreeCost="0.0125293" Parallel="0" EstimateRebinds="0" EstimateRewinds="0" EstimatedExecutionMode="Row"><OutputList><ColumnReference Database="[PSYCHOLOGY_TEST_1]" Schema="[dbo]" Table="[T_TEST]" Column="T_TEST_ID"></ColumnReference></OutputList><NestedLoops Optimized="0"><OuterReferences><ColumnReference Column="Expr1004"></ColumnReference></OuterReferences><RelOp NodeId="1" PhysicalOp="Stream Aggregate" LogicalOp="Aggregate" EstimateRows="1" EstimateIO="0" EstimateCPU="1.1e-06" AvgRowSize="11" EstimatedTotalSubtreeCost="0.00924206" Parallel="0" EstimateRebinds="0" EstimateRewinds="0" EstimatedExecutionMode="Row"><OutputList><ColumnReference Column="Expr1004"></ColumnReference></OutputList><StreamAggregate><DefinedValues><DefinedValue><ColumnReference Column="Expr1004"></ColumnReference><ScalarOperator ScalarString="MIN([PSYCHOLOGY_TEST_1].[dbo].[T_TEST].[ORDER_NUM] as [te].[ORDER_NUM])"><Aggregate Distinct="0" AggType="MIN"><ScalarOperator><Identifier><ColumnReference Database="[PSYCHOLOGY_TEST_1]" Schema="[dbo]" Table="[T_TEST]" Alias="[te]" Column="ORDER_NUM"></ColumnReference></Identifier></ScalarOperator></Aggregate></ScalarOperator></DefinedValue></DefinedValues><RelOp NodeId="2" PhysicalOp="Nested Loops" LogicalOp="Inner Join" EstimateRows="1" EstimateIO="0" EstimateCPU="4.18e-06" AvgRowSize="11" EstimatedTotalSubtreeCost="0.00924096" Parallel="0" EstimateRebinds="0" EstimateRewinds="0" EstimatedExecutionMode="Row"><OutputList><ColumnReference Database="[PSYCHOLOGY_TEST_1]" Schema="[dbo]" Table="[T_TEST]" Alias="[te]" Column="ORDER_NUM"></ColumnReference></OutputList><NestedLoops Optimized="0"><OuterReferences><ColumnReference Database="[PSYCHOLOGY_TEST_1]" Schema="[dbo]" Table="[T_TESTING_TEST]" Alias="[tt]" Column="T_TEST_ID"></ColumnReference></OuterReferences><RelOp NodeId="3" PhysicalOp="Clustered Index Scan" LogicalOp="Clustered Index Scan" EstimateRows="1" EstimatedRowsRead="227" EstimateIO="0.00534722" EstimateCPU="0.0004067" AvgRowSize="43" EstimatedTotalSubtreeCost="0.00575392" TableCardinality="227" Parallel="0" EstimateRebinds="0" EstimateRewinds="0" EstimatedExecutionMode="Row"><OutputList><ColumnReference Database="[PSYCHOLOGY_TEST_1]" Schema="[dbo]" Table="[T_TESTING_TEST]" Alias="[tt]" Column="T_TEST_ID"></ColumnReference></OutputList><IndexScan Ordered="0" ForcedIndex="0" ForceScan="0" NoExpandHint="0" Storage="RowStore"><DefinedValues><DefinedValue><ColumnReference Database="[PSYCHOLOGY_TEST_1]" Schema="[dbo]" Table="[T_TESTING_TEST]" Alias="[tt]" Column="T_TEST_ID"></ColumnReference></DefinedValue></DefinedValues><Object Database="[PSYCHOLOGY_TEST_1]" Schema="[dbo]" Table="[T_TESTING_TEST]" Index="[PK_T_TESTING_TEST]" Alias="[tt]" IndexKind="Clustered" Storage="RowStore"></Object><Predicate><ScalarOperator ScalarString="[PSYCHOLOGY_TEST_1].[dbo].[T_TESTING_TEST].[T_TESTING_ID] as [tt].[T_TESTING_ID]=[@t_testing_id] AND [PSYCHOLOGY_TEST_1].[dbo].[T_TESTING_TEST].[T_TESTING_TEST_STATUS_ID] as [tt].[T_TESTING_TEST_STATUS_ID]=(4)"><Logical Operation="AND"><ScalarOperator><Compare CompareOp="EQ"><ScalarOperator><Identifier><ColumnReference Database="[PSYCHOLOGY_TEST_1]" Schema="[dbo]" Table="[T_TESTING_TEST]" Alias="[tt]" Column="T_TESTING_ID"></ColumnReference></Identifier></ScalarOperator><ScalarOperator><Identifier><ColumnReference Column="@t_testing_id"></ColumnReference></Identifier></ScalarOperator></Compare></ScalarOperator><ScalarOperator><Compare CompareOp="EQ"><ScalarOperator><Identifier><ColumnReference Database="[PSYCHOLOGY_TEST_1]" Schema="[dbo]" Table="[T_TESTING_TEST]" Alias="[tt]" Column="T_TESTING_TEST_STATUS_ID"></ColumnReference></Identifier></ScalarOperator><ScalarOperator><Const ConstValue="(4)"></Const></ScalarOperator></Compare></ScalarOperator></Logical></ScalarOperator></Predicate></IndexScan></RelOp><RelOp NodeId="4" PhysicalOp="Clustered Index Seek" LogicalOp="Clustered Index Seek" EstimateRows="1" EstimatedRowsRead="1" EstimateIO="0.003125" EstimateCPU="0.0001581" AvgRowSize="11" EstimatedTotalSubtreeCost="0.0032831" TableCardinality="19" Parallel="0" EstimateRebinds="0" EstimateRewinds="0" EstimatedExecutionMode="Row"><OutputList><ColumnReference Database="[PSYCHOLOGY_TEST_1]" Schema="[dbo]" Table="[T_TEST]" Alias="[te]" Column="ORDER_NUM"></ColumnReference></OutputList><IndexScan Ordered="1" ScanDirection="FORWARD" ForcedIndex="0" ForceSeek="0" ForceScan="0" NoExpandHint="0" Storage="RowStore"><DefinedValues><DefinedValue><ColumnReference Database="[PSYCHOLOGY_TEST_1]" Schema="[dbo]" Table="[T_TEST]" Alias="[te]" Column="ORDER_NUM"></ColumnReference></DefinedValue></DefinedValues><Object Database="[PSYCHOLOGY_TEST_1]" Schema="[dbo]" Table="[T_TEST]" Index="[PK_T_TEST_1]" Alias="[te]" IndexKind="Clustered" Storage="RowStore"></Object><SeekPredicates><SeekPredicateNew><SeekKeys><Prefix ScanType="EQ"><RangeColumns><ColumnReference Database="[PSYCHOLOGY_TEST_1]" Schema="[dbo]" Table="[T_TEST]" Alias="[te]" Column="T_TEST_ID"></ColumnReference></RangeColumns><RangeExpressions><ScalarOperator ScalarString="[PSYCHOLOGY_TEST_1].[dbo].[T_TESTING_TEST].[T_TEST_ID] as [tt].[T_TEST_ID]"><Identifier><ColumnReference Database="[PSYCHOLOGY_TEST_1]" Schema="[dbo]" Table="[T_TESTING_TEST]" Alias="[tt]" Column="T_TEST_ID"></ColumnReference></Identifier></ScalarOperator></RangeExpressions></Prefix></SeekKeys></SeekPredicateNew></SeekPredicates></IndexScan></RelOp></NestedLoops></RelOp></StreamAggregate></RelOp><RelOp NodeId="5" PhysicalOp="Index Seek" LogicalOp="Index Seek" EstimateRows="1" EstimatedRowsRead="1" EstimateIO="0.003125" EstimateCPU="0.0001581" AvgRowSize="23" EstimatedTotalSubtreeCost="0.0032831" TableCardinality="19" Parallel="0" EstimateRebinds="0" EstimateRewinds="0" EstimatedExecutionMode="Row"><OutputList><ColumnReference Database="[PSYCHOLOGY_TEST_1]" Schema="[dbo]" Table="[T_TEST]" Column="T_TEST_ID"></ColumnReference></OutputList><IndexScan Ordered="1" ScanDirection="FORWARD" ForcedIndex="0" ForceSeek="0" ForceScan="0" NoExpandHint="0" Storage="RowStore"><DefinedValues><DefinedValue><ColumnReference Database="[PSYCHOLOGY_TEST_1]" Schema="[dbo]" Table="[T_TEST]" Column="T_TEST_ID"></ColumnReference></DefinedValue></DefinedValues><Object Database="[PSYCHOLOGY_TEST_1]" Schema="[dbo]" Table="[T_TEST]" Index="[IX_T_TEST_1]" IndexKind="NonClustered" Storage="RowStore"></Object><SeekPredicates><SeekPredicateNew><SeekKeys><Prefix ScanType="EQ"><RangeColumns><ColumnReference Database="[PSYCHOLOGY_TEST_1]" Schema="[dbo]" Table="[T_TEST]" Column="ORDER_NUM"></ColumnReference></RangeColumns><RangeExpressions><ScalarOperator ScalarString="[Expr1004]"><Identifier><ColumnReference Column="Expr1004"></ColumnReference></Identifier></ScalarOperator></RangeExpressions></Prefix></SeekKeys></SeekPredicateNew></SeekPredicates></IndexScan></RelOp></NestedLoops></RelOp><ParameterList><ColumnReference Column="@t_testing_id" ParameterDataType="uniqueidentifier" ParameterCompiledValue="{guid&apos;E7FAB167-C47A-4865-A8AE-429FA778414C&apos;}"></ColumnReference></ParameterList></QueryPlan></StmtSimple><StmtSimple StatementText="&#xd;&#xa;  &#xd;&#xa;  update  t_testing &#xd;&#xa;  set t_testing_status_id = 1,&#xd;&#xa;  current_test_id = @t_test_id&#xd;&#xa;  where t_testing_id = @t_testing_id" StatementId="7" StatementCompId="8" StatementType="UPDATE" RetrievedFromCache="false" StatementSubTreeCost="0.0198589" StatementEstRows="1" SecurityPolicyApplied="false" StatementOptmLevel="TRIVIAL" QueryHash="0x0073A9ED8304A00D" QueryPlanHash="0x7F5AED4AF4B6ACF3" CardinalityEstimationModelVersion="70"><StatementSetOptions QUOTED_IDENTIFIER="true" ARITHABORT="true" CONCAT_NULL_YIELDS_NULL="true" ANSI_NULLS="true" ANSI_PADDING="true" ANSI_WARNINGS="true" NUMERIC_ROUNDABORT="false"></StatementSetOptions><QueryPlan CachedPlanSize="32" CompileTime="4" CompileCPU="4" CompileMemory="480"><MemoryGrantInfo SerialRequiredMemory="0" SerialDesiredMemory="0" GrantedMemory="0" MaxUsedMemory="0"></MemoryGrantInfo><OptimizerHardwareDependentProperties EstimatedAvailableMemoryGrant="311472" EstimatedPagesCached="77868" EstimatedAvailableDegreeOfParallelism="2" MaxCompileMemory="603560"></OptimizerHardwareDependentProperties><RelOp NodeId="1" PhysicalOp="Assert" LogicalOp="Assert" EstimateRows="1" EstimateIO="0" EstimateCPU="1.8e-07" AvgRowSize="9" EstimatedTotalSubtreeCost="0.0198589" Parallel="0" EstimateRebinds="0" EstimateRewinds="0" EstimatedExecutionMode="Row"><OutputList></OutputList><Assert StartupExpression="0"><RelOp NodeId="2" PhysicalOp="Nested Loops" LogicalOp="Left Semi Join" EstimateRows="1" EstimateIO="0" EstimateCPU="4.18e-06" AvgRowSize="9" EstimatedTotalSubtreeCost="0.0198588" Parallel="0" EstimateRebinds="0" EstimateRewinds="0" EstimatedExecutionMode="Row"><OutputList><ColumnReference Column="Expr1017"></ColumnReference><ColumnReference Column="Expr1018"></ColumnReference><ColumnReference Column="Pass1019"></ColumnReference></OutputList><NestedLoops Optimized="0"><DefinedValues><DefinedValue><ColumnReference Column="Expr1018"></ColumnReference></DefinedValue><DefinedValue><ColumnReference Column="Pass1019"></ColumnReference></DefinedValue></DefinedValues><PassThru><ScalarOperator ScalarString="[PSYCHOLOGY_TEST_1].[dbo].[T_TESTING].[CURRENT_TEST_ID] IS NULL"><Logical Operation="IS NULL"><ScalarOperator><Identifier><ColumnReference Database="[PSYCHOLOGY_TEST_1]" Schema="[dbo]" Table="[T_TESTING]" Column="CURRENT_TEST_ID"></ColumnReference></Identifier></ScalarOperator></Logical></ScalarOperator></PassThru><OuterReferences><ColumnReference Database="[PSYCHOLOGY_TEST_1]" Schema="[dbo]" Table="[T_TESTING]" Column="CURRENT_TEST_ID"></ColumnReference></OuterReferences><ProbeColumn><ColumnReference Column="Expr1018"></ColumnReference></ProbeColumn><RelOp NodeId="3" PhysicalOp="Nested Loops" LogicalOp="Left Semi Join" EstimateRows="1" EstimateIO="0" EstimateCPU="4.18e-06" AvgRowSize="24" EstimatedTotalSubtreeCost="0.0165715" Parallel="0" EstimateRebinds="0" EstimateRewinds="0" EstimatedExecutionMode="Row"><OutputList><ColumnReference Database="[PSYCHOLOGY_TEST_1]" Schema="[dbo]" Table="[T_TESTING]" Column="CURRENT_TEST_ID"></ColumnReference><ColumnReference Column="Expr1017"></ColumnReference></OutputList><NestedLoops Optimized="0"><DefinedValues><DefinedValue><ColumnReference Column="Expr1017"></ColumnReference></DefinedValue></DefinedValues><OuterReferences><ColumnReference Database="[PSYCHOLOGY_TEST_1]" Schema="[dbo]" Table="[T_TESTING]" Column="T_TESTING_STATUS_ID"></ColumnReference></OuterReferences><ProbeColumn><ColumnReference Column="Expr1017"></ColumnReference></ProbeColumn><RelOp NodeId="4" PhysicalOp="Clustered Index Update" LogicalOp="Update" EstimateRows="1" EstimateIO="0.01" EstimateCPU="1e-06" AvgRowSize="27" EstimatedTotalSubtreeCost="0.0132842" Parallel="0" EstimateRebinds="0" EstimateRewinds="0" EstimatedExecutionMode="Row"><OutputList><ColumnReference Database="[PSYCHOLOGY_TEST_1]" Schema="[dbo]" Table="[T_TESTING]" Column="T_TESTING_STATUS_ID"></ColumnReference><ColumnReference Database="[PSYCHOLOGY_TEST_1]" Schema="[dbo]" Table="[T_TESTING]" Column="CURRENT_TEST_ID"></ColumnReference></OutputList><SimpleUpdate DMLRequestSort="0"><DefinedValues><DefinedValue><ColumnReference Column="Expr1002"></ColumnReference><ScalarOperator ScalarString="(1)"><Const ConstValue="(1)"></Const></ScalarOperator></DefinedValue></DefinedValues><Object Database="[PSYCHOLOGY_TEST_1]" Schema="[dbo]" Table="[T_TESTING]" Index="[PK_T_TESTING]" IndexKind="Clustered" Storage="RowStore"></Object><SeekPredicateNew><SeekKeys><Prefix ScanType="EQ"><RangeColumns><ColumnReference Database="[PSYCHOLOGY_TEST_1]" Schema="[dbo]" Table="[T_TESTING]" Column="T_TESTING_ID"></ColumnReference></RangeColumns><RangeExpressions><ScalarOperator ScalarString="[@t_testing_id]"><Identifier><ColumnReference Column="@t_testing_id"></ColumnReference></Identifier></ScalarOperator></RangeExpressions></Prefix></SeekKeys></SeekPredicateNew><SetPredicate><ScalarOperator ScalarString="[PSYCHOLOGY_TEST_1].[dbo].[T_TESTING].[T_TESTING_STATUS_ID] = [Expr1002],[PSYCHOLOGY_TEST_1].[dbo].[T_TESTING].[CURRENT_TEST_ID] = [@t_test_id]"><ScalarExpressionList><ScalarOperator><MultipleAssign><Assign><ColumnReference Database="[PSYCHOLOGY_TEST_1]" Schema="[dbo]" Table="[T_TESTING]" Column="T_TESTING_STATUS_ID"></ColumnReference><ScalarOperator><Identifier><ColumnReference Column="Expr1002"></ColumnReference></Identifier></ScalarOperator></Assign><Assign><ColumnReference Database="[PSYCHOLOGY_TEST_1]" Schema="[dbo]" Table="[T_TESTING]" Column="CURRENT_TEST_ID"></ColumnReference><ScalarOperator><Identifier><ColumnReference Column="@t_test_id"></ColumnReference></Identifier></ScalarOperator></Assign></MultipleAssign></ScalarOperator></ScalarExpressionList></ScalarOperator></SetPredicate></SimpleUpdate></RelOp><RelOp NodeId="5" PhysicalOp="Clustered Index Seek" LogicalOp="Clustered Index Seek" EstimateRows="1" EstimatedRowsRead="1" EstimateIO="0.003125" EstimateCPU="0.0001581" AvgRowSize="9" EstimatedTotalSubtreeCost="0.0032831" TableCardinality="6" Parallel="0" EstimateRebinds="0" EstimateRewinds="0" EstimatedExecutionMode="Row"><OutputList></OutputList><IndexScan Ordered="1" ScanDirection="FORWARD" ForcedIndex="1" ForceSeek="0" ForceScan="0" NoExpandHint="0" Storage="RowStore"><DefinedValues></DefinedValues><Object Database="[PSYCHOLOGY_TEST_1]" Schema="[dbo]" Table="[T_TESTING_STATUS]" Index="[PK_T_TESTING_STATUS]" IndexKind="Clustered" Storage="RowStore"></Object><SeekPredicates><SeekPredicateNew><SeekKeys><Prefix ScanType="EQ"><RangeColumns><ColumnReference Database="[PSYCHOLOGY_TEST_1]" Schema="[dbo]" Table="[T_TESTING_STATUS]" Column="T_TESTING_STATUS_ID"></ColumnReference></RangeColumns><RangeExpressions><ScalarOperator ScalarString="[PSYCHOLOGY_TEST_1].[dbo].[T_TESTING].[T_TESTING_STATUS_ID]"><Identifier><ColumnReference Database="[PSYCHOLOGY_TEST_1]" Schema="[dbo]" Table="[T_TESTING]" Column="T_TESTING_STATUS_ID"></ColumnReference></Identifier></ScalarOperator></RangeExpressions></Prefix></SeekKeys></SeekPredicateNew></SeekPredicates></IndexScan></RelOp></NestedLoops></RelOp><RelOp NodeId="6" PhysicalOp="Clustered Index Seek" LogicalOp="Clustered Index Seek" EstimateRows="1" EstimatedRowsRead="1" EstimateIO="0.003125" EstimateCPU="0.0001581" AvgRowSize="9" EstimatedTotalSubtreeCost="0.0032831" TableCardinality="19" Parallel="0" EstimateRebinds="0" EstimateRewinds="0" EstimatedExecutionMode="Row"><OutputList></OutputList><IndexScan Ordered="1" ScanDirection="FORWARD" ForcedIndex="1" ForceSeek="0" ForceScan="0" NoExpandHint="0" Storage="RowStore"><DefinedValues></DefinedValues><Object Database="[PSYCHOLOGY_TEST_1]" Schema="[dbo]" Table="[T_TEST]" Index="[PK_T_TEST_1]" IndexKind="Clustered" Storage="RowStore"></Object><SeekPredicates><SeekPredicateNew><SeekKeys><Prefix ScanType="EQ"><RangeColumns><ColumnReference Database="[PSYCHOLOGY_TEST_1]" Schema="[dbo]" Table="[T_TEST]" Column="T_TEST_ID"></ColumnReference></RangeColumns><RangeExpressions><ScalarOperator ScalarString="[PSYCHOLOGY_TEST_1].[dbo].[T_TESTING].[CURRENT_TEST_ID]"><Identifier><ColumnReference Database="[PSYCHOLOGY_TEST_1]" Schema="[dbo]" Table="[T_TESTING]" Column="CURRENT_TEST_ID"></ColumnReference></Identifier></ScalarOperator></RangeExpressions></Prefix></SeekKeys></SeekPredicateNew></SeekPredicates></IndexScan></RelOp></NestedLoops></RelOp><Predicate><ScalarOperator ScalarString="CASE WHEN [Expr1017] IS NULL THEN (0) ELSE CASE WHEN NOT [Pass1019] AND [Expr1018] IS NULL THEN (1) ELSE NULL END END"><IF><Condition><ScalarOperator><Logical Operation="IS NULL"><ScalarOperator><Identifier><ColumnReference Column="Expr1017"></ColumnReference></Identifier></ScalarOperator></Logical></ScalarOperator></Condition><Then><ScalarOperator><Const ConstValue="(0)"></Const></ScalarOperator></Then><Else><ScalarOperator><IF><Condition><ScalarOperator><Logical Operation="AND"><ScalarOperator><Logical Operation="NOT"><ScalarOperator><Identifier><ColumnReference Column="Pass1019"></ColumnReference></Identifier></ScalarOperator></Logical></ScalarOperator><ScalarOperator><Logical Operation="IS NULL"><ScalarOperator><Identifier><ColumnReference Column="Expr1018"></ColumnReference></Identifier></ScalarOperator></Logical></ScalarOperator></Logical></ScalarOperator></Condition><Then><ScalarOperator><Const ConstValue="(1)"></Const></ScalarOperator></Then><Else><ScalarOperator><Const ConstValue="NULL"></Const></ScalarOperator></Else></IF></ScalarOperator></Else></IF></ScalarOperator></Predicate></Assert></RelOp><ParameterList><ColumnReference Column="@t_testing_id" ParameterDataType="uniqueidentifier" ParameterCompiledValue="{guid&apos;E7FAB167-C47A-4865-A8AE-429FA778414C&apos;}"></ColumnReference></ParameterList></QueryPlan></StmtSimple><StmtSimple StatementText="&#xd;&#xa; &#xd;&#xa;  &#xd;&#xa;&#xd;&#xa;  select @step_order=min(step_order)&#xd;&#xa;  from t_test_step &#xd;&#xa;  where t_test_id=@t_test_id" StatementId="8" StatementCompId="9" StatementType="SELECT" RetrievedFromCache="false" StatementSubTreeCost="0.00334245" StatementEstRows="1" SecurityPolicyApplied="false" StatementOptmLevel="FULL" QueryHash="0x121C865ECC16F373" QueryPlanHash="0x972E70309E7F0B5D" StatementOptmEarlyAbortReason="GoodEnoughPlanFound" CardinalityEstimationModelVersion="70"><StatementSetOptions QUOTED_IDENTIFIER="true" ARITHABORT="true" CONCAT_NULL_YIELDS_NULL="true" ANSI_NULLS="true" ANSI_PADDING="true" ANSI_WARNINGS="true" NUMERIC_ROUNDABORT="false"></StatementSetOptions><QueryPlan CachedPlanSize="16" CompileTime="2" CompileCPU="2" CompileMemory="320"><MemoryGrantInfo SerialRequiredMemory="0" SerialDesiredMemory="0" GrantedMemory="0" MaxUsedMemory="0"></MemoryGrantInfo><OptimizerHardwareDependentProperties EstimatedAvailableMemoryGrant="311472" EstimatedPagesCached="77868" EstimatedAvailableDegreeOfParallelism="2" MaxCompileMemory="603560"></OptimizerHardwareDependentProperties><RelOp NodeId="0" PhysicalOp="Stream Aggregate" LogicalOp="Aggregate" EstimateRows="1" EstimateIO="0" EstimateCPU="1.1e-06" AvgRowSize="11" EstimatedTotalSubtreeCost="0.00334245" Parallel="0" EstimateRebinds="0" EstimateRewinds="0" EstimatedExecutionMode="Row"><OutputList><ColumnReference Column="Expr1002"></ColumnReference></OutputList><StreamAggregate><DefinedValues><DefinedValue><ColumnReference Column="Expr1002"></ColumnReference><ScalarOperator ScalarString="MIN([PSYCHOLOGY_TEST_1].[dbo].[T_TEST_STEP].[STEP_ORDER])"><Aggregate Distinct="0" AggType="MIN"><ScalarOperator><Identifier><ColumnReference Database="[PSYCHOLOGY_TEST_1]" Schema="[dbo]" Table="[T_TEST_STEP]" Column="STEP_ORDER"></ColumnReference></Identifier></ScalarOperator></Aggregate></ScalarOperator></DefinedValue></DefinedValues><RelOp NodeId="1" PhysicalOp="Top" LogicalOp="Top" EstimateRows="1" EstimateIO="0" EstimateCPU="1e-07" AvgRowSize="11" EstimatedTotalSubtreeCost="0.00334135" Parallel="0" EstimateRebinds="0" EstimateRewinds="0" EstimatedExecutionMode="Row"><OutputList><ColumnReference Database="[PSYCHOLOGY_TEST_1]" Schema="[dbo]" Table="[T_TEST_STEP]" Column="STEP_ORDER"></ColumnReference></OutputList><Top RowCount="0" IsPercent="0" WithTies="0"><TopExpression><ScalarOperator ScalarString="(1)"><Const ConstValue="(1)"></Const></ScalarOperator></TopExpression><RelOp NodeId="2" PhysicalOp="Index Scan" LogicalOp="Index Scan" EstimateRows="1" EstimateRowsWithoutRowGoal="92.75" EstimatedRowsRead="940" EstimateIO="0.00756944" EstimateCPU="0.001191" AvgRowSize="27" EstimatedTotalSubtreeCost="0.00333638" TableCardinality="940" Parallel="0" EstimateRebinds="0" EstimateRewinds="0" EstimatedExecutionMode="Row"><OutputList><ColumnReference Database="[PSYCHOLOGY_TEST_1]" Schema="[dbo]" Table="[T_TEST_STEP]" Column="STEP_ORDER"></ColumnReference></OutputList><IndexScan Ordered="1" ScanDirection="FORWARD" ForcedIndex="0" ForceSeek="0" ForceScan="0" NoExpandHint="0" Storage="RowStore"><DefinedValues><DefinedValue><ColumnReference Database="[PSYCHOLOGY_TEST_1]" Schema="[dbo]" Table="[T_TEST_STEP]" Column="STEP_ORDER"></ColumnReference></DefinedValue></DefinedValues><Object Database="[PSYCHOLOGY_TEST_1]" Schema="[dbo]" Table="[T_TEST_STEP]" Index="[IX_T_TEST_STEP_1]" IndexKind="NonClustered" Storage="RowStore"></Object><Predicate><ScalarOperator ScalarString="[PSYCHOLOGY_TEST_1].[dbo].[T_TEST_STEP].[T_TEST_ID]=[@t_test_id]"><Compare CompareOp="EQ"><ScalarOperator><Identifier><ColumnReference Database="[PSYCHOLOGY_TEST_1]" Schema="[dbo]" Table="[T_TEST_STEP]" Column="T_TEST_ID"></ColumnReference></Identifier></ScalarOperator><ScalarOperator><Identifier><ColumnReference Column="@t_test_id"></ColumnReference></Identifier></ScalarOperator></Compare></ScalarOperator></Predicate></IndexScan></RelOp></Top></RelOp></StreamAggregate></RelOp></QueryPlan></StmtSimple><StmtSimple StatementText=" &#xd;&#xa;  &#xd;&#xa;  select @current_step_id= t_test_step_id&#xd;&#xa;  from t_test_step&#xd;&#xa;  where t_test_id=@t_test_id &#xd;&#xa;  and step_order=@step_order" StatementId="9" StatementCompId="10" StatementType="SELECT" RetrievedFromCache="false" StatementSubTreeCost="0.0032831" StatementEstRows="1" SecurityPolicyApplied="false" StatementOptmLevel="TRIVIAL" QueryHash="0xB0188EF8F1F36495" QueryPlanHash="0xA4D1017AE79A8837" CardinalityEstimationModelVersion="70"><StatementSetOptions QUOTED_IDENTIFIER="true" ARITHABORT="true" CONCAT_NULL_YIELDS_NULL="true" ANSI_NULLS="true" ANSI_PADDING="true" ANSI_WARNINGS="true" NUMERIC_ROUNDABORT="false"></StatementSetOptions><QueryPlan CachedPlanSize="16" CompileTime="1" CompileCPU="1" CompileMemory="264"><MemoryGrantInfo SerialRequiredMemory="0" SerialDesiredMemory="0" GrantedMemory="0" MaxUsedMemory="0"></MemoryGrantInfo><OptimizerHardwareDependentProperties EstimatedAvailableMemoryGrant="311472" EstimatedPagesCached="77868" EstimatedAvailableDegreeOfParallelism="2" MaxCompileMemory="603560"></OptimizerHardwareDependentProperties><RelOp NodeId="0" PhysicalOp="Index Seek" LogicalOp="Index Seek" EstimateRows="1" EstimatedRowsRead="1" EstimateIO="0.003125" EstimateCPU="0.0001581" AvgRowSize="23" EstimatedTotalSubtreeCost="0.0032831" TableCardinality="940" Parallel="0" EstimateRebinds="0" EstimateRewinds="0" EstimatedExecutionMode="Row"><OutputList><ColumnReference Database="[PSYCHOLOGY_TEST_1]" Schema="[dbo]" Table="[T_TEST_STEP]" Column="T_TEST_STEP_ID"></ColumnReference></OutputList><IndexScan Ordered="1" ScanDirection="FORWARD" ForcedIndex="0" ForceSeek="0" ForceScan="0" NoExpandHint="0" Storage="RowStore"><DefinedValues><DefinedValue><ColumnReference Database="[PSYCHOLOGY_TEST_1]" Schema="[dbo]" Table="[T_TEST_STEP]" Column="T_TEST_STEP_ID"></ColumnReference></DefinedValue></DefinedValues><Object Database="[PSYCHOLOGY_TEST_1]" Schema="[dbo]" Table="[T_TEST_STEP]" Index="[IX_T_TEST_STEP_1]" IndexKind="NonClustered" Storage="RowStore"></Object><SeekPredicates><SeekPredicateNew><SeekKeys><Prefix ScanType="EQ"><RangeColumns><ColumnReference Database="[PSYCHOLOGY_TEST_1]" Schema="[dbo]" Table="[T_TEST_STEP]" Column="STEP_ORDER"></ColumnReference><ColumnReference Database="[PSYCHOLOGY_TEST_1]" Schema="[dbo]" Table="[T_TEST_STEP]" Column="T_TEST_ID"></ColumnReference></RangeColumns><RangeExpressions><ScalarOperator ScalarString="[@step_order]"><Identifier><ColumnReference Column="@step_order"></ColumnReference></Identifier></ScalarOperator><ScalarOperator ScalarString="[@t_test_id]"><Identifier><ColumnReference Column="@t_test_id"></ColumnReference></Identifier></ScalarOperator></RangeExpressions></Prefix></SeekKeys></SeekPredicateNew></SeekPredicates></IndexScan></RelOp></QueryPlan></StmtSimple><StmtSimple StatementText="&#xd;&#xa;&#xd;&#xa;  update t_testing_test&#xd;&#xa;  set current_step_id=@current_step_id,&#xd;&#xa;  t_testing_test_status_id=1&#xd;&#xa;  where t_testing_id = @t_testing_id&#xd;&#xa;  and t_test_id=@t_test_id" StatementId="10" StatementCompId="11" StatementType="UPDATE" RetrievedFromCache="false" StatementSubTreeCost="0.0192426" StatementEstRows="1" SecurityPolicyApplied="false" StatementOptmLevel="FULL" QueryHash="0x4D4FDD9608CF6502" QueryPlanHash="0x9167065072ACA128" StatementOptmEarlyAbortReason="GoodEnoughPlanFound" CardinalityEstimationModelVersion="70"><StatementSetOptions QUOTED_IDENTIFIER="true" ARITHABORT="true" CONCAT_NULL_YIELDS_NULL="true" ANSI_NULLS="true" ANSI_PADDING="true" ANSI_WARNINGS="true" NUMERIC_ROUNDABORT="false"></StatementSetOptions><QueryPlan CachedPlanSize="32" CompileTime="15" CompileCPU="15" CompileMemory="552"><MemoryGrantInfo SerialRequiredMemory="0" SerialDesiredMemory="0" GrantedMemory="0" MaxUsedMemory="0"></MemoryGrantInfo><OptimizerHardwareDependentProperties EstimatedAvailableMemoryGrant="311472" EstimatedPagesCached="77868" EstimatedAvailableDegreeOfParallelism="2" MaxCompileMemory="603560"></OptimizerHardwareDependentProperties><RelOp NodeId="1" PhysicalOp="Assert" LogicalOp="Assert" EstimateRows="1" EstimateIO="0" EstimateCPU="4.8e-07" AvgRowSize="9" EstimatedTotalSubtreeCost="0.0192426" Parallel="0" EstimateRebinds="0" EstimateRewinds="0" EstimatedExecutionMode="Row"><OutputList></OutputList><Assert StartupExpression="0"><RelOp NodeId="2" PhysicalOp="Nested Loops" LogicalOp="Left Semi Join" EstimateRows="1" EstimateIO="0" EstimateCPU="4.18e-06" AvgRowSize="9" EstimatedTotalSubtreeCost="0.0192422" Parallel="0" EstimateRebinds="0" EstimateRewinds="0" EstimatedExecutionMode="Row"><OutputList><ColumnReference Column="Expr1016"></ColumnReference></OutputList><NestedLoops Optimized="0"><DefinedValues><DefinedValue><ColumnReference Column="Expr1016"></ColumnReference></DefinedValue></DefinedValues><OuterReferences><ColumnReference Database="[PSYCHOLOGY_TEST_1]" Schema="[dbo]" Table="[T_TESTING_TEST]" Column="T_TESTING_TEST_STATUS_ID"></ColumnReference></OuterReferences><ProbeColumn><ColumnReference Column="Expr1016"></ColumnReference></ProbeColumn><RelOp NodeId="3" PhysicalOp="Clustered Index Update" LogicalOp="Update" EstimateRows="1" EstimateIO="0.01" EstimateCPU="1e-06" AvgRowSize="11" EstimatedTotalSubtreeCost="0.0159549" Parallel="0" EstimateRebinds="0" EstimateRewinds="0" EstimatedExecutionMode="Row"><OutputList><ColumnReference Database="[PSYCHOLOGY_TEST_1]" Schema="[dbo]" Table="[T_TESTING_TEST]" Column="T_TESTING_TEST_STATUS_ID"></ColumnReference></OutputList><Update DMLRequestSort="0"><Object Database="[PSYCHOLOGY_TEST_1]" Schema="[dbo]" Table="[T_TESTING_TEST]" Index="[PK_T_TESTING_TEST]" IndexKind="Clustered" Storage="RowStore"></Object><SetPredicate><ScalarOperator ScalarString="[PSYCHOLOGY_TEST_1].[dbo].[T_TESTING_TEST].[CURRENT_STEP_ID] = [@current_step_id],[PSYCHOLOGY_TEST_1].[dbo].[T_TESTING_TEST].[T_TESTING_TEST_STATUS_ID] = [Expr1002]"><ScalarExpressionList><ScalarOperator><MultipleAssign><Assign><ColumnReference Database="[PSYCHOLOGY_TEST_1]" Schema="[dbo]" Table="[T_TESTING_TEST]" Column="CURRENT_STEP_ID"></ColumnReference><ScalarOperator><Identifier><ColumnReference Column="@current_step_id"></ColumnReference></Identifier></ScalarOperator></Assign><Assign><ColumnReference Database="[PSYCHOLOGY_TEST_1]" Schema="[dbo]" Table="[T_TESTING_TEST]" Column="T_TESTING_TEST_STATUS_ID"></ColumnReference><ScalarOperator><Identifier><ColumnReference Column="Expr1002"></ColumnReference></Identifier></ScalarOperator></Assign></MultipleAssign></ScalarOperator></ScalarExpressionList></ScalarOperator></SetPredicate><RelOp NodeId="4" PhysicalOp="Compute Scalar" LogicalOp="Compute Scalar" EstimateRows="1" EstimateIO="0" EstimateCPU="1e-07" AvgRowSize="27" EstimatedTotalSubtreeCost="0.00595388" Parallel="0" EstimateRebinds="0" EstimateRewinds="0" EstimatedExecutionMode="Row"><OutputList><ColumnReference Database="[PSYCHOLOGY_TEST_1]" Schema="[dbo]" Table="[T_TESTING_TEST]" Column="T_TESTING_TEST_ID"></ColumnReference><ColumnReference Column="Expr1002"></ColumnReference></OutputList><ComputeScalar><DefinedValues><DefinedValue><ColumnReference Column="Expr1002"></ColumnReference><ScalarOperator ScalarString="(1)"><Const ConstValue="(1)"></Const></ScalarOperator></DefinedValue></DefinedValues><RelOp NodeId="5" PhysicalOp="Top" LogicalOp="Top" EstimateRows="1" EstimateIO="0" EstimateCPU="1e-07" AvgRowSize="23" EstimatedTotalSubtreeCost="0.00595378" Parallel="0" EstimateRebinds="0" EstimateRewinds="0" EstimatedExecutionMode="Row"><OutputList><ColumnReference Database="[PSYCHOLOGY_TEST_1]" Schema="[dbo]" Table="[T_TESTING_TEST]" Column="T_TESTING_TEST_ID"></ColumnReference></OutputList><Top RowCount="1" IsPercent="0" WithTies="0"><TopExpression><ScalarOperator ScalarString="(0)"><Const ConstValue="(0)"></Const></ScalarOperator></TopExpression><RelOp NodeId="6" PhysicalOp="Clustered Index Scan" LogicalOp="Clustered Index Scan" EstimateRows="1" EstimatedRowsRead="227" EstimateIO="0.00534722" EstimateCPU="0.0004067" AvgRowSize="55" EstimatedTotalSubtreeCost="0.00575392" TableCardinality="227" Parallel="0" EstimateRebinds="0" EstimateRewinds="0" EstimatedExecutionMode="Row"><OutputList><ColumnReference Database="[PSYCHOLOGY_TEST_1]" Schema="[dbo]" Table="[T_TESTING_TEST]" Column="T_TESTING_TEST_ID"></ColumnReference></OutputList><IndexScan Ordered="1" ForcedIndex="0" ForceScan="0" NoExpandHint="0" Storage="RowStore"><DefinedValues><DefinedValue><ColumnReference Database="[PSYCHOLOGY_TEST_1]" Schema="[dbo]" Table="[T_TESTING_TEST]" Column="T_TESTING_TEST_ID"></ColumnReference></DefinedValue></DefinedValues><Object Database="[PSYCHOLOGY_TEST_1]" Schema="[dbo]" Table="[T_TESTING_TEST]" Index="[PK_T_TESTING_TEST]" IndexKind="Clustered" Storage="RowStore"></Object><Predicate><ScalarOperator ScalarString="[PSYCHOLOGY_TEST_1].[dbo].[T_TESTING_TEST].[T_TESTING_ID]=[@t_testing_id] AND [PSYCHOLOGY_TEST_1].[dbo].[T_TESTING_TEST].[T_TEST_ID]=[@t_test_id]"><Logical Operation="AND"><ScalarOperator><Compare CompareOp="EQ"><ScalarOperator><Identifier><ColumnReference Database="[PSYCHOLOGY_TEST_1]" Schema="[dbo]" Table="[T_TESTING_TEST]" Column="T_TESTING_ID"></ColumnReference></Identifier></ScalarOperator><ScalarOperator><Identifier><ColumnReference Column="@t_testing_id"></ColumnReference></Identifier></ScalarOperator></Compare></ScalarOperator><ScalarOperator><Compare CompareOp="EQ"><ScalarOperator><Identifier><ColumnReference Database="[PSYCHOLOGY_TEST_1]" Schema="[dbo]" Table="[T_TESTING_TEST]" Column="T_TEST_ID"></ColumnReference></Identifier></ScalarOperator><ScalarOperator><Identifier><ColumnReference Column="@t_test_id"></ColumnReference></Identifier></ScalarOperator></Compare></ScalarOperator></Logical></ScalarOperator></Predicate></IndexScan></RelOp></Top></RelOp></ComputeScalar></RelOp></Update></RelOp><RelOp NodeId="7" PhysicalOp="Clustered Index Seek" LogicalOp="Clustered Index Seek" EstimateRows="1" EstimatedRowsRead="1" EstimateIO="0.003125" EstimateCPU="0.0001581" AvgRowSize="9" EstimatedTotalSubtreeCost="0.0032831" TableCardinality="5" Parallel="0" EstimateRebinds="0" EstimateRewinds="0" EstimatedExecutionMode="Row"><OutputList></OutputList><IndexScan Ordered="1" ScanDirection="FORWARD" ForcedIndex="1" ForceSeek="0" ForceScan="0" NoExpandHint="0" Storage="RowStore"><DefinedValues></DefinedValues><Object Database="[PSYCHOLOGY_TEST_1]" Schema="[dbo]" Table="[T_TESTING_TEST_STATUS]" Index="[PK_T_TESTING_TEST_STATUS]" IndexKind="Clustered" Storage="RowStore"></Object><SeekPredicates><SeekPredicateNew><SeekKeys><Prefix ScanType="EQ"><RangeColumns><ColumnReference Database="[PSYCHOLOGY_TEST_1]" Schema="[dbo]" Table="[T_TESTING_TEST_STATUS]" Column="T_TESTING_TEST_STATUS_ID"></ColumnReference></RangeColumns><RangeExpressions><ScalarOperator ScalarString="[PSYCHOLOGY_TEST_1].[dbo].[T_TESTING_TEST].[T_TESTING_TEST_STATUS_ID]"><Identifier><ColumnReference Database="[PSYCHOLOGY_TEST_1]" Schema="[dbo]" Table="[T_TESTING_TEST]" Column="T_TESTING_TEST_STATUS_ID"></ColumnReference></Identifier></ScalarOperator></RangeExpressions></Prefix></SeekKeys></SeekPredicateNew></SeekPredicates></IndexScan></RelOp></NestedLoops></RelOp><Predicate><ScalarOperator ScalarString="CASE WHEN [Expr1016] IS NULL THEN (0) ELSE NULL END"><IF><Condition><ScalarOperator><Logical Operation="IS NULL"><ScalarOperator><Identifier><ColumnReference Column="Expr1016"></ColumnReference></Identifier></ScalarOperator></Logical></ScalarOperator></Condition><Then><ScalarOperator><Const ConstValue="(0)"></Const></ScalarOperator></Then><Else><ScalarOperator><Const ConstValue="NULL"></Const></ScalarOperator></Else></IF></ScalarOperator></Predicate></Assert></RelOp><ParameterList><ColumnReference Column="@t_testing_id" ParameterDataType="uniqueidentifier" ParameterCompiledValue="{guid&apos;E7FAB167-C47A-4865-A8AE-429FA778414C&apos;}"></ColumnReference></ParameterList></QueryPlan></StmtSimple><StmtSimple StatementText="&#xd;&#xa;  &#xd;&#xa;  update  &#xd;&#xa;  t_testing_step &#xd;&#xa;  set &#xd;&#xa;  t_testing_step_status_id = 1,&#xd;&#xa;  view_date=getdate()&#xd;&#xa;  where t_test_step_id=@current_step_id&#xd;&#xa;    and t_testing_id = @t_testing_id" StatementId="11" StatementCompId="12" StatementType="UPDATE" RetrievedFromCache="false" StatementSubTreeCost="0.314975" StatementEstRows="1" SecurityPolicyApplied="false" StatementOptmLevel="FULL" QueryHash="0x70EDE11C751B2C43" QueryPlanHash="0x6D034E12592C5809" StatementOptmEarlyAbortReason="GoodEnoughPlanFound" CardinalityEstimationModelVersion="70"><StatementSetOptions QUOTED_IDENTIFIER="true" ARITHABORT="true" CONCAT_NULL_YIELDS_NULL="true" ANSI_NULLS="true" ANSI_PADDING="true" ANSI_WARNINGS="true" NUMERIC_ROUNDABORT="false"></StatementSetOptions><QueryPlan CachedPlanSize="32" CompileTime="12" CompileCPU="12" CompileMemory="656"><MemoryGrantInfo SerialRequiredMemory="0" SerialDesiredMemory="0" GrantedMemory="0" MaxUsedMemory="0"></MemoryGrantInfo><OptimizerHardwareDependentProperties EstimatedAvailableMemoryGrant="311472" EstimatedPagesCached="77868" EstimatedAvailableDegreeOfParallelism="2" MaxCompileMemory="603560"></OptimizerHardwareDependentProperties><RelOp NodeId="1" PhysicalOp="Assert" LogicalOp="Assert" EstimateRows="1" EstimateIO="0" EstimateCPU="4.8e-07" AvgRowSize="9" EstimatedTotalSubtreeCost="0.314975" Parallel="0" EstimateRebinds="0" EstimateRewinds="0" EstimatedExecutionMode="Row"><OutputList></OutputList><Assert StartupExpression="0"><RelOp NodeId="2" PhysicalOp="Nested Loops" LogicalOp="Left Semi Join" EstimateRows="1" EstimateIO="0" EstimateCPU="4.18e-06" AvgRowSize="9" EstimatedTotalSubtreeCost="0.314975" Parallel="0" EstimateRebinds="0" EstimateRewinds="0" EstimatedExecutionMode="Row"><OutputList><ColumnReference Column="Expr1018"></ColumnReference></OutputList><NestedLoops Optimized="0"><DefinedValues><DefinedValue><ColumnReference Column="Expr1018"></ColumnReference></DefinedValue></DefinedValues><OuterReferences><ColumnReference Database="[PSYCHOLOGY_TEST_1]" Schema="[dbo]" Table="[T_TESTING_STEP]" Column="T_TESTING_STEP_STATUS_ID"></ColumnReference></OuterReferences><ProbeColumn><ColumnReference Column="Expr1018"></ColumnReference></ProbeColumn><RelOp NodeId="3" PhysicalOp="Clustered Index Update" LogicalOp="Update" EstimateRows="1" EstimateIO="0.01" EstimateCPU="1e-06" AvgRowSize="11" EstimatedTotalSubtreeCost="0.311688" Parallel="0" EstimateRebinds="0" EstimateRewinds="0" EstimatedExecutionMode="Row"><OutputList><ColumnReference Database="[PSYCHOLOGY_TEST_1]" Schema="[dbo]" Table="[T_TESTING_STEP]" Column="T_TESTING_STEP_STATUS_ID"></ColumnReference></OutputList><Update DMLRequestSort="0"><Object Database="[PSYCHOLOGY_TEST_1]" Schema="[dbo]" Table="[T_TESTING_STEP]" Index="[PK_T_TESTING_STEP]" IndexKind="Clustered" Storage="RowStore"></Object><SetPredicate><ScalarOperator ScalarString="[PSYCHOLOGY_TEST_1].[dbo].[T_TESTING_STEP].[T_TESTING_STEP_STATUS_ID] = [Expr1002],[PSYCHOLOGY_TEST_1].[dbo].[T_TESTING_STEP].[VIEW_DATE] = [Expr1003]"><ScalarExpressionList><ScalarOperator><MultipleAssign><Assign><ColumnReference Database="[PSYCHOLOGY_TEST_1]" Schema="[dbo]" Table="[T_TESTING_STEP]" Column="T_TESTING_STEP_STATUS_ID"></ColumnReference><ScalarOperator><Identifier><ColumnReference Column="Expr1002"></ColumnReference></Identifier></ScalarOperator></Assign><Assign><ColumnReference Database="[PSYCHOLOGY_TEST_1]" Schema="[dbo]" Table="[T_TESTING_STEP]" Column="VIEW_DATE"></ColumnReference><ScalarOperator><Identifier><ColumnReference Column="Expr1003"></ColumnReference></Identifier></ScalarOperator></Assign></MultipleAssign></ScalarOperator></ScalarExpressionList></ScalarOperator></SetPredicate><RelOp NodeId="4" PhysicalOp="Compute Scalar" LogicalOp="Compute Scalar" EstimateRows="1" EstimateIO="0" EstimateCPU="1e-07" AvgRowSize="35" EstimatedTotalSubtreeCost="0.301687" Parallel="0" EstimateRebinds="0" EstimateRewinds="0" EstimatedExecutionMode="Row"><OutputList><ColumnReference Database="[PSYCHOLOGY_TEST_1]" Schema="[dbo]" Table="[T_TESTING_STEP]" Column="T_TESTING_STEP_ID"></ColumnReference><ColumnReference Column="Expr1002"></ColumnReference><ColumnReference Column="Expr1003"></ColumnReference></OutputList><ComputeScalar><DefinedValues><DefinedValue><ColumnReference Column="Expr1002"></ColumnReference><ScalarOperator ScalarString="(1)"><Const ConstValue="(1)"></Const></ScalarOperator></DefinedValue><DefinedValue><ColumnReference Column="Expr1003"></ColumnReference><ScalarOperator ScalarString="getdate()"><Identifier><ColumnReference Column="ConstExpr1010"><ScalarOperator><Intrinsic FunctionName="getdate"></Intrinsic></ScalarOperator></ColumnReference></Identifier></ScalarOperator></DefinedValue></DefinedValues><RelOp NodeId="5" PhysicalOp="Top" LogicalOp="Top" EstimateRows="1" EstimateIO="0" EstimateCPU="1e-07" AvgRowSize="23" EstimatedTotalSubtreeCost="0.301687" Parallel="0" EstimateRebinds="0" EstimateRewinds="0" EstimatedExecutionMode="Row"><OutputList><ColumnReference Database="[PSYCHOLOGY_TEST_1]" Schema="[dbo]" Table="[T_TESTING_STEP]" Column="T_TESTING_STEP_ID"></ColumnReference></OutputList><Top RowCount="1" IsPercent="0" WithTies="0"><TopExpression><ScalarOperator ScalarString="(0)"><Const ConstValue="(0)"></Const></ScalarOperator></TopExpression><RelOp NodeId="6" PhysicalOp="Clustered Index Scan" LogicalOp="Clustered Index Scan" EstimateRows="1" EstimatedRowsRead="22015" EstimateIO="0.25794" EstimateCPU="0.0243735" AvgRowSize="55" EstimatedTotalSubtreeCost="0.282313" TableCardinality="22015" Parallel="0" EstimateRebinds="0" EstimateRewinds="0" EstimatedExecutionMode="Row"><OutputList><ColumnReference Database="[PSYCHOLOGY_TEST_1]" Schema="[dbo]" Table="[T_TESTING_STEP]" Column="T_TESTING_STEP_ID"></ColumnReference></OutputList><IndexScan Ordered="1" ForcedIndex="0" ForceScan="0" NoExpandHint="0" Storage="RowStore"><DefinedValues><DefinedValue><ColumnReference Database="[PSYCHOLOGY_TEST_1]" Schema="[dbo]" Table="[T_TESTING_STEP]" Column="T_TESTING_STEP_ID"></ColumnReference></DefinedValue></DefinedValues><Object Database="[PSYCHOLOGY_TEST_1]" Schema="[dbo]" Table="[T_TESTING_STEP]" Index="[PK_T_TESTING_STEP]" IndexKind="Clustered" Storage="RowStore"></Object><Predicate><ScalarOperator ScalarString="[PSYCHOLOGY_TEST_1].[dbo].[T_TESTING_STEP].[T_TEST_STEP_ID]=[@current_step_id] AND [PSYCHOLOGY_TEST_1].[dbo].[T_TESTING_STEP].[T_TESTING_ID]=[@t_testing_id]"><Logical Operation="AND"><ScalarOperator><Compare CompareOp="EQ"><ScalarOperator><Identifier><ColumnReference Database="[PSYCHOLOGY_TEST_1]" Schema="[dbo]" Table="[T_TESTING_STEP]" Column="T_TEST_STEP_ID"></ColumnReference></Identifier></ScalarOperator><ScalarOperator><Identifier><ColumnReference Column="@current_step_id"></ColumnReference></Identifier></ScalarOperator></Compare></ScalarOperator><ScalarOperator><Compare CompareOp="EQ"><ScalarOperator><Identifier><ColumnReference Database="[PSYCHOLOGY_TEST_1]" Schema="[dbo]" Table="[T_TESTING_STEP]" Column="T_TESTING_ID"></ColumnReference></Identifier></ScalarOperator><ScalarOperator><Identifier><ColumnReference Column="@t_testing_id"></ColumnReference></Identifier></ScalarOperator></Compare></ScalarOperator></Logical></ScalarOperator></Predicate></IndexScan></RelOp></Top></RelOp></ComputeScalar></RelOp></Update></RelOp><RelOp NodeId="7" PhysicalOp="Clustered Index Seek" LogicalOp="Clustered Index Seek" EstimateRows="1" EstimatedRowsRead="1" EstimateIO="0.003125" EstimateCPU="0.0001581" AvgRowSize="9" EstimatedTotalSubtreeCost="0.0032831" TableCardinality="4" Parallel="0" EstimateRebinds="0" EstimateRewinds="0" EstimatedExecutionMode="Row"><OutputList></OutputList><IndexScan Ordered="1" ScanDirection="FORWARD" ForcedIndex="1" ForceSeek="0" ForceScan="0" NoExpandHint="0" Storage="RowStore"><DefinedValues></DefinedValues><Object Database="[PSYCHOLOGY_TEST_1]" Schema="[dbo]" Table="[T_TESTING_STEP_STATUS]" Index="[PK_T_TESTING_STEP_STATUS]" IndexKind="Clustered" Storage="RowStore"></Object><SeekPredicates><SeekPredicateNew><SeekKeys><Prefix ScanType="EQ"><RangeColumns><ColumnReference Database="[PSYCHOLOGY_TEST_1]" Schema="[dbo]" Table="[T_TESTING_STEP_STATUS]" Column="T_TESTING_STEP_STATUS_ID"></ColumnReference></RangeColumns><RangeExpressions><ScalarOperator ScalarString="[PSYCHOLOGY_TEST_1].[dbo].[T_TESTING_STEP].[T_TESTING_STEP_STATUS_ID]"><Identifier><ColumnReference Database="[PSYCHOLOGY_TEST_1]" Schema="[dbo]" Table="[T_TESTING_STEP]" Column="T_TESTING_STEP_STATUS_ID"></ColumnReference></Identifier></ScalarOperator></RangeExpressions></Prefix></SeekKeys></SeekPredicateNew></SeekPredicates></IndexScan></RelOp></NestedLoops></RelOp><Predicate><ScalarOperator ScalarString="CASE WHEN [Expr1018] IS NULL THEN (0) ELSE NULL END"><IF><Condition><ScalarOperator><Logical Operation="IS NULL"><ScalarOperator><Identifier><ColumnReference Column="Expr1018"></ColumnReference></Identifier></ScalarOperator></Logical></ScalarOperator></Condition><Then><ScalarOperator><Const ConstValue="(0)"></Const></ScalarOperator></Then><Else><ScalarOperator><Const ConstValue="NULL"></Const></ScalarOperator></Else></IF></ScalarOperator></Predicate></Assert></RelOp><ParameterList><ColumnReference Column="@t_testing_id" ParameterDataType="uniqueidentifier" ParameterCompiledValue="{guid&apos;E7FAB167-C47A-4865-A8AE-429FA778414C&apos;}"></ColumnReference></ParameterList></QueryPlan></StmtSimple><StmtSimple StatementText="&#xd;&#xa;&#xd;&#xa;  update  t_testing&#xd;&#xa;  set start_date=getdate()&#xd;&#xa;  where t_testing_id = @t_testing_id&#xd;&#xa;  and start_date is null" StatementId="12" StatementCompId="13" StatementType="UPDATE" RetrievedFromCache="false" StatementSubTreeCost="0.0132844" StatementEstRows="1" SecurityPolicyApplied="false" StatementOptmLevel="TRIVIAL" QueryHash="0x29796A0BE3A3E586" QueryPlanHash="0x84F21081D6D2FC8D" CardinalityEstimationModelVersion="70"><StatementSetOptions QUOTED_IDENTIFIER="true" ARITHABORT="true" CONCAT_NULL_YIELDS_NULL="true" ANSI_NULLS="true" ANSI_PADDING="true" ANSI_WARNINGS="true" NUMERIC_ROUNDABORT="false"></StatementSetOptions><QueryPlan CachedPlanSize="24" CompileTime="3" CompileCPU="3" CompileMemory="368"><MemoryGrantInfo SerialRequiredMemory="0" SerialDesiredMemory="0" GrantedMemory="0" MaxUsedMemory="0"></MemoryGrantInfo><OptimizerHardwareDependentProperties EstimatedAvailableMemoryGrant="311472" EstimatedPagesCached="77868" EstimatedAvailableDegreeOfParallelism="2" MaxCompileMemory="603560"></OptimizerHardwareDependentProperties><RelOp NodeId="0" PhysicalOp="Clustered Index Update" LogicalOp="Update" EstimateRows="1" EstimateIO="0.01" EstimateCPU="1e-06" AvgRowSize="9" EstimatedTotalSubtreeCost="0.0132844" Parallel="0" EstimateRebinds="0" EstimateRewinds="0" EstimatedExecutionMode="Row"><OutputList></OutputList><Update DMLRequestSort="0"><Object Database="[PSYCHOLOGY_TEST_1]" Schema="[dbo]" Table="[T_TESTING]" Index="[PK_T_TESTING]" IndexKind="Clustered" Storage="RowStore"></Object><SetPredicate><ScalarOperator ScalarString="[PSYCHOLOGY_TEST_1].[dbo].[T_TESTING].[START_DATE] = [Expr1002]"><ScalarExpressionList><ScalarOperator><MultipleAssign><Assign><ColumnReference Database="[PSYCHOLOGY_TEST_1]" Schema="[dbo]" Table="[T_TESTING]" Column="START_DATE"></ColumnReference><ScalarOperator><Identifier><ColumnReference Column="Expr1002"></ColumnReference></Identifier></ScalarOperator></Assign></MultipleAssign></ScalarOperator></ScalarExpressionList></ScalarOperator></SetPredicate><RelOp NodeId="1" PhysicalOp="Compute Scalar" LogicalOp="Compute Scalar" EstimateRows="1" EstimateIO="0" EstimateCPU="1e-07" AvgRowSize="31" EstimatedTotalSubtreeCost="0.00328338" Parallel="0" EstimateRebinds="0" EstimateRewinds="0" EstimatedExecutionMode="Row"><OutputList><ColumnReference Database="[PSYCHOLOGY_TEST_1]" Schema="[dbo]" Table="[T_TESTING]" Column="T_TESTING_ID"></ColumnReference><ColumnReference Column="Expr1002"></ColumnReference></OutputList><ComputeScalar><DefinedValues><DefinedValue><ColumnReference Column="Expr1002"></ColumnReference><ScalarOperator ScalarString="getdate()"><Identifier><ColumnReference Column="ConstExpr1006"><ScalarOperator><Intrinsic FunctionName="getdate"></Intrinsic></ScalarOperator></ColumnReference></Identifier></ScalarOperator></DefinedValue></DefinedValues><RelOp NodeId="2" PhysicalOp="Clustered Index Seek" LogicalOp="Clustered Index Seek" EstimateRows="1" EstimatedRowsRead="1" EstimateIO="0.003125" EstimateCPU="0.0001581" AvgRowSize="31" EstimatedTotalSubtreeCost="0.0032831" TableCardinality="166" Parallel="0" EstimateRebinds="0" EstimateRewinds="0" EstimatedExecutionMode="Row"><OutputList><ColumnReference Database="[PSYCHOLOGY_TEST_1]" Schema="[dbo]" Table="[T_TESTING]" Column="T_TESTING_ID"></ColumnReference></OutputList><IndexScan Ordered="1" ScanDirection="FORWARD" ForcedIndex="0" ForceSeek="0" ForceScan="0" NoExpandHint="0" Storage="RowStore"><DefinedValues><DefinedValue><ColumnReference Database="[PSYCHOLOGY_TEST_1]" Schema="[dbo]" Table="[T_TESTING]" Column="T_TESTING_ID"></ColumnReference></DefinedValue></DefinedValues><Object Database="[PSYCHOLOGY_TEST_1]" Schema="[dbo]" Table="[T_TESTING]" Index="[PK_T_TESTING]" IndexKind="Clustered" Storage="RowStore"></Object><SeekPredicates><SeekPredicateNew><SeekKeys><Prefix ScanType="EQ"><RangeColumns><ColumnReference Database="[PSYCHOLOGY_TEST_1]" Schema="[dbo]" Table="[T_TESTING]" Column="T_TESTING_ID"></ColumnReference></RangeColumns><RangeExpressions><ScalarOperator ScalarString="[@t_testing_id]"><Identifier><ColumnReference Column="@t_testing_id"></ColumnReference></Identifier></ScalarOperator></RangeExpressions></Prefix></SeekKeys></SeekPredicateNew></SeekPredicates><Predicate><ScalarOperator ScalarString="[PSYCHOLOGY_TEST_1].[dbo].[T_TESTING].[START_DATE] IS NULL"><Compare CompareOp="IS"><ScalarOperator><Identifier><ColumnReference Database="[PSYCHOLOGY_TEST_1]" Schema="[dbo]" Table="[T_TESTING]" Column="START_DATE"></ColumnReference></Identifier></ScalarOperator><ScalarOperator><Const ConstValue="NULL"></Const></ScalarOperator></Compare></ScalarOperator></Predicate></IndexScan></RelOp></ComputeScalar></RelOp></Update></RelOp><ParameterList><ColumnReference Column="@t_testing_id" ParameterDataType="uniqueidentifier" ParameterCompiledValue="{guid&apos;E7FAB167-C47A-4865-A8AE-429FA778414C&apos;}"></ColumnReference></ParameterList></QueryPlan></StmtSimple></Statements></Then></StmtCond><StmtSimple StatementText="   &#xd;&#xa;&#xd;&#xa;end &#xd;&#xa;&#xd;&#xa;&#xd;&#xa;commit transaction&#xd;&#xa;" StatementId="13" StatementCompId="15" StatementType="COMMIT TRANSACTION" RetrievedFromCache="false"></StmtSimple><StmtSimple StatementText="SET XACT_ABORT OFF;&#xd;&#xa;&#xd;&#xa;&#xd;&#xa;" StatementId="14" StatementCompId="16" StatementType="SET ON/OFF" RetrievedFromCache="false"></StmtSimple></Statements></StoredProc></StmtSimple></Statements></Batch></BatchSequence></ShowPlanXML>