<ShowPlanXML xmlns="http://schemas.microsoft.com/sqlserver/2004/07/showplan" Version="1.564" Build="16.0.1000.6"><BatchSequence><Batch><Statements><StmtSimple StatementText="exec time_remaining  &apos;E7FAB167-C47A-4865-A8AE-429FA778414C&apos;, &apos;E7FAB167-C47A-4865-A8AE-429FA778414C&apos;, 1" StatementId="1" StatementCompId="1" StatementType="EXECUTE PROC" RetrievedFromCache="false"><StoredProc ProcName="time_remaining"><Statements><StmtSimple StatementText="&#xd;&#xa;CREATE procedure [dbo].[time_remaining]&#xd;&#xa;@t_testing_id uniqueidentifier, &#xd;&#xa;@t_test_id uniqueidentifier,&#xd;&#xa;@seconds_remain int output  &#xd;&#xa;as &#xd;&#xa;declare @start_time datetime&#xd;&#xa;declare @STOP_TIME_SEC int&#xd;&#xa;declare @timelimitmin int &#xd;&#xa;&#xd;&#xa;set @timelimitmin=0&#xd;&#xa;&#xd;&#xa;&#xd;&#xa;" StatementId="2" StatementCompId="3" StatementType="ASSIGN" RetrievedFromCache="false"></StmtSimple><StmtSimple StatementText="select @timelimitmin=isnull(timelimitmin,0)&#xd;&#xa;from t_test &#xd;&#xa;where t_test_id=@t_test_id" StatementId="3" StatementCompId="4" StatementType="SELECT" RetrievedFromCache="false" StatementSubTreeCost="0.0032832" StatementEstRows="1" SecurityPolicyApplied="false" StatementOptmLevel="TRIVIAL" QueryHash="0x284D9D00AA811AE8" QueryPlanHash="0x852AE8E227D0577E" CardinalityEstimationModelVersion="70"><StatementSetOptions QUOTED_IDENTIFIER="true" ARITHABORT="true" CONCAT_NULL_YIELDS_NULL="true" ANSI_NULLS="true" ANSI_PADDING="true" ANSI_WARNINGS="true" NUMERIC_ROUNDABORT="false"></StatementSetOptions><QueryPlan CachedPlanSize="16" CompileTime="1" CompileCPU="1" CompileMemory="200"><MemoryGrantInfo SerialRequiredMemory="0" SerialDesiredMemory="0" GrantedMemory="0" MaxUsedMemory="0"></MemoryGrantInfo><OptimizerHardwareDependentProperties EstimatedAvailableMemoryGrant="311472" EstimatedPagesCached="77868" EstimatedAvailableDegreeOfParallelism="2" MaxCompileMemory="654312"></OptimizerHardwareDependentProperties><RelOp NodeId="0" PhysicalOp="Compute Scalar" LogicalOp="Compute Scalar" EstimateRows="1" EstimateIO="0" EstimateCPU="1e-07" AvgRowSize="11" EstimatedTotalSubtreeCost="0.0032832" Parallel="0" EstimateRebinds="0" EstimateRewinds="0" EstimatedExecutionMode="Row"><OutputList><ColumnReference Column="Expr1002"></ColumnReference></OutputList><ComputeScalar><DefinedValues><DefinedValue><ColumnReference Column="Expr1002"></ColumnReference><ScalarOperator ScalarString="isnull([PSYCHOLOGY_TEST_1].[dbo].[T_TEST].[TIMELIMITMIN],(0))"><Intrinsic FunctionName="isnull"><ScalarOperator><Identifier><ColumnReference Database="[PSYCHOLOGY_TEST_1]" Schema="[dbo]" Table="[T_TEST]" Column="TIMELIMITMIN"></ColumnReference></Identifier></ScalarOperator><ScalarOperator><Const ConstValue="(0)"></Const></ScalarOperator></Intrinsic></ScalarOperator></DefinedValue></DefinedValues><RelOp NodeId="1" PhysicalOp="Clustered Index Seek" LogicalOp="Clustered Index Seek" EstimateRows="1" EstimatedRowsRead="1" EstimateIO="0.003125" EstimateCPU="0.0001581" AvgRowSize="11" EstimatedTotalSubtreeCost="0.0032831" TableCardinality="19" Parallel="0" EstimateRebinds="0" EstimateRewinds="0" EstimatedExecutionMode="Row"><OutputList><ColumnReference Database="[PSYCHOLOGY_TEST_1]" Schema="[dbo]" Table="[T_TEST]" Column="TIMELIMITMIN"></ColumnReference></OutputList><IndexScan Ordered="1" ScanDirection="FORWARD" ForcedIndex="0" ForceSeek="0" ForceScan="0" NoExpandHint="0" Storage="RowStore"><DefinedValues><DefinedValue><ColumnReference Database="[PSYCHOLOGY_TEST_1]" Schema="[dbo]" Table="[T_TEST]" Column="TIMELIMITMIN"></ColumnReference></DefinedValue></DefinedValues><Object Database="[PSYCHOLOGY_TEST_1]" Schema="[dbo]" Table="[T_TEST]" Index="[PK_T_TEST_1]" IndexKind="Clustered" Storage="RowStore"></Object><SeekPredicates><SeekPredicateNew><SeekKeys><Prefix ScanType="EQ"><RangeColumns><ColumnReference Database="[PSYCHOLOGY_TEST_1]" Schema="[dbo]" Table="[T_TEST]" Column="T_TEST_ID"></ColumnReference></RangeColumns><RangeExpressions><ScalarOperator ScalarString="[@t_test_id]"><Identifier><ColumnReference Column="@t_test_id"></ColumnReference></Identifier></ScalarOperator></RangeExpressions></Prefix></SeekKeys></SeekPredicateNew></SeekPredicates></IndexScan></RelOp></ComputeScalar></RelOp><ParameterList><ColumnReference Column="@t_test_id" ParameterDataType="uniqueidentifier" ParameterCompiledValue="{guid&apos;E7FAB167-C47A-4865-A8AE-429FA778414C&apos;}"></ColumnReference></ParameterList></QueryPlan></StmtSimple><StmtCond StatementText="&#xd;&#xa;&#xd;&#xa;if @timelimitmin&gt;0" StatementId="4" StatementCompId="5" StatementType="COND" RetrievedFromCache="false"><Condition></Condition><Then><Statements><StmtSimple StatementText="&#xd;&#xa;begin&#xd;&#xa;&#xd;&#xa;--set @seconds_remain=200&#xd;&#xa;&#xd;&#xa;&#xd;&#xa;select  &#xd;&#xa;@start_time=min(isnull(ts.view_date,getdate()))&#xd;&#xa;--ts.view_date,&#xd;&#xa;,@STOP_TIME_SEC=min(isnull(tt.STOP_TIME_SEC,0))&#xd;&#xa;from t_testing_step ts&#xd;&#xa;inner join t_test_step s on ts.t_test_step_id=s.t_test_step_id&#xd;&#xa;inner join t_testing_test tt on s.t_test_id=tt.t_test_id &#xd;&#xa;where s.t_test_id=@t_test_id&#xd;&#xa;and ts.t_testing_id=@t_testing_id&#xd;&#xa;and tt.t_testing_id=@t_testing_id" StatementId="5" StatementCompId="6" StatementType="SELECT" RetrievedFromCache="false" StatementSubTreeCost="0.302127" StatementEstRows="1" SecurityPolicyApplied="false" StatementOptmLevel="FULL" QueryHash="0xCC905494F59A7856" QueryPlanHash="0x2033733E2AC049CA" StatementOptmEarlyAbortReason="TimeOut" CardinalityEstimationModelVersion="70"><StatementSetOptions QUOTED_IDENTIFIER="true" ARITHABORT="true" CONCAT_NULL_YIELDS_NULL="true" ANSI_NULLS="true" ANSI_PADDING="true" ANSI_WARNINGS="true" NUMERIC_ROUNDABORT="false"></StatementSetOptions><QueryPlan CachedPlanSize="40" CompileTime="9" CompileCPU="9" CompileMemory="552"><MissingIndexes><MissingIndexGroup Impact="95.6599"><MissingIndex Database="[PSYCHOLOGY_TEST_1]" Schema="[dbo]" Table="[T_TESTING_STEP]"><ColumnGroup Usage="EQUALITY"><Column Name="[T_TESTING_ID]" ColumnId="4"></Column></ColumnGroup><ColumnGroup Usage="INCLUDE"><Column Name="[T_TEST_STEP_ID]" ColumnId="6"></Column><Column Name="[VIEW_DATE]" ColumnId="8"></Column></ColumnGroup></MissingIndex></MissingIndexGroup></MissingIndexes><MemoryGrantInfo SerialRequiredMemory="0" SerialDesiredMemory="0" GrantedMemory="0" MaxUsedMemory="0"></MemoryGrantInfo><OptimizerHardwareDependentProperties EstimatedAvailableMemoryGrant="311472" EstimatedPagesCached="77868" EstimatedAvailableDegreeOfParallelism="2" MaxCompileMemory="654312"></OptimizerHardwareDependentProperties><RelOp NodeId="0" PhysicalOp="Stream Aggregate" LogicalOp="Aggregate" EstimateRows="1" EstimateIO="0" EstimateCPU="1.1e-06" AvgRowSize="19" EstimatedTotalSubtreeCost="0.302127" Parallel="0" EstimateRebinds="0" EstimateRewinds="0" EstimatedExecutionMode="Row"><OutputList><ColumnReference Column="Expr1003"></ColumnReference><ColumnReference Column="Expr1004"></ColumnReference></OutputList><StreamAggregate><DefinedValues><DefinedValue><ColumnReference Column="Expr1003"></ColumnReference><ScalarOperator ScalarString="MIN(isnull([PSYCHOLOGY_TEST_1].[dbo].[T_TESTING_STEP].[VIEW_DATE] as [ts].[VIEW_DATE],getdate()))"><Aggregate Distinct="0" AggType="MIN"><ScalarOperator><Intrinsic FunctionName="isnull"><ScalarOperator><Identifier><ColumnReference Database="[PSYCHOLOGY_TEST_1]" Schema="[dbo]" Table="[T_TESTING_STEP]" Alias="[ts]" Column="VIEW_DATE"></ColumnReference></Identifier></ScalarOperator><ScalarOperator><Identifier><ColumnReference Column="ConstExpr1005"><ScalarOperator><Intrinsic FunctionName="getdate"></Intrinsic></ScalarOperator></ColumnReference></Identifier></ScalarOperator></Intrinsic></ScalarOperator></Aggregate></ScalarOperator></DefinedValue><DefinedValue><ColumnReference Column="Expr1004"></ColumnReference><ScalarOperator ScalarString="MIN([Expr1006])"><Aggregate Distinct="0" AggType="MIN"><ScalarOperator><Identifier><ColumnReference Column="Expr1006"></ColumnReference></Identifier></ScalarOperator></Aggregate></ScalarOperator></DefinedValue></DefinedValues><RelOp NodeId="1" PhysicalOp="Nested Loops" LogicalOp="Inner Join" EstimateRows="1" EstimateIO="0" EstimateCPU="4.18e-06" AvgRowSize="19" EstimatedTotalSubtreeCost="0.302126" Parallel="0" EstimateRebinds="0" EstimateRewinds="0" EstimatedExecutionMode="Row"><OutputList><ColumnReference Database="[PSYCHOLOGY_TEST_1]" Schema="[dbo]" Table="[T_TESTING_STEP]" Alias="[ts]" Column="VIEW_DATE"></ColumnReference><ColumnReference Column="Expr1006"></ColumnReference></OutputList><NestedLoops Optimized="0"><RelOp NodeId="2" PhysicalOp="Nested Loops" LogicalOp="Inner Join" EstimateRows="1" EstimateIO="0" EstimateCPU="4.18e-06" AvgRowSize="15" EstimatedTotalSubtreeCost="0.296168" Parallel="0" EstimateRebinds="0" EstimateRewinds="0" EstimatedExecutionMode="Row"><OutputList><ColumnReference Database="[PSYCHOLOGY_TEST_1]" Schema="[dbo]" Table="[T_TESTING_STEP]" Alias="[ts]" Column="VIEW_DATE"></ColumnReference></OutputList><NestedLoops Optimized="0"><OuterReferences><ColumnReference Database="[PSYCHOLOGY_TEST_1]" Schema="[dbo]" Table="[T_TESTING_STEP]" Alias="[ts]" Column="T_TEST_STEP_ID"></ColumnReference></OuterReferences><RelOp NodeId="3" PhysicalOp="Clustered Index Scan" LogicalOp="Clustered Index Scan" EstimateRows="1" EstimatedRowsRead="22015" EstimateIO="0.25794" EstimateCPU="0.0243735" AvgRowSize="47" EstimatedTotalSubtreeCost="0.282313" TableCardinality="22015" Parallel="0" EstimateRebinds="0" EstimateRewinds="0" EstimatedExecutionMode="Row"><OutputList><ColumnReference Database="[PSYCHOLOGY_TEST_1]" Schema="[dbo]" Table="[T_TESTING_STEP]" Alias="[ts]" Column="T_TEST_STEP_ID"></ColumnReference><ColumnReference Database="[PSYCHOLOGY_TEST_1]" Schema="[dbo]" Table="[T_TESTING_STEP]" Alias="[ts]" Column="VIEW_DATE"></ColumnReference></OutputList><IndexScan Ordered="0" ForcedIndex="0" ForceScan="0" NoExpandHint="0" Storage="RowStore"><DefinedValues><DefinedValue><ColumnReference Database="[PSYCHOLOGY_TEST_1]" Schema="[dbo]" Table="[T_TESTING_STEP]" Alias="[ts]" Column="T_TEST_STEP_ID"></ColumnReference></DefinedValue><DefinedValue><ColumnReference Database="[PSYCHOLOGY_TEST_1]" Schema="[dbo]" Table="[T_TESTING_STEP]" Alias="[ts]" Column="VIEW_DATE"></ColumnReference></DefinedValue></DefinedValues><Object Database="[PSYCHOLOGY_TEST_1]" Schema="[dbo]" Table="[T_TESTING_STEP]" Index="[PK_T_TESTING_STEP]" Alias="[ts]" IndexKind="Clustered" Storage="RowStore"></Object><Predicate><ScalarOperator ScalarString="[PSYCHOLOGY_TEST_1].[dbo].[T_TESTING_STEP].[T_TESTING_ID] as [ts].[T_TESTING_ID]=[@t_testing_id]"><Compare CompareOp="EQ"><ScalarOperator><Identifier><ColumnReference Database="[PSYCHOLOGY_TEST_1]" Schema="[dbo]" Table="[T_TESTING_STEP]" Alias="[ts]" Column="T_TESTING_ID"></ColumnReference></Identifier></ScalarOperator><ScalarOperator><Identifier><ColumnReference Column="@t_testing_id"></ColumnReference></Identifier></ScalarOperator></Compare></ScalarOperator></Predicate></IndexScan></RelOp><RelOp NodeId="4" PhysicalOp="Clustered Index Seek" LogicalOp="Clustered Index Seek" EstimateRows="1" EstimatedRowsRead="1" EstimateIO="0.003125" EstimateCPU="0.0001581" AvgRowSize="23" EstimatedTotalSubtreeCost="0.0032831" TableCardinality="940" Parallel="0" EstimateRebinds="0" EstimateRewinds="0" EstimatedExecutionMode="Row"><OutputList></OutputList><IndexScan Ordered="1" ScanDirection="FORWARD" ForcedIndex="0" ForceSeek="0" ForceScan="0" NoExpandHint="0" Storage="RowStore"><DefinedValues></DefinedValues><Object Database="[PSYCHOLOGY_TEST_1]" Schema="[dbo]" Table="[T_TEST_STEP]" Index="[PK_T_TEST_STEP]" Alias="[s]" IndexKind="Clustered" Storage="RowStore"></Object><SeekPredicates><SeekPredicateNew><SeekKeys><Prefix ScanType="EQ"><RangeColumns><ColumnReference Database="[PSYCHOLOGY_TEST_1]" Schema="[dbo]" Table="[T_TEST_STEP]" Alias="[s]" Column="T_TEST_STEP_ID"></ColumnReference></RangeColumns><RangeExpressions><ScalarOperator ScalarString="[PSYCHOLOGY_TEST_1].[dbo].[T_TESTING_STEP].[T_TEST_STEP_ID] as [ts].[T_TEST_STEP_ID]"><Identifier><ColumnReference Database="[PSYCHOLOGY_TEST_1]" Schema="[dbo]" Table="[T_TESTING_STEP]" Alias="[ts]" Column="T_TEST_STEP_ID"></ColumnReference></Identifier></ScalarOperator></RangeExpressions></Prefix></SeekKeys></SeekPredicateNew></SeekPredicates><Predicate><ScalarOperator ScalarString="[PSYCHOLOGY_TEST_1].[dbo].[T_TEST_STEP].[T_TEST_ID] as [s].[T_TEST_ID]=[@t_test_id]"><Compare CompareOp="EQ"><ScalarOperator><Identifier><ColumnReference Database="[PSYCHOLOGY_TEST_1]" Schema="[dbo]" Table="[T_TEST_STEP]" Alias="[s]" Column="T_TEST_ID"></ColumnReference></Identifier></ScalarOperator><ScalarOperator><Identifier><ColumnReference Column="@t_test_id"></ColumnReference></Identifier></ScalarOperator></Compare></ScalarOperator></Predicate></IndexScan></RelOp></NestedLoops></RelOp><RelOp NodeId="5" PhysicalOp="Compute Scalar" LogicalOp="Compute Scalar" EstimateRows="1" EstimateIO="0" EstimateCPU="1e-07" AvgRowSize="11" EstimatedTotalSubtreeCost="0.00595378" Parallel="0" EstimateRebinds="0" EstimateRewinds="0" EstimatedExecutionMode="Row"><OutputList><ColumnReference Column="Expr1006"></ColumnReference></OutputList><ComputeScalar><DefinedValues><DefinedValue><ColumnReference Column="Expr1006"></ColumnReference><ScalarOperator ScalarString="isnull([PSYCHOLOGY_TEST_1].[dbo].[T_TESTING_TEST].[STOP_TIME_SEC] as [tt].[STOP_TIME_SEC],(0))"><Intrinsic FunctionName="isnull"><ScalarOperator><Identifier><ColumnReference Database="[PSYCHOLOGY_TEST_1]" Schema="[dbo]" Table="[T_TESTING_TEST]" Alias="[tt]" Column="STOP_TIME_SEC"></ColumnReference></Identifier></ScalarOperator><ScalarOperator><Const ConstValue="(0)"></Const></ScalarOperator></Intrinsic></ScalarOperator></DefinedValue></DefinedValues><RelOp NodeId="6" PhysicalOp="Clustered Index Scan" LogicalOp="Clustered Index Scan" EstimateRows="1" EstimatedRowsRead="227" EstimateIO="0.00534722" EstimateCPU="0.0004067" AvgRowSize="43" EstimatedTotalSubtreeCost="0.00575392" TableCardinality="227" Parallel="0" EstimateRebinds="0" EstimateRewinds="0" EstimatedExecutionMode="Row"><OutputList><ColumnReference Database="[PSYCHOLOGY_TEST_1]" Schema="[dbo]" Table="[T_TESTING_TEST]" Alias="[tt]" Column="STOP_TIME_SEC"></ColumnReference></OutputList><IndexScan Ordered="0" ForcedIndex="0" ForceScan="0" NoExpandHint="0" Storage="RowStore"><DefinedValues><DefinedValue><ColumnReference Database="[PSYCHOLOGY_TEST_1]" Schema="[dbo]" Table="[T_TESTING_TEST]" Alias="[tt]" Column="STOP_TIME_SEC"></ColumnReference></DefinedValue></DefinedValues><Object Database="[PSYCHOLOGY_TEST_1]" Schema="[dbo]" Table="[T_TESTING_TEST]" Index="[PK_T_TESTING_TEST]" Alias="[tt]" IndexKind="Clustered" Storage="RowStore"></Object><Predicate><ScalarOperator ScalarString="[PSYCHOLOGY_TEST_1].[dbo].[T_TESTING_TEST].[T_TEST_ID] as [tt].[T_TEST_ID]=[@t_test_id] AND [PSYCHOLOGY_TEST_1].[dbo].[T_TESTING_TEST].[T_TESTING_ID] as [tt].[T_TESTING_ID]=[@t_testing_id]"><Logical Operation="AND"><ScalarOperator><Compare CompareOp="EQ"><ScalarOperator><Identifier><ColumnReference Database="[PSYCHOLOGY_TEST_1]" Schema="[dbo]" Table="[T_TESTING_TEST]" Alias="[tt]" Column="T_TEST_ID"></ColumnReference></Identifier></ScalarOperator><ScalarOperator><Identifier><ColumnReference Column="@t_test_id"></ColumnReference></Identifier></ScalarOperator></Compare></ScalarOperator><ScalarOperator><Compare CompareOp="EQ"><ScalarOperator><Identifier><ColumnReference Database="[PSYCHOLOGY_TEST_1]" Schema="[dbo]" Table="[T_TESTING_TEST]" Alias="[tt]" Column="T_TESTING_ID"></ColumnReference></Identifier></ScalarOperator><ScalarOperator><Identifier><ColumnReference Column="@t_testing_id"></ColumnReference></Identifier></ScalarOperator></Compare></ScalarOperator></Logical></ScalarOperator></Predicate></IndexScan></RelOp></ComputeScalar></RelOp></NestedLoops></RelOp></StreamAggregate></RelOp><ParameterList><ColumnReference Column="@t_testing_id" ParameterDataType="uniqueidentifier" ParameterCompiledValue="{guid&apos;E7FAB167-C47A-4865-A8AE-429FA778414C&apos;}"></ColumnReference><ColumnReference Column="@t_test_id" ParameterDataType="uniqueidentifier" ParameterCompiledValue="{guid&apos;E7FAB167-C47A-4865-A8AE-429FA778414C&apos;}"></ColumnReference></ParameterList></QueryPlan></StmtSimple><StmtSimple StatementText="&#xd;&#xa;&#xd;&#xa;&#xd;&#xa;set @seconds_remain=datediff(second, getdate(), @start_time )- isnull(@STOP_TIME_SEC,0) + (60*@timelimitmin)&#xd;&#xa;&#xd;&#xa;" StatementId="6" StatementCompId="7" StatementType="ASSIGN" RetrievedFromCache="false"></StmtSimple></Statements></Then></StmtCond></Statements></StoredProc></StmtSimple></Statements></Batch></BatchSequence></ShowPlanXML>