<ShowPlanXML xmlns="http://schemas.microsoft.com/sqlserver/2004/07/showplan" Version="1.564" Build="16.0.1000.6"><BatchSequence><Batch><Statements><StmtSimple StatementText="exec workstation_status  &apos;E7FAB167-C47A-4865-A8AE-429FA778414C&apos;" StatementId="1" StatementCompId="1" StatementType="EXECUTE PROC" RetrievedFromCache="false"><StoredProc ProcName="workstation_status"><Statements><StmtSimple StatementText="&#xd;&#xa;&#xd;&#xa;&#xd;&#xa;CREATE procedure [dbo].[workstation_status] &#xd;&#xa;@t_workstation_id uniqueidentifier&#xd;&#xa;&#xd;&#xa;&#xd;&#xa;&#xd;&#xa;as &#xd;&#xa;&#xd;&#xa;&#xd;&#xa;declare  @t_test_id uniqueidentifier&#xd;&#xa;&#xd;&#xa;declare  @t_testing_id uniqueidentifier&#xd;&#xa;declare @start_date datetime&#xd;&#xa;&#xd;&#xa;declare @status varchar(10)&#xd;&#xa;&#xd;&#xa;declare @step int&#xd;&#xa;declare @test_num varchar(10) &#xd;&#xa;declare @current_step_id uniqueidentifier &#xd;&#xa;&#xd;&#xa;&#xd;&#xa;select @t_testing_id=t_testing_id &#xd;&#xa;from t_workstation&#xd;&#xa;where t_workstation_id=@t_workstation_id" StatementId="2" StatementCompId="3" StatementType="SELECT" RetrievedFromCache="false" StatementSubTreeCost="0.0032831" StatementEstRows="1" SecurityPolicyApplied="false" StatementOptmLevel="TRIVIAL" QueryHash="0xE2DE176353B38DD7" QueryPlanHash="0xD45F8A8B1DE3BCD6" CardinalityEstimationModelVersion="70"><StatementSetOptions QUOTED_IDENTIFIER="true" ARITHABORT="true" CONCAT_NULL_YIELDS_NULL="true" ANSI_NULLS="true" ANSI_PADDING="true" ANSI_WARNINGS="true" NUMERIC_ROUNDABORT="false"></StatementSetOptions><QueryPlan CachedPlanSize="16" CompileTime="4" CompileCPU="4" CompileMemory="224"><MemoryGrantInfo SerialRequiredMemory="0" SerialDesiredMemory="0" GrantedMemory="0" MaxUsedMemory="0"></MemoryGrantInfo><OptimizerHardwareDependentProperties EstimatedAvailableMemoryGrant="311472" EstimatedPagesCached="77868" EstimatedAvailableDegreeOfParallelism="2" MaxCompileMemory="8296"></OptimizerHardwareDependentProperties><RelOp NodeId="0" PhysicalOp="Clustered Index Seek" LogicalOp="Clustered Index Seek" EstimateRows="1" EstimatedRowsRead="1" EstimateIO="0.003125" EstimateCPU="0.0001581" AvgRowSize="23" EstimatedTotalSubtreeCost="0.0032831" TableCardinality="7" Parallel="0" EstimateRebinds="0" EstimateRewinds="0" EstimatedExecutionMode="Row"><OutputList><ColumnReference Database="[PSYCHOLOGY_TEST_1]" Schema="[dbo]" Table="[T_WORKSTATION]" Column="T_TESTING_ID"></ColumnReference></OutputList><IndexScan Ordered="1" ScanDirection="FORWARD" ForcedIndex="0" ForceSeek="0" ForceScan="0" NoExpandHint="0" Storage="RowStore"><DefinedValues><DefinedValue><ColumnReference Database="[PSYCHOLOGY_TEST_1]" Schema="[dbo]" Table="[T_WORKSTATION]" Column="T_TESTING_ID"></ColumnReference></DefinedValue></DefinedValues><Object Database="[PSYCHOLOGY_TEST_1]" Schema="[dbo]" Table="[T_WORKSTATION]" Index="[PK_T_WORKSTATION]" IndexKind="Clustered" Storage="RowStore"></Object><SeekPredicates><SeekPredicateNew><SeekKeys><Prefix ScanType="EQ"><RangeColumns><ColumnReference Database="[PSYCHOLOGY_TEST_1]" Schema="[dbo]" Table="[T_WORKSTATION]" Column="T_WORKSTATION_ID"></ColumnReference></RangeColumns><RangeExpressions><ScalarOperator ScalarString="[@t_workstation_id]"><Identifier><ColumnReference Column="@t_workstation_id"></ColumnReference></Identifier></ScalarOperator></RangeExpressions></Prefix></SeekKeys></SeekPredicateNew></SeekPredicates></IndexScan></RelOp><ParameterList><ColumnReference Column="@t_workstation_id" ParameterDataType="uniqueidentifier" ParameterCompiledValue="{guid&apos;E7FAB167-C47A-4865-A8AE-429FA778414C&apos;}"></ColumnReference></ParameterList></QueryPlan></StmtSimple><StmtCond StatementText="&#xd;&#xa;&#xd;&#xa;if @t_testing_id is null" StatementId="3" StatementCompId="4" StatementType="COND" RetrievedFromCache="false"><Condition></Condition><Then><Statements><StmtSimple StatementText=" &#xd;&#xa;begin&#xd;&#xa;set @status=&apos;FREE&apos;&#xd;&#xa;" StatementId="4" StatementCompId="5" StatementType="ASSIGN" RetrievedFromCache="false"></StmtSimple></Statements></Then><Else><Statements><StmtSimple StatementText="end&#xd;&#xa;else&#xd;&#xa;begin&#xd;&#xa; select @status=obj_name, &#xd;&#xa; &#xd;&#xa; @start_date=start_date &#xd;&#xa;&#xd;&#xa; from t_testing_status ts&#xd;&#xa; inner join t_testing t on ts.t_testing_status_id = t.t_testing_status_id&#xd;&#xa; where  t.t_testing_id = @t_testing_id" StatementId="5" StatementCompId="8" StatementType="SELECT" RetrievedFromCache="false" StatementSubTreeCost="0.00657048" StatementEstRows="1" SecurityPolicyApplied="false" StatementOptmLevel="FULL" QueryHash="0x9C918B0C979CAA7F" QueryPlanHash="0x40F7CFF0CECC8D50" StatementOptmEarlyAbortReason="GoodEnoughPlanFound" CardinalityEstimationModelVersion="70"><StatementSetOptions QUOTED_IDENTIFIER="true" ARITHABORT="true" CONCAT_NULL_YIELDS_NULL="true" ANSI_NULLS="true" ANSI_PADDING="true" ANSI_WARNINGS="true" NUMERIC_ROUNDABORT="false"></StatementSetOptions><QueryPlan CachedPlanSize="24" CompileTime="12" CompileCPU="11" CompileMemory="352"><MemoryGrantInfo SerialRequiredMemory="0" SerialDesiredMemory="0" GrantedMemory="0" MaxUsedMemory="0"></MemoryGrantInfo><OptimizerHardwareDependentProperties EstimatedAvailableMemoryGrant="311472" EstimatedPagesCached="77868" EstimatedAvailableDegreeOfParallelism="2" MaxCompileMemory="8296"></OptimizerHardwareDependentProperties><RelOp NodeId="0" PhysicalOp="Compute Scalar" LogicalOp="Compute Scalar" EstimateRows="1" EstimateIO="0" EstimateCPU="1e-07" AvgRowSize="24" EstimatedTotalSubtreeCost="0.00657048" Parallel="0" EstimateRebinds="0" EstimateRewinds="0" EstimatedExecutionMode="Row"><OutputList><ColumnReference Database="[PSYCHOLOGY_TEST_1]" Schema="[dbo]" Table="[T_TESTING]" Alias="[t]" Column="START_DATE"></ColumnReference><ColumnReference Column="Expr1002"></ColumnReference></OutputList><ComputeScalar><DefinedValues><DefinedValue><ColumnReference Column="Expr1002"></ColumnReference><ScalarOperator ScalarString="CONVERT_IMPLICIT(varchar(10),[PSYCHOLOGY_TEST_1].[dbo].[T_TESTING_STATUS].[OBJ_NAME] as [ts].[OBJ_NAME],0)"><Convert DataType="varchar" Length="10" Style="0" Implicit="1"><ScalarOperator><Identifier><ColumnReference Database="[PSYCHOLOGY_TEST_1]" Schema="[dbo]" Table="[T_TESTING_STATUS]" Alias="[ts]" Column="OBJ_NAME"></ColumnReference></Identifier></ScalarOperator></Convert></ScalarOperator></DefinedValue></DefinedValues><RelOp NodeId="1" PhysicalOp="Nested Loops" LogicalOp="Inner Join" EstimateRows="1" EstimateIO="0" EstimateCPU="4.18e-06" AvgRowSize="119" EstimatedTotalSubtreeCost="0.00657038" Parallel="0" EstimateRebinds="0" EstimateRewinds="0" EstimatedExecutionMode="Row"><OutputList><ColumnReference Database="[PSYCHOLOGY_TEST_1]" Schema="[dbo]" Table="[T_TESTING_STATUS]" Alias="[ts]" Column="OBJ_NAME"></ColumnReference><ColumnReference Database="[PSYCHOLOGY_TEST_1]" Schema="[dbo]" Table="[T_TESTING]" Alias="[t]" Column="START_DATE"></ColumnReference></OutputList><NestedLoops Optimized="0"><OuterReferences><ColumnReference Database="[PSYCHOLOGY_TEST_1]" Schema="[dbo]" Table="[T_TESTING]" Alias="[t]" Column="T_TESTING_STATUS_ID"></ColumnReference></OuterReferences><RelOp NodeId="2" PhysicalOp="Clustered Index Seek" LogicalOp="Clustered Index Seek" EstimateRows="1" EstimatedRowsRead="1" EstimateIO="0.003125" EstimateCPU="0.0001581" AvgRowSize="19" EstimatedTotalSubtreeCost="0.0032831" TableCardinality="166" Parallel="0" EstimateRebinds="0" EstimateRewinds="0" EstimatedExecutionMode="Row"><OutputList><ColumnReference Database="[PSYCHOLOGY_TEST_1]" Schema="[dbo]" Table="[T_TESTING]" Alias="[t]" Column="START_DATE"></ColumnReference><ColumnReference Database="[PSYCHOLOGY_TEST_1]" Schema="[dbo]" Table="[T_TESTING]" Alias="[t]" Column="T_TESTING_STATUS_ID"></ColumnReference></OutputList><IndexScan Ordered="1" ScanDirection="FORWARD" ForcedIndex="0" ForceSeek="0" ForceScan="0" NoExpandHint="0" Storage="RowStore"><DefinedValues><DefinedValue><ColumnReference Database="[PSYCHOLOGY_TEST_1]" Schema="[dbo]" Table="[T_TESTING]" Alias="[t]" Column="START_DATE"></ColumnReference></DefinedValue><DefinedValue><ColumnReference Database="[PSYCHOLOGY_TEST_1]" Schema="[dbo]" Table="[T_TESTING]" Alias="[t]" Column="T_TESTING_STATUS_ID"></ColumnReference></DefinedValue></DefinedValues><Object Database="[PSYCHOLOGY_TEST_1]" Schema="[dbo]" Table="[T_TESTING]" Index="[PK_T_TESTING]" Alias="[t]" IndexKind="Clustered" Storage="RowStore"></Object><SeekPredicates><SeekPredicateNew><SeekKeys><Prefix ScanType="EQ"><RangeColumns><ColumnReference Database="[PSYCHOLOGY_TEST_1]" Schema="[dbo]" Table="[T_TESTING]" Alias="[t]" Column="T_TESTING_ID"></ColumnReference></RangeColumns><RangeExpressions><ScalarOperator ScalarString="[@t_testing_id]"><Identifier><ColumnReference Column="@t_testing_id"></ColumnReference></Identifier></ScalarOperator></RangeExpressions></Prefix></SeekKeys></SeekPredicateNew></SeekPredicates></IndexScan></RelOp><RelOp NodeId="3" PhysicalOp="Clustered Index Seek" LogicalOp="Clustered Index Seek" EstimateRows="1" EstimatedRowsRead="1" EstimateIO="0.003125" EstimateCPU="0.0001581" AvgRowSize="111" EstimatedTotalSubtreeCost="0.0032831" TableCardinality="6" Parallel="0" EstimateRebinds="0" EstimateRewinds="0" EstimatedExecutionMode="Row"><OutputList><ColumnReference Database="[PSYCHOLOGY_TEST_1]" Schema="[dbo]" Table="[T_TESTING_STATUS]" Alias="[ts]" Column="OBJ_NAME"></ColumnReference></OutputList><IndexScan Ordered="1" ScanDirection="FORWARD" ForcedIndex="0" ForceSeek="0" ForceScan="0" NoExpandHint="0" Storage="RowStore"><DefinedValues><DefinedValue><ColumnReference Database="[PSYCHOLOGY_TEST_1]" Schema="[dbo]" Table="[T_TESTING_STATUS]" Alias="[ts]" Column="OBJ_NAME"></ColumnReference></DefinedValue></DefinedValues><Object Database="[PSYCHOLOGY_TEST_1]" Schema="[dbo]" Table="[T_TESTING_STATUS]" Index="[PK_T_TESTING_STATUS]" Alias="[ts]" IndexKind="Clustered" Storage="RowStore"></Object><SeekPredicates><SeekPredicateNew><SeekKeys><Prefix ScanType="EQ"><RangeColumns><ColumnReference Database="[PSYCHOLOGY_TEST_1]" Schema="[dbo]" Table="[T_TESTING_STATUS]" Alias="[ts]" Column="T_TESTING_STATUS_ID"></ColumnReference></RangeColumns><RangeExpressions><ScalarOperator ScalarString="[PSYCHOLOGY_TEST_1].[dbo].[T_TESTING].[T_TESTING_STATUS_ID] as [t].[T_TESTING_STATUS_ID]"><Identifier><ColumnReference Database="[PSYCHOLOGY_TEST_1]" Schema="[dbo]" Table="[T_TESTING]" Alias="[t]" Column="T_TESTING_STATUS_ID"></ColumnReference></Identifier></ScalarOperator></RangeExpressions></Prefix></SeekKeys></SeekPredicateNew></SeekPredicates></IndexScan></RelOp></NestedLoops></RelOp></ComputeScalar></RelOp></QueryPlan></StmtSimple><StmtCond StatementText="&#xd;&#xa;&#xd;&#xa; if @status=&apos;TESTING&apos; OR @status=&apos;INSTRUCT&apos;" StatementId="6" StatementCompId="9" StatementType="COND" RetrievedFromCache="false"><Condition></Condition><Then><Statements><StmtSimple StatementText="&#xd;&#xa; begin&#xd;&#xa;  select @t_test_id= current_test_id &#xd;&#xa;  from t_testing &#xd;&#xa;  where t_testing_id = @t_testing_id" StatementId="7" StatementCompId="10" StatementType="SELECT" RetrievedFromCache="false" StatementSubTreeCost="0.0032831" StatementEstRows="1" SecurityPolicyApplied="false" StatementOptmLevel="TRIVIAL" QueryHash="0x065F70E6938F0F65" QueryPlanHash="0x289653D083CDADDF" CardinalityEstimationModelVersion="70"><StatementSetOptions QUOTED_IDENTIFIER="true" ARITHABORT="true" CONCAT_NULL_YIELDS_NULL="true" ANSI_NULLS="true" ANSI_PADDING="true" ANSI_WARNINGS="true" NUMERIC_ROUNDABORT="false"></StatementSetOptions><QueryPlan CachedPlanSize="16" CompileTime="1" CompileCPU="1" CompileMemory="224"><MemoryGrantInfo SerialRequiredMemory="0" SerialDesiredMemory="0" GrantedMemory="0" MaxUsedMemory="0"></MemoryGrantInfo><OptimizerHardwareDependentProperties EstimatedAvailableMemoryGrant="311472" EstimatedPagesCached="77868" EstimatedAvailableDegreeOfParallelism="2" MaxCompileMemory="8296"></OptimizerHardwareDependentProperties><RelOp NodeId="0" PhysicalOp="Clustered Index Seek" LogicalOp="Clustered Index Seek" EstimateRows="1" EstimatedRowsRead="1" EstimateIO="0.003125" EstimateCPU="0.0001581" AvgRowSize="23" EstimatedTotalSubtreeCost="0.0032831" TableCardinality="166" Parallel="0" EstimateRebinds="0" EstimateRewinds="0" EstimatedExecutionMode="Row"><OutputList><ColumnReference Database="[PSYCHOLOGY_TEST_1]" Schema="[dbo]" Table="[T_TESTING]" Column="CURRENT_TEST_ID"></ColumnReference></OutputList><IndexScan Ordered="1" ScanDirection="FORWARD" ForcedIndex="0" ForceSeek="0" ForceScan="0" NoExpandHint="0" Storage="RowStore"><DefinedValues><DefinedValue><ColumnReference Database="[PSYCHOLOGY_TEST_1]" Schema="[dbo]" Table="[T_TESTING]" Column="CURRENT_TEST_ID"></ColumnReference></DefinedValue></DefinedValues><Object Database="[PSYCHOLOGY_TEST_1]" Schema="[dbo]" Table="[T_TESTING]" Index="[PK_T_TESTING]" IndexKind="Clustered" Storage="RowStore"></Object><SeekPredicates><SeekPredicateNew><SeekKeys><Prefix ScanType="EQ"><RangeColumns><ColumnReference Database="[PSYCHOLOGY_TEST_1]" Schema="[dbo]" Table="[T_TESTING]" Column="T_TESTING_ID"></ColumnReference></RangeColumns><RangeExpressions><ScalarOperator ScalarString="[@t_testing_id]"><Identifier><ColumnReference Column="@t_testing_id"></ColumnReference></Identifier></ScalarOperator></RangeExpressions></Prefix></SeekKeys></SeekPredicateNew></SeekPredicates></IndexScan></RelOp></QueryPlan></StmtSimple><StmtSimple StatementText="&#xd;&#xa;  &#xd;&#xa;  select  @current_step_id=current_step_id&#xd;&#xa;  from t_testing_test &#xd;&#xa;  where  t_testing_id = @t_testing_id and &#xd;&#xa;  t_test_id = @t_test_id" StatementId="8" StatementCompId="11" StatementType="SELECT" RetrievedFromCache="false" StatementSubTreeCost="0.00575392" StatementEstRows="1" SecurityPolicyApplied="false" StatementOptmLevel="TRIVIAL" QueryHash="0x350057D928F889B7" QueryPlanHash="0x0BC8B50BFFD42E7E" CardinalityEstimationModelVersion="70"><StatementSetOptions QUOTED_IDENTIFIER="true" ARITHABORT="true" CONCAT_NULL_YIELDS_NULL="true" ANSI_NULLS="true" ANSI_PADDING="true" ANSI_WARNINGS="true" NUMERIC_ROUNDABORT="false"></StatementSetOptions><QueryPlan CachedPlanSize="16" CompileTime="1" CompileCPU="1" CompileMemory="240"><MemoryGrantInfo SerialRequiredMemory="0" SerialDesiredMemory="0" GrantedMemory="0" MaxUsedMemory="0"></MemoryGrantInfo><OptimizerHardwareDependentProperties EstimatedAvailableMemoryGrant="311472" EstimatedPagesCached="77868" EstimatedAvailableDegreeOfParallelism="2" MaxCompileMemory="8296"></OptimizerHardwareDependentProperties><RelOp NodeId="0" PhysicalOp="Clustered Index Scan" LogicalOp="Clustered Index Scan" EstimateRows="1" EstimatedRowsRead="227" EstimateIO="0.00534722" EstimateCPU="0.0004067" AvgRowSize="55" EstimatedTotalSubtreeCost="0.00575392" TableCardinality="227" Parallel="0" EstimateRebinds="0" EstimateRewinds="0" EstimatedExecutionMode="Row"><OutputList><ColumnReference Database="[PSYCHOLOGY_TEST_1]" Schema="[dbo]" Table="[T_TESTING_TEST]" Column="CURRENT_STEP_ID"></ColumnReference></OutputList><IndexScan Ordered="0" ForcedIndex="0" ForceScan="0" NoExpandHint="0" Storage="RowStore"><DefinedValues><DefinedValue><ColumnReference Database="[PSYCHOLOGY_TEST_1]" Schema="[dbo]" Table="[T_TESTING_TEST]" Column="CURRENT_STEP_ID"></ColumnReference></DefinedValue></DefinedValues><Object Database="[PSYCHOLOGY_TEST_1]" Schema="[dbo]" Table="[T_TESTING_TEST]" Index="[PK_T_TESTING_TEST]" IndexKind="Clustered" Storage="RowStore"></Object><Predicate><ScalarOperator ScalarString="[PSYCHOLOGY_TEST_1].[dbo].[T_TESTING_TEST].[T_TESTING_ID]=[@t_testing_id] AND [PSYCHOLOGY_TEST_1].[dbo].[T_TESTING_TEST].[T_TEST_ID]=[@t_test_id]"><Logical Operation="AND"><ScalarOperator><Compare CompareOp="EQ"><ScalarOperator><Identifier><ColumnReference Database="[PSYCHOLOGY_TEST_1]" Schema="[dbo]" Table="[T_TESTING_TEST]" Column="T_TESTING_ID"></ColumnReference></Identifier></ScalarOperator><ScalarOperator><Identifier><ColumnReference Column="@t_testing_id"></ColumnReference></Identifier></ScalarOperator></Compare></ScalarOperator><ScalarOperator><Compare CompareOp="EQ"><ScalarOperator><Identifier><ColumnReference Database="[PSYCHOLOGY_TEST_1]" Schema="[dbo]" Table="[T_TESTING_TEST]" Column="T_TEST_ID"></ColumnReference></Identifier></ScalarOperator><ScalarOperator><Identifier><ColumnReference Column="@t_test_id"></ColumnReference></Identifier></ScalarOperator></Compare></ScalarOperator></Logical></ScalarOperator></Predicate></IndexScan></RelOp></QueryPlan></StmtSimple><StmtSimple StatementText=" &#xd;&#xa;  &#xd;&#xa;  select @step=step_order&#xd;&#xa;  from t_test_step&#xd;&#xa;  where t_test_step_id=@current_step_id" StatementId="9" StatementCompId="12" StatementType="SELECT" RetrievedFromCache="false" StatementSubTreeCost="0.0032831" StatementEstRows="1" SecurityPolicyApplied="false" StatementOptmLevel="TRIVIAL" QueryHash="0x6A01FFEB6DABCE3E" QueryPlanHash="0xDF8BDEE1E834C377" CardinalityEstimationModelVersion="70"><StatementSetOptions QUOTED_IDENTIFIER="true" ARITHABORT="true" CONCAT_NULL_YIELDS_NULL="true" ANSI_NULLS="true" ANSI_PADDING="true" ANSI_WARNINGS="true" NUMERIC_ROUNDABORT="false"></StatementSetOptions><QueryPlan CachedPlanSize="16" CompileTime="1" CompileCPU="1" CompileMemory="256"><MemoryGrantInfo SerialRequiredMemory="0" SerialDesiredMemory="0" GrantedMemory="0" MaxUsedMemory="0"></MemoryGrantInfo><OptimizerHardwareDependentProperties EstimatedAvailableMemoryGrant="311472" EstimatedPagesCached="77868" EstimatedAvailableDegreeOfParallelism="2" MaxCompileMemory="8296"></OptimizerHardwareDependentProperties><RelOp NodeId="0" PhysicalOp="Clustered Index Seek" LogicalOp="Clustered Index Seek" EstimateRows="1" EstimatedRowsRead="1" EstimateIO="0.003125" EstimateCPU="0.0001581" AvgRowSize="11" EstimatedTotalSubtreeCost="0.0032831" TableCardinality="940" Parallel="0" EstimateRebinds="0" EstimateRewinds="0" EstimatedExecutionMode="Row"><OutputList><ColumnReference Database="[PSYCHOLOGY_TEST_1]" Schema="[dbo]" Table="[T_TEST_STEP]" Column="STEP_ORDER"></ColumnReference></OutputList><IndexScan Ordered="1" ScanDirection="FORWARD" ForcedIndex="0" ForceSeek="0" ForceScan="0" NoExpandHint="0" Storage="RowStore"><DefinedValues><DefinedValue><ColumnReference Database="[PSYCHOLOGY_TEST_1]" Schema="[dbo]" Table="[T_TEST_STEP]" Column="STEP_ORDER"></ColumnReference></DefinedValue></DefinedValues><Object Database="[PSYCHOLOGY_TEST_1]" Schema="[dbo]" Table="[T_TEST_STEP]" Index="[PK_T_TEST_STEP]" IndexKind="Clustered" Storage="RowStore"></Object><SeekPredicates><SeekPredicateNew><SeekKeys><Prefix ScanType="EQ"><RangeColumns><ColumnReference Database="[PSYCHOLOGY_TEST_1]" Schema="[dbo]" Table="[T_TEST_STEP]" Column="T_TEST_STEP_ID"></ColumnReference></RangeColumns><RangeExpressions><ScalarOperator ScalarString="[@current_step_id]"><Identifier><ColumnReference Column="@current_step_id"></ColumnReference></Identifier></ScalarOperator></RangeExpressions></Prefix></SeekKeys></SeekPredicateNew></SeekPredicates></IndexScan></RelOp></QueryPlan></StmtSimple><StmtSimple StatementText="  &#xd;&#xa;  &#xd;&#xa;  select @test_num=order_num  &#xd;&#xa;  from t_test &#xd;&#xa;  where t_test_id=@t_test_id" StatementId="10" StatementCompId="13" StatementType="SELECT" RetrievedFromCache="false" StatementSubTreeCost="0.0032832" StatementEstRows="1" SecurityPolicyApplied="false" StatementOptmLevel="TRIVIAL" QueryHash="0x28E88006701B489E" QueryPlanHash="0x852AE8E227D0577E" CardinalityEstimationModelVersion="70"><StatementSetOptions QUOTED_IDENTIFIER="true" ARITHABORT="true" CONCAT_NULL_YIELDS_NULL="true" ANSI_NULLS="true" ANSI_PADDING="true" ANSI_WARNINGS="true" NUMERIC_ROUNDABORT="false"></StatementSetOptions><QueryPlan CachedPlanSize="16" CompileTime="2" CompileCPU="2" CompileMemory="256"><MemoryGrantInfo SerialRequiredMemory="0" SerialDesiredMemory="0" GrantedMemory="0" MaxUsedMemory="0"></MemoryGrantInfo><OptimizerHardwareDependentProperties EstimatedAvailableMemoryGrant="311472" EstimatedPagesCached="77868" EstimatedAvailableDegreeOfParallelism="2" MaxCompileMemory="8296"></OptimizerHardwareDependentProperties><RelOp NodeId="0" PhysicalOp="Compute Scalar" LogicalOp="Compute Scalar" EstimateRows="1" EstimateIO="0" EstimateCPU="1e-07" AvgRowSize="16" EstimatedTotalSubtreeCost="0.0032832" Parallel="0" EstimateRebinds="0" EstimateRewinds="0" EstimatedExecutionMode="Row"><OutputList><ColumnReference Column="Expr1002"></ColumnReference></OutputList><ComputeScalar><DefinedValues><DefinedValue><ColumnReference Column="Expr1002"></ColumnReference><ScalarOperator ScalarString="CONVERT_IMPLICIT(varchar(10),[PSYCHOLOGY_TEST_1].[dbo].[T_TEST].[ORDER_NUM],0)"><Convert DataType="varchar" Length="10" Style="0" Implicit="1"><ScalarOperator><Identifier><ColumnReference Database="[PSYCHOLOGY_TEST_1]" Schema="[dbo]" Table="[T_TEST]" Column="ORDER_NUM"></ColumnReference></Identifier></ScalarOperator></Convert></ScalarOperator></DefinedValue></DefinedValues><RelOp NodeId="1" PhysicalOp="Clustered Index Seek" LogicalOp="Clustered Index Seek" EstimateRows="1" EstimatedRowsRead="1" EstimateIO="0.003125" EstimateCPU="0.0001581" AvgRowSize="11" EstimatedTotalSubtreeCost="0.0032831" TableCardinality="19" Parallel="0" EstimateRebinds="0" EstimateRewinds="0" EstimatedExecutionMode="Row"><OutputList><ColumnReference Database="[PSYCHOLOGY_TEST_1]" Schema="[dbo]" Table="[T_TEST]" Column="ORDER_NUM"></ColumnReference></OutputList><IndexScan Ordered="1" ScanDirection="FORWARD" ForcedIndex="0" ForceSeek="0" ForceScan="0" NoExpandHint="0" Storage="RowStore"><DefinedValues><DefinedValue><ColumnReference Database="[PSYCHOLOGY_TEST_1]" Schema="[dbo]" Table="[T_TEST]" Column="ORDER_NUM"></ColumnReference></DefinedValue></DefinedValues><Object Database="[PSYCHOLOGY_TEST_1]" Schema="[dbo]" Table="[T_TEST]" Index="[PK_T_TEST_1]" IndexKind="Clustered" Storage="RowStore"></Object><SeekPredicates><SeekPredicateNew><SeekKeys><Prefix ScanType="EQ"><RangeColumns><ColumnReference Database="[PSYCHOLOGY_TEST_1]" Schema="[dbo]" Table="[T_TEST]" Column="T_TEST_ID"></ColumnReference></RangeColumns><RangeExpressions><ScalarOperator ScalarString="[@t_test_id]"><Identifier><ColumnReference Column="@t_test_id"></ColumnReference></Identifier></ScalarOperator></RangeExpressions></Prefix></SeekKeys></SeekPredicateNew></SeekPredicates></IndexScan></RelOp></ComputeScalar></RelOp></QueryPlan></StmtSimple></Statements></Then></StmtCond></Statements></Else></StmtCond><StmtSimple StatementText="&#xd;&#xa;/*&#xd;&#xa;  select @step_count=count(t_test_step_id)  &#xd;&#xa;  from t_test_step &#xd;&#xa;  where t_test_id=@t_test_id&#xd;&#xa;*/&#xd;&#xa; end&#xd;&#xa;&#xd;&#xa;&#xd;&#xa;&#xd;&#xa; &#xd;&#xa;end&#xd;&#xa;&#xd;&#xa;&#xd;&#xa;select @start_date as start_date,&#xd;&#xa;@status as status,&#xd;&#xa;@step as step,&#xd;&#xa;@test_num as test_num,&#xd;&#xa;@current_step_id as current_step_id,&#xd;&#xa;@t_testing_id as t_testing_id" StatementId="11" StatementCompId="16" StatementType="SELECT WITHOUT QUERY" RetrievedFromCache="false"></StmtSimple></Statements></StoredProc></StmtSimple></Statements></Batch></BatchSequence></ShowPlanXML>