<ShowPlanXML xmlns="http://schemas.microsoft.com/sqlserver/2004/07/showplan" Version="1.564" Build="16.0.1000.6"><BatchSequence><Batch><Statements><StmtSimple StatementText="exec ws_type  &apos;a&apos;, &apos;a&apos;, &apos;E7FAB167-C47A-4865-A8AE-429FA778414C&apos;, &apos;E7FAB167-C47A-4865-A8AE-429FA778414C&apos;, &apos;E7FAB167-C47A-4865-A8AE-429FA778414C&apos;" StatementId="1" StatementCompId="1" StatementType="EXECUTE PROC" RetrievedFromCache="false"><StoredProc ProcName="ws_type"><Statements><StmtSimple StatementText="&#xd;&#xa;CREATE procedure [dbo].[ws_type] &#xd;&#xa;@ip_address varchar(100),&#xd;&#xa;@ip_auth char(1) output,&#xd;&#xa;@t_workstation_id uniqueidentifier output,&#xd;&#xa;@t_testing_id uniqueidentifier output,&#xd;&#xa;@t_ws_status_id_active uniqueidentifier&#xd;&#xa;&#xd;&#xa;as &#xd;&#xa;declare @ws_ip_count int&#xd;&#xa;select @ws_ip_count=count(t_workstation_id)&#xd;&#xa;from t_workstation &#xd;&#xa;where ip_address=@ip_address and &#xd;&#xa;t_workstation_status_id=@t_ws_status_id_active &#xd;&#xa;and auth_type=0" StatementId="2" StatementCompId="3" StatementType="SELECT" RetrievedFromCache="false" StatementSubTreeCost="0.00329206" StatementEstRows="1" SecurityPolicyApplied="false" StatementOptmLevel="TRIVIAL" QueryHash="0x7928B5A09AAA2327" QueryPlanHash="0x9284BD71E774932D" CardinalityEstimationModelVersion="70"><StatementSetOptions QUOTED_IDENTIFIER="true" ARITHABORT="true" CONCAT_NULL_YIELDS_NULL="true" ANSI_NULLS="true" ANSI_PADDING="true" ANSI_WARNINGS="true" NUMERIC_ROUNDABORT="false"></StatementSetOptions><QueryPlan CachedPlanSize="16" CompileTime="2" CompileCPU="2" CompileMemory="200"><MemoryGrantInfo SerialRequiredMemory="0" SerialDesiredMemory="0" GrantedMemory="0" MaxUsedMemory="0"></MemoryGrantInfo><OptimizerHardwareDependentProperties EstimatedAvailableMemoryGrant="311472" EstimatedPagesCached="77868" EstimatedAvailableDegreeOfParallelism="2" MaxCompileMemory="8344"></OptimizerHardwareDependentProperties><RelOp NodeId="0" PhysicalOp="Compute Scalar" LogicalOp="Compute Scalar" EstimateRows="1" EstimateIO="0" EstimateCPU="0" AvgRowSize="11" EstimatedTotalSubtreeCost="0.00329206" Parallel="0" EstimateRebinds="0" EstimateRewinds="0" EstimatedExecutionMode="Row"><OutputList><ColumnReference Column="Expr1002"></ColumnReference></OutputList><ComputeScalar><DefinedValues><DefinedValue><ColumnReference Column="Expr1002"></ColumnReference><ScalarOperator ScalarString="CONVERT_IMPLICIT(int,[Expr1003],0)"><Convert DataType="int" Style="0" Implicit="1"><ScalarOperator><Identifier><ColumnReference Column="Expr1003"></ColumnReference></Identifier></ScalarOperator></Convert></ScalarOperator></DefinedValue></DefinedValues><RelOp NodeId="1" PhysicalOp="Stream Aggregate" LogicalOp="Aggregate" EstimateRows="1" EstimateIO="0" EstimateCPU="1.1e-06" AvgRowSize="11" EstimatedTotalSubtreeCost="0.00329206" Parallel="0" EstimateRebinds="0" EstimateRewinds="0" EstimatedExecutionMode="Row"><OutputList><ColumnReference Column="Expr1003"></ColumnReference></OutputList><StreamAggregate><DefinedValues><DefinedValue><ColumnReference Column="Expr1003"></ColumnReference><ScalarOperator ScalarString="Count(*)"><Aggregate AggType="countstar" Distinct="0"></Aggregate></ScalarOperator></DefinedValue></DefinedValues><RelOp NodeId="2" PhysicalOp="Clustered Index Scan" LogicalOp="Clustered Index Scan" EstimateRows="1" EstimatedRowsRead="7" EstimateIO="0.003125" EstimateCPU="0.0001647" AvgRowSize="42" EstimatedTotalSubtreeCost="0.0032897" TableCardinality="7" Parallel="0" EstimateRebinds="0" EstimateRewinds="0" EstimatedExecutionMode="Row"><OutputList></OutputList><IndexScan Ordered="0" ForcedIndex="0" ForceScan="0" NoExpandHint="0" Storage="RowStore"><DefinedValues></DefinedValues><Object Database="[PSYCHOLOGY_TEST_1]" Schema="[dbo]" Table="[T_WORKSTATION]" Index="[PK_T_WORKSTATION]" IndexKind="Clustered" Storage="RowStore"></Object><Predicate><ScalarOperator ScalarString="[PSYCHOLOGY_TEST_1].[dbo].[T_WORKSTATION].[T_WORKSTATION_STATUS_ID]=[@t_ws_status_id_active] AND [PSYCHOLOGY_TEST_1].[dbo].[T_WORKSTATION].[AUTH_TYPE]=(0) AND [PSYCHOLOGY_TEST_1].[dbo].[T_WORKSTATION].[IP_ADDRESS]=[@ip_address]"><Logical Operation="AND"><ScalarOperator><Compare CompareOp="EQ"><ScalarOperator><Identifier><ColumnReference Database="[PSYCHOLOGY_TEST_1]" Schema="[dbo]" Table="[T_WORKSTATION]" Column="T_WORKSTATION_STATUS_ID"></ColumnReference></Identifier></ScalarOperator><ScalarOperator><Identifier><ColumnReference Column="@t_ws_status_id_active"></ColumnReference></Identifier></ScalarOperator></Compare></ScalarOperator><ScalarOperator><Compare CompareOp="EQ"><ScalarOperator><Identifier><ColumnReference Database="[PSYCHOLOGY_TEST_1]" Schema="[dbo]" Table="[T_WORKSTATION]" Column="AUTH_TYPE"></ColumnReference></Identifier></ScalarOperator><ScalarOperator><Const ConstValue="(0)"></Const></ScalarOperator></Compare></ScalarOperator><ScalarOperator><Compare CompareOp="EQ"><ScalarOperator><Identifier><ColumnReference Database="[PSYCHOLOGY_TEST_1]" Schema="[dbo]" Table="[T_WORKSTATION]" Column="IP_ADDRESS"></ColumnReference></Identifier></ScalarOperator><ScalarOperator><Identifier><ColumnReference Column="@ip_address"></ColumnReference></Identifier></ScalarOperator></Compare></ScalarOperator></Logical></ScalarOperator></Predicate></IndexScan></RelOp></StreamAggregate></RelOp></ComputeScalar></RelOp><ParameterList><ColumnReference Column="@t_ws_status_id_active" ParameterDataType="uniqueidentifier" ParameterCompiledValue="{guid&apos;E7FAB167-C47A-4865-A8AE-429FA778414C&apos;}"></ColumnReference><ColumnReference Column="@ip_address" ParameterDataType="varchar(100)" ParameterCompiledValue="&apos;a&apos;"></ColumnReference></ParameterList></QueryPlan></StmtSimple><StmtCond StatementText="&#xd;&#xa;&#xd;&#xa;if @ws_ip_count &gt; 0" StatementId="3" StatementCompId="4" StatementType="COND" RetrievedFromCache="false"><Condition></Condition><Then><Statements><StmtSimple StatementText=" &#xd;&#xa;begin&#xd;&#xa;&#xd;&#xa;   select &#xd;&#xa;   @t_workstation_id=t_workstation_id&#xd;&#xa;   ,@t_testing_id=t_testing_id,@ip_auth=&apos;y&apos;&#xd;&#xa;   from t_workstation &#xd;&#xa;   where ip_address=@ip_address" StatementId="4" StatementCompId="5" StatementType="SELECT" RetrievedFromCache="false" StatementSubTreeCost="0.00329106" StatementEstRows="1" SecurityPolicyApplied="false" StatementOptmLevel="TRIVIAL" QueryHash="0x66A3CFB4124C0BA2" QueryPlanHash="0xD18F7CED47F5B429" CardinalityEstimationModelVersion="70"><StatementSetOptions QUOTED_IDENTIFIER="true" ARITHABORT="true" CONCAT_NULL_YIELDS_NULL="true" ANSI_NULLS="true" ANSI_PADDING="true" ANSI_WARNINGS="true" NUMERIC_ROUNDABORT="false"></StatementSetOptions><QueryPlan CachedPlanSize="16" CompileTime="1" CompileCPU="1" CompileMemory="176"><MemoryGrantInfo SerialRequiredMemory="0" SerialDesiredMemory="0" GrantedMemory="0" MaxUsedMemory="0"></MemoryGrantInfo><OptimizerHardwareDependentProperties EstimatedAvailableMemoryGrant="311472" EstimatedPagesCached="77868" EstimatedAvailableDegreeOfParallelism="2" MaxCompileMemory="8344"></OptimizerHardwareDependentProperties><RelOp NodeId="0" PhysicalOp="Compute Scalar" LogicalOp="Compute Scalar" EstimateRows="1" EstimateIO="0" EstimateCPU="1e-07" AvgRowSize="40" EstimatedTotalSubtreeCost="0.00329106" Parallel="0" EstimateRebinds="0" EstimateRewinds="0" EstimatedExecutionMode="Row"><OutputList><ColumnReference Database="[PSYCHOLOGY_TEST_1]" Schema="[dbo]" Table="[T_WORKSTATION]" Column="T_WORKSTATION_ID"></ColumnReference><ColumnReference Database="[PSYCHOLOGY_TEST_1]" Schema="[dbo]" Table="[T_WORKSTATION]" Column="T_TESTING_ID"></ColumnReference><ColumnReference Column="Expr1002"></ColumnReference></OutputList><ComputeScalar><DefinedValues><DefinedValue><ColumnReference Column="Expr1002"></ColumnReference><ScalarOperator ScalarString="&apos;y&apos;"><Const ConstValue="&apos;y&apos;"></Const></ScalarOperator></DefinedValue></DefinedValues><RelOp NodeId="1" PhysicalOp="Clustered Index Scan" LogicalOp="Clustered Index Scan" EstimateRows="1" EstimatedRowsRead="7" EstimateIO="0.003125" EstimateCPU="0.0001647" AvgRowSize="54" EstimatedTotalSubtreeCost="0.0032897" TableCardinality="7" Parallel="0" EstimateRebinds="0" EstimateRewinds="0" EstimatedExecutionMode="Row"><OutputList><ColumnReference Database="[PSYCHOLOGY_TEST_1]" Schema="[dbo]" Table="[T_WORKSTATION]" Column="T_WORKSTATION_ID"></ColumnReference><ColumnReference Database="[PSYCHOLOGY_TEST_1]" Schema="[dbo]" Table="[T_WORKSTATION]" Column="T_TESTING_ID"></ColumnReference></OutputList><IndexScan Ordered="0" ForcedIndex="0" ForceScan="0" NoExpandHint="0" Storage="RowStore"><DefinedValues><DefinedValue><ColumnReference Database="[PSYCHOLOGY_TEST_1]" Schema="[dbo]" Table="[T_WORKSTATION]" Column="T_WORKSTATION_ID"></ColumnReference></DefinedValue><DefinedValue><ColumnReference Database="[PSYCHOLOGY_TEST_1]" Schema="[dbo]" Table="[T_WORKSTATION]" Column="T_TESTING_ID"></ColumnReference></DefinedValue></DefinedValues><Object Database="[PSYCHOLOGY_TEST_1]" Schema="[dbo]" Table="[T_WORKSTATION]" Index="[PK_T_WORKSTATION]" IndexKind="Clustered" Storage="RowStore"></Object><Predicate><ScalarOperator ScalarString="[PSYCHOLOGY_TEST_1].[dbo].[T_WORKSTATION].[IP_ADDRESS]=[@ip_address]"><Compare CompareOp="EQ"><ScalarOperator><Identifier><ColumnReference Database="[PSYCHOLOGY_TEST_1]" Schema="[dbo]" Table="[T_WORKSTATION]" Column="IP_ADDRESS"></ColumnReference></Identifier></ScalarOperator><ScalarOperator><Identifier><ColumnReference Column="@ip_address"></ColumnReference></Identifier></ScalarOperator></Compare></ScalarOperator></Predicate></IndexScan></RelOp></ComputeScalar></RelOp><ParameterList><ColumnReference Column="@ip_auth" ParameterDataType="char(1)" ParameterCompiledValue="&apos;a&apos;"></ColumnReference><ColumnReference Column="@t_testing_id" ParameterDataType="uniqueidentifier" ParameterCompiledValue="{guid&apos;E7FAB167-C47A-4865-A8AE-429FA778414C&apos;}"></ColumnReference><ColumnReference Column="@t_workstation_id" ParameterDataType="uniqueidentifier" ParameterCompiledValue="{guid&apos;E7FAB167-C47A-4865-A8AE-429FA778414C&apos;}"></ColumnReference><ColumnReference Column="@ip_address" ParameterDataType="varchar(100)" ParameterCompiledValue="&apos;a&apos;"></ColumnReference></ParameterList></QueryPlan></StmtSimple></Statements></Then><Else><Statements><StmtSimple StatementText="&#xd;&#xa;&#xd;&#xa;end &#xd;&#xa;else &#xd;&#xa;begin&#xd;&#xa;   select &#xd;&#xa;   @t_workstation_id=null&#xd;&#xa;   ,@t_testing_id=null,@ip_auth=&apos;n&apos;" StatementId="5" StatementCompId="8" StatementType="ASSIGN" RetrievedFromCache="false"></StmtSimple></Statements></Else></StmtCond></Statements></StoredProc></StmtSimple></Statements></Batch></BatchSequence></ShowPlanXML>